[0.193s] Invoking command in '/home/bolty/ament_ws/src/build/safety_node': CMAKE_PREFIX_PATH=${CMAKE_PREFIX_PATH}:/home/bolty/ament_ws/src/install/action:/opt/ros/humble /usr/bin/cmake --build /home/bolty/ament_ws/src/build/safety_node -- -j16 -l16
[0.226s] [35m[1mConsolidate compiler generated dependencies of target safety_node[0m
[0.248s] [ 50%] [32mBuilding CXX object CMakeFiles/safety_node.dir/src/safety_system_node.cpp.o[0m
[11.007s] [100%] [32m[1mLinking CXX executable safety_node[0m
[11.622s] [100%] Built target safety_node
[11.629s] Invoked command in '/home/bolty/ament_ws/src/build/safety_node' returned '0': CMAKE_PREFIX_PATH=${CMAKE_PREFIX_PATH}:/home/bolty/ament_ws/src/install/action:/opt/ros/humble /usr/bin/cmake --build /home/bolty/ament_ws/src/build/safety_node -- -j16 -l16
[11.649s] Invoking command in '/home/bolty/ament_ws/src/build/safety_node': CMAKE_PREFIX_PATH=${CMAKE_PREFIX_PATH}:/home/bolty/ament_ws/src/install/action:/opt/ros/humble /usr/bin/cmake --install /home/bolty/ament_ws/src/build/safety_node
[11.656s] -- Install configuration: ""
[11.656s] -- Installing: /home/bolty/ament_ws/src/install/safety_node/lib/safety_node/safety_node
[11.662s] -- Set runtime path of "/home/bolty/ament_ws/src/install/safety_node/lib/safety_node/safety_node" to ""
[11.663s] -- Up-to-date: /home/bolty/ament_ws/src/install/safety_node/share/ament_index/resource_index/package_run_dependencies/safety_node
[11.663s] -- Up-to-date: /home/bolty/ament_ws/src/install/safety_node/share/ament_index/resource_index/parent_prefix_path/safety_node
[11.663s] -- Up-to-date: /home/bolty/ament_ws/src/install/safety_node/share/safety_node/environment/ament_prefix_path.sh
[11.663s] -- Up-to-date: /home/bolty/ament_ws/src/install/safety_node/share/safety_node/environment/ament_prefix_path.dsv
[11.663s] -- Up-to-date: /home/bolty/ament_ws/src/install/safety_node/share/safety_node/environment/path.sh
[11.663s] -- Up-to-date: /home/bolty/ament_ws/src/install/safety_node/share/safety_node/environment/path.dsv
[11.663s] -- Up-to-date: /home/bolty/ament_ws/src/install/safety_node/share/safety_node/local_setup.bash
[11.663s] -- Up-to-date: /home/bolty/ament_ws/src/install/safety_node/share/safety_node/local_setup.sh
[11.663s] -- Up-to-date: /home/bolty/ament_ws/src/install/safety_node/share/safety_node/local_setup.zsh
[11.664s] -- Up-to-date: /home/bolty/ament_ws/src/install/safety_node/share/safety_node/local_setup.dsv
[11.664s] -- Installing: /home/bolty/ament_ws/src/install/safety_node/share/safety_node/package.dsv
[11.664s] -- Up-to-date: /home/bolty/ament_ws/src/install/safety_node/share/ament_index/resource_index/packages/safety_node
[11.664s] -- Up-to-date: /home/bolty/ament_ws/src/install/safety_node/share/safety_node/cmake/safety_nodeConfig.cmake
[11.664s] -- Up-to-date: /home/bolty/ament_ws/src/install/safety_node/share/safety_node/cmake/safety_nodeConfig-version.cmake
[11.664s] -- Up-to-date: /home/bolty/ament_ws/src/install/safety_node/share/safety_node/package.xml
[11.665s] Invoked command in '/home/bolty/ament_ws/src/build/safety_node' returned '0': CMAKE_PREFIX_PATH=${CMAKE_PREFIX_PATH}:/home/bolty/ament_ws/src/install/action:/opt/ros/humble /usr/bin/cmake --install /home/bolty/ament_ws/src/build/safety_node
