[0.290s] Invoking command in '/home/bolty/ament_ws/src/build/safety_node': CMAKE_PREFIX_PATH=/opt/ros/humble /usr/bin/cmake --build /home/bolty/ament_ws/src/build/safety_node -- -j16 -l16
[0.349s] [35m[1mConsolidate compiler generated dependencies of target safety_node[0m
[0.384s] [ 50%] [32mBuilding CXX object CMakeFiles/safety_node.dir/src/safety_system_node.cpp.o[0m
[13.870s] [100%] [32m[1mLinking CXX executable safety_node[0m
[14.935s] [100%] Built target safety_node
[14.949s] Invoked command in '/home/bolty/ament_ws/src/build/safety_node' returned '0': CMAKE_PREFIX_PATH=/opt/ros/humble /usr/bin/cmake --build /home/bolty/ament_ws/src/build/safety_node -- -j16 -l16
[14.977s] Invoking command in '/home/bolty/ament_ws/src/build/safety_node': CMAKE_PREFIX_PATH=/opt/ros/humble /usr/bin/cmake --install /home/bolty/ament_ws/src/build/safety_node
[14.985s] -- Install configuration: ""
[14.986s] -- Installing: /home/bolty/ament_ws/src/install/safety_node/lib/safety_node/safety_node
[14.997s] -- Set runtime path of "/home/bolty/ament_ws/src/install/safety_node/lib/safety_node/safety_node" to ""
[14.997s] -- Up-to-date: /home/bolty/ament_ws/src/install/safety_node/share/ament_index/resource_index/package_run_dependencies/safety_node
[14.997s] -- Up-to-date: /home/bolty/ament_ws/src/install/safety_node/share/ament_index/resource_index/parent_prefix_path/safety_node
[14.998s] -- Up-to-date: /home/bolty/ament_ws/src/install/safety_node/share/safety_node/environment/ament_prefix_path.sh
[14.998s] -- Up-to-date: /home/bolty/ament_ws/src/install/safety_node/share/safety_node/environment/ament_prefix_path.dsv
[14.998s] -- Up-to-date: /home/bolty/ament_ws/src/install/safety_node/share/safety_node/environment/path.sh
[14.998s] -- Up-to-date: /home/bolty/ament_ws/src/install/safety_node/share/safety_node/environment/path.dsv
[14.998s] -- Up-to-date: /home/bolty/ament_ws/src/install/safety_node/share/safety_node/local_setup.bash
[14.999s] -- Up-to-date: /home/bolty/ament_ws/src/install/safety_node/share/safety_node/local_setup.sh
[14.999s] -- Up-to-date: /home/bolty/ament_ws/src/install/safety_node/share/safety_node/local_setup.zsh
[14.999s] -- Up-to-date: /home/bolty/ament_ws/src/install/safety_node/share/safety_node/local_setup.dsv
[14.999s] -- Installing: /home/bolty/ament_ws/src/install/safety_node/share/safety_node/package.dsv
[14.999s] -- Up-to-date: /home/bolty/ament_ws/src/install/safety_node/share/ament_index/resource_index/packages/safety_node
[14.999s] -- Up-to-date: /home/bolty/ament_ws/src/install/safety_node/share/safety_node/cmake/safety_nodeConfig.cmake
[14.999s] -- Up-to-date: /home/bolty/ament_ws/src/install/safety_node/share/safety_node/cmake/safety_nodeConfig-version.cmake
[14.999s] -- Up-to-date: /home/bolty/ament_ws/src/install/safety_node/share/safety_node/package.xml
[15.001s] Invoked command in '/home/bolty/ament_ws/src/build/safety_node' returned '0': CMAKE_PREFIX_PATH=/opt/ros/humble /usr/bin/cmake --install /home/bolty/ament_ws/src/build/safety_node
