-- Found ament_cmake: 2.5.5 (/opt/ros/jazzy/share/ament_cmake/cmake)
-- Found rclcpp: 28.1.16 (/opt/ros/jazzy/share/rclcpp/cmake)
-- Found rosidl_generator_c: 4.6.7 (/opt/ros/jazzy/share/rosidl_generator_c/cmake)
-- Found rosidl_generator_cpp: 4.6.7 (/opt/ros/jazzy/share/rosidl_generator_cpp/cmake)
-- Using all available rosidl_typesupport_c: rosidl_typesupport_fastrtps_c;rosidl_typesupport_introspection_c
-- Using all available rosidl_typesupport_cpp: rosidl_typesupport_fastrtps_cpp;rosidl_typesupport_introspection_cpp
-- Found rmw_implementation_cmake: 7.3.3 (/opt/ros/jazzy/share/rmw_implementation_cmake/cmake)
-- Found rmw_fastrtps_cpp: 8.4.3 (/opt/ros/jazzy/share/rmw_fastrtps_cpp/cmake)
-- Using RMW implementation 'rmw_fastrtps_cpp' as default
-- Found std_msgs: 5.3.6 (/opt/ros/jazzy/share/std_msgs/cmake)
-- Found ackermann_msgs: 2.0.2 (/opt/ros/jazzy/share/ackermann_msgs/cmake)
-- Found diagnostic_updater: 4.2.6 (/opt/ros/jazzy/share/diagnostic_updater/cmake)
-- Configuring done (1.5s)
-- Generating done (0.0s)
-- Build files have been written to: /home/rraina/wato_f1tenth/build/ackermann_mux
[100%] Built target ackermann_mux
-- Install configuration: ""
-- Up-to-date: /home/rraina/wato_f1tenth/install/ackermann_mux/lib/ackermann_mux/ackermann_mux
-- Up-to-date: /home/rraina/wato_f1tenth/install/ackermann_mux/share/ackermann_mux/launch
-- Up-to-date: /home/rraina/wato_f1tenth/install/ackermann_mux/share/ackermann_mux/launch/ackermann_mux_launch.py
-- Up-to-date: /home/rraina/wato_f1tenth/install/ackermann_mux/share/ackermann_mux/config
-- Up-to-date: /home/rraina/wato_f1tenth/install/ackermann_mux/share/ackermann_mux/config/ackermann_mux_locks.yaml
-- Up-to-date: /home/rraina/wato_f1tenth/install/ackermann_mux/share/ackermann_mux/config/ackermann_mux_topics.yaml
-- Up-to-date: /home/rraina/wato_f1tenth/install/ackermann_mux/share/ackermann_mux/config/joystick.yaml
-- Up-to-date: /home/rraina/wato_f1tenth/install/ackermann_mux/include
-- Up-to-date: /home/rraina/wato_f1tenth/install/ackermann_mux/include/ackermann_mux
-- Up-to-date: /home/rraina/wato_f1tenth/install/ackermann_mux/include/ackermann_mux/params_helpers.hpp
-- Up-to-date: /home/rraina/wato_f1tenth/install/ackermann_mux/include/ackermann_mux/ackermann_mux_diagnostics_status.hpp
-- Up-to-date: /home/rraina/wato_f1tenth/install/ackermann_mux/include/ackermann_mux/topic_handle.hpp
-- Up-to-date: /home/rraina/wato_f1tenth/install/ackermann_mux/include/ackermann_mux/ackermann_mux.hpp
-- Up-to-date: /home/rraina/wato_f1tenth/install/ackermann_mux/include/ackermann_mux/utils.hpp
-- Up-to-date: /home/rraina/wato_f1tenth/install/ackermann_mux/include/ackermann_mux/ackermann_mux_diagnostics.hpp
-- Up-to-date: /home/rraina/wato_f1tenth/install/ackermann_mux/share/ament_index/resource_index/package_run_dependencies/ackermann_mux
-- Up-to-date: /home/rraina/wato_f1tenth/install/ackermann_mux/share/ament_index/resource_index/parent_prefix_path/ackermann_mux
-- Up-to-date: /home/rraina/wato_f1tenth/install/ackermann_mux/share/ackermann_mux/environment/ament_prefix_path.sh
-- Up-to-date: /home/rraina/wato_f1tenth/install/ackermann_mux/share/ackermann_mux/environment/ament_prefix_path.dsv
-- Up-to-date: /home/rraina/wato_f1tenth/install/ackermann_mux/share/ackermann_mux/environment/path.sh
-- Up-to-date: /home/rraina/wato_f1tenth/install/ackermann_mux/share/ackermann_mux/environment/path.dsv
-- Up-to-date: /home/rraina/wato_f1tenth/install/ackermann_mux/share/ackermann_mux/local_setup.bash
-- Up-to-date: /home/rraina/wato_f1tenth/install/ackermann_mux/share/ackermann_mux/local_setup.sh
-- Up-to-date: /home/rraina/wato_f1tenth/install/ackermann_mux/share/ackermann_mux/local_setup.zsh
-- Up-to-date: /home/rraina/wato_f1tenth/install/ackermann_mux/share/ackermann_mux/local_setup.dsv
-- Installing: /home/rraina/wato_f1tenth/install/ackermann_mux/share/ackermann_mux/package.dsv
-- Up-to-date: /home/rraina/wato_f1tenth/install/ackermann_mux/share/ament_index/resource_index/packages/ackermann_mux
-- Up-to-date: /home/rraina/wato_f1tenth/install/ackermann_mux/share/ackermann_mux/cmake/ament_cmake_export_include_directories-extras.cmake
-- Up-to-date: /home/rraina/wato_f1tenth/install/ackermann_mux/share/ackermann_mux/cmake/ament_cmake_export_dependencies-extras.cmake
-- Up-to-date: /home/rraina/wato_f1tenth/install/ackermann_mux/share/ackermann_mux/cmake/ackermann_muxConfig.cmake
-- Up-to-date: /home/rraina/wato_f1tenth/install/ackermann_mux/share/ackermann_mux/cmake/ackermann_muxConfig-version.cmake
-- Up-to-date: /home/rraina/wato_f1tenth/install/ackermann_mux/share/ackermann_mux/package.xml
