[0.050s] Invoking command in '/home/rraina/wato_f1tenth/build/ackermann_mux': CMAKE_PREFIX_PATH=${CMAKE_PREFIX_PATH}:/opt/ros/jazzy /usr/bin/cmake /home/rraina/wato_f1tenth/src/robot/ackermann_mux -DBUILD_TESTING=OFF -DCMAKE_INSTALL_PREFIX=/home/rraina/wato_f1tenth/install/ackermann_mux
[0.536s] -- Found ament_cmake: 2.5.5 (/opt/ros/jazzy/share/ament_cmake/cmake)
[0.536s] -- Found rclcpp: 28.1.16 (/opt/ros/jazzy/share/rclcpp/cmake)
[0.580s] -- Found rosidl_generator_c: 4.6.7 (/opt/ros/jazzy/share/rosidl_generator_c/cmake)
[0.581s] -- Found rosidl_generator_cpp: 4.6.7 (/opt/ros/jazzy/share/rosidl_generator_cpp/cmake)
[0.582s] -- Using all available rosidl_typesupport_c: rosidl_typesupport_fastrtps_c;rosidl_typesupport_introspection_c
[0.601s] -- Using all available rosidl_typesupport_cpp: rosidl_typesupport_fastrtps_cpp;rosidl_typesupport_introspection_cpp
[0.714s] -- Found rmw_implementation_cmake: 7.3.3 (/opt/ros/jazzy/share/rmw_implementation_cmake/cmake)
[0.718s] -- Found rmw_fastrtps_cpp: 8.4.3 (/opt/ros/jazzy/share/rmw_fastrtps_cpp/cmake)
[1.100s] -- Using RMW implementation 'rmw_fastrtps_cpp' as default
[1.373s] -- Found std_msgs: 5.3.6 (/opt/ros/jazzy/share/std_msgs/cmake)
[1.386s] -- Found ackermann_msgs: 2.0.2 (/opt/ros/jazzy/share/ackermann_msgs/cmake)
[1.410s] -- Found diagnostic_updater: 4.2.6 (/opt/ros/jazzy/share/diagnostic_updater/cmake)
[1.576s] -- Configuring done (1.5s)
[1.605s] -- Generating done (0.0s)
[1.614s] -- Build files have been written to: /home/rraina/wato_f1tenth/build/ackermann_mux
[1.626s] Invoked command in '/home/rraina/wato_f1tenth/build/ackermann_mux' returned '0': CMAKE_PREFIX_PATH=${CMAKE_PREFIX_PATH}:/opt/ros/jazzy /usr/bin/cmake /home/rraina/wato_f1tenth/src/robot/ackermann_mux -DBUILD_TESTING=OFF -DCMAKE_INSTALL_PREFIX=/home/rraina/wato_f1tenth/install/ackermann_mux
[1.628s] Invoking command in '/home/rraina/wato_f1tenth/build/ackermann_mux': CMAKE_PREFIX_PATH=${CMAKE_PREFIX_PATH}:/opt/ros/jazzy /usr/bin/cmake --build /home/rraina/wato_f1tenth/build/ackermann_mux -- -j22 -l22
[1.720s] [100%] Built target ackermann_mux
[1.737s] Invoked command in '/home/rraina/wato_f1tenth/build/ackermann_mux' returned '0': CMAKE_PREFIX_PATH=${CMAKE_PREFIX_PATH}:/opt/ros/jazzy /usr/bin/cmake --build /home/rraina/wato_f1tenth/build/ackermann_mux -- -j22 -l22
[1.739s] Invoking command in '/home/rraina/wato_f1tenth/build/ackermann_mux': CMAKE_PREFIX_PATH=${CMAKE_PREFIX_PATH}:/opt/ros/jazzy /usr/bin/cmake --install /home/rraina/wato_f1tenth/build/ackermann_mux
[1.750s] -- Install configuration: ""
[1.752s] -- Up-to-date: /home/rraina/wato_f1tenth/install/ackermann_mux/lib/ackermann_mux/ackermann_mux
[1.752s] -- Up-to-date: /home/rraina/wato_f1tenth/install/ackermann_mux/share/ackermann_mux/launch
[1.752s] -- Up-to-date: /home/rraina/wato_f1tenth/install/ackermann_mux/share/ackermann_mux/launch/ackermann_mux_launch.py
[1.753s] -- Up-to-date: /home/rraina/wato_f1tenth/install/ackermann_mux/share/ackermann_mux/config
[1.753s] -- Up-to-date: /home/rraina/wato_f1tenth/install/ackermann_mux/share/ackermann_mux/config/ackermann_mux_locks.yaml
[1.753s] -- Up-to-date: /home/rraina/wato_f1tenth/install/ackermann_mux/share/ackermann_mux/config/ackermann_mux_topics.yaml
[1.753s] -- Up-to-date: /home/rraina/wato_f1tenth/install/ackermann_mux/share/ackermann_mux/config/joystick.yaml
[1.753s] -- Up-to-date: /home/rraina/wato_f1tenth/install/ackermann_mux/include
[1.754s] -- Up-to-date: /home/rraina/wato_f1tenth/install/ackermann_mux/include/ackermann_mux
[1.754s] -- Up-to-date: /home/rraina/wato_f1tenth/install/ackermann_mux/include/ackermann_mux/params_helpers.hpp
[1.754s] -- Up-to-date: /home/rraina/wato_f1tenth/install/ackermann_mux/include/ackermann_mux/ackermann_mux_diagnostics_status.hpp
[1.754s] -- Up-to-date: /home/rraina/wato_f1tenth/install/ackermann_mux/include/ackermann_mux/topic_handle.hpp
[1.754s] -- Up-to-date: /home/rraina/wato_f1tenth/install/ackermann_mux/include/ackermann_mux/ackermann_mux.hpp
[1.754s] -- Up-to-date: /home/rraina/wato_f1tenth/install/ackermann_mux/include/ackermann_mux/utils.hpp
[1.754s] -- Up-to-date: /home/rraina/wato_f1tenth/install/ackermann_mux/include/ackermann_mux/ackermann_mux_diagnostics.hpp
[1.754s] -- Up-to-date: /home/rraina/wato_f1tenth/install/ackermann_mux/share/ament_index/resource_index/package_run_dependencies/ackermann_mux
[1.754s] -- Up-to-date: /home/rraina/wato_f1tenth/install/ackermann_mux/share/ament_index/resource_index/parent_prefix_path/ackermann_mux
[1.754s] -- Up-to-date: /home/rraina/wato_f1tenth/install/ackermann_mux/share/ackermann_mux/environment/ament_prefix_path.sh
[1.755s] -- Up-to-date: /home/rraina/wato_f1tenth/install/ackermann_mux/share/ackermann_mux/environment/ament_prefix_path.dsv
[1.755s] -- Up-to-date: /home/rraina/wato_f1tenth/install/ackermann_mux/share/ackermann_mux/environment/path.sh
[1.755s] -- Up-to-date: /home/rraina/wato_f1tenth/install/ackermann_mux/share/ackermann_mux/environment/path.dsv
[1.755s] -- Up-to-date: /home/rraina/wato_f1tenth/install/ackermann_mux/share/ackermann_mux/local_setup.bash
[1.755s] -- Up-to-date: /home/rraina/wato_f1tenth/install/ackermann_mux/share/ackermann_mux/local_setup.sh
[1.755s] -- Up-to-date: /home/rraina/wato_f1tenth/install/ackermann_mux/share/ackermann_mux/local_setup.zsh
[1.755s] -- Up-to-date: /home/rraina/wato_f1tenth/install/ackermann_mux/share/ackermann_mux/local_setup.dsv
[1.755s] -- Installing: /home/rraina/wato_f1tenth/install/ackermann_mux/share/ackermann_mux/package.dsv
[1.756s] -- Up-to-date: /home/rraina/wato_f1tenth/install/ackermann_mux/share/ament_index/resource_index/packages/ackermann_mux
[1.756s] -- Up-to-date: /home/rraina/wato_f1tenth/install/ackermann_mux/share/ackermann_mux/cmake/ament_cmake_export_include_directories-extras.cmake
[1.758s] -- Up-to-date: /home/rraina/wato_f1tenth/install/ackermann_mux/share/ackermann_mux/cmake/ament_cmake_export_dependencies-extras.cmake
[1.758s] -- Up-to-date: /home/rraina/wato_f1tenth/install/ackermann_mux/share/ackermann_mux/cmake/ackermann_muxConfig.cmake
[1.759s] -- Up-to-date: /home/rraina/wato_f1tenth/install/ackermann_mux/share/ackermann_mux/cmake/ackermann_muxConfig-version.cmake
[1.759s] -- Up-to-date: /home/rraina/wato_f1tenth/install/ackermann_mux/share/ackermann_mux/package.xml
[1.759s] Invoked command in '/home/rraina/wato_f1tenth/build/ackermann_mux' returned '0': CMAKE_PREFIX_PATH=${CMAKE_PREFIX_PATH}:/opt/ros/jazzy /usr/bin/cmake --install /home/rraina/wato_f1tenth/build/ackermann_mux
