-- The C compiler identification is GNU 13.3.0
-- The CXX compiler identification is GNU 13.3.0
-- Detecting C compiler ABI info
-- Detecting C compiler ABI info - done
-- Check for working C compiler: /usr/bin/cc - skipped
-- Detecting C compile features
-- Detecting C compile features - done
-- Detecting CXX compiler ABI info
-- Detecting CXX compiler ABI info - done
-- Check for working CXX compiler: /usr/bin/c++ - skipped
-- Detecting CXX compile features
-- Detecting CXX compile features - done
-- Found ament_cmake: 2.5.5 (/opt/ros/jazzy/share/ament_cmake/cmake)
-- Found Python3: /usr/bin/python3 (found version "3.12.3") found components: Interpreter 
-- Found rosidl_default_generators: 1.6.0 (/opt/ros/jazzy/share/rosidl_default_generators/cmake)
-- Using all available rosidl_typesupport_c: rosidl_typesupport_fastrtps_c;rosidl_typesupport_introspection_c
-- Using all available rosidl_typesupport_cpp: rosidl_typesupport_fastrtps_cpp;rosidl_typesupport_introspection_cpp
-- Found rosidl_adapter: 4.6.7 (/opt/ros/jazzy/share/rosidl_adapter/cmake)
-- Found std_msgs: 5.3.6 (/opt/ros/jazzy/share/std_msgs/cmake)
-- Found ament_cmake_ros: 0.12.0 (/opt/ros/jazzy/share/ament_cmake_ros/cmake)
-- Using all available rosidl_typesupport_c: rosidl_typesupport_fastrtps_c;rosidl_typesupport_introspection_c
-- Using all available rosidl_typesupport_cpp: rosidl_typesupport_fastrtps_cpp;rosidl_typesupport_introspection_cpp
-- Found python_cmake_module: 0.11.1 (/opt/ros/jazzy/share/python_cmake_module/cmake)
-- Found PythonExtra: /usr/bin/python3  
-- Found Python3: /usr/bin/python3 (found version "3.12.3") found components: Interpreter Development NumPy Development.Module Development.Embed 
-- Configuring done (11.0s)
-- Generating done (0.2s)
-- Build files have been written to: /home/rraina/wato_f1tenth/build/sample_msgs
[  1%] [34m[1mGenerating type hashes for ROS interfaces[0m
[  1%] Built target ament_cmake_python_copy_sample_msgs
[  1%] Built target sample_msgs__rosidl_generator_type_description
[  3%] [34m[1mGenerating C code for ROS interfaces[0m
running egg_info
creating sample_msgs.egg-info
[  4%] [34m[1mGenerating C++ code for ROS interfaces[0m
writing sample_msgs.egg-info/PKG-INFO
writing dependency_links to sample_msgs.egg-info/dependency_links.txt
writing top-level names to sample_msgs.egg-info/top_level.txt
writing manifest file 'sample_msgs.egg-info/SOURCES.txt'
reading manifest file 'sample_msgs.egg-info/SOURCES.txt'
writing manifest file 'sample_msgs.egg-info/SOURCES.txt'
[  4%] Built target ament_cmake_python_build_sample_msgs_egg
[  4%] Built target sample_msgs__cpp
[  6%] [32mBuilding C object CMakeFiles/sample_msgs__rosidl_generator_c.dir/rosidl_generator_c/sample_msgs/msg/detail/filtered__description.c.o[0m
[  7%] [32mBuilding C object CMakeFiles/sample_msgs__rosidl_generator_c.dir/rosidl_generator_c/sample_msgs/msg/detail/unfiltered__description.c.o[0m
[  9%] [32mBuilding C object CMakeFiles/sample_msgs__rosidl_generator_c.dir/rosidl_generator_c/sample_msgs/msg/detail/filtered_array__functions.c.o[0m
[ 10%] [32mBuilding C object CMakeFiles/sample_msgs__rosidl_generator_c.dir/rosidl_generator_c/sample_msgs/msg/detail/filtered__type_support.c.o[0m
[ 12%] [32mBuilding C object CMakeFiles/sample_msgs__rosidl_generator_c.dir/rosidl_generator_c/sample_msgs/msg/detail/unfiltered__functions.c.o[0m
[ 14%] [32mBuilding C object CMakeFiles/sample_msgs__rosidl_generator_c.dir/rosidl_generator_c/sample_msgs/msg/detail/filtered_array__type_support.c.o[0m
[ 17%] [32mBuilding C object CMakeFiles/sample_msgs__rosidl_generator_c.dir/rosidl_generator_c/sample_msgs/msg/detail/metadata__type_support.c.o[0m
[ 17%] [32mBuilding C object CMakeFiles/sample_msgs__rosidl_generator_c.dir/rosidl_generator_c/sample_msgs/msg/detail/metadata__functions.c.o[0m
[ 18%] [32mBuilding C object CMakeFiles/sample_msgs__rosidl_generator_c.dir/rosidl_generator_c/sample_msgs/msg/detail/filtered__functions.c.o[0m
[ 20%] [32mBuilding C object CMakeFiles/sample_msgs__rosidl_generator_c.dir/rosidl_generator_c/sample_msgs/msg/detail/unfiltered__type_support.c.o[0m
[ 21%] [32mBuilding C object CMakeFiles/sample_msgs__rosidl_generator_c.dir/rosidl_generator_c/sample_msgs/msg/detail/filtered_array__description.c.o[0m
[ 23%] [32mBuilding C object CMakeFiles/sample_msgs__rosidl_generator_c.dir/rosidl_generator_c/sample_msgs/msg/detail/metadata__description.c.o[0m
[ 25%] [32m[1mLinking C shared library libsample_msgs__rosidl_generator_c.so[0m
[ 25%] Built target sample_msgs__rosidl_generator_c
[ 26%] [34m[1mGenerating C++ type support dispatch for ROS interfaces[0m
[ 28%] [34m[1mGenerating C type support for eProsima Fast-RTPS[0m
[ 29%] [34m[1mGenerating C++ introspection for ROS interfaces[0m
[ 31%] [34m[1mGenerating C type support dispatch for ROS interfaces[0m
[ 32%] [34m[1mGenerating C++ type support for eProsima Fast-RTPS[0m
[ 34%] [34m[1mGenerating C introspection for ROS interfaces[0m
[ 35%] [32mBuilding CXX object CMakeFiles/sample_msgs__rosidl_typesupport_cpp.dir/rosidl_typesupport_cpp/sample_msgs/msg/filtered__type_support.cpp.o[0m
[ 37%] [32mBuilding CXX object CMakeFiles/sample_msgs__rosidl_typesupport_cpp.dir/rosidl_typesupport_cpp/sample_msgs/msg/metadata__type_support.cpp.o[0m
[ 39%] [32mBuilding CXX object CMakeFiles/sample_msgs__rosidl_typesupport_cpp.dir/rosidl_typesupport_cpp/sample_msgs/msg/filtered_array__type_support.cpp.o[0m
[ 40%] [32mBuilding CXX object CMakeFiles/sample_msgs__rosidl_typesupport_introspection_cpp.dir/rosidl_typesupport_introspection_cpp/sample_msgs/msg/detail/filtered_array__type_support.cpp.o[0m
[ 42%] [32mBuilding CXX object CMakeFiles/sample_msgs__rosidl_typesupport_introspection_cpp.dir/rosidl_typesupport_introspection_cpp/sample_msgs/msg/detail/unfiltered__type_support.cpp.o[0m
[ 43%] [32mBuilding CXX object CMakeFiles/sample_msgs__rosidl_typesupport_fastrtps_c.dir/rosidl_typesupport_fastrtps_c/sample_msgs/msg/detail/metadata__type_support_c.cpp.o[0m
[ 45%] [32mBuilding CXX object CMakeFiles/sample_msgs__rosidl_typesupport_fastrtps_c.dir/rosidl_typesupport_fastrtps_c/sample_msgs/msg/detail/filtered_array__type_support_c.cpp.o[0m
[ 46%] [32mBuilding CXX object CMakeFiles/sample_msgs__rosidl_typesupport_introspection_cpp.dir/rosidl_typesupport_introspection_cpp/sample_msgs/msg/detail/filtered__type_support.cpp.o[0m
[ 48%] [32mBuilding CXX object CMakeFiles/sample_msgs__rosidl_typesupport_introspection_cpp.dir/rosidl_typesupport_introspection_cpp/sample_msgs/msg/detail/metadata__type_support.cpp.o[0m
[ 50%] [32mBuilding CXX object CMakeFiles/sample_msgs__rosidl_typesupport_fastrtps_c.dir/rosidl_typesupport_fastrtps_c/sample_msgs/msg/detail/unfiltered__type_support_c.cpp.o[0m
[ 51%] [32mBuilding CXX object CMakeFiles/sample_msgs__rosidl_typesupport_fastrtps_c.dir/rosidl_typesupport_fastrtps_c/sample_msgs/msg/detail/filtered__type_support_c.cpp.o[0m
[ 53%] [32mBuilding CXX object CMakeFiles/sample_msgs__rosidl_typesupport_cpp.dir/rosidl_typesupport_cpp/sample_msgs/msg/unfiltered__type_support.cpp.o[0m
[ 54%] [32mBuilding C object CMakeFiles/sample_msgs__rosidl_typesupport_introspection_c.dir/rosidl_typesupport_introspection_c/sample_msgs/msg/detail/unfiltered__type_support.c.o[0m
[ 56%] [32mBuilding C object CMakeFiles/sample_msgs__rosidl_typesupport_introspection_c.dir/rosidl_typesupport_introspection_c/sample_msgs/msg/detail/metadata__type_support.c.o[0m
[ 57%] [32mBuilding C object CMakeFiles/sample_msgs__rosidl_typesupport_introspection_c.dir/rosidl_typesupport_introspection_c/sample_msgs/msg/detail/filtered_array__type_support.c.o[0m
[ 59%] [32mBuilding C object CMakeFiles/sample_msgs__rosidl_typesupport_introspection_c.dir/rosidl_typesupport_introspection_c/sample_msgs/msg/detail/filtered__type_support.c.o[0m
[ 60%] [32mBuilding CXX object CMakeFiles/sample_msgs__rosidl_typesupport_c.dir/rosidl_typesupport_c/sample_msgs/msg/unfiltered__type_support.cpp.o[0m
[ 62%] [32mBuilding CXX object CMakeFiles/sample_msgs__rosidl_typesupport_c.dir/rosidl_typesupport_c/sample_msgs/msg/filtered__type_support.cpp.o[0m
[ 64%] [32mBuilding CXX object CMakeFiles/sample_msgs__rosidl_typesupport_c.dir/rosidl_typesupport_c/sample_msgs/msg/filtered_array__type_support.cpp.o[0m
[ 65%] [32mBuilding CXX object CMakeFiles/sample_msgs__rosidl_typesupport_c.dir/rosidl_typesupport_c/sample_msgs/msg/metadata__type_support.cpp.o[0m
[ 67%] [32m[1mLinking C shared library libsample_msgs__rosidl_typesupport_introspection_c.so[0m
[ 68%] [32mBuilding CXX object CMakeFiles/sample_msgs__rosidl_typesupport_fastrtps_cpp.dir/rosidl_typesupport_fastrtps_cpp/sample_msgs/msg/detail/dds_fastrtps/filtered__type_support.cpp.o[0m
[ 70%] [32m[1mLinking CXX shared library libsample_msgs__rosidl_typesupport_c.so[0m
[ 71%] [32mBuilding CXX object CMakeFiles/sample_msgs__rosidl_typesupport_fastrtps_cpp.dir/rosidl_typesupport_fastrtps_cpp/sample_msgs/msg/detail/dds_fastrtps/filtered_array__type_support.cpp.o[0m
[ 73%] [32mBuilding CXX object CMakeFiles/sample_msgs__rosidl_typesupport_fastrtps_cpp.dir/rosidl_typesupport_fastrtps_cpp/sample_msgs/msg/detail/dds_fastrtps/metadata__type_support.cpp.o[0m
[ 75%] [32mBuilding CXX object CMakeFiles/sample_msgs__rosidl_typesupport_fastrtps_cpp.dir/rosidl_typesupport_fastrtps_cpp/sample_msgs/msg/detail/dds_fastrtps/unfiltered__type_support.cpp.o[0m
[ 75%] Built target sample_msgs__rosidl_typesupport_c
[ 75%] Built target sample_msgs__rosidl_typesupport_introspection_c
[ 76%] [32m[1mLinking CXX shared library libsample_msgs__rosidl_typesupport_cpp.so[0m
[ 78%] [32m[1mLinking CXX shared library libsample_msgs__rosidl_typesupport_introspection_cpp.so[0m
[ 78%] Built target sample_msgs__rosidl_typesupport_cpp
[ 79%] [32m[1mLinking CXX shared library libsample_msgs__rosidl_typesupport_fastrtps_c.so[0m
[ 79%] Built target sample_msgs__rosidl_typesupport_introspection_cpp
[ 81%] [32m[1mLinking CXX shared library libsample_msgs__rosidl_typesupport_fastrtps_cpp.so[0m
[ 81%] Built target sample_msgs__rosidl_typesupport_fastrtps_c
[ 81%] Built target sample_msgs__rosidl_typesupport_fastrtps_cpp
[ 81%] Built target sample_msgs
[ 82%] [34m[1mGenerating Python code for ROS interfaces[0m
[ 82%] Built target sample_msgs__py
[ 84%] [32mBuilding C object CMakeFiles/sample_msgs__rosidl_generator_py.dir/rosidl_generator_py/sample_msgs/msg/_filtered_s.c.o[0m
[ 85%] [32mBuilding C object CMakeFiles/sample_msgs__rosidl_generator_py.dir/rosidl_generator_py/sample_msgs/msg/_metadata_s.c.o[0m
[ 87%] [32mBuilding C object CMakeFiles/sample_msgs__rosidl_generator_py.dir/rosidl_generator_py/sample_msgs/msg/_unfiltered_s.c.o[0m
[ 89%] [32mBuilding C object CMakeFiles/sample_msgs__rosidl_generator_py.dir/rosidl_generator_py/sample_msgs/msg/_filtered_array_s.c.o[0m
[ 90%] [32m[1mLinking C shared library libsample_msgs__rosidl_generator_py.so[0m
[ 90%] Built target sample_msgs__rosidl_generator_py
[ 92%] [32mBuilding C object CMakeFiles/sample_msgs_s__rosidl_typesupport_fastrtps_c.dir/rosidl_generator_py/sample_msgs/_sample_msgs_s.ep.rosidl_typesupport_fastrtps_c.c.o[0m
[ 93%] [32mBuilding C object CMakeFiles/sample_msgs_s__rosidl_typesupport_introspection_c.dir/rosidl_generator_py/sample_msgs/_sample_msgs_s.ep.rosidl_typesupport_introspection_c.c.o[0m
[ 95%] [32mBuilding C object CMakeFiles/sample_msgs_s__rosidl_typesupport_c.dir/rosidl_generator_py/sample_msgs/_sample_msgs_s.ep.rosidl_typesupport_c.c.o[0m
[ 96%] [32m[1mLinking C shared module rosidl_generator_py/sample_msgs/sample_msgs_s__rosidl_typesupport_introspection_c.so[0m
[ 98%] [32m[1mLinking C shared module rosidl_generator_py/sample_msgs/sample_msgs_s__rosidl_typesupport_fastrtps_c.so[0m
[100%] [32m[1mLinking C shared module rosidl_generator_py/sample_msgs/sample_msgs_s__rosidl_typesupport_c.so[0m
[100%] Built target sample_msgs_s__rosidl_typesupport_introspection_c
[100%] Built target sample_msgs_s__rosidl_typesupport_fastrtps_c
[100%] Built target sample_msgs_s__rosidl_typesupport_c
-- Install configuration: ""
-- Installing: /home/rraina/wato_f1tenth/install/sample_msgs/share/ament_index/resource_index/rosidl_interfaces/sample_msgs
-- Installing: /home/rraina/wato_f1tenth/install/sample_msgs/share/sample_msgs/msg/Filtered.json
-- Installing: /home/rraina/wato_f1tenth/install/sample_msgs/share/sample_msgs/msg/FilteredArray.json
-- Installing: /home/rraina/wato_f1tenth/install/sample_msgs/share/sample_msgs/msg/Unfiltered.json
-- Installing: /home/rraina/wato_f1tenth/install/sample_msgs/share/sample_msgs/msg/Metadata.json
-- Installing: /home/rraina/wato_f1tenth/install/sample_msgs/include/sample_msgs/sample_msgs
-- Installing: /home/rraina/wato_f1tenth/install/sample_msgs/include/sample_msgs/sample_msgs/msg
-- Installing: /home/rraina/wato_f1tenth/install/sample_msgs/include/sample_msgs/sample_msgs/msg/filtered.h
-- Installing: /home/rraina/wato_f1tenth/install/sample_msgs/include/sample_msgs/sample_msgs/msg/unfiltered.h
-- Installing: /home/rraina/wato_f1tenth/install/sample_msgs/include/sample_msgs/sample_msgs/msg/filtered_array.h
-- Installing: /home/rraina/wato_f1tenth/install/sample_msgs/include/sample_msgs/sample_msgs/msg/detail
-- Installing: /home/rraina/wato_f1tenth/install/sample_msgs/include/sample_msgs/sample_msgs/msg/detail/unfiltered__description.c
-- Installing: /home/rraina/wato_f1tenth/install/sample_msgs/include/sample_msgs/sample_msgs/msg/detail/filtered_array__functions.h
-- Installing: /home/rraina/wato_f1tenth/install/sample_msgs/include/sample_msgs/sample_msgs/msg/detail/metadata__description.c
-- Installing: /home/rraina/wato_f1tenth/install/sample_msgs/include/sample_msgs/sample_msgs/msg/detail/unfiltered__type_support.c
-- Installing: /home/rraina/wato_f1tenth/install/sample_msgs/include/sample_msgs/sample_msgs/msg/detail/metadata__type_support.c
-- Installing: /home/rraina/wato_f1tenth/install/sample_msgs/include/sample_msgs/sample_msgs/msg/detail/filtered__type_support.h
-- Installing: /home/rraina/wato_f1tenth/install/sample_msgs/include/sample_msgs/sample_msgs/msg/detail/filtered__description.c
-- Installing: /home/rraina/wato_f1tenth/install/sample_msgs/include/sample_msgs/sample_msgs/msg/detail/filtered_array__type_support.c
-- Installing: /home/rraina/wato_f1tenth/install/sample_msgs/include/sample_msgs/sample_msgs/msg/detail/unfiltered__functions.h
-- Installing: /home/rraina/wato_f1tenth/install/sample_msgs/include/sample_msgs/sample_msgs/msg/detail/filtered__functions.c
-- Installing: /home/rraina/wato_f1tenth/install/sample_msgs/include/sample_msgs/sample_msgs/msg/detail/metadata__functions.h
-- Installing: /home/rraina/wato_f1tenth/install/sample_msgs/include/sample_msgs/sample_msgs/msg/detail/filtered_array__description.c
-- Installing: /home/rraina/wato_f1tenth/install/sample_msgs/include/sample_msgs/sample_msgs/msg/detail/filtered_array__struct.h
-- Installing: /home/rraina/wato_f1tenth/install/sample_msgs/include/sample_msgs/sample_msgs/msg/detail/unfiltered__functions.c
-- Installing: /home/rraina/wato_f1tenth/install/sample_msgs/include/sample_msgs/sample_msgs/msg/detail/metadata__type_support.h
-- Installing: /home/rraina/wato_f1tenth/install/sample_msgs/include/sample_msgs/sample_msgs/msg/detail/metadata__functions.c
-- Installing: /home/rraina/wato_f1tenth/install/sample_msgs/include/sample_msgs/sample_msgs/msg/detail/unfiltered__type_support.h
-- Installing: /home/rraina/wato_f1tenth/install/sample_msgs/include/sample_msgs/sample_msgs/msg/detail/filtered__struct.h
-- Installing: /home/rraina/wato_f1tenth/install/sample_msgs/include/sample_msgs/sample_msgs/msg/detail/unfiltered__struct.h
-- Installing: /home/rraina/wato_f1tenth/install/sample_msgs/include/sample_msgs/sample_msgs/msg/detail/filtered__functions.h
-- Installing: /home/rraina/wato_f1tenth/install/sample_msgs/include/sample_msgs/sample_msgs/msg/detail/metadata__struct.h
-- Installing: /home/rraina/wato_f1tenth/install/sample_msgs/include/sample_msgs/sample_msgs/msg/detail/filtered_array__type_support.h
-- Installing: /home/rraina/wato_f1tenth/install/sample_msgs/include/sample_msgs/sample_msgs/msg/detail/filtered__type_support.c
-- Installing: /home/rraina/wato_f1tenth/install/sample_msgs/include/sample_msgs/sample_msgs/msg/detail/filtered_array__functions.c
-- Installing: /home/rraina/wato_f1tenth/install/sample_msgs/include/sample_msgs/sample_msgs/msg/metadata.h
-- Installing: /home/rraina/wato_f1tenth/install/sample_msgs/include/sample_msgs/sample_msgs/msg/rosidl_generator_c__visibility_control.h
-- Installing: /home/rraina/wato_f1tenth/install/sample_msgs/share/sample_msgs/environment/library_path.sh
-- Installing: /home/rraina/wato_f1tenth/install/sample_msgs/share/sample_msgs/environment/library_path.dsv
-- Installing: /home/rraina/wato_f1tenth/install/sample_msgs/lib/libsample_msgs__rosidl_generator_c.so
-- Set non-toolchain portion of runtime path of "/home/rraina/wato_f1tenth/install/sample_msgs/lib/libsample_msgs__rosidl_generator_c.so" to ""
-- Up-to-date: /home/rraina/wato_f1tenth/install/sample_msgs/include/sample_msgs/sample_msgs
-- Up-to-date: /home/rraina/wato_f1tenth/install/sample_msgs/include/sample_msgs/sample_msgs/msg
-- Installing: /home/rraina/wato_f1tenth/install/sample_msgs/include/sample_msgs/sample_msgs/msg/rosidl_typesupport_fastrtps_c__visibility_control.h
-- Up-to-date: /home/rraina/wato_f1tenth/install/sample_msgs/include/sample_msgs/sample_msgs/msg/detail
-- Installing: /home/rraina/wato_f1tenth/install/sample_msgs/include/sample_msgs/sample_msgs/msg/detail/filtered_array__rosidl_typesupport_fastrtps_c.h
-- Installing: /home/rraina/wato_f1tenth/install/sample_msgs/include/sample_msgs/sample_msgs/msg/detail/unfiltered__rosidl_typesupport_fastrtps_c.h
-- Installing: /home/rraina/wato_f1tenth/install/sample_msgs/include/sample_msgs/sample_msgs/msg/detail/metadata__rosidl_typesupport_fastrtps_c.h
-- Installing: /home/rraina/wato_f1tenth/install/sample_msgs/include/sample_msgs/sample_msgs/msg/detail/filtered__rosidl_typesupport_fastrtps_c.h
-- Installing: /home/rraina/wato_f1tenth/install/sample_msgs/lib/libsample_msgs__rosidl_typesupport_fastrtps_c.so
-- Set non-toolchain portion of runtime path of "/home/rraina/wato_f1tenth/install/sample_msgs/lib/libsample_msgs__rosidl_typesupport_fastrtps_c.so" to ""
-- Up-to-date: /home/rraina/wato_f1tenth/install/sample_msgs/include/sample_msgs/sample_msgs
-- Up-to-date: /home/rraina/wato_f1tenth/install/sample_msgs/include/sample_msgs/sample_msgs/msg
-- Up-to-date: /home/rraina/wato_f1tenth/install/sample_msgs/include/sample_msgs/sample_msgs/msg/detail
-- Installing: /home/rraina/wato_f1tenth/install/sample_msgs/include/sample_msgs/sample_msgs/msg/detail/unfiltered__rosidl_typesupport_introspection_c.h
-- Installing: /home/rraina/wato_f1tenth/install/sample_msgs/include/sample_msgs/sample_msgs/msg/detail/unfiltered__type_support.c
-- Installing: /home/rraina/wato_f1tenth/install/sample_msgs/include/sample_msgs/sample_msgs/msg/detail/metadata__type_support.c
-- Installing: /home/rraina/wato_f1tenth/install/sample_msgs/include/sample_msgs/sample_msgs/msg/detail/metadata__rosidl_typesupport_introspection_c.h
-- Installing: /home/rraina/wato_f1tenth/install/sample_msgs/include/sample_msgs/sample_msgs/msg/detail/filtered_array__type_support.c
-- Installing: /home/rraina/wato_f1tenth/install/sample_msgs/include/sample_msgs/sample_msgs/msg/detail/filtered__rosidl_typesupport_introspection_c.h
-- Installing: /home/rraina/wato_f1tenth/install/sample_msgs/include/sample_msgs/sample_msgs/msg/detail/filtered_array__rosidl_typesupport_introspection_c.h
-- Installing: /home/rraina/wato_f1tenth/install/sample_msgs/include/sample_msgs/sample_msgs/msg/detail/filtered__type_support.c
-- Installing: /home/rraina/wato_f1tenth/install/sample_msgs/include/sample_msgs/sample_msgs/msg/rosidl_typesupport_introspection_c__visibility_control.h
-- Installing: /home/rraina/wato_f1tenth/install/sample_msgs/lib/libsample_msgs__rosidl_typesupport_introspection_c.so
-- Set non-toolchain portion of runtime path of "/home/rraina/wato_f1tenth/install/sample_msgs/lib/libsample_msgs__rosidl_typesupport_introspection_c.so" to ""
-- Installing: /home/rraina/wato_f1tenth/install/sample_msgs/lib/libsample_msgs__rosidl_typesupport_c.so
-- Set non-toolchain portion of runtime path of "/home/rraina/wato_f1tenth/install/sample_msgs/lib/libsample_msgs__rosidl_typesupport_c.so" to ""
-- Up-to-date: /home/rraina/wato_f1tenth/install/sample_msgs/include/sample_msgs/sample_msgs
-- Up-to-date: /home/rraina/wato_f1tenth/install/sample_msgs/include/sample_msgs/sample_msgs/msg
-- Installing: /home/rraina/wato_f1tenth/install/sample_msgs/include/sample_msgs/sample_msgs/msg/unfiltered.hpp
-- Up-to-date: /home/rraina/wato_f1tenth/install/sample_msgs/include/sample_msgs/sample_msgs/msg/detail
-- Installing: /home/rraina/wato_f1tenth/install/sample_msgs/include/sample_msgs/sample_msgs/msg/detail/filtered__builder.hpp
-- Installing: /home/rraina/wato_f1tenth/install/sample_msgs/include/sample_msgs/sample_msgs/msg/detail/metadata__traits.hpp
-- Installing: /home/rraina/wato_f1tenth/install/sample_msgs/include/sample_msgs/sample_msgs/msg/detail/unfiltered__struct.hpp
-- Installing: /home/rraina/wato_f1tenth/install/sample_msgs/include/sample_msgs/sample_msgs/msg/detail/metadata__builder.hpp
-- Installing: /home/rraina/wato_f1tenth/install/sample_msgs/include/sample_msgs/sample_msgs/msg/detail/filtered_array__builder.hpp
-- Installing: /home/rraina/wato_f1tenth/install/sample_msgs/include/sample_msgs/sample_msgs/msg/detail/filtered__traits.hpp
-- Installing: /home/rraina/wato_f1tenth/install/sample_msgs/include/sample_msgs/sample_msgs/msg/detail/metadata__type_support.hpp
-- Installing: /home/rraina/wato_f1tenth/install/sample_msgs/include/sample_msgs/sample_msgs/msg/detail/filtered_array__traits.hpp
-- Installing: /home/rraina/wato_f1tenth/install/sample_msgs/include/sample_msgs/sample_msgs/msg/detail/unfiltered__type_support.hpp
-- Installing: /home/rraina/wato_f1tenth/install/sample_msgs/include/sample_msgs/sample_msgs/msg/detail/unfiltered__traits.hpp
-- Installing: /home/rraina/wato_f1tenth/install/sample_msgs/include/sample_msgs/sample_msgs/msg/detail/unfiltered__builder.hpp
-- Installing: /home/rraina/wato_f1tenth/install/sample_msgs/include/sample_msgs/sample_msgs/msg/detail/filtered_array__type_support.hpp
-- Installing: /home/rraina/wato_f1tenth/install/sample_msgs/include/sample_msgs/sample_msgs/msg/detail/filtered_array__struct.hpp
-- Installing: /home/rraina/wato_f1tenth/install/sample_msgs/include/sample_msgs/sample_msgs/msg/detail/filtered__struct.hpp
-- Installing: /home/rraina/wato_f1tenth/install/sample_msgs/include/sample_msgs/sample_msgs/msg/detail/filtered__type_support.hpp
-- Installing: /home/rraina/wato_f1tenth/install/sample_msgs/include/sample_msgs/sample_msgs/msg/detail/metadata__struct.hpp
-- Installing: /home/rraina/wato_f1tenth/install/sample_msgs/include/sample_msgs/sample_msgs/msg/filtered.hpp
-- Installing: /home/rraina/wato_f1tenth/install/sample_msgs/include/sample_msgs/sample_msgs/msg/filtered_array.hpp
-- Installing: /home/rraina/wato_f1tenth/install/sample_msgs/include/sample_msgs/sample_msgs/msg/metadata.hpp
-- Installing: /home/rraina/wato_f1tenth/install/sample_msgs/include/sample_msgs/sample_msgs/msg/rosidl_generator_cpp__visibility_control.hpp
-- Up-to-date: /home/rraina/wato_f1tenth/install/sample_msgs/include/sample_msgs/sample_msgs
-- Up-to-date: /home/rraina/wato_f1tenth/install/sample_msgs/include/sample_msgs/sample_msgs/msg
-- Installing: /home/rraina/wato_f1tenth/install/sample_msgs/include/sample_msgs/sample_msgs/msg/rosidl_typesupport_fastrtps_cpp__visibility_control.h
-- Up-to-date: /home/rraina/wato_f1tenth/install/sample_msgs/include/sample_msgs/sample_msgs/msg/detail
-- Installing: /home/rraina/wato_f1tenth/install/sample_msgs/include/sample_msgs/sample_msgs/msg/detail/filtered_array__rosidl_typesupport_fastrtps_cpp.hpp
-- Installing: /home/rraina/wato_f1tenth/install/sample_msgs/include/sample_msgs/sample_msgs/msg/detail/filtered__rosidl_typesupport_fastrtps_cpp.hpp
-- Installing: /home/rraina/wato_f1tenth/install/sample_msgs/include/sample_msgs/sample_msgs/msg/detail/dds_fastrtps
-- Installing: /home/rraina/wato_f1tenth/install/sample_msgs/include/sample_msgs/sample_msgs/msg/detail/unfiltered__rosidl_typesupport_fastrtps_cpp.hpp
-- Installing: /home/rraina/wato_f1tenth/install/sample_msgs/include/sample_msgs/sample_msgs/msg/detail/metadata__rosidl_typesupport_fastrtps_cpp.hpp
-- Installing: /home/rraina/wato_f1tenth/install/sample_msgs/lib/libsample_msgs__rosidl_typesupport_fastrtps_cpp.so
-- Set non-toolchain portion of runtime path of "/home/rraina/wato_f1tenth/install/sample_msgs/lib/libsample_msgs__rosidl_typesupport_fastrtps_cpp.so" to ""
-- Up-to-date: /home/rraina/wato_f1tenth/install/sample_msgs/include/sample_msgs/sample_msgs
-- Up-to-date: /home/rraina/wato_f1tenth/install/sample_msgs/include/sample_msgs/sample_msgs/msg
-- Up-to-date: /home/rraina/wato_f1tenth/install/sample_msgs/include/sample_msgs/sample_msgs/msg/detail
-- Installing: /home/rraina/wato_f1tenth/install/sample_msgs/include/sample_msgs/sample_msgs/msg/detail/unfiltered__type_support.cpp
-- Installing: /home/rraina/wato_f1tenth/install/sample_msgs/include/sample_msgs/sample_msgs/msg/detail/unfiltered__rosidl_typesupport_introspection_cpp.hpp
-- Installing: /home/rraina/wato_f1tenth/install/sample_msgs/include/sample_msgs/sample_msgs/msg/detail/metadata__type_support.cpp
-- Installing: /home/rraina/wato_f1tenth/install/sample_msgs/include/sample_msgs/sample_msgs/msg/detail/filtered__rosidl_typesupport_introspection_cpp.hpp
-- Installing: /home/rraina/wato_f1tenth/install/sample_msgs/include/sample_msgs/sample_msgs/msg/detail/filtered_array__type_support.cpp
-- Installing: /home/rraina/wato_f1tenth/install/sample_msgs/include/sample_msgs/sample_msgs/msg/detail/filtered_array__rosidl_typesupport_introspection_cpp.hpp
-- Installing: /home/rraina/wato_f1tenth/install/sample_msgs/include/sample_msgs/sample_msgs/msg/detail/filtered__type_support.cpp
-- Installing: /home/rraina/wato_f1tenth/install/sample_msgs/include/sample_msgs/sample_msgs/msg/detail/metadata__rosidl_typesupport_introspection_cpp.hpp
-- Installing: /home/rraina/wato_f1tenth/install/sample_msgs/lib/libsample_msgs__rosidl_typesupport_introspection_cpp.so
-- Set non-toolchain portion of runtime path of "/home/rraina/wato_f1tenth/install/sample_msgs/lib/libsample_msgs__rosidl_typesupport_introspection_cpp.so" to ""
-- Installing: /home/rraina/wato_f1tenth/install/sample_msgs/lib/libsample_msgs__rosidl_typesupport_cpp.so
-- Set non-toolchain portion of runtime path of "/home/rraina/wato_f1tenth/install/sample_msgs/lib/libsample_msgs__rosidl_typesupport_cpp.so" to ""
-- Installing: /home/rraina/wato_f1tenth/install/sample_msgs/share/sample_msgs/environment/pythonpath.sh
-- Installing: /home/rraina/wato_f1tenth/install/sample_msgs/share/sample_msgs/environment/pythonpath.dsv
-- Installing: /home/rraina/wato_f1tenth/install/sample_msgs/lib/python3.12/site-packages/sample_msgs-0.0.0-py3.12.egg-info
-- Installing: /home/rraina/wato_f1tenth/install/sample_msgs/lib/python3.12/site-packages/sample_msgs-0.0.0-py3.12.egg-info/top_level.txt
-- Installing: /home/rraina/wato_f1tenth/install/sample_msgs/lib/python3.12/site-packages/sample_msgs-0.0.0-py3.12.egg-info/dependency_links.txt
-- Installing: /home/rraina/wato_f1tenth/install/sample_msgs/lib/python3.12/site-packages/sample_msgs-0.0.0-py3.12.egg-info/PKG-INFO
-- Installing: /home/rraina/wato_f1tenth/install/sample_msgs/lib/python3.12/site-packages/sample_msgs-0.0.0-py3.12.egg-info/SOURCES.txt
-- Installing: /home/rraina/wato_f1tenth/install/sample_msgs/lib/python3.12/site-packages/sample_msgs
-- Installing: /home/rraina/wato_f1tenth/install/sample_msgs/lib/python3.12/site-packages/sample_msgs/_sample_msgs_s.ep.rosidl_typesupport_c.c
-- Installing: /home/rraina/wato_f1tenth/install/sample_msgs/lib/python3.12/site-packages/sample_msgs/_sample_msgs_s.ep.rosidl_typesupport_introspection_c.c
-- Installing: /home/rraina/wato_f1tenth/install/sample_msgs/lib/python3.12/site-packages/sample_msgs/_sample_msgs_s.ep.rosidl_typesupport_fastrtps_c.c
-- Installing: /home/rraina/wato_f1tenth/install/sample_msgs/lib/python3.12/site-packages/sample_msgs/sample_msgs_s__rosidl_typesupport_fastrtps_c.so
-- Installing: /home/rraina/wato_f1tenth/install/sample_msgs/lib/python3.12/site-packages/sample_msgs/sample_msgs_s__rosidl_typesupport_c.so
-- Installing: /home/rraina/wato_f1tenth/install/sample_msgs/lib/python3.12/site-packages/sample_msgs/sample_msgs_s__rosidl_typesupport_introspection_c.so
-- Installing: /home/rraina/wato_f1tenth/install/sample_msgs/lib/python3.12/site-packages/sample_msgs/__init__.py
-- Installing: /home/rraina/wato_f1tenth/install/sample_msgs/lib/python3.12/site-packages/sample_msgs/msg
-- Installing: /home/rraina/wato_f1tenth/install/sample_msgs/lib/python3.12/site-packages/sample_msgs/msg/_metadata_s.c
-- Installing: /home/rraina/wato_f1tenth/install/sample_msgs/lib/python3.12/site-packages/sample_msgs/msg/_unfiltered.py
-- Installing: /home/rraina/wato_f1tenth/install/sample_msgs/lib/python3.12/site-packages/sample_msgs/msg/_filtered_array_s.c
-- Installing: /home/rraina/wato_f1tenth/install/sample_msgs/lib/python3.12/site-packages/sample_msgs/msg/_filtered.py
-- Installing: /home/rraina/wato_f1tenth/install/sample_msgs/lib/python3.12/site-packages/sample_msgs/msg/_unfiltered_s.c
-- Installing: /home/rraina/wato_f1tenth/install/sample_msgs/lib/python3.12/site-packages/sample_msgs/msg/_filtered_s.c
-- Installing: /home/rraina/wato_f1tenth/install/sample_msgs/lib/python3.12/site-packages/sample_msgs/msg/_metadata.py
-- Installing: /home/rraina/wato_f1tenth/install/sample_msgs/lib/python3.12/site-packages/sample_msgs/msg/__init__.py
-- Installing: /home/rraina/wato_f1tenth/install/sample_msgs/lib/python3.12/site-packages/sample_msgs/msg/_filtered_array.py
Listing '/home/rraina/wato_f1tenth/install/sample_msgs/lib/python3.12/site-packages/sample_msgs'...
Compiling '/home/rraina/wato_f1tenth/install/sample_msgs/lib/python3.12/site-packages/sample_msgs/__init__.py'...
Listing '/home/rraina/wato_f1tenth/install/sample_msgs/lib/python3.12/site-packages/sample_msgs/msg'...
Compiling '/home/rraina/wato_f1tenth/install/sample_msgs/lib/python3.12/site-packages/sample_msgs/msg/__init__.py'...
Compiling '/home/rraina/wato_f1tenth/install/sample_msgs/lib/python3.12/site-packages/sample_msgs/msg/_filtered.py'...
Compiling '/home/rraina/wato_f1tenth/install/sample_msgs/lib/python3.12/site-packages/sample_msgs/msg/_filtered_array.py'...
Compiling '/home/rraina/wato_f1tenth/install/sample_msgs/lib/python3.12/site-packages/sample_msgs/msg/_metadata.py'...
Compiling '/home/rraina/wato_f1tenth/install/sample_msgs/lib/python3.12/site-packages/sample_msgs/msg/_unfiltered.py'...
-- Installing: /home/rraina/wato_f1tenth/install/sample_msgs/lib/python3.12/site-packages/sample_msgs/sample_msgs_s__rosidl_typesupport_fastrtps_c.so
-- Set non-toolchain portion of runtime path of "/home/rraina/wato_f1tenth/install/sample_msgs/lib/python3.12/site-packages/sample_msgs/sample_msgs_s__rosidl_typesupport_fastrtps_c.so" to ""
-- Installing: /home/rraina/wato_f1tenth/install/sample_msgs/lib/python3.12/site-packages/sample_msgs/sample_msgs_s__rosidl_typesupport_introspection_c.so
-- Set non-toolchain portion of runtime path of "/home/rraina/wato_f1tenth/install/sample_msgs/lib/python3.12/site-packages/sample_msgs/sample_msgs_s__rosidl_typesupport_introspection_c.so" to ""
-- Installing: /home/rraina/wato_f1tenth/install/sample_msgs/lib/python3.12/site-packages/sample_msgs/sample_msgs_s__rosidl_typesupport_c.so
-- Set non-toolchain portion of runtime path of "/home/rraina/wato_f1tenth/install/sample_msgs/lib/python3.12/site-packages/sample_msgs/sample_msgs_s__rosidl_typesupport_c.so" to ""
-- Installing: /home/rraina/wato_f1tenth/install/sample_msgs/lib/libsample_msgs__rosidl_generator_py.so
-- Set non-toolchain portion of runtime path of "/home/rraina/wato_f1tenth/install/sample_msgs/lib/libsample_msgs__rosidl_generator_py.so" to ""
-- Installing: /home/rraina/wato_f1tenth/install/sample_msgs/share/sample_msgs/msg/Filtered.idl
-- Installing: /home/rraina/wato_f1tenth/install/sample_msgs/share/sample_msgs/msg/FilteredArray.idl
-- Installing: /home/rraina/wato_f1tenth/install/sample_msgs/share/sample_msgs/msg/Unfiltered.idl
-- Installing: /home/rraina/wato_f1tenth/install/sample_msgs/share/sample_msgs/msg/Metadata.idl
-- Installing: /home/rraina/wato_f1tenth/install/sample_msgs/share/sample_msgs/msg/Filtered.msg
-- Installing: /home/rraina/wato_f1tenth/install/sample_msgs/share/sample_msgs/msg/FilteredArray.msg
-- Installing: /home/rraina/wato_f1tenth/install/sample_msgs/share/sample_msgs/msg/Unfiltered.msg
-- Installing: /home/rraina/wato_f1tenth/install/sample_msgs/share/sample_msgs/msg/Metadata.msg
-- Installing: /home/rraina/wato_f1tenth/install/sample_msgs/share/ament_index/resource_index/package_run_dependencies/sample_msgs
-- Installing: /home/rraina/wato_f1tenth/install/sample_msgs/share/ament_index/resource_index/parent_prefix_path/sample_msgs
-- Installing: /home/rraina/wato_f1tenth/install/sample_msgs/share/sample_msgs/environment/ament_prefix_path.sh
-- Installing: /home/rraina/wato_f1tenth/install/sample_msgs/share/sample_msgs/environment/ament_prefix_path.dsv
-- Installing: /home/rraina/wato_f1tenth/install/sample_msgs/share/sample_msgs/environment/path.sh
-- Installing: /home/rraina/wato_f1tenth/install/sample_msgs/share/sample_msgs/environment/path.dsv
-- Installing: /home/rraina/wato_f1tenth/install/sample_msgs/share/sample_msgs/local_setup.bash
-- Installing: /home/rraina/wato_f1tenth/install/sample_msgs/share/sample_msgs/local_setup.sh
-- Installing: /home/rraina/wato_f1tenth/install/sample_msgs/share/sample_msgs/local_setup.zsh
-- Installing: /home/rraina/wato_f1tenth/install/sample_msgs/share/sample_msgs/local_setup.dsv
-- Installing: /home/rraina/wato_f1tenth/install/sample_msgs/share/sample_msgs/package.dsv
-- Installing: /home/rraina/wato_f1tenth/install/sample_msgs/share/ament_index/resource_index/packages/sample_msgs
-- Installing: /home/rraina/wato_f1tenth/install/sample_msgs/share/sample_msgs/cmake/export_sample_msgs__rosidl_generator_cExport.cmake
-- Installing: /home/rraina/wato_f1tenth/install/sample_msgs/share/sample_msgs/cmake/export_sample_msgs__rosidl_generator_cExport-noconfig.cmake
-- Installing: /home/rraina/wato_f1tenth/install/sample_msgs/share/sample_msgs/cmake/export_sample_msgs__rosidl_typesupport_fastrtps_cExport.cmake
-- Installing: /home/rraina/wato_f1tenth/install/sample_msgs/share/sample_msgs/cmake/export_sample_msgs__rosidl_typesupport_fastrtps_cExport-noconfig.cmake
-- Installing: /home/rraina/wato_f1tenth/install/sample_msgs/share/sample_msgs/cmake/sample_msgs__rosidl_typesupport_introspection_cExport.cmake
-- Installing: /home/rraina/wato_f1tenth/install/sample_msgs/share/sample_msgs/cmake/sample_msgs__rosidl_typesupport_introspection_cExport-noconfig.cmake
-- Installing: /home/rraina/wato_f1tenth/install/sample_msgs/share/sample_msgs/cmake/sample_msgs__rosidl_typesupport_cExport.cmake
-- Installing: /home/rraina/wato_f1tenth/install/sample_msgs/share/sample_msgs/cmake/sample_msgs__rosidl_typesupport_cExport-noconfig.cmake
-- Installing: /home/rraina/wato_f1tenth/install/sample_msgs/share/sample_msgs/cmake/export_sample_msgs__rosidl_generator_cppExport.cmake
-- Installing: /home/rraina/wato_f1tenth/install/sample_msgs/share/sample_msgs/cmake/export_sample_msgs__rosidl_typesupport_fastrtps_cppExport.cmake
-- Installing: /home/rraina/wato_f1tenth/install/sample_msgs/share/sample_msgs/cmake/export_sample_msgs__rosidl_typesupport_fastrtps_cppExport-noconfig.cmake
-- Installing: /home/rraina/wato_f1tenth/install/sample_msgs/share/sample_msgs/cmake/sample_msgs__rosidl_typesupport_introspection_cppExport.cmake
-- Installing: /home/rraina/wato_f1tenth/install/sample_msgs/share/sample_msgs/cmake/sample_msgs__rosidl_typesupport_introspection_cppExport-noconfig.cmake
-- Installing: /home/rraina/wato_f1tenth/install/sample_msgs/share/sample_msgs/cmake/sample_msgs__rosidl_typesupport_cppExport.cmake
-- Installing: /home/rraina/wato_f1tenth/install/sample_msgs/share/sample_msgs/cmake/sample_msgs__rosidl_typesupport_cppExport-noconfig.cmake
-- Installing: /home/rraina/wato_f1tenth/install/sample_msgs/share/sample_msgs/cmake/export_sample_msgs__rosidl_generator_pyExport.cmake
-- Installing: /home/rraina/wato_f1tenth/install/sample_msgs/share/sample_msgs/cmake/export_sample_msgs__rosidl_generator_pyExport-noconfig.cmake
-- Installing: /home/rraina/wato_f1tenth/install/sample_msgs/share/sample_msgs/cmake/rosidl_cmake-extras.cmake
-- Installing: /home/rraina/wato_f1tenth/install/sample_msgs/share/sample_msgs/cmake/ament_cmake_export_dependencies-extras.cmake
-- Installing: /home/rraina/wato_f1tenth/install/sample_msgs/share/sample_msgs/cmake/ament_cmake_export_include_directories-extras.cmake
-- Installing: /home/rraina/wato_f1tenth/install/sample_msgs/share/sample_msgs/cmake/ament_cmake_export_libraries-extras.cmake
-- Installing: /home/rraina/wato_f1tenth/install/sample_msgs/share/sample_msgs/cmake/ament_cmake_export_targets-extras.cmake
-- Installing: /home/rraina/wato_f1tenth/install/sample_msgs/share/sample_msgs/cmake/rosidl_cmake_export_typesupport_targets-extras.cmake
-- Installing: /home/rraina/wato_f1tenth/install/sample_msgs/share/sample_msgs/cmake/rosidl_cmake_export_typesupport_libraries-extras.cmake
-- Installing: /home/rraina/wato_f1tenth/install/sample_msgs/share/sample_msgs/cmake/sample_msgsConfig.cmake
-- Installing: /home/rraina/wato_f1tenth/install/sample_msgs/share/sample_msgs/cmake/sample_msgsConfig-version.cmake
-- Installing: /home/rraina/wato_f1tenth/install/sample_msgs/share/sample_msgs/package.xml
