[0.894s] Invoking command in '/home/rraina/wato_f1tenth/build/sample_msgs': CMAKE_PREFIX_PATH=${CMAKE_PREFIX_PATH}:/opt/ros/jazzy /usr/bin/cmake /home/rraina/wato_f1tenth/src/wato_msgs/sample_msgs -DCMAKE_INSTALL_PREFIX=/home/rraina/wato_f1tenth/install/sample_msgs
[1.185s] -- The C compiler identification is GNU 13.3.0
[2.522s] -- The CXX compiler identification is GNU 13.3.0
[3.690s] -- Detecting C compiler ABI info
[4.210s] -- Detecting C compiler ABI info - done
[4.228s] -- Check for working C compiler: /usr/bin/cc - skipped
[4.229s] -- Detecting C compile features
[4.230s] -- Detecting C compile features - done
[4.386s] -- Detecting CXX compiler ABI info
[5.003s] -- Detecting CXX compiler ABI info - done
[5.026s] -- Check for working CXX compiler: /usr/bin/c++ - skipped
[5.026s] -- Detecting CXX compile features
[5.029s] -- Detecting CXX compile features - done
[5.036s] -- Found ament_cmake: 2.5.5 (/opt/ros/jazzy/share/ament_cmake/cmake)
[5.356s] -- Found Python3: /usr/bin/python3 (found version "3.12.3") found components: Interpreter 
[5.596s] -- Found rosidl_default_generators: 1.6.0 (/opt/ros/jazzy/share/rosidl_default_generators/cmake)
[5.610s] -- Using all available rosidl_typesupport_c: rosidl_typesupport_fastrtps_c;rosidl_typesupport_introspection_c
[5.961s] -- Using all available rosidl_typesupport_cpp: rosidl_typesupport_fastrtps_cpp;rosidl_typesupport_introspection_cpp
[6.058s] -- Found rosidl_adapter: 4.6.7 (/opt/ros/jazzy/share/rosidl_adapter/cmake)
[6.067s] -- Found std_msgs: 5.3.6 (/opt/ros/jazzy/share/std_msgs/cmake)
[7.285s] -- Found ament_cmake_ros: 0.12.0 (/opt/ros/jazzy/share/ament_cmake_ros/cmake)
[8.251s] -- Using all available rosidl_typesupport_c: rosidl_typesupport_fastrtps_c;rosidl_typesupport_introspection_c
[9.816s] -- Using all available rosidl_typesupport_cpp: rosidl_typesupport_fastrtps_cpp;rosidl_typesupport_introspection_cpp
[9.832s] -- Found python_cmake_module: 0.11.1 (/opt/ros/jazzy/share/python_cmake_module/cmake)
[10.225s] -- Found PythonExtra: /usr/bin/python3  
[11.725s] -- Found Python3: /usr/bin/python3 (found version "3.12.3") found components: Interpreter Development NumPy Development.Module Development.Embed 
[11.926s] -- Configuring done (11.0s)
[12.198s] -- Generating done (0.2s)
[12.265s] -- Build files have been written to: /home/rraina/wato_f1tenth/build/sample_msgs
[12.321s] Invoked command in '/home/rraina/wato_f1tenth/build/sample_msgs' returned '0': CMAKE_PREFIX_PATH=${CMAKE_PREFIX_PATH}:/opt/ros/jazzy /usr/bin/cmake /home/rraina/wato_f1tenth/src/wato_msgs/sample_msgs -DCMAKE_INSTALL_PREFIX=/home/rraina/wato_f1tenth/install/sample_msgs
[12.322s] Invoking command in '/home/rraina/wato_f1tenth/build/sample_msgs': CMAKE_PREFIX_PATH=${CMAKE_PREFIX_PATH}:/opt/ros/jazzy /usr/bin/cmake --build /home/rraina/wato_f1tenth/build/sample_msgs -- -j22 -l22
[12.503s] [  1%] [34m[1mGenerating type hashes for ROS interfaces[0m
[12.530s] [  1%] Built target ament_cmake_python_copy_sample_msgs
[13.230s] [  1%] Built target sample_msgs__rosidl_generator_type_description
[13.284s] [  3%] [34m[1mGenerating C code for ROS interfaces[0m
[13.317s] running egg_info
[13.319s] creating sample_msgs.egg-info
[13.356s] [  4%] [34m[1mGenerating C++ code for ROS interfaces[0m
[13.391s] writing sample_msgs.egg-info/PKG-INFO
[13.391s] writing dependency_links to sample_msgs.egg-info/dependency_links.txt
[13.392s] writing top-level names to sample_msgs.egg-info/top_level.txt
[13.395s] writing manifest file 'sample_msgs.egg-info/SOURCES.txt'
[13.627s] reading manifest file 'sample_msgs.egg-info/SOURCES.txt'
[13.627s] writing manifest file 'sample_msgs.egg-info/SOURCES.txt'
[13.804s] [  4%] Built target ament_cmake_python_build_sample_msgs_egg
[14.468s] [  4%] Built target sample_msgs__cpp
[14.810s] [  6%] [32mBuilding C object CMakeFiles/sample_msgs__rosidl_generator_c.dir/rosidl_generator_c/sample_msgs/msg/detail/filtered__description.c.o[0m
[14.811s] [  7%] [32mBuilding C object CMakeFiles/sample_msgs__rosidl_generator_c.dir/rosidl_generator_c/sample_msgs/msg/detail/unfiltered__description.c.o[0m
[14.830s] [  9%] [32mBuilding C object CMakeFiles/sample_msgs__rosidl_generator_c.dir/rosidl_generator_c/sample_msgs/msg/detail/filtered_array__functions.c.o[0m
[14.831s] [ 10%] [32mBuilding C object CMakeFiles/sample_msgs__rosidl_generator_c.dir/rosidl_generator_c/sample_msgs/msg/detail/filtered__type_support.c.o[0m
[14.831s] [ 12%] [32mBuilding C object CMakeFiles/sample_msgs__rosidl_generator_c.dir/rosidl_generator_c/sample_msgs/msg/detail/unfiltered__functions.c.o[0m
[14.832s] [ 14%] [32mBuilding C object CMakeFiles/sample_msgs__rosidl_generator_c.dir/rosidl_generator_c/sample_msgs/msg/detail/filtered_array__type_support.c.o[0m
[14.841s] [ 17%] [32mBuilding C object CMakeFiles/sample_msgs__rosidl_generator_c.dir/rosidl_generator_c/sample_msgs/msg/detail/metadata__type_support.c.o[0m
[14.841s] [ 17%] [32mBuilding C object CMakeFiles/sample_msgs__rosidl_generator_c.dir/rosidl_generator_c/sample_msgs/msg/detail/metadata__functions.c.o[0m
[14.842s] [ 18%] [32mBuilding C object CMakeFiles/sample_msgs__rosidl_generator_c.dir/rosidl_generator_c/sample_msgs/msg/detail/filtered__functions.c.o[0m
[14.866s] [ 20%] [32mBuilding C object CMakeFiles/sample_msgs__rosidl_generator_c.dir/rosidl_generator_c/sample_msgs/msg/detail/unfiltered__type_support.c.o[0m
[14.866s] [ 21%] [32mBuilding C object CMakeFiles/sample_msgs__rosidl_generator_c.dir/rosidl_generator_c/sample_msgs/msg/detail/filtered_array__description.c.o[0m
[14.866s] [ 23%] [32mBuilding C object CMakeFiles/sample_msgs__rosidl_generator_c.dir/rosidl_generator_c/sample_msgs/msg/detail/metadata__description.c.o[0m
[15.110s] [ 25%] [32m[1mLinking C shared library libsample_msgs__rosidl_generator_c.so[0m
[15.786s] [ 25%] Built target sample_msgs__rosidl_generator_c
[15.815s] [ 26%] [34m[1mGenerating C++ type support dispatch for ROS interfaces[0m
[15.815s] [ 28%] [34m[1mGenerating C type support for eProsima Fast-RTPS[0m
[15.816s] [ 29%] [34m[1mGenerating C++ introspection for ROS interfaces[0m
[15.824s] [ 31%] [34m[1mGenerating C type support dispatch for ROS interfaces[0m
[15.841s] [ 32%] [34m[1mGenerating C++ type support for eProsima Fast-RTPS[0m
[15.846s] [ 34%] [34m[1mGenerating C introspection for ROS interfaces[0m
[16.794s] [ 35%] [32mBuilding CXX object CMakeFiles/sample_msgs__rosidl_typesupport_cpp.dir/rosidl_typesupport_cpp/sample_msgs/msg/filtered__type_support.cpp.o[0m
[16.797s] [ 37%] [32mBuilding CXX object CMakeFiles/sample_msgs__rosidl_typesupport_cpp.dir/rosidl_typesupport_cpp/sample_msgs/msg/metadata__type_support.cpp.o[0m
[16.854s] [ 39%] [32mBuilding CXX object CMakeFiles/sample_msgs__rosidl_typesupport_cpp.dir/rosidl_typesupport_cpp/sample_msgs/msg/filtered_array__type_support.cpp.o[0m
[16.854s] [ 40%] [32mBuilding CXX object CMakeFiles/sample_msgs__rosidl_typesupport_introspection_cpp.dir/rosidl_typesupport_introspection_cpp/sample_msgs/msg/detail/filtered_array__type_support.cpp.o[0m
[16.872s] [ 42%] [32mBuilding CXX object CMakeFiles/sample_msgs__rosidl_typesupport_introspection_cpp.dir/rosidl_typesupport_introspection_cpp/sample_msgs/msg/detail/unfiltered__type_support.cpp.o[0m
[16.909s] [ 43%] [32mBuilding CXX object CMakeFiles/sample_msgs__rosidl_typesupport_fastrtps_c.dir/rosidl_typesupport_fastrtps_c/sample_msgs/msg/detail/metadata__type_support_c.cpp.o[0m
[16.919s] [ 45%] [32mBuilding CXX object CMakeFiles/sample_msgs__rosidl_typesupport_fastrtps_c.dir/rosidl_typesupport_fastrtps_c/sample_msgs/msg/detail/filtered_array__type_support_c.cpp.o[0m
[16.919s] [ 46%] [32mBuilding CXX object CMakeFiles/sample_msgs__rosidl_typesupport_introspection_cpp.dir/rosidl_typesupport_introspection_cpp/sample_msgs/msg/detail/filtered__type_support.cpp.o[0m
[16.919s] [ 48%] [32mBuilding CXX object CMakeFiles/sample_msgs__rosidl_typesupport_introspection_cpp.dir/rosidl_typesupport_introspection_cpp/sample_msgs/msg/detail/metadata__type_support.cpp.o[0m
[16.925s] [ 50%] [32mBuilding CXX object CMakeFiles/sample_msgs__rosidl_typesupport_fastrtps_c.dir/rosidl_typesupport_fastrtps_c/sample_msgs/msg/detail/unfiltered__type_support_c.cpp.o[0m
[16.928s] [ 51%] [32mBuilding CXX object CMakeFiles/sample_msgs__rosidl_typesupport_fastrtps_c.dir/rosidl_typesupport_fastrtps_c/sample_msgs/msg/detail/filtered__type_support_c.cpp.o[0m
[16.934s] [ 53%] [32mBuilding CXX object CMakeFiles/sample_msgs__rosidl_typesupport_cpp.dir/rosidl_typesupport_cpp/sample_msgs/msg/unfiltered__type_support.cpp.o[0m
[16.952s] [ 54%] [32mBuilding C object CMakeFiles/sample_msgs__rosidl_typesupport_introspection_c.dir/rosidl_typesupport_introspection_c/sample_msgs/msg/detail/unfiltered__type_support.c.o[0m
[16.961s] [ 56%] [32mBuilding C object CMakeFiles/sample_msgs__rosidl_typesupport_introspection_c.dir/rosidl_typesupport_introspection_c/sample_msgs/msg/detail/metadata__type_support.c.o[0m
[16.964s] [ 57%] [32mBuilding C object CMakeFiles/sample_msgs__rosidl_typesupport_introspection_c.dir/rosidl_typesupport_introspection_c/sample_msgs/msg/detail/filtered_array__type_support.c.o[0m
[17.002s] [ 59%] [32mBuilding C object CMakeFiles/sample_msgs__rosidl_typesupport_introspection_c.dir/rosidl_typesupport_introspection_c/sample_msgs/msg/detail/filtered__type_support.c.o[0m
[17.082s] [ 60%] [32mBuilding CXX object CMakeFiles/sample_msgs__rosidl_typesupport_c.dir/rosidl_typesupport_c/sample_msgs/msg/unfiltered__type_support.cpp.o[0m
[17.082s] [ 62%] [32mBuilding CXX object CMakeFiles/sample_msgs__rosidl_typesupport_c.dir/rosidl_typesupport_c/sample_msgs/msg/filtered__type_support.cpp.o[0m
[17.082s] [ 64%] [32mBuilding CXX object CMakeFiles/sample_msgs__rosidl_typesupport_c.dir/rosidl_typesupport_c/sample_msgs/msg/filtered_array__type_support.cpp.o[0m
[17.098s] [ 65%] [32mBuilding CXX object CMakeFiles/sample_msgs__rosidl_typesupport_c.dir/rosidl_typesupport_c/sample_msgs/msg/metadata__type_support.cpp.o[0m
[17.377s] [ 67%] [32m[1mLinking C shared library libsample_msgs__rosidl_typesupport_introspection_c.so[0m
[17.543s] [ 68%] [32mBuilding CXX object CMakeFiles/sample_msgs__rosidl_typesupport_fastrtps_cpp.dir/rosidl_typesupport_fastrtps_cpp/sample_msgs/msg/detail/dds_fastrtps/filtered__type_support.cpp.o[0m
[17.551s] [ 70%] [32m[1mLinking CXX shared library libsample_msgs__rosidl_typesupport_c.so[0m
[17.595s] [ 71%] [32mBuilding CXX object CMakeFiles/sample_msgs__rosidl_typesupport_fastrtps_cpp.dir/rosidl_typesupport_fastrtps_cpp/sample_msgs/msg/detail/dds_fastrtps/filtered_array__type_support.cpp.o[0m
[17.610s] [ 73%] [32mBuilding CXX object CMakeFiles/sample_msgs__rosidl_typesupport_fastrtps_cpp.dir/rosidl_typesupport_fastrtps_cpp/sample_msgs/msg/detail/dds_fastrtps/metadata__type_support.cpp.o[0m
[17.620s] [ 75%] [32mBuilding CXX object CMakeFiles/sample_msgs__rosidl_typesupport_fastrtps_cpp.dir/rosidl_typesupport_fastrtps_cpp/sample_msgs/msg/detail/dds_fastrtps/unfiltered__type_support.cpp.o[0m
[18.573s] [ 75%] Built target sample_msgs__rosidl_typesupport_c
[18.644s] [ 75%] Built target sample_msgs__rosidl_typesupport_introspection_c
[19.247s] [ 76%] [32m[1mLinking CXX shared library libsample_msgs__rosidl_typesupport_cpp.so[0m
[19.527s] [ 78%] [32m[1mLinking CXX shared library libsample_msgs__rosidl_typesupport_introspection_cpp.so[0m
[20.235s] [ 78%] Built target sample_msgs__rosidl_typesupport_cpp
[20.509s] [ 79%] [32m[1mLinking CXX shared library libsample_msgs__rosidl_typesupport_fastrtps_c.so[0m
[20.522s] [ 79%] Built target sample_msgs__rosidl_typesupport_introspection_cpp
[21.135s] [ 81%] [32m[1mLinking CXX shared library libsample_msgs__rosidl_typesupport_fastrtps_cpp.so[0m
[21.744s] [ 81%] Built target sample_msgs__rosidl_typesupport_fastrtps_c
[22.265s] [ 81%] Built target sample_msgs__rosidl_typesupport_fastrtps_cpp
[22.341s] [ 81%] Built target sample_msgs
[22.405s] [ 82%] [34m[1mGenerating Python code for ROS interfaces[0m
[23.763s] [ 82%] Built target sample_msgs__py
[23.884s] [ 84%] [32mBuilding C object CMakeFiles/sample_msgs__rosidl_generator_py.dir/rosidl_generator_py/sample_msgs/msg/_filtered_s.c.o[0m
[23.888s] [ 85%] [32mBuilding C object CMakeFiles/sample_msgs__rosidl_generator_py.dir/rosidl_generator_py/sample_msgs/msg/_metadata_s.c.o[0m
[23.903s] [ 87%] [32mBuilding C object CMakeFiles/sample_msgs__rosidl_generator_py.dir/rosidl_generator_py/sample_msgs/msg/_unfiltered_s.c.o[0m
[23.918s] [ 89%] [32mBuilding C object CMakeFiles/sample_msgs__rosidl_generator_py.dir/rosidl_generator_py/sample_msgs/msg/_filtered_array_s.c.o[0m
[25.116s] [ 90%] [32m[1mLinking C shared library libsample_msgs__rosidl_generator_py.so[0m
[26.717s] [ 90%] Built target sample_msgs__rosidl_generator_py
[26.824s] [ 92%] [32mBuilding C object CMakeFiles/sample_msgs_s__rosidl_typesupport_fastrtps_c.dir/rosidl_generator_py/sample_msgs/_sample_msgs_s.ep.rosidl_typesupport_fastrtps_c.c.o[0m
[26.851s] [ 93%] [32mBuilding C object CMakeFiles/sample_msgs_s__rosidl_typesupport_introspection_c.dir/rosidl_generator_py/sample_msgs/_sample_msgs_s.ep.rosidl_typesupport_introspection_c.c.o[0m
[26.937s] [ 95%] [32mBuilding C object CMakeFiles/sample_msgs_s__rosidl_typesupport_c.dir/rosidl_generator_py/sample_msgs/_sample_msgs_s.ep.rosidl_typesupport_c.c.o[0m
[27.664s] [ 96%] [32m[1mLinking C shared module rosidl_generator_py/sample_msgs/sample_msgs_s__rosidl_typesupport_introspection_c.so[0m
[27.849s] [ 98%] [32m[1mLinking C shared module rosidl_generator_py/sample_msgs/sample_msgs_s__rosidl_typesupport_fastrtps_c.so[0m
[27.878s] [100%] [32m[1mLinking C shared module rosidl_generator_py/sample_msgs/sample_msgs_s__rosidl_typesupport_c.so[0m
[28.976s] [100%] Built target sample_msgs_s__rosidl_typesupport_introspection_c
[29.190s] [100%] Built target sample_msgs_s__rosidl_typesupport_fastrtps_c
[29.299s] [100%] Built target sample_msgs_s__rosidl_typesupport_c
[29.401s] Invoked command in '/home/rraina/wato_f1tenth/build/sample_msgs' returned '0': CMAKE_PREFIX_PATH=${CMAKE_PREFIX_PATH}:/opt/ros/jazzy /usr/bin/cmake --build /home/rraina/wato_f1tenth/build/sample_msgs -- -j22 -l22
[29.420s] Invoking command in '/home/rraina/wato_f1tenth/build/sample_msgs': CMAKE_PREFIX_PATH=${CMAKE_PREFIX_PATH}:/opt/ros/jazzy /usr/bin/cmake --install /home/rraina/wato_f1tenth/build/sample_msgs
[29.472s] -- Install configuration: ""
[29.473s] -- Installing: /home/rraina/wato_f1tenth/install/sample_msgs/share/ament_index/resource_index/rosidl_interfaces/sample_msgs
[29.474s] -- Installing: /home/rraina/wato_f1tenth/install/sample_msgs/share/sample_msgs/msg/Filtered.json
[29.474s] -- Installing: /home/rraina/wato_f1tenth/install/sample_msgs/share/sample_msgs/msg/FilteredArray.json
[29.475s] -- Installing: /home/rraina/wato_f1tenth/install/sample_msgs/share/sample_msgs/msg/Unfiltered.json
[29.475s] -- Installing: /home/rraina/wato_f1tenth/install/sample_msgs/share/sample_msgs/msg/Metadata.json
[29.475s] -- Installing: /home/rraina/wato_f1tenth/install/sample_msgs/include/sample_msgs/sample_msgs
[29.476s] -- Installing: /home/rraina/wato_f1tenth/install/sample_msgs/include/sample_msgs/sample_msgs/msg
[29.476s] -- Installing: /home/rraina/wato_f1tenth/install/sample_msgs/include/sample_msgs/sample_msgs/msg/filtered.h
[29.476s] -- Installing: /home/rraina/wato_f1tenth/install/sample_msgs/include/sample_msgs/sample_msgs/msg/unfiltered.h
[29.477s] -- Installing: /home/rraina/wato_f1tenth/install/sample_msgs/include/sample_msgs/sample_msgs/msg/filtered_array.h
[29.477s] -- Installing: /home/rraina/wato_f1tenth/install/sample_msgs/include/sample_msgs/sample_msgs/msg/detail
[29.477s] -- Installing: /home/rraina/wato_f1tenth/install/sample_msgs/include/sample_msgs/sample_msgs/msg/detail/unfiltered__description.c
[29.478s] -- Installing: /home/rraina/wato_f1tenth/install/sample_msgs/include/sample_msgs/sample_msgs/msg/detail/filtered_array__functions.h
[29.478s] -- Installing: /home/rraina/wato_f1tenth/install/sample_msgs/include/sample_msgs/sample_msgs/msg/detail/metadata__description.c
[29.478s] -- Installing: /home/rraina/wato_f1tenth/install/sample_msgs/include/sample_msgs/sample_msgs/msg/detail/unfiltered__type_support.c
[29.478s] -- Installing: /home/rraina/wato_f1tenth/install/sample_msgs/include/sample_msgs/sample_msgs/msg/detail/metadata__type_support.c
[29.478s] -- Installing: /home/rraina/wato_f1tenth/install/sample_msgs/include/sample_msgs/sample_msgs/msg/detail/filtered__type_support.h
[29.491s] -- Installing: /home/rraina/wato_f1tenth/install/sample_msgs/include/sample_msgs/sample_msgs/msg/detail/filtered__description.c
[29.491s] -- Installing: /home/rraina/wato_f1tenth/install/sample_msgs/include/sample_msgs/sample_msgs/msg/detail/filtered_array__type_support.c
[29.491s] -- Installing: /home/rraina/wato_f1tenth/install/sample_msgs/include/sample_msgs/sample_msgs/msg/detail/unfiltered__functions.h
[29.491s] -- Installing: /home/rraina/wato_f1tenth/install/sample_msgs/include/sample_msgs/sample_msgs/msg/detail/filtered__functions.c
[29.491s] -- Installing: /home/rraina/wato_f1tenth/install/sample_msgs/include/sample_msgs/sample_msgs/msg/detail/metadata__functions.h
[29.492s] -- Installing: /home/rraina/wato_f1tenth/install/sample_msgs/include/sample_msgs/sample_msgs/msg/detail/filtered_array__description.c
[29.492s] -- Installing: /home/rraina/wato_f1tenth/install/sample_msgs/include/sample_msgs/sample_msgs/msg/detail/filtered_array__struct.h
[29.499s] -- Installing: /home/rraina/wato_f1tenth/install/sample_msgs/include/sample_msgs/sample_msgs/msg/detail/unfiltered__functions.c
[29.500s] -- Installing: /home/rraina/wato_f1tenth/install/sample_msgs/include/sample_msgs/sample_msgs/msg/detail/metadata__type_support.h
[29.500s] -- Installing: /home/rraina/wato_f1tenth/install/sample_msgs/include/sample_msgs/sample_msgs/msg/detail/metadata__functions.c
[29.500s] -- Installing: /home/rraina/wato_f1tenth/install/sample_msgs/include/sample_msgs/sample_msgs/msg/detail/unfiltered__type_support.h
[29.500s] -- Installing: /home/rraina/wato_f1tenth/install/sample_msgs/include/sample_msgs/sample_msgs/msg/detail/filtered__struct.h
[29.501s] -- Installing: /home/rraina/wato_f1tenth/install/sample_msgs/include/sample_msgs/sample_msgs/msg/detail/unfiltered__struct.h
[29.501s] -- Installing: /home/rraina/wato_f1tenth/install/sample_msgs/include/sample_msgs/sample_msgs/msg/detail/filtered__functions.h
[29.501s] -- Installing: /home/rraina/wato_f1tenth/install/sample_msgs/include/sample_msgs/sample_msgs/msg/detail/metadata__struct.h
[29.501s] -- Installing: /home/rraina/wato_f1tenth/install/sample_msgs/include/sample_msgs/sample_msgs/msg/detail/filtered_array__type_support.h
[29.501s] -- Installing: /home/rraina/wato_f1tenth/install/sample_msgs/include/sample_msgs/sample_msgs/msg/detail/filtered__type_support.c
[29.501s] -- Installing: /home/rraina/wato_f1tenth/install/sample_msgs/include/sample_msgs/sample_msgs/msg/detail/filtered_array__functions.c
[29.506s] -- Installing: /home/rraina/wato_f1tenth/install/sample_msgs/include/sample_msgs/sample_msgs/msg/metadata.h
[29.507s] -- Installing: /home/rraina/wato_f1tenth/install/sample_msgs/include/sample_msgs/sample_msgs/msg/rosidl_generator_c__visibility_control.h
[29.507s] -- Installing: /home/rraina/wato_f1tenth/install/sample_msgs/share/sample_msgs/environment/library_path.sh
[29.507s] -- Installing: /home/rraina/wato_f1tenth/install/sample_msgs/share/sample_msgs/environment/library_path.dsv
[29.518s] -- Installing: /home/rraina/wato_f1tenth/install/sample_msgs/lib/libsample_msgs__rosidl_generator_c.so
[29.519s] -- Set non-toolchain portion of runtime path of "/home/rraina/wato_f1tenth/install/sample_msgs/lib/libsample_msgs__rosidl_generator_c.so" to ""
[29.519s] -- Up-to-date: /home/rraina/wato_f1tenth/install/sample_msgs/include/sample_msgs/sample_msgs
[29.519s] -- Up-to-date: /home/rraina/wato_f1tenth/install/sample_msgs/include/sample_msgs/sample_msgs/msg
[29.519s] -- Installing: /home/rraina/wato_f1tenth/install/sample_msgs/include/sample_msgs/sample_msgs/msg/rosidl_typesupport_fastrtps_c__visibility_control.h
[29.519s] -- Up-to-date: /home/rraina/wato_f1tenth/install/sample_msgs/include/sample_msgs/sample_msgs/msg/detail
[29.520s] -- Installing: /home/rraina/wato_f1tenth/install/sample_msgs/include/sample_msgs/sample_msgs/msg/detail/filtered_array__rosidl_typesupport_fastrtps_c.h
[29.520s] -- Installing: /home/rraina/wato_f1tenth/install/sample_msgs/include/sample_msgs/sample_msgs/msg/detail/unfiltered__rosidl_typesupport_fastrtps_c.h
[29.520s] -- Installing: /home/rraina/wato_f1tenth/install/sample_msgs/include/sample_msgs/sample_msgs/msg/detail/metadata__rosidl_typesupport_fastrtps_c.h
[29.520s] -- Installing: /home/rraina/wato_f1tenth/install/sample_msgs/include/sample_msgs/sample_msgs/msg/detail/filtered__rosidl_typesupport_fastrtps_c.h
[29.520s] -- Installing: /home/rraina/wato_f1tenth/install/sample_msgs/lib/libsample_msgs__rosidl_typesupport_fastrtps_c.so
[29.520s] -- Set non-toolchain portion of runtime path of "/home/rraina/wato_f1tenth/install/sample_msgs/lib/libsample_msgs__rosidl_typesupport_fastrtps_c.so" to ""
[29.520s] -- Up-to-date: /home/rraina/wato_f1tenth/install/sample_msgs/include/sample_msgs/sample_msgs
[29.521s] -- Up-to-date: /home/rraina/wato_f1tenth/install/sample_msgs/include/sample_msgs/sample_msgs/msg
[29.521s] -- Up-to-date: /home/rraina/wato_f1tenth/install/sample_msgs/include/sample_msgs/sample_msgs/msg/detail
[29.522s] -- Installing: /home/rraina/wato_f1tenth/install/sample_msgs/include/sample_msgs/sample_msgs/msg/detail/unfiltered__rosidl_typesupport_introspection_c.h
[29.522s] -- Installing: /home/rraina/wato_f1tenth/install/sample_msgs/include/sample_msgs/sample_msgs/msg/detail/unfiltered__type_support.c
[29.527s] -- Installing: /home/rraina/wato_f1tenth/install/sample_msgs/include/sample_msgs/sample_msgs/msg/detail/metadata__type_support.c
[29.528s] -- Installing: /home/rraina/wato_f1tenth/install/sample_msgs/include/sample_msgs/sample_msgs/msg/detail/metadata__rosidl_typesupport_introspection_c.h
[29.528s] -- Installing: /home/rraina/wato_f1tenth/install/sample_msgs/include/sample_msgs/sample_msgs/msg/detail/filtered_array__type_support.c
[29.528s] -- Installing: /home/rraina/wato_f1tenth/install/sample_msgs/include/sample_msgs/sample_msgs/msg/detail/filtered__rosidl_typesupport_introspection_c.h
[29.529s] -- Installing: /home/rraina/wato_f1tenth/install/sample_msgs/include/sample_msgs/sample_msgs/msg/detail/filtered_array__rosidl_typesupport_introspection_c.h
[29.529s] -- Installing: /home/rraina/wato_f1tenth/install/sample_msgs/include/sample_msgs/sample_msgs/msg/detail/filtered__type_support.c
[29.529s] -- Installing: /home/rraina/wato_f1tenth/install/sample_msgs/include/sample_msgs/sample_msgs/msg/rosidl_typesupport_introspection_c__visibility_control.h
[29.529s] -- Installing: /home/rraina/wato_f1tenth/install/sample_msgs/lib/libsample_msgs__rosidl_typesupport_introspection_c.so
[29.537s] -- Set non-toolchain portion of runtime path of "/home/rraina/wato_f1tenth/install/sample_msgs/lib/libsample_msgs__rosidl_typesupport_introspection_c.so" to ""
[29.537s] -- Installing: /home/rraina/wato_f1tenth/install/sample_msgs/lib/libsample_msgs__rosidl_typesupport_c.so
[29.537s] -- Set non-toolchain portion of runtime path of "/home/rraina/wato_f1tenth/install/sample_msgs/lib/libsample_msgs__rosidl_typesupport_c.so" to ""
[29.537s] -- Up-to-date: /home/rraina/wato_f1tenth/install/sample_msgs/include/sample_msgs/sample_msgs
[29.538s] -- Up-to-date: /home/rraina/wato_f1tenth/install/sample_msgs/include/sample_msgs/sample_msgs/msg
[29.538s] -- Installing: /home/rraina/wato_f1tenth/install/sample_msgs/include/sample_msgs/sample_msgs/msg/unfiltered.hpp
[29.539s] -- Up-to-date: /home/rraina/wato_f1tenth/install/sample_msgs/include/sample_msgs/sample_msgs/msg/detail
[29.539s] -- Installing: /home/rraina/wato_f1tenth/install/sample_msgs/include/sample_msgs/sample_msgs/msg/detail/filtered__builder.hpp
[29.539s] -- Installing: /home/rraina/wato_f1tenth/install/sample_msgs/include/sample_msgs/sample_msgs/msg/detail/metadata__traits.hpp
[29.539s] -- Installing: /home/rraina/wato_f1tenth/install/sample_msgs/include/sample_msgs/sample_msgs/msg/detail/unfiltered__struct.hpp
[29.539s] -- Installing: /home/rraina/wato_f1tenth/install/sample_msgs/include/sample_msgs/sample_msgs/msg/detail/metadata__builder.hpp
[29.539s] -- Installing: /home/rraina/wato_f1tenth/install/sample_msgs/include/sample_msgs/sample_msgs/msg/detail/filtered_array__builder.hpp
[29.539s] -- Installing: /home/rraina/wato_f1tenth/install/sample_msgs/include/sample_msgs/sample_msgs/msg/detail/filtered__traits.hpp
[29.540s] -- Installing: /home/rraina/wato_f1tenth/install/sample_msgs/include/sample_msgs/sample_msgs/msg/detail/metadata__type_support.hpp
[29.540s] -- Installing: /home/rraina/wato_f1tenth/install/sample_msgs/include/sample_msgs/sample_msgs/msg/detail/filtered_array__traits.hpp
[29.540s] -- Installing: /home/rraina/wato_f1tenth/install/sample_msgs/include/sample_msgs/sample_msgs/msg/detail/unfiltered__type_support.hpp
[29.540s] -- Installing: /home/rraina/wato_f1tenth/install/sample_msgs/include/sample_msgs/sample_msgs/msg/detail/unfiltered__traits.hpp
[29.540s] -- Installing: /home/rraina/wato_f1tenth/install/sample_msgs/include/sample_msgs/sample_msgs/msg/detail/unfiltered__builder.hpp
[29.540s] -- Installing: /home/rraina/wato_f1tenth/install/sample_msgs/include/sample_msgs/sample_msgs/msg/detail/filtered_array__type_support.hpp
[29.541s] -- Installing: /home/rraina/wato_f1tenth/install/sample_msgs/include/sample_msgs/sample_msgs/msg/detail/filtered_array__struct.hpp
[29.553s] -- Installing: /home/rraina/wato_f1tenth/install/sample_msgs/include/sample_msgs/sample_msgs/msg/detail/filtered__struct.hpp
[29.553s] -- Installing: /home/rraina/wato_f1tenth/install/sample_msgs/include/sample_msgs/sample_msgs/msg/detail/filtered__type_support.hpp
[29.553s] -- Installing: /home/rraina/wato_f1tenth/install/sample_msgs/include/sample_msgs/sample_msgs/msg/detail/metadata__struct.hpp
[29.553s] -- Installing: /home/rraina/wato_f1tenth/install/sample_msgs/include/sample_msgs/sample_msgs/msg/filtered.hpp
[29.553s] -- Installing: /home/rraina/wato_f1tenth/install/sample_msgs/include/sample_msgs/sample_msgs/msg/filtered_array.hpp
[29.554s] -- Installing: /home/rraina/wato_f1tenth/install/sample_msgs/include/sample_msgs/sample_msgs/msg/metadata.hpp
[29.554s] -- Installing: /home/rraina/wato_f1tenth/install/sample_msgs/include/sample_msgs/sample_msgs/msg/rosidl_generator_cpp__visibility_control.hpp
[29.554s] -- Up-to-date: /home/rraina/wato_f1tenth/install/sample_msgs/include/sample_msgs/sample_msgs
[29.554s] -- Up-to-date: /home/rraina/wato_f1tenth/install/sample_msgs/include/sample_msgs/sample_msgs/msg
[29.555s] -- Installing: /home/rraina/wato_f1tenth/install/sample_msgs/include/sample_msgs/sample_msgs/msg/rosidl_typesupport_fastrtps_cpp__visibility_control.h
[29.568s] -- Up-to-date: /home/rraina/wato_f1tenth/install/sample_msgs/include/sample_msgs/sample_msgs/msg/detail
[29.569s] -- Installing: /home/rraina/wato_f1tenth/install/sample_msgs/include/sample_msgs/sample_msgs/msg/detail/filtered_array__rosidl_typesupport_fastrtps_cpp.hpp
[29.569s] -- Installing: /home/rraina/wato_f1tenth/install/sample_msgs/include/sample_msgs/sample_msgs/msg/detail/filtered__rosidl_typesupport_fastrtps_cpp.hpp
[29.570s] -- Installing: /home/rraina/wato_f1tenth/install/sample_msgs/include/sample_msgs/sample_msgs/msg/detail/dds_fastrtps
[29.571s] -- Installing: /home/rraina/wato_f1tenth/install/sample_msgs/include/sample_msgs/sample_msgs/msg/detail/unfiltered__rosidl_typesupport_fastrtps_cpp.hpp
[29.571s] -- Installing: /home/rraina/wato_f1tenth/install/sample_msgs/include/sample_msgs/sample_msgs/msg/detail/metadata__rosidl_typesupport_fastrtps_cpp.hpp
[29.573s] -- Installing: /home/rraina/wato_f1tenth/install/sample_msgs/lib/libsample_msgs__rosidl_typesupport_fastrtps_cpp.so
[29.573s] -- Set non-toolchain portion of runtime path of "/home/rraina/wato_f1tenth/install/sample_msgs/lib/libsample_msgs__rosidl_typesupport_fastrtps_cpp.so" to ""
[29.573s] -- Up-to-date: /home/rraina/wato_f1tenth/install/sample_msgs/include/sample_msgs/sample_msgs
[29.574s] -- Up-to-date: /home/rraina/wato_f1tenth/install/sample_msgs/include/sample_msgs/sample_msgs/msg
[29.574s] -- Up-to-date: /home/rraina/wato_f1tenth/install/sample_msgs/include/sample_msgs/sample_msgs/msg/detail
[29.574s] -- Installing: /home/rraina/wato_f1tenth/install/sample_msgs/include/sample_msgs/sample_msgs/msg/detail/unfiltered__type_support.cpp
[29.574s] -- Installing: /home/rraina/wato_f1tenth/install/sample_msgs/include/sample_msgs/sample_msgs/msg/detail/unfiltered__rosidl_typesupport_introspection_cpp.hpp
[29.575s] -- Installing: /home/rraina/wato_f1tenth/install/sample_msgs/include/sample_msgs/sample_msgs/msg/detail/metadata__type_support.cpp
[29.575s] -- Installing: /home/rraina/wato_f1tenth/install/sample_msgs/include/sample_msgs/sample_msgs/msg/detail/filtered__rosidl_typesupport_introspection_cpp.hpp
[29.575s] -- Installing: /home/rraina/wato_f1tenth/install/sample_msgs/include/sample_msgs/sample_msgs/msg/detail/filtered_array__type_support.cpp
[29.575s] -- Installing: /home/rraina/wato_f1tenth/install/sample_msgs/include/sample_msgs/sample_msgs/msg/detail/filtered_array__rosidl_typesupport_introspection_cpp.hpp
[29.576s] -- Installing: /home/rraina/wato_f1tenth/install/sample_msgs/include/sample_msgs/sample_msgs/msg/detail/filtered__type_support.cpp
[29.576s] -- Installing: /home/rraina/wato_f1tenth/install/sample_msgs/include/sample_msgs/sample_msgs/msg/detail/metadata__rosidl_typesupport_introspection_cpp.hpp
[29.577s] -- Installing: /home/rraina/wato_f1tenth/install/sample_msgs/lib/libsample_msgs__rosidl_typesupport_introspection_cpp.so
[29.578s] -- Set non-toolchain portion of runtime path of "/home/rraina/wato_f1tenth/install/sample_msgs/lib/libsample_msgs__rosidl_typesupport_introspection_cpp.so" to ""
[29.578s] -- Installing: /home/rraina/wato_f1tenth/install/sample_msgs/lib/libsample_msgs__rosidl_typesupport_cpp.so
[29.578s] -- Set non-toolchain portion of runtime path of "/home/rraina/wato_f1tenth/install/sample_msgs/lib/libsample_msgs__rosidl_typesupport_cpp.so" to ""
[29.578s] -- Installing: /home/rraina/wato_f1tenth/install/sample_msgs/share/sample_msgs/environment/pythonpath.sh
[29.579s] -- Installing: /home/rraina/wato_f1tenth/install/sample_msgs/share/sample_msgs/environment/pythonpath.dsv
[29.579s] -- Installing: /home/rraina/wato_f1tenth/install/sample_msgs/lib/python3.12/site-packages/sample_msgs-0.0.0-py3.12.egg-info
[29.598s] -- Installing: /home/rraina/wato_f1tenth/install/sample_msgs/lib/python3.12/site-packages/sample_msgs-0.0.0-py3.12.egg-info/top_level.txt
[29.599s] -- Installing: /home/rraina/wato_f1tenth/install/sample_msgs/lib/python3.12/site-packages/sample_msgs-0.0.0-py3.12.egg-info/dependency_links.txt
[29.605s] -- Installing: /home/rraina/wato_f1tenth/install/sample_msgs/lib/python3.12/site-packages/sample_msgs-0.0.0-py3.12.egg-info/PKG-INFO
[29.606s] -- Installing: /home/rraina/wato_f1tenth/install/sample_msgs/lib/python3.12/site-packages/sample_msgs-0.0.0-py3.12.egg-info/SOURCES.txt
[29.606s] -- Installing: /home/rraina/wato_f1tenth/install/sample_msgs/lib/python3.12/site-packages/sample_msgs
[29.606s] -- Installing: /home/rraina/wato_f1tenth/install/sample_msgs/lib/python3.12/site-packages/sample_msgs/_sample_msgs_s.ep.rosidl_typesupport_c.c
[29.607s] -- Installing: /home/rraina/wato_f1tenth/install/sample_msgs/lib/python3.12/site-packages/sample_msgs/_sample_msgs_s.ep.rosidl_typesupport_introspection_c.c
[29.607s] -- Installing: /home/rraina/wato_f1tenth/install/sample_msgs/lib/python3.12/site-packages/sample_msgs/_sample_msgs_s.ep.rosidl_typesupport_fastrtps_c.c
[29.607s] -- Installing: /home/rraina/wato_f1tenth/install/sample_msgs/lib/python3.12/site-packages/sample_msgs/sample_msgs_s__rosidl_typesupport_fastrtps_c.so
[29.608s] -- Installing: /home/rraina/wato_f1tenth/install/sample_msgs/lib/python3.12/site-packages/sample_msgs/sample_msgs_s__rosidl_typesupport_c.so
[29.608s] -- Installing: /home/rraina/wato_f1tenth/install/sample_msgs/lib/python3.12/site-packages/sample_msgs/sample_msgs_s__rosidl_typesupport_introspection_c.so
[29.608s] -- Installing: /home/rraina/wato_f1tenth/install/sample_msgs/lib/python3.12/site-packages/sample_msgs/__init__.py
[29.608s] -- Installing: /home/rraina/wato_f1tenth/install/sample_msgs/lib/python3.12/site-packages/sample_msgs/msg
[29.609s] -- Installing: /home/rraina/wato_f1tenth/install/sample_msgs/lib/python3.12/site-packages/sample_msgs/msg/_metadata_s.c
[29.621s] -- Installing: /home/rraina/wato_f1tenth/install/sample_msgs/lib/python3.12/site-packages/sample_msgs/msg/_unfiltered.py
[29.622s] -- Installing: /home/rraina/wato_f1tenth/install/sample_msgs/lib/python3.12/site-packages/sample_msgs/msg/_filtered_array_s.c
[29.623s] -- Installing: /home/rraina/wato_f1tenth/install/sample_msgs/lib/python3.12/site-packages/sample_msgs/msg/_filtered.py
[29.623s] -- Installing: /home/rraina/wato_f1tenth/install/sample_msgs/lib/python3.12/site-packages/sample_msgs/msg/_unfiltered_s.c
[29.623s] -- Installing: /home/rraina/wato_f1tenth/install/sample_msgs/lib/python3.12/site-packages/sample_msgs/msg/_filtered_s.c
[29.624s] -- Installing: /home/rraina/wato_f1tenth/install/sample_msgs/lib/python3.12/site-packages/sample_msgs/msg/_metadata.py
[29.624s] -- Installing: /home/rraina/wato_f1tenth/install/sample_msgs/lib/python3.12/site-packages/sample_msgs/msg/__init__.py
[29.624s] -- Installing: /home/rraina/wato_f1tenth/install/sample_msgs/lib/python3.12/site-packages/sample_msgs/msg/_filtered_array.py
[29.902s] Listing '/home/rraina/wato_f1tenth/install/sample_msgs/lib/python3.12/site-packages/sample_msgs'...
[29.902s] Compiling '/home/rraina/wato_f1tenth/install/sample_msgs/lib/python3.12/site-packages/sample_msgs/__init__.py'...
[29.903s] Listing '/home/rraina/wato_f1tenth/install/sample_msgs/lib/python3.12/site-packages/sample_msgs/msg'...
[29.903s] Compiling '/home/rraina/wato_f1tenth/install/sample_msgs/lib/python3.12/site-packages/sample_msgs/msg/__init__.py'...
[29.904s] Compiling '/home/rraina/wato_f1tenth/install/sample_msgs/lib/python3.12/site-packages/sample_msgs/msg/_filtered.py'...
[29.904s] Compiling '/home/rraina/wato_f1tenth/install/sample_msgs/lib/python3.12/site-packages/sample_msgs/msg/_filtered_array.py'...
[29.904s] Compiling '/home/rraina/wato_f1tenth/install/sample_msgs/lib/python3.12/site-packages/sample_msgs/msg/_metadata.py'...
[29.905s] Compiling '/home/rraina/wato_f1tenth/install/sample_msgs/lib/python3.12/site-packages/sample_msgs/msg/_unfiltered.py'...
[29.944s] -- Installing: /home/rraina/wato_f1tenth/install/sample_msgs/lib/python3.12/site-packages/sample_msgs/sample_msgs_s__rosidl_typesupport_fastrtps_c.so
[29.945s] -- Set non-toolchain portion of runtime path of "/home/rraina/wato_f1tenth/install/sample_msgs/lib/python3.12/site-packages/sample_msgs/sample_msgs_s__rosidl_typesupport_fastrtps_c.so" to ""
[29.946s] -- Installing: /home/rraina/wato_f1tenth/install/sample_msgs/lib/python3.12/site-packages/sample_msgs/sample_msgs_s__rosidl_typesupport_introspection_c.so
[29.946s] -- Set non-toolchain portion of runtime path of "/home/rraina/wato_f1tenth/install/sample_msgs/lib/python3.12/site-packages/sample_msgs/sample_msgs_s__rosidl_typesupport_introspection_c.so" to ""
[29.947s] -- Installing: /home/rraina/wato_f1tenth/install/sample_msgs/lib/python3.12/site-packages/sample_msgs/sample_msgs_s__rosidl_typesupport_c.so
[29.947s] -- Set non-toolchain portion of runtime path of "/home/rraina/wato_f1tenth/install/sample_msgs/lib/python3.12/site-packages/sample_msgs/sample_msgs_s__rosidl_typesupport_c.so" to ""
[29.948s] -- Installing: /home/rraina/wato_f1tenth/install/sample_msgs/lib/libsample_msgs__rosidl_generator_py.so
[29.948s] -- Set non-toolchain portion of runtime path of "/home/rraina/wato_f1tenth/install/sample_msgs/lib/libsample_msgs__rosidl_generator_py.so" to ""
[29.964s] -- Installing: /home/rraina/wato_f1tenth/install/sample_msgs/share/sample_msgs/msg/Filtered.idl
[29.965s] -- Installing: /home/rraina/wato_f1tenth/install/sample_msgs/share/sample_msgs/msg/FilteredArray.idl
[29.965s] -- Installing: /home/rraina/wato_f1tenth/install/sample_msgs/share/sample_msgs/msg/Unfiltered.idl
[29.965s] -- Installing: /home/rraina/wato_f1tenth/install/sample_msgs/share/sample_msgs/msg/Metadata.idl
[29.966s] -- Installing: /home/rraina/wato_f1tenth/install/sample_msgs/share/sample_msgs/msg/Filtered.msg
[29.966s] -- Installing: /home/rraina/wato_f1tenth/install/sample_msgs/share/sample_msgs/msg/FilteredArray.msg
[29.967s] -- Installing: /home/rraina/wato_f1tenth/install/sample_msgs/share/sample_msgs/msg/Unfiltered.msg
[29.967s] -- Installing: /home/rraina/wato_f1tenth/install/sample_msgs/share/sample_msgs/msg/Metadata.msg
[29.967s] -- Installing: /home/rraina/wato_f1tenth/install/sample_msgs/share/ament_index/resource_index/package_run_dependencies/sample_msgs
[29.972s] -- Installing: /home/rraina/wato_f1tenth/install/sample_msgs/share/ament_index/resource_index/parent_prefix_path/sample_msgs
[29.973s] -- Installing: /home/rraina/wato_f1tenth/install/sample_msgs/share/sample_msgs/environment/ament_prefix_path.sh
[29.974s] -- Installing: /home/rraina/wato_f1tenth/install/sample_msgs/share/sample_msgs/environment/ament_prefix_path.dsv
[29.974s] -- Installing: /home/rraina/wato_f1tenth/install/sample_msgs/share/sample_msgs/environment/path.sh
[29.974s] -- Installing: /home/rraina/wato_f1tenth/install/sample_msgs/share/sample_msgs/environment/path.dsv
[29.979s] -- Installing: /home/rraina/wato_f1tenth/install/sample_msgs/share/sample_msgs/local_setup.bash
[29.980s] -- Installing: /home/rraina/wato_f1tenth/install/sample_msgs/share/sample_msgs/local_setup.sh
[29.980s] -- Installing: /home/rraina/wato_f1tenth/install/sample_msgs/share/sample_msgs/local_setup.zsh
[29.980s] -- Installing: /home/rraina/wato_f1tenth/install/sample_msgs/share/sample_msgs/local_setup.dsv
[29.981s] -- Installing: /home/rraina/wato_f1tenth/install/sample_msgs/share/sample_msgs/package.dsv
[29.987s] -- Installing: /home/rraina/wato_f1tenth/install/sample_msgs/share/ament_index/resource_index/packages/sample_msgs
[29.988s] -- Installing: /home/rraina/wato_f1tenth/install/sample_msgs/share/sample_msgs/cmake/export_sample_msgs__rosidl_generator_cExport.cmake
[29.989s] -- Installing: /home/rraina/wato_f1tenth/install/sample_msgs/share/sample_msgs/cmake/export_sample_msgs__rosidl_generator_cExport-noconfig.cmake
[29.989s] -- Installing: /home/rraina/wato_f1tenth/install/sample_msgs/share/sample_msgs/cmake/export_sample_msgs__rosidl_typesupport_fastrtps_cExport.cmake
[29.989s] -- Installing: /home/rraina/wato_f1tenth/install/sample_msgs/share/sample_msgs/cmake/export_sample_msgs__rosidl_typesupport_fastrtps_cExport-noconfig.cmake
[29.990s] -- Installing: /home/rraina/wato_f1tenth/install/sample_msgs/share/sample_msgs/cmake/sample_msgs__rosidl_typesupport_introspection_cExport.cmake
[29.990s] -- Installing: /home/rraina/wato_f1tenth/install/sample_msgs/share/sample_msgs/cmake/sample_msgs__rosidl_typesupport_introspection_cExport-noconfig.cmake
[29.992s] -- Installing: /home/rraina/wato_f1tenth/install/sample_msgs/share/sample_msgs/cmake/sample_msgs__rosidl_typesupport_cExport.cmake
[29.998s] -- Installing: /home/rraina/wato_f1tenth/install/sample_msgs/share/sample_msgs/cmake/sample_msgs__rosidl_typesupport_cExport-noconfig.cmake
[29.998s] -- Installing: /home/rraina/wato_f1tenth/install/sample_msgs/share/sample_msgs/cmake/export_sample_msgs__rosidl_generator_cppExport.cmake
[29.998s] -- Installing: /home/rraina/wato_f1tenth/install/sample_msgs/share/sample_msgs/cmake/export_sample_msgs__rosidl_typesupport_fastrtps_cppExport.cmake
[29.999s] -- Installing: /home/rraina/wato_f1tenth/install/sample_msgs/share/sample_msgs/cmake/export_sample_msgs__rosidl_typesupport_fastrtps_cppExport-noconfig.cmake
[29.999s] -- Installing: /home/rraina/wato_f1tenth/install/sample_msgs/share/sample_msgs/cmake/sample_msgs__rosidl_typesupport_introspection_cppExport.cmake
[29.999s] -- Installing: /home/rraina/wato_f1tenth/install/sample_msgs/share/sample_msgs/cmake/sample_msgs__rosidl_typesupport_introspection_cppExport-noconfig.cmake
[29.999s] -- Installing: /home/rraina/wato_f1tenth/install/sample_msgs/share/sample_msgs/cmake/sample_msgs__rosidl_typesupport_cppExport.cmake
[29.999s] -- Installing: /home/rraina/wato_f1tenth/install/sample_msgs/share/sample_msgs/cmake/sample_msgs__rosidl_typesupport_cppExport-noconfig.cmake
[29.999s] -- Installing: /home/rraina/wato_f1tenth/install/sample_msgs/share/sample_msgs/cmake/export_sample_msgs__rosidl_generator_pyExport.cmake
[30.000s] -- Installing: /home/rraina/wato_f1tenth/install/sample_msgs/share/sample_msgs/cmake/export_sample_msgs__rosidl_generator_pyExport-noconfig.cmake
[30.000s] -- Installing: /home/rraina/wato_f1tenth/install/sample_msgs/share/sample_msgs/cmake/rosidl_cmake-extras.cmake
[30.001s] -- Installing: /home/rraina/wato_f1tenth/install/sample_msgs/share/sample_msgs/cmake/ament_cmake_export_dependencies-extras.cmake
[30.001s] -- Installing: /home/rraina/wato_f1tenth/install/sample_msgs/share/sample_msgs/cmake/ament_cmake_export_include_directories-extras.cmake
[30.001s] -- Installing: /home/rraina/wato_f1tenth/install/sample_msgs/share/sample_msgs/cmake/ament_cmake_export_libraries-extras.cmake
[30.001s] -- Installing: /home/rraina/wato_f1tenth/install/sample_msgs/share/sample_msgs/cmake/ament_cmake_export_targets-extras.cmake
[30.002s] -- Installing: /home/rraina/wato_f1tenth/install/sample_msgs/share/sample_msgs/cmake/rosidl_cmake_export_typesupport_targets-extras.cmake
[30.002s] -- Installing: /home/rraina/wato_f1tenth/install/sample_msgs/share/sample_msgs/cmake/rosidl_cmake_export_typesupport_libraries-extras.cmake
[30.002s] -- Installing: /home/rraina/wato_f1tenth/install/sample_msgs/share/sample_msgs/cmake/sample_msgsConfig.cmake
[30.002s] -- Installing: /home/rraina/wato_f1tenth/install/sample_msgs/share/sample_msgs/cmake/sample_msgsConfig-version.cmake
[30.002s] -- Installing: /home/rraina/wato_f1tenth/install/sample_msgs/share/sample_msgs/package.xml
[30.013s] Invoked command in '/home/rraina/wato_f1tenth/build/sample_msgs' returned '0': CMAKE_PREFIX_PATH=${CMAKE_PREFIX_PATH}:/opt/ros/jazzy /usr/bin/cmake --install /home/rraina/wato_f1tenth/build/sample_msgs
