[0.000000] (-) TimerEvent: {}
[0.000343] (-) JobUnselected: {'identifier': 'ackermann_ekf'}
[0.000826] (-) JobUnselected: {'identifier': 'ackermann_mux'}
[0.001076] (-) JobUnselected: {'identifier': 'action'}
[0.001368] (-) JobUnselected: {'identifier': 'asio_cmake_module'}
[0.001526] (-) JobUnselected: {'identifier': 'foxglove_msgs'}
[0.001599] (-) JobUnselected: {'identifier': 'global_planner'}
[0.001639] (-) JobUnselected: {'identifier': 'gym_vis'}
[0.001854] (-) JobUnselected: {'identifier': 'io_context'}
[0.002031] (-) JobUnselected: {'identifier': 'particle_filter'}
[0.002131] (-) JobUnselected: {'identifier': 'safety_node'}
[0.002174] (-) JobUnselected: {'identifier': 'sample_msgs'}
[0.002191] (-) JobUnselected: {'identifier': 'serial_driver'}
[0.002202] (-) JobUnselected: {'identifier': 'teleop_utils'}
[0.002212] (-) JobUnselected: {'identifier': 'transform_broadcast'}
[0.002222] (-) JobUnselected: {'identifier': 'udp_driver'}
[0.002232] (-) JobUnselected: {'identifier': 'vesc'}
[0.002241] (-) JobUnselected: {'identifier': 'vesc_ackermann'}
[0.002251] (-) JobUnselected: {'identifier': 'vesc_driver'}
[0.002260] (-) JobUnselected: {'identifier': 'vesc_msgs'}
[0.002284] (costmap) JobQueued: {'identifier': 'costmap', 'dependencies': OrderedDict()}
[0.002328] (local_planning) JobQueued: {'identifier': 'local_planning', 'dependencies': OrderedDict()}
[0.002345] (pure_persuit) JobQueued: {'identifier': 'pure_persuit', 'dependencies': OrderedDict()}
[0.002357] (bringup_robot) JobQueued: {'identifier': 'bringup_robot', 'dependencies': OrderedDict({'gym_vis': '/home/rraina/wato_f1tenth/install/gym_vis'})}
[0.002374] (costmap) JobStarted: {'identifier': 'costmap'}
[0.016467] (local_planning) JobStarted: {'identifier': 'local_planning'}
[0.024162] (pure_persuit) JobStarted: {'identifier': 'pure_persuit'}
[0.029108] (bringup_robot) JobStarted: {'identifier': 'bringup_robot'}
[0.050426] (bringup_robot) JobEnded: {'identifier': 'bringup_robot', 'rc': 1}
[0.052998] (costmap) JobEnded: {'identifier': 'costmap', 'rc': 'SIGINT'}
[0.053944] (local_planning) JobEnded: {'identifier': 'local_planning', 'rc': 'SIGINT'}
[0.055215] (pure_persuit) JobEnded: {'identifier': 'pure_persuit', 'rc': 'SIGINT'}
[0.063779] (-) EventReactorShutdown: {}
