[0.477s] DEBUG:colcon:Command line arguments: ['/usr/bin/colcon', 'build', '--packages-select', 'costmap', 'local_planning', 'pure_persuit', 'bringup_robot', '--event-handlers', 'console_direct+']
[0.477s] DEBUG:colcon:Parsed command line arguments: Namespace(log_base=None, log_level=None, verb_name='build', build_base='build', install_base='install', merge_install=False, symlink_install=False, test_result_base=None, continue_on_error=False, executor='parallel', parallel_workers=22, event_handlers=['console_direct+'], ignore_user_meta=False, metas=['./colcon.meta'], base_paths=['.'], packages_ignore=None, packages_ignore_regex=None, paths=None, packages_up_to=None, packages_up_to_regex=None, packages_above=None, packages_above_and_dependencies=None, packages_above_depth=None, packages_select_by_dep=None, packages_skip_by_dep=None, packages_skip_up_to=None, packages_select_build_failed=False, packages_skip_build_finished=False, packages_select_test_failures=False, packages_skip_test_passed=False, packages_select=['costmap', 'local_planning', 'pure_persuit', 'bringup_robot'], packages_skip=None, packages_select_regex=None, packages_skip_regex=None, packages_start=None, packages_end=None, allow_overriding=[], cmake_args=None, cmake_target=None, cmake_target_skip_unavailable=False, cmake_clean_cache=False, cmake_clean_first=False, cmake_force_configure=False, ament_cmake_args=None, catkin_cmake_args=None, catkin_skip_building_tests=False, verb_parser=<colcon_defaults.argument_parser.defaults.DefaultArgumentsDecorator object at 0x75b8573848f0>, verb_extension=<colcon_core.verb.build.BuildVerb object at 0x75b8573843e0>, main=<bound method BuildVerb.main of <colcon_core.verb.build.BuildVerb object at 0x75b8573843e0>>)
[0.578s] Level 1:colcon.colcon_core.package_discovery:discover_packages(colcon_meta) check parameters
[0.579s] Level 1:colcon.colcon_core.package_discovery:discover_packages(recursive) check parameters
[0.579s] Level 1:colcon.colcon_core.package_discovery:discover_packages(ignore) check parameters
[0.579s] Level 1:colcon.colcon_core.package_discovery:discover_packages(path) check parameters
[0.579s] Level 1:colcon.colcon_core.package_discovery:discover_packages(colcon_meta) discover
[0.579s] Level 1:colcon.colcon_core.package_discovery:discover_packages(recursive) discover
[0.579s] INFO:colcon.colcon_core.package_discovery:Crawling recursively for packages in '/home/rraina/wato_f1tenth'
[0.579s] Level 1:colcon.colcon_core.package_identification:_identify(.) by extensions ['ignore', 'ignore_ament_install']
[0.579s] Level 1:colcon.colcon_core.package_identification:_identify(.) by extension 'ignore'
[0.580s] Level 1:colcon.colcon_core.package_identification:_identify(.) by extension 'ignore_ament_install'
[0.580s] Level 1:colcon.colcon_core.package_identification:_identify(.) by extensions ['colcon_pkg']
[0.580s] Level 1:colcon.colcon_core.package_identification:_identify(.) by extension 'colcon_pkg'
[0.580s] Level 1:colcon.colcon_core.package_identification:_identify(.) by extensions ['colcon_meta']
[0.580s] Level 1:colcon.colcon_core.package_identification:_identify(.) by extension 'colcon_meta'
[0.580s] Level 1:colcon.colcon_core.package_identification:_identify(.) by extensions ['ros']
[0.580s] Level 1:colcon.colcon_core.package_identification:_identify(.) by extension 'ros'
[0.628s] Level 1:colcon.colcon_core.package_identification:_identify(.) by extensions ['cmake', 'python']
[0.628s] Level 1:colcon.colcon_core.package_identification:_identify(.) by extension 'cmake'
[0.628s] Level 1:colcon.colcon_core.package_identification:_identify(.) by extension 'python'
[0.628s] Level 1:colcon.colcon_core.package_identification:_identify(.) by extensions ['python_setup_py']
[0.628s] Level 1:colcon.colcon_core.package_identification:_identify(.) by extension 'python_setup_py'
[0.629s] Level 1:colcon.colcon_core.package_identification:_identify(Raceline-Optimization) by extensions ['ignore', 'ignore_ament_install']
[0.629s] Level 1:colcon.colcon_core.package_identification:_identify(Raceline-Optimization) by extension 'ignore'
[0.629s] Level 1:colcon.colcon_core.package_identification:_identify(Raceline-Optimization) by extension 'ignore_ament_install'
[0.629s] Level 1:colcon.colcon_core.package_identification:_identify(Raceline-Optimization) by extensions ['colcon_pkg']
[0.629s] Level 1:colcon.colcon_core.package_identification:_identify(Raceline-Optimization) by extension 'colcon_pkg'
[0.629s] Level 1:colcon.colcon_core.package_identification:_identify(Raceline-Optimization) by extensions ['colcon_meta']
[0.629s] Level 1:colcon.colcon_core.package_identification:_identify(Raceline-Optimization) by extension 'colcon_meta'
[0.629s] Level 1:colcon.colcon_core.package_identification:_identify(Raceline-Optimization) by extensions ['ros']
[0.630s] Level 1:colcon.colcon_core.package_identification:_identify(Raceline-Optimization) by extension 'ros'
[0.630s] Level 1:colcon.colcon_core.package_identification:_identify(Raceline-Optimization) by extensions ['cmake', 'python']
[0.630s] Level 1:colcon.colcon_core.package_identification:_identify(Raceline-Optimization) by extension 'cmake'
[0.630s] Level 1:colcon.colcon_core.package_identification:_identify(Raceline-Optimization) by extension 'python'
[0.630s] Level 1:colcon.colcon_core.package_identification:_identify(Raceline-Optimization) by extensions ['python_setup_py']
[0.630s] Level 1:colcon.colcon_core.package_identification:_identify(Raceline-Optimization) by extension 'python_setup_py'
[0.631s] Level 1:colcon.colcon_core.package_identification:_identify(build) by extensions ['ignore', 'ignore_ament_install']
[0.631s] Level 1:colcon.colcon_core.package_identification:_identify(build) by extension 'ignore'
[0.631s] Level 1:colcon.colcon_core.package_identification:_identify(build) ignored
[0.631s] Level 1:colcon.colcon_core.package_identification:_identify(config) by extensions ['ignore', 'ignore_ament_install']
[0.632s] Level 1:colcon.colcon_core.package_identification:_identify(config) by extension 'ignore'
[0.632s] Level 1:colcon.colcon_core.package_identification:_identify(config) by extension 'ignore_ament_install'
[0.632s] Level 1:colcon.colcon_core.package_identification:_identify(config) by extensions ['colcon_pkg']
[0.632s] Level 1:colcon.colcon_core.package_identification:_identify(config) by extension 'colcon_pkg'
[0.632s] Level 1:colcon.colcon_core.package_identification:_identify(config) by extensions ['colcon_meta']
[0.632s] Level 1:colcon.colcon_core.package_identification:_identify(config) by extension 'colcon_meta'
[0.632s] Level 1:colcon.colcon_core.package_identification:_identify(config) by extensions ['ros']
[0.632s] Level 1:colcon.colcon_core.package_identification:_identify(config) by extension 'ros'
[0.632s] Level 1:colcon.colcon_core.package_identification:_identify(config) by extensions ['cmake', 'python']
[0.632s] Level 1:colcon.colcon_core.package_identification:_identify(config) by extension 'cmake'
[0.632s] Level 1:colcon.colcon_core.package_identification:_identify(config) by extension 'python'
[0.632s] Level 1:colcon.colcon_core.package_identification:_identify(config) by extensions ['python_setup_py']
[0.632s] Level 1:colcon.colcon_core.package_identification:_identify(config) by extension 'python_setup_py'
[0.633s] Level 1:colcon.colcon_core.package_identification:_identify(config/sample_settings) by extensions ['ignore', 'ignore_ament_install']
[0.633s] Level 1:colcon.colcon_core.package_identification:_identify(config/sample_settings) by extension 'ignore'
[0.633s] Level 1:colcon.colcon_core.package_identification:_identify(config/sample_settings) by extension 'ignore_ament_install'
[0.633s] Level 1:colcon.colcon_core.package_identification:_identify(config/sample_settings) by extensions ['colcon_pkg']
[0.633s] Level 1:colcon.colcon_core.package_identification:_identify(config/sample_settings) by extension 'colcon_pkg'
[0.633s] Level 1:colcon.colcon_core.package_identification:_identify(config/sample_settings) by extensions ['colcon_meta']
[0.634s] Level 1:colcon.colcon_core.package_identification:_identify(config/sample_settings) by extension 'colcon_meta'
[0.634s] Level 1:colcon.colcon_core.package_identification:_identify(config/sample_settings) by extensions ['ros']
[0.634s] Level 1:colcon.colcon_core.package_identification:_identify(config/sample_settings) by extension 'ros'
[0.634s] Level 1:colcon.colcon_core.package_identification:_identify(config/sample_settings) by extensions ['cmake', 'python']
[0.634s] Level 1:colcon.colcon_core.package_identification:_identify(config/sample_settings) by extension 'cmake'
[0.634s] Level 1:colcon.colcon_core.package_identification:_identify(config/sample_settings) by extension 'python'
[0.634s] Level 1:colcon.colcon_core.package_identification:_identify(config/sample_settings) by extensions ['python_setup_py']
[0.634s] Level 1:colcon.colcon_core.package_identification:_identify(config/sample_settings) by extension 'python_setup_py'
[0.635s] Level 1:colcon.colcon_core.package_identification:_identify(docker) by extensions ['ignore', 'ignore_ament_install']
[0.635s] Level 1:colcon.colcon_core.package_identification:_identify(docker) by extension 'ignore'
[0.635s] Level 1:colcon.colcon_core.package_identification:_identify(docker) by extension 'ignore_ament_install'
[0.635s] Level 1:colcon.colcon_core.package_identification:_identify(docker) by extensions ['colcon_pkg']
[0.635s] Level 1:colcon.colcon_core.package_identification:_identify(docker) by extension 'colcon_pkg'
[0.635s] Level 1:colcon.colcon_core.package_identification:_identify(docker) by extensions ['colcon_meta']
[0.635s] Level 1:colcon.colcon_core.package_identification:_identify(docker) by extension 'colcon_meta'
[0.635s] Level 1:colcon.colcon_core.package_identification:_identify(docker) by extensions ['ros']
[0.635s] Level 1:colcon.colcon_core.package_identification:_identify(docker) by extension 'ros'
[0.635s] Level 1:colcon.colcon_core.package_identification:_identify(docker) by extensions ['cmake', 'python']
[0.635s] Level 1:colcon.colcon_core.package_identification:_identify(docker) by extension 'cmake'
[0.635s] Level 1:colcon.colcon_core.package_identification:_identify(docker) by extension 'python'
[0.635s] Level 1:colcon.colcon_core.package_identification:_identify(docker) by extensions ['python_setup_py']
[0.635s] Level 1:colcon.colcon_core.package_identification:_identify(docker) by extension 'python_setup_py'
[0.636s] Level 1:colcon.colcon_core.package_identification:_identify(docker/robot) by extensions ['ignore', 'ignore_ament_install']
[0.636s] Level 1:colcon.colcon_core.package_identification:_identify(docker/robot) by extension 'ignore'
[0.636s] Level 1:colcon.colcon_core.package_identification:_identify(docker/robot) by extension 'ignore_ament_install'
[0.636s] Level 1:colcon.colcon_core.package_identification:_identify(docker/robot) by extensions ['colcon_pkg']
[0.636s] Level 1:colcon.colcon_core.package_identification:_identify(docker/robot) by extension 'colcon_pkg'
[0.636s] Level 1:colcon.colcon_core.package_identification:_identify(docker/robot) by extensions ['colcon_meta']
[0.636s] Level 1:colcon.colcon_core.package_identification:_identify(docker/robot) by extension 'colcon_meta'
[0.636s] Level 1:colcon.colcon_core.package_identification:_identify(docker/robot) by extensions ['ros']
[0.637s] Level 1:colcon.colcon_core.package_identification:_identify(docker/robot) by extension 'ros'
[0.637s] Level 1:colcon.colcon_core.package_identification:_identify(docker/robot) by extensions ['cmake', 'python']
[0.637s] Level 1:colcon.colcon_core.package_identification:_identify(docker/robot) by extension 'cmake'
[0.637s] Level 1:colcon.colcon_core.package_identification:_identify(docker/robot) by extension 'python'
[0.637s] Level 1:colcon.colcon_core.package_identification:_identify(docker/robot) by extensions ['python_setup_py']
[0.637s] Level 1:colcon.colcon_core.package_identification:_identify(docker/robot) by extension 'python_setup_py'
[0.637s] Level 1:colcon.colcon_core.package_identification:_identify(docker/samples) by extensions ['ignore', 'ignore_ament_install']
[0.638s] Level 1:colcon.colcon_core.package_identification:_identify(docker/samples) by extension 'ignore'
[0.638s] Level 1:colcon.colcon_core.package_identification:_identify(docker/samples) by extension 'ignore_ament_install'
[0.638s] Level 1:colcon.colcon_core.package_identification:_identify(docker/samples) by extensions ['colcon_pkg']
[0.638s] Level 1:colcon.colcon_core.package_identification:_identify(docker/samples) by extension 'colcon_pkg'
[0.638s] Level 1:colcon.colcon_core.package_identification:_identify(docker/samples) by extensions ['colcon_meta']
[0.638s] Level 1:colcon.colcon_core.package_identification:_identify(docker/samples) by extension 'colcon_meta'
[0.638s] Level 1:colcon.colcon_core.package_identification:_identify(docker/samples) by extensions ['ros']
[0.638s] Level 1:colcon.colcon_core.package_identification:_identify(docker/samples) by extension 'ros'
[0.638s] Level 1:colcon.colcon_core.package_identification:_identify(docker/samples) by extensions ['cmake', 'python']
[0.638s] Level 1:colcon.colcon_core.package_identification:_identify(docker/samples) by extension 'cmake'
[0.638s] Level 1:colcon.colcon_core.package_identification:_identify(docker/samples) by extension 'python'
[0.638s] Level 1:colcon.colcon_core.package_identification:_identify(docker/samples) by extensions ['python_setup_py']
[0.638s] Level 1:colcon.colcon_core.package_identification:_identify(docker/samples) by extension 'python_setup_py'
[0.639s] Level 1:colcon.colcon_core.package_identification:_identify(docker/sim) by extensions ['ignore', 'ignore_ament_install']
[0.639s] Level 1:colcon.colcon_core.package_identification:_identify(docker/sim) by extension 'ignore'
[0.639s] Level 1:colcon.colcon_core.package_identification:_identify(docker/sim) by extension 'ignore_ament_install'
[0.639s] Level 1:colcon.colcon_core.package_identification:_identify(docker/sim) by extensions ['colcon_pkg']
[0.639s] Level 1:colcon.colcon_core.package_identification:_identify(docker/sim) by extension 'colcon_pkg'
[0.639s] Level 1:colcon.colcon_core.package_identification:_identify(docker/sim) by extensions ['colcon_meta']
[0.639s] Level 1:colcon.colcon_core.package_identification:_identify(docker/sim) by extension 'colcon_meta'
[0.639s] Level 1:colcon.colcon_core.package_identification:_identify(docker/sim) by extensions ['ros']
[0.639s] Level 1:colcon.colcon_core.package_identification:_identify(docker/sim) by extension 'ros'
[0.639s] Level 1:colcon.colcon_core.package_identification:_identify(docker/sim) by extensions ['cmake', 'python']
[0.639s] Level 1:colcon.colcon_core.package_identification:_identify(docker/sim) by extension 'cmake'
[0.639s] Level 1:colcon.colcon_core.package_identification:_identify(docker/sim) by extension 'python'
[0.640s] Level 1:colcon.colcon_core.package_identification:_identify(docker/sim) by extensions ['python_setup_py']
[0.640s] Level 1:colcon.colcon_core.package_identification:_identify(docker/sim) by extension 'python_setup_py'
[0.640s] Level 1:colcon.colcon_core.package_identification:_identify(docker/vis_tools) by extensions ['ignore', 'ignore_ament_install']
[0.640s] Level 1:colcon.colcon_core.package_identification:_identify(docker/vis_tools) by extension 'ignore'
[0.640s] Level 1:colcon.colcon_core.package_identification:_identify(docker/vis_tools) by extension 'ignore_ament_install'
[0.640s] Level 1:colcon.colcon_core.package_identification:_identify(docker/vis_tools) by extensions ['colcon_pkg']
[0.640s] Level 1:colcon.colcon_core.package_identification:_identify(docker/vis_tools) by extension 'colcon_pkg'
[0.640s] Level 1:colcon.colcon_core.package_identification:_identify(docker/vis_tools) by extensions ['colcon_meta']
[0.641s] Level 1:colcon.colcon_core.package_identification:_identify(docker/vis_tools) by extension 'colcon_meta'
[0.641s] Level 1:colcon.colcon_core.package_identification:_identify(docker/vis_tools) by extensions ['ros']
[0.641s] Level 1:colcon.colcon_core.package_identification:_identify(docker/vis_tools) by extension 'ros'
[0.641s] Level 1:colcon.colcon_core.package_identification:_identify(docker/vis_tools) by extensions ['cmake', 'python']
[0.641s] Level 1:colcon.colcon_core.package_identification:_identify(docker/vis_tools) by extension 'cmake'
[0.641s] Level 1:colcon.colcon_core.package_identification:_identify(docker/vis_tools) by extension 'python'
[0.641s] Level 1:colcon.colcon_core.package_identification:_identify(docker/vis_tools) by extensions ['python_setup_py']
[0.641s] Level 1:colcon.colcon_core.package_identification:_identify(docker/vis_tools) by extension 'python_setup_py'
[0.642s] Level 1:colcon.colcon_core.package_identification:_identify(install) by extensions ['ignore', 'ignore_ament_install']
[0.642s] Level 1:colcon.colcon_core.package_identification:_identify(install) by extension 'ignore'
[0.643s] Level 1:colcon.colcon_core.package_identification:_identify(install) ignored
[0.643s] Level 1:colcon.colcon_core.package_identification:_identify(log) by extensions ['ignore', 'ignore_ament_install']
[0.643s] Level 1:colcon.colcon_core.package_identification:_identify(log) by extension 'ignore'
[0.643s] Level 1:colcon.colcon_core.package_identification:_identify(log) ignored
[0.644s] Level 1:colcon.colcon_core.package_identification:_identify(modules) by extensions ['ignore', 'ignore_ament_install']
[0.644s] Level 1:colcon.colcon_core.package_identification:_identify(modules) by extension 'ignore'
[0.644s] Level 1:colcon.colcon_core.package_identification:_identify(modules) by extension 'ignore_ament_install'
[0.644s] Level 1:colcon.colcon_core.package_identification:_identify(modules) by extensions ['colcon_pkg']
[0.644s] Level 1:colcon.colcon_core.package_identification:_identify(modules) by extension 'colcon_pkg'
[0.644s] Level 1:colcon.colcon_core.package_identification:_identify(modules) by extensions ['colcon_meta']
[0.644s] Level 1:colcon.colcon_core.package_identification:_identify(modules) by extension 'colcon_meta'
[0.644s] Level 1:colcon.colcon_core.package_identification:_identify(modules) by extensions ['ros']
[0.645s] Level 1:colcon.colcon_core.package_identification:_identify(modules) by extension 'ros'
[0.645s] Level 1:colcon.colcon_core.package_identification:_identify(modules) by extensions ['cmake', 'python']
[0.645s] Level 1:colcon.colcon_core.package_identification:_identify(modules) by extension 'cmake'
[0.645s] Level 1:colcon.colcon_core.package_identification:_identify(modules) by extension 'python'
[0.645s] Level 1:colcon.colcon_core.package_identification:_identify(modules) by extensions ['python_setup_py']
[0.645s] Level 1:colcon.colcon_core.package_identification:_identify(modules) by extension 'python_setup_py'
[0.645s] Level 1:colcon.colcon_core.package_identification:_identify(src) by extensions ['ignore', 'ignore_ament_install']
[0.645s] Level 1:colcon.colcon_core.package_identification:_identify(src) by extension 'ignore'
[0.646s] Level 1:colcon.colcon_core.package_identification:_identify(src) by extension 'ignore_ament_install'
[0.646s] Level 1:colcon.colcon_core.package_identification:_identify(src) by extensions ['colcon_pkg']
[0.646s] Level 1:colcon.colcon_core.package_identification:_identify(src) by extension 'colcon_pkg'
[0.646s] Level 1:colcon.colcon_core.package_identification:_identify(src) by extensions ['colcon_meta']
[0.646s] Level 1:colcon.colcon_core.package_identification:_identify(src) by extension 'colcon_meta'
[0.646s] Level 1:colcon.colcon_core.package_identification:_identify(src) by extensions ['ros']
[0.646s] Level 1:colcon.colcon_core.package_identification:_identify(src) by extension 'ros'
[0.646s] Level 1:colcon.colcon_core.package_identification:_identify(src) by extensions ['cmake', 'python']
[0.646s] Level 1:colcon.colcon_core.package_identification:_identify(src) by extension 'cmake'
[0.646s] Level 1:colcon.colcon_core.package_identification:_identify(src) by extension 'python'
[0.646s] Level 1:colcon.colcon_core.package_identification:_identify(src) by extensions ['python_setup_py']
[0.646s] Level 1:colcon.colcon_core.package_identification:_identify(src) by extension 'python_setup_py'
[0.647s] Level 1:colcon.colcon_core.package_identification:_identify(src/robot) by extensions ['ignore', 'ignore_ament_install']
[0.647s] Level 1:colcon.colcon_core.package_identification:_identify(src/robot) by extension 'ignore'
[0.647s] Level 1:colcon.colcon_core.package_identification:_identify(src/robot) by extension 'ignore_ament_install'
[0.647s] Level 1:colcon.colcon_core.package_identification:_identify(src/robot) by extensions ['colcon_pkg']
[0.647s] Level 1:colcon.colcon_core.package_identification:_identify(src/robot) by extension 'colcon_pkg'
[0.647s] Level 1:colcon.colcon_core.package_identification:_identify(src/robot) by extensions ['colcon_meta']
[0.647s] Level 1:colcon.colcon_core.package_identification:_identify(src/robot) by extension 'colcon_meta'
[0.647s] Level 1:colcon.colcon_core.package_identification:_identify(src/robot) by extensions ['ros']
[0.647s] Level 1:colcon.colcon_core.package_identification:_identify(src/robot) by extension 'ros'
[0.647s] Level 1:colcon.colcon_core.package_identification:_identify(src/robot) by extensions ['cmake', 'python']
[0.647s] Level 1:colcon.colcon_core.package_identification:_identify(src/robot) by extension 'cmake'
[0.647s] Level 1:colcon.colcon_core.package_identification:_identify(src/robot) by extension 'python'
[0.648s] Level 1:colcon.colcon_core.package_identification:_identify(src/robot) by extensions ['python_setup_py']
[0.648s] Level 1:colcon.colcon_core.package_identification:_identify(src/robot) by extension 'python_setup_py'
[0.648s] Level 1:colcon.colcon_core.package_identification:_identify(src/robot/ackermann_ekf) by extensions ['ignore', 'ignore_ament_install']
[0.648s] Level 1:colcon.colcon_core.package_identification:_identify(src/robot/ackermann_ekf) by extension 'ignore'
[0.648s] Level 1:colcon.colcon_core.package_identification:_identify(src/robot/ackermann_ekf) by extension 'ignore_ament_install'
[0.648s] Level 1:colcon.colcon_core.package_identification:_identify(src/robot/ackermann_ekf) by extensions ['colcon_pkg']
[0.648s] Level 1:colcon.colcon_core.package_identification:_identify(src/robot/ackermann_ekf) by extension 'colcon_pkg'
[0.649s] Level 1:colcon.colcon_core.package_identification:_identify(src/robot/ackermann_ekf) by extensions ['colcon_meta']
[0.649s] Level 1:colcon.colcon_core.package_identification:_identify(src/robot/ackermann_ekf) by extension 'colcon_meta'
[0.649s] Level 1:colcon.colcon_core.package_identification:_identify(src/robot/ackermann_ekf) by extensions ['ros']
[0.649s] Level 1:colcon.colcon_core.package_identification:_identify(src/robot/ackermann_ekf) by extension 'ros'
[0.654s] DEBUG:colcon.colcon_core.package_identification:Package 'src/robot/ackermann_ekf' with type 'ros.ament_cmake' and name 'ackermann_ekf'
[0.654s] Level 1:colcon.colcon_core.package_identification:_identify(src/robot/ackermann_mux) by extensions ['ignore', 'ignore_ament_install']
[0.655s] Level 1:colcon.colcon_core.package_identification:_identify(src/robot/ackermann_mux) by extension 'ignore'
[0.655s] Level 1:colcon.colcon_core.package_identification:_identify(src/robot/ackermann_mux) by extension 'ignore_ament_install'
[0.655s] Level 1:colcon.colcon_core.package_identification:_identify(src/robot/ackermann_mux) by extensions ['colcon_pkg']
[0.655s] Level 1:colcon.colcon_core.package_identification:_identify(src/robot/ackermann_mux) by extension 'colcon_pkg'
[0.655s] Level 1:colcon.colcon_core.package_identification:_identify(src/robot/ackermann_mux) by extensions ['colcon_meta']
[0.655s] Level 1:colcon.colcon_core.package_identification:_identify(src/robot/ackermann_mux) by extension 'colcon_meta'
[0.655s] Level 1:colcon.colcon_core.package_identification:_identify(src/robot/ackermann_mux) by extensions ['ros']
[0.655s] Level 1:colcon.colcon_core.package_identification:_identify(src/robot/ackermann_mux) by extension 'ros'
[0.656s] DEBUG:colcon.colcon_core.package_identification:Package 'src/robot/ackermann_mux' with type 'ros.ament_cmake' and name 'ackermann_mux'
[0.657s] Level 1:colcon.colcon_core.package_identification:_identify(src/robot/action) by extensions ['ignore', 'ignore_ament_install']
[0.657s] Level 1:colcon.colcon_core.package_identification:_identify(src/robot/action) by extension 'ignore'
[0.658s] Level 1:colcon.colcon_core.package_identification:_identify(src/robot/action) by extension 'ignore_ament_install'
[0.658s] Level 1:colcon.colcon_core.package_identification:_identify(src/robot/action) by extensions ['colcon_pkg']
[0.658s] Level 1:colcon.colcon_core.package_identification:_identify(src/robot/action) by extension 'colcon_pkg'
[0.658s] Level 1:colcon.colcon_core.package_identification:_identify(src/robot/action) by extensions ['colcon_meta']
[0.658s] Level 1:colcon.colcon_core.package_identification:_identify(src/robot/action) by extension 'colcon_meta'
[0.658s] Level 1:colcon.colcon_core.package_identification:_identify(src/robot/action) by extensions ['ros']
[0.658s] Level 1:colcon.colcon_core.package_identification:_identify(src/robot/action) by extension 'ros'
[0.659s] DEBUG:colcon.colcon_core.package_identification:Package 'src/robot/action' with type 'ros.ament_python' and name 'action'
[0.660s] Level 1:colcon.colcon_core.package_identification:_identify(src/robot/bringup_robot) by extensions ['ignore', 'ignore_ament_install']
[0.660s] Level 1:colcon.colcon_core.package_identification:_identify(src/robot/bringup_robot) by extension 'ignore'
[0.660s] Level 1:colcon.colcon_core.package_identification:_identify(src/robot/bringup_robot) by extension 'ignore_ament_install'
[0.660s] Level 1:colcon.colcon_core.package_identification:_identify(src/robot/bringup_robot) by extensions ['colcon_pkg']
[0.660s] Level 1:colcon.colcon_core.package_identification:_identify(src/robot/bringup_robot) by extension 'colcon_pkg'
[0.660s] Level 1:colcon.colcon_core.package_identification:_identify(src/robot/bringup_robot) by extensions ['colcon_meta']
[0.660s] Level 1:colcon.colcon_core.package_identification:_identify(src/robot/bringup_robot) by extension 'colcon_meta'
[0.660s] Level 1:colcon.colcon_core.package_identification:_identify(src/robot/bringup_robot) by extensions ['ros']
[0.660s] Level 1:colcon.colcon_core.package_identification:_identify(src/robot/bringup_robot) by extension 'ros'
[0.661s] DEBUG:colcon.colcon_core.package_identification:Package 'src/robot/bringup_robot' with type 'ros.ament_cmake' and name 'bringup_robot'
[0.662s] Level 1:colcon.colcon_core.package_identification:_identify(src/robot/costmap) by extensions ['ignore', 'ignore_ament_install']
[0.662s] Level 1:colcon.colcon_core.package_identification:_identify(src/robot/costmap) by extension 'ignore'
[0.662s] Level 1:colcon.colcon_core.package_identification:_identify(src/robot/costmap) by extension 'ignore_ament_install'
[0.662s] Level 1:colcon.colcon_core.package_identification:_identify(src/robot/costmap) by extensions ['colcon_pkg']
[0.663s] Level 1:colcon.colcon_core.package_identification:_identify(src/robot/costmap) by extension 'colcon_pkg'
[0.663s] Level 1:colcon.colcon_core.package_identification:_identify(src/robot/costmap) by extensions ['colcon_meta']
[0.663s] Level 1:colcon.colcon_core.package_identification:_identify(src/robot/costmap) by extension 'colcon_meta'
[0.663s] Level 1:colcon.colcon_core.package_identification:_identify(src/robot/costmap) by extensions ['ros']
[0.663s] Level 1:colcon.colcon_core.package_identification:_identify(src/robot/costmap) by extension 'ros'
[0.664s] DEBUG:colcon.colcon_core.package_identification:Package 'src/robot/costmap' with type 'ros.ament_cmake' and name 'costmap'
[0.664s] Level 1:colcon.colcon_core.package_identification:_identify(src/robot/global_planner) by extensions ['ignore', 'ignore_ament_install']
[0.665s] Level 1:colcon.colcon_core.package_identification:_identify(src/robot/global_planner) by extension 'ignore'
[0.665s] Level 1:colcon.colcon_core.package_identification:_identify(src/robot/global_planner) by extension 'ignore_ament_install'
[0.665s] Level 1:colcon.colcon_core.package_identification:_identify(src/robot/global_planner) by extensions ['colcon_pkg']
[0.665s] Level 1:colcon.colcon_core.package_identification:_identify(src/robot/global_planner) by extension 'colcon_pkg'
[0.665s] Level 1:colcon.colcon_core.package_identification:_identify(src/robot/global_planner) by extensions ['colcon_meta']
[0.665s] Level 1:colcon.colcon_core.package_identification:_identify(src/robot/global_planner) by extension 'colcon_meta'
[0.665s] Level 1:colcon.colcon_core.package_identification:_identify(src/robot/global_planner) by extensions ['ros']
[0.665s] Level 1:colcon.colcon_core.package_identification:_identify(src/robot/global_planner) by extension 'ros'
[0.666s] DEBUG:colcon.colcon_core.package_identification:Package 'src/robot/global_planner' with type 'ros.ament_cmake' and name 'global_planner'
[0.666s] Level 1:colcon.colcon_core.package_identification:_identify(src/robot/gym_vis) by extensions ['ignore', 'ignore_ament_install']
[0.667s] Level 1:colcon.colcon_core.package_identification:_identify(src/robot/gym_vis) by extension 'ignore'
[0.667s] Level 1:colcon.colcon_core.package_identification:_identify(src/robot/gym_vis) by extension 'ignore_ament_install'
[0.667s] Level 1:colcon.colcon_core.package_identification:_identify(src/robot/gym_vis) by extensions ['colcon_pkg']
[0.667s] Level 1:colcon.colcon_core.package_identification:_identify(src/robot/gym_vis) by extension 'colcon_pkg'
[0.667s] Level 1:colcon.colcon_core.package_identification:_identify(src/robot/gym_vis) by extensions ['colcon_meta']
[0.667s] Level 1:colcon.colcon_core.package_identification:_identify(src/robot/gym_vis) by extension 'colcon_meta'
[0.667s] Level 1:colcon.colcon_core.package_identification:_identify(src/robot/gym_vis) by extensions ['ros']
[0.667s] Level 1:colcon.colcon_core.package_identification:_identify(src/robot/gym_vis) by extension 'ros'
[0.668s] DEBUG:colcon.colcon_core.package_identification:Package 'src/robot/gym_vis' with type 'ros.ament_cmake' and name 'gym_vis'
[0.669s] Level 1:colcon.colcon_core.package_identification:_identify(src/robot/local_planning) by extensions ['ignore', 'ignore_ament_install']
[0.669s] Level 1:colcon.colcon_core.package_identification:_identify(src/robot/local_planning) by extension 'ignore'
[0.669s] Level 1:colcon.colcon_core.package_identification:_identify(src/robot/local_planning) by extension 'ignore_ament_install'
[0.669s] Level 1:colcon.colcon_core.package_identification:_identify(src/robot/local_planning) by extensions ['colcon_pkg']
[0.669s] Level 1:colcon.colcon_core.package_identification:_identify(src/robot/local_planning) by extension 'colcon_pkg'
[0.669s] Level 1:colcon.colcon_core.package_identification:_identify(src/robot/local_planning) by extensions ['colcon_meta']
[0.669s] Level 1:colcon.colcon_core.package_identification:_identify(src/robot/local_planning) by extension 'colcon_meta'
[0.669s] Level 1:colcon.colcon_core.package_identification:_identify(src/robot/local_planning) by extensions ['ros']
[0.669s] Level 1:colcon.colcon_core.package_identification:_identify(src/robot/local_planning) by extension 'ros'
[0.671s] DEBUG:colcon.colcon_core.package_identification:Package 'src/robot/local_planning' with type 'ros.ament_cmake' and name 'local_planning'
[0.672s] Level 1:colcon.colcon_core.package_identification:_identify(src/robot/particle_filter) by extensions ['ignore', 'ignore_ament_install']
[0.672s] Level 1:colcon.colcon_core.package_identification:_identify(src/robot/particle_filter) by extension 'ignore'
[0.672s] Level 1:colcon.colcon_core.package_identification:_identify(src/robot/particle_filter) by extension 'ignore_ament_install'
[0.672s] Level 1:colcon.colcon_core.package_identification:_identify(src/robot/particle_filter) by extensions ['colcon_pkg']
[0.672s] Level 1:colcon.colcon_core.package_identification:_identify(src/robot/particle_filter) by extension 'colcon_pkg'
[0.672s] Level 1:colcon.colcon_core.package_identification:_identify(src/robot/particle_filter) by extensions ['colcon_meta']
[0.672s] Level 1:colcon.colcon_core.package_identification:_identify(src/robot/particle_filter) by extension 'colcon_meta'
[0.672s] Level 1:colcon.colcon_core.package_identification:_identify(src/robot/particle_filter) by extensions ['ros']
[0.672s] Level 1:colcon.colcon_core.package_identification:_identify(src/robot/particle_filter) by extension 'ros'
[0.673s] DEBUG:colcon.colcon_core.package_identification:Package 'src/robot/particle_filter' with type 'ros.ament_python' and name 'particle_filter'
[0.674s] Level 1:colcon.colcon_core.package_identification:_identify(src/robot/pure-persuit) by extensions ['ignore', 'ignore_ament_install']
[0.674s] Level 1:colcon.colcon_core.package_identification:_identify(src/robot/pure-persuit) by extension 'ignore'
[0.674s] Level 1:colcon.colcon_core.package_identification:_identify(src/robot/pure-persuit) by extension 'ignore_ament_install'
[0.674s] Level 1:colcon.colcon_core.package_identification:_identify(src/robot/pure-persuit) by extensions ['colcon_pkg']
[0.674s] Level 1:colcon.colcon_core.package_identification:_identify(src/robot/pure-persuit) by extension 'colcon_pkg'
[0.674s] Level 1:colcon.colcon_core.package_identification:_identify(src/robot/pure-persuit) by extensions ['colcon_meta']
[0.674s] Level 1:colcon.colcon_core.package_identification:_identify(src/robot/pure-persuit) by extension 'colcon_meta'
[0.674s] Level 1:colcon.colcon_core.package_identification:_identify(src/robot/pure-persuit) by extensions ['ros']
[0.674s] Level 1:colcon.colcon_core.package_identification:_identify(src/robot/pure-persuit) by extension 'ros'
[0.676s] DEBUG:colcon.colcon_core.package_identification:Package 'src/robot/pure-persuit' with type 'ros.ament_cmake' and name 'pure_persuit'
[0.676s] Level 1:colcon.colcon_core.package_identification:_identify(src/robot/safety_system) by extensions ['ignore', 'ignore_ament_install']
[0.676s] Level 1:colcon.colcon_core.package_identification:_identify(src/robot/safety_system) by extension 'ignore'
[0.676s] Level 1:colcon.colcon_core.package_identification:_identify(src/robot/safety_system) by extension 'ignore_ament_install'
[0.676s] Level 1:colcon.colcon_core.package_identification:_identify(src/robot/safety_system) by extensions ['colcon_pkg']
[0.677s] Level 1:colcon.colcon_core.package_identification:_identify(src/robot/safety_system) by extension 'colcon_pkg'
[0.677s] Level 1:colcon.colcon_core.package_identification:_identify(src/robot/safety_system) by extensions ['colcon_meta']
[0.677s] Level 1:colcon.colcon_core.package_identification:_identify(src/robot/safety_system) by extension 'colcon_meta'
[0.677s] Level 1:colcon.colcon_core.package_identification:_identify(src/robot/safety_system) by extensions ['ros']
[0.677s] Level 1:colcon.colcon_core.package_identification:_identify(src/robot/safety_system) by extension 'ros'
[0.678s] DEBUG:colcon.colcon_core.package_identification:Package 'src/robot/safety_system' with type 'ros.ament_cmake' and name 'safety_node'
[0.678s] Level 1:colcon.colcon_core.package_identification:_identify(src/robot/teleop_utils) by extensions ['ignore', 'ignore_ament_install']
[0.679s] Level 1:colcon.colcon_core.package_identification:_identify(src/robot/teleop_utils) by extension 'ignore'
[0.679s] Level 1:colcon.colcon_core.package_identification:_identify(src/robot/teleop_utils) by extension 'ignore_ament_install'
[0.679s] Level 1:colcon.colcon_core.package_identification:_identify(src/robot/teleop_utils) by extensions ['colcon_pkg']
[0.679s] Level 1:colcon.colcon_core.package_identification:_identify(src/robot/teleop_utils) by extension 'colcon_pkg'
[0.679s] Level 1:colcon.colcon_core.package_identification:_identify(src/robot/teleop_utils) by extensions ['colcon_meta']
[0.679s] Level 1:colcon.colcon_core.package_identification:_identify(src/robot/teleop_utils) by extension 'colcon_meta'
[0.679s] Level 1:colcon.colcon_core.package_identification:_identify(src/robot/teleop_utils) by extensions ['ros']
[0.679s] Level 1:colcon.colcon_core.package_identification:_identify(src/robot/teleop_utils) by extension 'ros'
[0.680s] DEBUG:colcon.colcon_core.package_identification:Package 'src/robot/teleop_utils' with type 'ros.ament_cmake' and name 'teleop_utils'
[0.681s] Level 1:colcon.colcon_core.package_identification:_identify(src/robot/transform_broadcast) by extensions ['ignore', 'ignore_ament_install']
[0.681s] Level 1:colcon.colcon_core.package_identification:_identify(src/robot/transform_broadcast) by extension 'ignore'
[0.681s] Level 1:colcon.colcon_core.package_identification:_identify(src/robot/transform_broadcast) by extension 'ignore_ament_install'
[0.681s] Level 1:colcon.colcon_core.package_identification:_identify(src/robot/transform_broadcast) by extensions ['colcon_pkg']
[0.681s] Level 1:colcon.colcon_core.package_identification:_identify(src/robot/transform_broadcast) by extension 'colcon_pkg'
[0.681s] Level 1:colcon.colcon_core.package_identification:_identify(src/robot/transform_broadcast) by extensions ['colcon_meta']
[0.681s] Level 1:colcon.colcon_core.package_identification:_identify(src/robot/transform_broadcast) by extension 'colcon_meta'
[0.681s] Level 1:colcon.colcon_core.package_identification:_identify(src/robot/transform_broadcast) by extensions ['ros']
[0.681s] Level 1:colcon.colcon_core.package_identification:_identify(src/robot/transform_broadcast) by extension 'ros'
[0.682s] DEBUG:colcon.colcon_core.package_identification:Package 'src/robot/transform_broadcast' with type 'ros.ament_cmake' and name 'transform_broadcast'
[0.683s] Level 1:colcon.colcon_core.package_identification:_identify(src/robot/transport_drivers) by extensions ['ignore', 'ignore_ament_install']
[0.683s] Level 1:colcon.colcon_core.package_identification:_identify(src/robot/transport_drivers) by extension 'ignore'
[0.683s] Level 1:colcon.colcon_core.package_identification:_identify(src/robot/transport_drivers) by extension 'ignore_ament_install'
[0.683s] Level 1:colcon.colcon_core.package_identification:_identify(src/robot/transport_drivers) by extensions ['colcon_pkg']
[0.683s] Level 1:colcon.colcon_core.package_identification:_identify(src/robot/transport_drivers) by extension 'colcon_pkg'
[0.683s] Level 1:colcon.colcon_core.package_identification:_identify(src/robot/transport_drivers) by extensions ['colcon_meta']
[0.683s] Level 1:colcon.colcon_core.package_identification:_identify(src/robot/transport_drivers) by extension 'colcon_meta'
[0.683s] Level 1:colcon.colcon_core.package_identification:_identify(src/robot/transport_drivers) by extensions ['ros']
[0.683s] Level 1:colcon.colcon_core.package_identification:_identify(src/robot/transport_drivers) by extension 'ros'
[0.684s] Level 1:colcon.colcon_core.package_identification:_identify(src/robot/transport_drivers) by extensions ['cmake', 'python']
[0.684s] Level 1:colcon.colcon_core.package_identification:_identify(src/robot/transport_drivers) by extension 'cmake'
[0.684s] Level 1:colcon.colcon_core.package_identification:_identify(src/robot/transport_drivers) by extension 'python'
[0.684s] Level 1:colcon.colcon_core.package_identification:_identify(src/robot/transport_drivers) by extensions ['python_setup_py']
[0.684s] Level 1:colcon.colcon_core.package_identification:_identify(src/robot/transport_drivers) by extension 'python_setup_py'
[0.684s] Level 1:colcon.colcon_core.package_identification:_identify(src/robot/transport_drivers/asio_cmake_module) by extensions ['ignore', 'ignore_ament_install']
[0.684s] Level 1:colcon.colcon_core.package_identification:_identify(src/robot/transport_drivers/asio_cmake_module) by extension 'ignore'
[0.685s] Level 1:colcon.colcon_core.package_identification:_identify(src/robot/transport_drivers/asio_cmake_module) by extension 'ignore_ament_install'
[0.685s] Level 1:colcon.colcon_core.package_identification:_identify(src/robot/transport_drivers/asio_cmake_module) by extensions ['colcon_pkg']
[0.685s] Level 1:colcon.colcon_core.package_identification:_identify(src/robot/transport_drivers/asio_cmake_module) by extension 'colcon_pkg'
[0.685s] Level 1:colcon.colcon_core.package_identification:_identify(src/robot/transport_drivers/asio_cmake_module) by extensions ['colcon_meta']
[0.685s] Level 1:colcon.colcon_core.package_identification:_identify(src/robot/transport_drivers/asio_cmake_module) by extension 'colcon_meta'
[0.685s] Level 1:colcon.colcon_core.package_identification:_identify(src/robot/transport_drivers/asio_cmake_module) by extensions ['ros']
[0.685s] Level 1:colcon.colcon_core.package_identification:_identify(src/robot/transport_drivers/asio_cmake_module) by extension 'ros'
[0.686s] DEBUG:colcon.colcon_core.package_identification:Package 'src/robot/transport_drivers/asio_cmake_module' with type 'ros.ament_cmake' and name 'asio_cmake_module'
[0.686s] Level 1:colcon.colcon_core.package_identification:_identify(src/robot/transport_drivers/io_context) by extensions ['ignore', 'ignore_ament_install']
[0.686s] Level 1:colcon.colcon_core.package_identification:_identify(src/robot/transport_drivers/io_context) by extension 'ignore'
[0.687s] Level 1:colcon.colcon_core.package_identification:_identify(src/robot/transport_drivers/io_context) by extension 'ignore_ament_install'
[0.687s] Level 1:colcon.colcon_core.package_identification:_identify(src/robot/transport_drivers/io_context) by extensions ['colcon_pkg']
[0.687s] Level 1:colcon.colcon_core.package_identification:_identify(src/robot/transport_drivers/io_context) by extension 'colcon_pkg'
[0.687s] Level 1:colcon.colcon_core.package_identification:_identify(src/robot/transport_drivers/io_context) by extensions ['colcon_meta']
[0.687s] Level 1:colcon.colcon_core.package_identification:_identify(src/robot/transport_drivers/io_context) by extension 'colcon_meta'
[0.687s] Level 1:colcon.colcon_core.package_identification:_identify(src/robot/transport_drivers/io_context) by extensions ['ros']
[0.687s] Level 1:colcon.colcon_core.package_identification:_identify(src/robot/transport_drivers/io_context) by extension 'ros'
[0.688s] DEBUG:colcon.colcon_core.package_identification:Package 'src/robot/transport_drivers/io_context' with type 'ros.ament_cmake' and name 'io_context'
[0.689s] Level 1:colcon.colcon_core.package_identification:_identify(src/robot/transport_drivers/serial_driver) by extensions ['ignore', 'ignore_ament_install']
[0.689s] Level 1:colcon.colcon_core.package_identification:_identify(src/robot/transport_drivers/serial_driver) by extension 'ignore'
[0.689s] Level 1:colcon.colcon_core.package_identification:_identify(src/robot/transport_drivers/serial_driver) by extension 'ignore_ament_install'
[0.689s] Level 1:colcon.colcon_core.package_identification:_identify(src/robot/transport_drivers/serial_driver) by extensions ['colcon_pkg']
[0.689s] Level 1:colcon.colcon_core.package_identification:_identify(src/robot/transport_drivers/serial_driver) by extension 'colcon_pkg'
[0.689s] Level 1:colcon.colcon_core.package_identification:_identify(src/robot/transport_drivers/serial_driver) by extensions ['colcon_meta']
[0.689s] Level 1:colcon.colcon_core.package_identification:_identify(src/robot/transport_drivers/serial_driver) by extension 'colcon_meta'
[0.689s] Level 1:colcon.colcon_core.package_identification:_identify(src/robot/transport_drivers/serial_driver) by extensions ['ros']
[0.689s] Level 1:colcon.colcon_core.package_identification:_identify(src/robot/transport_drivers/serial_driver) by extension 'ros'
[0.690s] DEBUG:colcon.colcon_core.package_identification:Package 'src/robot/transport_drivers/serial_driver' with type 'ros.ament_cmake' and name 'serial_driver'
[0.691s] Level 1:colcon.colcon_core.package_identification:_identify(src/robot/transport_drivers/udp_driver) by extensions ['ignore', 'ignore_ament_install']
[0.691s] Level 1:colcon.colcon_core.package_identification:_identify(src/robot/transport_drivers/udp_driver) by extension 'ignore'
[0.691s] Level 1:colcon.colcon_core.package_identification:_identify(src/robot/transport_drivers/udp_driver) by extension 'ignore_ament_install'
[0.691s] Level 1:colcon.colcon_core.package_identification:_identify(src/robot/transport_drivers/udp_driver) by extensions ['colcon_pkg']
[0.692s] Level 1:colcon.colcon_core.package_identification:_identify(src/robot/transport_drivers/udp_driver) by extension 'colcon_pkg'
[0.692s] Level 1:colcon.colcon_core.package_identification:_identify(src/robot/transport_drivers/udp_driver) by extensions ['colcon_meta']
[0.692s] Level 1:colcon.colcon_core.package_identification:_identify(src/robot/transport_drivers/udp_driver) by extension 'colcon_meta'
[0.692s] Level 1:colcon.colcon_core.package_identification:_identify(src/robot/transport_drivers/udp_driver) by extensions ['ros']
[0.692s] Level 1:colcon.colcon_core.package_identification:_identify(src/robot/transport_drivers/udp_driver) by extension 'ros'
[0.693s] DEBUG:colcon.colcon_core.package_identification:Package 'src/robot/transport_drivers/udp_driver' with type 'ros.ament_cmake' and name 'udp_driver'
[0.694s] Level 1:colcon.colcon_core.package_identification:_identify(src/robot/vesc) by extensions ['ignore', 'ignore_ament_install']
[0.694s] Level 1:colcon.colcon_core.package_identification:_identify(src/robot/vesc) by extension 'ignore'
[0.694s] Level 1:colcon.colcon_core.package_identification:_identify(src/robot/vesc) by extension 'ignore_ament_install'
[0.694s] Level 1:colcon.colcon_core.package_identification:_identify(src/robot/vesc) by extensions ['colcon_pkg']
[0.694s] Level 1:colcon.colcon_core.package_identification:_identify(src/robot/vesc) by extension 'colcon_pkg'
[0.694s] Level 1:colcon.colcon_core.package_identification:_identify(src/robot/vesc) by extensions ['colcon_meta']
[0.694s] Level 1:colcon.colcon_core.package_identification:_identify(src/robot/vesc) by extension 'colcon_meta'
[0.694s] Level 1:colcon.colcon_core.package_identification:_identify(src/robot/vesc) by extensions ['ros']
[0.694s] Level 1:colcon.colcon_core.package_identification:_identify(src/robot/vesc) by extension 'ros'
[0.694s] Level 1:colcon.colcon_core.package_identification:_identify(src/robot/vesc) by extensions ['cmake', 'python']
[0.694s] Level 1:colcon.colcon_core.package_identification:_identify(src/robot/vesc) by extension 'cmake'
[0.695s] Level 1:colcon.colcon_core.package_identification:_identify(src/robot/vesc) by extension 'python'
[0.695s] Level 1:colcon.colcon_core.package_identification:_identify(src/robot/vesc) by extensions ['python_setup_py']
[0.695s] Level 1:colcon.colcon_core.package_identification:_identify(src/robot/vesc) by extension 'python_setup_py'
[0.695s] Level 1:colcon.colcon_core.package_identification:_identify(src/robot/vesc/vesc) by extensions ['ignore', 'ignore_ament_install']
[0.695s] Level 1:colcon.colcon_core.package_identification:_identify(src/robot/vesc/vesc) by extension 'ignore'
[0.695s] Level 1:colcon.colcon_core.package_identification:_identify(src/robot/vesc/vesc) by extension 'ignore_ament_install'
[0.696s] Level 1:colcon.colcon_core.package_identification:_identify(src/robot/vesc/vesc) by extensions ['colcon_pkg']
[0.696s] Level 1:colcon.colcon_core.package_identification:_identify(src/robot/vesc/vesc) by extension 'colcon_pkg'
[0.696s] Level 1:colcon.colcon_core.package_identification:_identify(src/robot/vesc/vesc) by extensions ['colcon_meta']
[0.696s] Level 1:colcon.colcon_core.package_identification:_identify(src/robot/vesc/vesc) by extension 'colcon_meta'
[0.696s] Level 1:colcon.colcon_core.package_identification:_identify(src/robot/vesc/vesc) by extensions ['ros']
[0.696s] Level 1:colcon.colcon_core.package_identification:_identify(src/robot/vesc/vesc) by extension 'ros'
[0.697s] DEBUG:colcon.colcon_core.package_identification:Package 'src/robot/vesc/vesc' with type 'ros.ament_cmake' and name 'vesc'
[0.698s] Level 1:colcon.colcon_core.package_identification:_identify(src/robot/vesc/vesc_ackermann) by extensions ['ignore', 'ignore_ament_install']
[0.698s] Level 1:colcon.colcon_core.package_identification:_identify(src/robot/vesc/vesc_ackermann) by extension 'ignore'
[0.698s] Level 1:colcon.colcon_core.package_identification:_identify(src/robot/vesc/vesc_ackermann) by extension 'ignore_ament_install'
[0.698s] Level 1:colcon.colcon_core.package_identification:_identify(src/robot/vesc/vesc_ackermann) by extensions ['colcon_pkg']
[0.698s] Level 1:colcon.colcon_core.package_identification:_identify(src/robot/vesc/vesc_ackermann) by extension 'colcon_pkg'
[0.698s] Level 1:colcon.colcon_core.package_identification:_identify(src/robot/vesc/vesc_ackermann) by extensions ['colcon_meta']
[0.698s] Level 1:colcon.colcon_core.package_identification:_identify(src/robot/vesc/vesc_ackermann) by extension 'colcon_meta'
[0.698s] Level 1:colcon.colcon_core.package_identification:_identify(src/robot/vesc/vesc_ackermann) by extensions ['ros']
[0.698s] Level 1:colcon.colcon_core.package_identification:_identify(src/robot/vesc/vesc_ackermann) by extension 'ros'
[0.700s] DEBUG:colcon.colcon_core.package_identification:Package 'src/robot/vesc/vesc_ackermann' with type 'ros.ament_cmake' and name 'vesc_ackermann'
[0.700s] Level 1:colcon.colcon_core.package_identification:_identify(src/robot/vesc/vesc_driver) by extensions ['ignore', 'ignore_ament_install']
[0.700s] Level 1:colcon.colcon_core.package_identification:_identify(src/robot/vesc/vesc_driver) by extension 'ignore'
[0.700s] Level 1:colcon.colcon_core.package_identification:_identify(src/robot/vesc/vesc_driver) by extension 'ignore_ament_install'
[0.700s] Level 1:colcon.colcon_core.package_identification:_identify(src/robot/vesc/vesc_driver) by extensions ['colcon_pkg']
[0.700s] Level 1:colcon.colcon_core.package_identification:_identify(src/robot/vesc/vesc_driver) by extension 'colcon_pkg'
[0.701s] Level 1:colcon.colcon_core.package_identification:_identify(src/robot/vesc/vesc_driver) by extensions ['colcon_meta']
[0.701s] Level 1:colcon.colcon_core.package_identification:_identify(src/robot/vesc/vesc_driver) by extension 'colcon_meta'
[0.701s] Level 1:colcon.colcon_core.package_identification:_identify(src/robot/vesc/vesc_driver) by extensions ['ros']
[0.701s] Level 1:colcon.colcon_core.package_identification:_identify(src/robot/vesc/vesc_driver) by extension 'ros'
[0.702s] DEBUG:colcon.colcon_core.package_identification:Package 'src/robot/vesc/vesc_driver' with type 'ros.ament_cmake' and name 'vesc_driver'
[0.703s] Level 1:colcon.colcon_core.package_identification:_identify(src/robot/vesc/vesc_msgs) by extensions ['ignore', 'ignore_ament_install']
[0.703s] Level 1:colcon.colcon_core.package_identification:_identify(src/robot/vesc/vesc_msgs) by extension 'ignore'
[0.703s] Level 1:colcon.colcon_core.package_identification:_identify(src/robot/vesc/vesc_msgs) by extension 'ignore_ament_install'
[0.703s] Level 1:colcon.colcon_core.package_identification:_identify(src/robot/vesc/vesc_msgs) by extensions ['colcon_pkg']
[0.703s] Level 1:colcon.colcon_core.package_identification:_identify(src/robot/vesc/vesc_msgs) by extension 'colcon_pkg'
[0.703s] Level 1:colcon.colcon_core.package_identification:_identify(src/robot/vesc/vesc_msgs) by extensions ['colcon_meta']
[0.703s] Level 1:colcon.colcon_core.package_identification:_identify(src/robot/vesc/vesc_msgs) by extension 'colcon_meta'
[0.703s] Level 1:colcon.colcon_core.package_identification:_identify(src/robot/vesc/vesc_msgs) by extensions ['ros']
[0.703s] Level 1:colcon.colcon_core.package_identification:_identify(src/robot/vesc/vesc_msgs) by extension 'ros'
[0.704s] DEBUG:colcon.colcon_core.package_identification:Package 'src/robot/vesc/vesc_msgs' with type 'ros.ament_cmake' and name 'vesc_msgs'
[0.705s] Level 1:colcon.colcon_core.package_identification:_identify(src/wato_msgs) by extensions ['ignore', 'ignore_ament_install']
[0.705s] Level 1:colcon.colcon_core.package_identification:_identify(src/wato_msgs) by extension 'ignore'
[0.705s] Level 1:colcon.colcon_core.package_identification:_identify(src/wato_msgs) by extension 'ignore_ament_install'
[0.705s] Level 1:colcon.colcon_core.package_identification:_identify(src/wato_msgs) by extensions ['colcon_pkg']
[0.705s] Level 1:colcon.colcon_core.package_identification:_identify(src/wato_msgs) by extension 'colcon_pkg'
[0.705s] Level 1:colcon.colcon_core.package_identification:_identify(src/wato_msgs) by extensions ['colcon_meta']
[0.706s] Level 1:colcon.colcon_core.package_identification:_identify(src/wato_msgs) by extension 'colcon_meta'
[0.706s] Level 1:colcon.colcon_core.package_identification:_identify(src/wato_msgs) by extensions ['ros']
[0.706s] Level 1:colcon.colcon_core.package_identification:_identify(src/wato_msgs) by extension 'ros'
[0.706s] Level 1:colcon.colcon_core.package_identification:_identify(src/wato_msgs) by extensions ['cmake', 'python']
[0.706s] Level 1:colcon.colcon_core.package_identification:_identify(src/wato_msgs) by extension 'cmake'
[0.706s] Level 1:colcon.colcon_core.package_identification:_identify(src/wato_msgs) by extension 'python'
[0.706s] Level 1:colcon.colcon_core.package_identification:_identify(src/wato_msgs) by extensions ['python_setup_py']
[0.706s] Level 1:colcon.colcon_core.package_identification:_identify(src/wato_msgs) by extension 'python_setup_py'
[0.706s] Level 1:colcon.colcon_core.package_identification:_identify(src/wato_msgs/foxglove_msgs) by extensions ['ignore', 'ignore_ament_install']
[0.707s] Level 1:colcon.colcon_core.package_identification:_identify(src/wato_msgs/foxglove_msgs) by extension 'ignore'
[0.707s] Level 1:colcon.colcon_core.package_identification:_identify(src/wato_msgs/foxglove_msgs) by extension 'ignore_ament_install'
[0.707s] Level 1:colcon.colcon_core.package_identification:_identify(src/wato_msgs/foxglove_msgs) by extensions ['colcon_pkg']
[0.707s] Level 1:colcon.colcon_core.package_identification:_identify(src/wato_msgs/foxglove_msgs) by extension 'colcon_pkg'
[0.707s] Level 1:colcon.colcon_core.package_identification:_identify(src/wato_msgs/foxglove_msgs) by extensions ['colcon_meta']
[0.707s] Level 1:colcon.colcon_core.package_identification:_identify(src/wato_msgs/foxglove_msgs) by extension 'colcon_meta'
[0.707s] Level 1:colcon.colcon_core.package_identification:_identify(src/wato_msgs/foxglove_msgs) by extensions ['ros']
[0.707s] Level 1:colcon.colcon_core.package_identification:_identify(src/wato_msgs/foxglove_msgs) by extension 'ros'
[0.708s] DEBUG:colcon.colcon_core.package_identification:Package 'src/wato_msgs/foxglove_msgs' with type 'ros.ament_cmake' and name 'foxglove_msgs'
[0.709s] Level 1:colcon.colcon_core.package_identification:_identify(src/wato_msgs/sample_msgs) by extensions ['ignore', 'ignore_ament_install']
[0.709s] Level 1:colcon.colcon_core.package_identification:_identify(src/wato_msgs/sample_msgs) by extension 'ignore'
[0.709s] Level 1:colcon.colcon_core.package_identification:_identify(src/wato_msgs/sample_msgs) by extension 'ignore_ament_install'
[0.709s] Level 1:colcon.colcon_core.package_identification:_identify(src/wato_msgs/sample_msgs) by extensions ['colcon_pkg']
[0.709s] Level 1:colcon.colcon_core.package_identification:_identify(src/wato_msgs/sample_msgs) by extension 'colcon_pkg'
[0.709s] Level 1:colcon.colcon_core.package_identification:_identify(src/wato_msgs/sample_msgs) by extensions ['colcon_meta']
[0.709s] Level 1:colcon.colcon_core.package_identification:_identify(src/wato_msgs/sample_msgs) by extension 'colcon_meta'
[0.709s] Level 1:colcon.colcon_core.package_identification:_identify(src/wato_msgs/sample_msgs) by extensions ['ros']
[0.709s] Level 1:colcon.colcon_core.package_identification:_identify(src/wato_msgs/sample_msgs) by extension 'ros'
[0.710s] DEBUG:colcon.colcon_core.package_identification:Package 'src/wato_msgs/sample_msgs' with type 'ros.ament_cmake' and name 'sample_msgs'
[0.711s] Level 1:colcon.colcon_core.package_identification:_identify(watod_scripts) by extensions ['ignore', 'ignore_ament_install']
[0.711s] Level 1:colcon.colcon_core.package_identification:_identify(watod_scripts) by extension 'ignore'
[0.711s] Level 1:colcon.colcon_core.package_identification:_identify(watod_scripts) by extension 'ignore_ament_install'
[0.711s] Level 1:colcon.colcon_core.package_identification:_identify(watod_scripts) by extensions ['colcon_pkg']
[0.711s] Level 1:colcon.colcon_core.package_identification:_identify(watod_scripts) by extension 'colcon_pkg'
[0.711s] Level 1:colcon.colcon_core.package_identification:_identify(watod_scripts) by extensions ['colcon_meta']
[0.711s] Level 1:colcon.colcon_core.package_identification:_identify(watod_scripts) by extension 'colcon_meta'
[0.711s] Level 1:colcon.colcon_core.package_identification:_identify(watod_scripts) by extensions ['ros']
[0.711s] Level 1:colcon.colcon_core.package_identification:_identify(watod_scripts) by extension 'ros'
[0.712s] Level 1:colcon.colcon_core.package_identification:_identify(watod_scripts) by extensions ['cmake', 'python']
[0.712s] Level 1:colcon.colcon_core.package_identification:_identify(watod_scripts) by extension 'cmake'
[0.712s] Level 1:colcon.colcon_core.package_identification:_identify(watod_scripts) by extension 'python'
[0.712s] Level 1:colcon.colcon_core.package_identification:_identify(watod_scripts) by extensions ['python_setup_py']
[0.712s] Level 1:colcon.colcon_core.package_identification:_identify(watod_scripts) by extension 'python_setup_py'
[0.712s] Level 1:colcon.colcon_core.package_discovery:discover_packages(recursive) using defaults
[0.712s] Level 1:colcon.colcon_core.package_discovery:discover_packages(ignore) discover
[0.712s] Level 1:colcon.colcon_core.package_discovery:discover_packages(ignore) using defaults
[0.712s] Level 1:colcon.colcon_core.package_discovery:discover_packages(path) discover
[0.712s] Level 1:colcon.colcon_core.package_discovery:discover_packages(path) using defaults
[0.759s] INFO:colcon.colcon_core.package_selection:Skipping not selected package 'ackermann_ekf' in 'src/robot/ackermann_ekf'
[0.759s] INFO:colcon.colcon_core.package_selection:Skipping not selected package 'ackermann_mux' in 'src/robot/ackermann_mux'
[0.759s] INFO:colcon.colcon_core.package_selection:Skipping not selected package 'action' in 'src/robot/action'
[0.759s] INFO:colcon.colcon_core.package_selection:Skipping not selected package 'asio_cmake_module' in 'src/robot/transport_drivers/asio_cmake_module'
[0.759s] INFO:colcon.colcon_core.package_selection:Skipping not selected package 'foxglove_msgs' in 'src/wato_msgs/foxglove_msgs'
[0.759s] INFO:colcon.colcon_core.package_selection:Skipping not selected package 'global_planner' in 'src/robot/global_planner'
[0.759s] INFO:colcon.colcon_core.package_selection:Skipping not selected package 'gym_vis' in 'src/robot/gym_vis'
[0.759s] INFO:colcon.colcon_core.package_selection:Skipping not selected package 'particle_filter' in 'src/robot/particle_filter'
[0.759s] INFO:colcon.colcon_core.package_selection:Skipping not selected package 'safety_node' in 'src/robot/safety_system'
[0.759s] INFO:colcon.colcon_core.package_selection:Skipping not selected package 'sample_msgs' in 'src/wato_msgs/sample_msgs'
[0.759s] INFO:colcon.colcon_core.package_selection:Skipping not selected package 'teleop_utils' in 'src/robot/teleop_utils'
[0.759s] INFO:colcon.colcon_core.package_selection:Skipping not selected package 'transform_broadcast' in 'src/robot/transform_broadcast'
[0.759s] INFO:colcon.colcon_core.package_selection:Skipping not selected package 'vesc_msgs' in 'src/robot/vesc/vesc_msgs'
[0.759s] INFO:colcon.colcon_core.package_selection:Skipping not selected package 'io_context' in 'src/robot/transport_drivers/io_context'
[0.759s] INFO:colcon.colcon_core.package_selection:Skipping not selected package 'vesc_ackermann' in 'src/robot/vesc/vesc_ackermann'
[0.759s] INFO:colcon.colcon_core.package_selection:Skipping not selected package 'serial_driver' in 'src/robot/transport_drivers/serial_driver'
[0.759s] INFO:colcon.colcon_core.package_selection:Skipping not selected package 'udp_driver' in 'src/robot/transport_drivers/udp_driver'
[0.759s] INFO:colcon.colcon_core.package_selection:Skipping not selected package 'vesc_driver' in 'src/robot/vesc/vesc_driver'
[0.759s] INFO:colcon.colcon_core.package_selection:Skipping not selected package 'vesc' in 'src/robot/vesc/vesc'
[0.761s] Level 1:colcon.colcon_core.package_discovery:discover_packages(prefix_path) check parameters
[0.761s] Level 1:colcon.colcon_core.package_discovery:discover_packages(prefix_path) discover
[0.771s] DEBUG:colcon.colcon_installed_package_information.package_discovery:Found 442 installed packages in /opt/ros/jazzy
[0.772s] Level 1:colcon.colcon_core.package_discovery:discover_packages(prefix_path) using defaults
[0.981s] Level 5:colcon.colcon_core.verb:set package 'costmap' build argument 'cmake_args' from command line to 'None'
[0.982s] Level 5:colcon.colcon_core.verb:set package 'costmap' build argument 'cmake_target' from command line to 'None'
[0.982s] Level 5:colcon.colcon_core.verb:set package 'costmap' build argument 'cmake_target_skip_unavailable' from command line to 'False'
[0.982s] Level 5:colcon.colcon_core.verb:set package 'costmap' build argument 'cmake_clean_cache' from command line to 'False'
[0.982s] Level 5:colcon.colcon_core.verb:set package 'costmap' build argument 'cmake_clean_first' from command line to 'False'
[0.982s] Level 5:colcon.colcon_core.verb:set package 'costmap' build argument 'cmake_force_configure' from command line to 'False'
[0.982s] Level 5:colcon.colcon_core.verb:set package 'costmap' build argument 'ament_cmake_args' from command line to 'None'
[0.982s] Level 5:colcon.colcon_core.verb:set package 'costmap' build argument 'catkin_cmake_args' from command line to 'None'
[0.982s] Level 5:colcon.colcon_core.verb:set package 'costmap' build argument 'catkin_skip_building_tests' from command line to 'False'
[0.982s] DEBUG:colcon.colcon_core.verb:Building package 'costmap' with the following arguments: {'ament_cmake_args': None, 'build_base': '/home/rraina/wato_f1tenth/build/costmap', 'catkin_cmake_args': None, 'catkin_skip_building_tests': False, 'cmake_args': None, 'cmake_clean_cache': False, 'cmake_clean_first': False, 'cmake_force_configure': False, 'cmake_target': None, 'cmake_target_skip_unavailable': False, 'install_base': '/home/rraina/wato_f1tenth/install/costmap', 'merge_install': False, 'path': '/home/rraina/wato_f1tenth/src/robot/costmap', 'symlink_install': False, 'test_result_base': None}
[0.982s] Level 5:colcon.colcon_core.verb:set package 'local_planning' build argument 'cmake_args' from command line to 'None'
[0.982s] Level 5:colcon.colcon_core.verb:set package 'local_planning' build argument 'cmake_target' from command line to 'None'
[0.982s] Level 5:colcon.colcon_core.verb:set package 'local_planning' build argument 'cmake_target_skip_unavailable' from command line to 'False'
[0.982s] Level 5:colcon.colcon_core.verb:set package 'local_planning' build argument 'cmake_clean_cache' from command line to 'False'
[0.982s] Level 5:colcon.colcon_core.verb:set package 'local_planning' build argument 'cmake_clean_first' from command line to 'False'
[0.982s] Level 5:colcon.colcon_core.verb:set package 'local_planning' build argument 'cmake_force_configure' from command line to 'False'
[0.982s] Level 5:colcon.colcon_core.verb:set package 'local_planning' build argument 'ament_cmake_args' from command line to 'None'
[0.982s] Level 5:colcon.colcon_core.verb:set package 'local_planning' build argument 'catkin_cmake_args' from command line to 'None'
[0.982s] Level 5:colcon.colcon_core.verb:set package 'local_planning' build argument 'catkin_skip_building_tests' from command line to 'False'
[0.982s] DEBUG:colcon.colcon_core.verb:Building package 'local_planning' with the following arguments: {'ament_cmake_args': None, 'build_base': '/home/rraina/wato_f1tenth/build/local_planning', 'catkin_cmake_args': None, 'catkin_skip_building_tests': False, 'cmake_args': None, 'cmake_clean_cache': False, 'cmake_clean_first': False, 'cmake_force_configure': False, 'cmake_target': None, 'cmake_target_skip_unavailable': False, 'install_base': '/home/rraina/wato_f1tenth/install/local_planning', 'merge_install': False, 'path': '/home/rraina/wato_f1tenth/src/robot/local_planning', 'symlink_install': False, 'test_result_base': None}
[0.983s] Level 5:colcon.colcon_core.verb:set package 'pure_persuit' build argument 'cmake_args' from command line to 'None'
[0.983s] Level 5:colcon.colcon_core.verb:set package 'pure_persuit' build argument 'cmake_target' from command line to 'None'
[0.983s] Level 5:colcon.colcon_core.verb:set package 'pure_persuit' build argument 'cmake_target_skip_unavailable' from command line to 'False'
[0.983s] Level 5:colcon.colcon_core.verb:set package 'pure_persuit' build argument 'cmake_clean_cache' from command line to 'False'
[0.983s] Level 5:colcon.colcon_core.verb:set package 'pure_persuit' build argument 'cmake_clean_first' from command line to 'False'
[0.983s] Level 5:colcon.colcon_core.verb:set package 'pure_persuit' build argument 'cmake_force_configure' from command line to 'False'
[0.983s] Level 5:colcon.colcon_core.verb:set package 'pure_persuit' build argument 'ament_cmake_args' from command line to 'None'
[0.983s] Level 5:colcon.colcon_core.verb:set package 'pure_persuit' build argument 'catkin_cmake_args' from command line to 'None'
[0.983s] Level 5:colcon.colcon_core.verb:set package 'pure_persuit' build argument 'catkin_skip_building_tests' from command line to 'False'
[0.983s] DEBUG:colcon.colcon_core.verb:Building package 'pure_persuit' with the following arguments: {'ament_cmake_args': None, 'build_base': '/home/rraina/wato_f1tenth/build/pure_persuit', 'catkin_cmake_args': None, 'catkin_skip_building_tests': False, 'cmake_args': None, 'cmake_clean_cache': False, 'cmake_clean_first': False, 'cmake_force_configure': False, 'cmake_target': None, 'cmake_target_skip_unavailable': False, 'install_base': '/home/rraina/wato_f1tenth/install/pure_persuit', 'merge_install': False, 'path': '/home/rraina/wato_f1tenth/src/robot/pure-persuit', 'symlink_install': False, 'test_result_base': None}
[0.984s] Level 5:colcon.colcon_core.verb:set package 'bringup_robot' build argument 'cmake_args' from command line to 'None'
[0.984s] Level 5:colcon.colcon_core.verb:set package 'bringup_robot' build argument 'cmake_target' from command line to 'None'
[0.984s] Level 5:colcon.colcon_core.verb:set package 'bringup_robot' build argument 'cmake_target_skip_unavailable' from command line to 'False'
[0.984s] Level 5:colcon.colcon_core.verb:set package 'bringup_robot' build argument 'cmake_clean_cache' from command line to 'False'
[0.984s] Level 5:colcon.colcon_core.verb:set package 'bringup_robot' build argument 'cmake_clean_first' from command line to 'False'
[0.984s] Level 5:colcon.colcon_core.verb:set package 'bringup_robot' build argument 'cmake_force_configure' from command line to 'False'
[0.984s] Level 5:colcon.colcon_core.verb:set package 'bringup_robot' build argument 'ament_cmake_args' from command line to 'None'
[0.984s] Level 5:colcon.colcon_core.verb:set package 'bringup_robot' build argument 'catkin_cmake_args' from command line to 'None'
[0.984s] Level 5:colcon.colcon_core.verb:set package 'bringup_robot' build argument 'catkin_skip_building_tests' from command line to 'False'
[0.984s] DEBUG:colcon.colcon_core.verb:Building package 'bringup_robot' with the following arguments: {'ament_cmake_args': None, 'build_base': '/home/rraina/wato_f1tenth/build/bringup_robot', 'catkin_cmake_args': None, 'catkin_skip_building_tests': False, 'cmake_args': None, 'cmake_clean_cache': False, 'cmake_clean_first': False, 'cmake_force_configure': False, 'cmake_target': None, 'cmake_target_skip_unavailable': False, 'install_base': '/home/rraina/wato_f1tenth/install/bringup_robot', 'merge_install': False, 'path': '/home/rraina/wato_f1tenth/src/robot/bringup_robot', 'symlink_install': False, 'test_result_base': None}
[0.984s] INFO:colcon.colcon_core.executor:Executing jobs using 'parallel' executor
[0.986s] DEBUG:colcon.colcon_parallel_executor.executor.parallel:run_until_complete
[0.986s] INFO:colcon.colcon_ros.task.ament_cmake.build:Building ROS package in '/home/rraina/wato_f1tenth/src/robot/costmap' with build type 'ament_cmake'
[0.987s] INFO:colcon.colcon_cmake.task.cmake.build:Building CMake package in '/home/rraina/wato_f1tenth/src/robot/costmap'
[0.996s] INFO:colcon.colcon_core.plugin_system:Skipping extension 'colcon_core.shell.bat': Not used on non-Windows systems
[0.997s] INFO:colcon.colcon_core.shell:Skip shell extension 'powershell' for command environment: Not usable outside of PowerShell
[0.997s] DEBUG:colcon.colcon_core.shell:Skip shell extension 'dsv' for command environment
[1.002s] INFO:colcon.colcon_ros.task.ament_cmake.build:Building ROS package in '/home/rraina/wato_f1tenth/src/robot/local_planning' with build type 'ament_cmake'
[1.003s] INFO:colcon.colcon_cmake.task.cmake.build:Building CMake package in '/home/rraina/wato_f1tenth/src/robot/local_planning'
[1.003s] INFO:colcon.colcon_core.shell:Skip shell extension 'powershell' for command environment: Not usable outside of PowerShell
[1.003s] DEBUG:colcon.colcon_core.shell:Skip shell extension 'dsv' for command environment
[1.010s] INFO:colcon.colcon_ros.task.ament_cmake.build:Building ROS package in '/home/rraina/wato_f1tenth/src/robot/pure-persuit' with build type 'ament_cmake'
[1.010s] INFO:colcon.colcon_cmake.task.cmake.build:Building CMake package in '/home/rraina/wato_f1tenth/src/robot/pure-persuit'
[1.011s] INFO:colcon.colcon_core.shell:Skip shell extension 'powershell' for command environment: Not usable outside of PowerShell
[1.011s] DEBUG:colcon.colcon_core.shell:Skip shell extension 'dsv' for command environment
[1.015s] INFO:colcon.colcon_ros.task.ament_cmake.build:Building ROS package in '/home/rraina/wato_f1tenth/src/robot/bringup_robot' with build type 'ament_cmake'
[1.015s] INFO:colcon.colcon_cmake.task.cmake.build:Building CMake package in '/home/rraina/wato_f1tenth/src/robot/bringup_robot'
[1.015s] INFO:colcon.colcon_core.shell:Skip shell extension 'powershell' for command environment: Not usable outside of PowerShell
[1.015s] DEBUG:colcon.colcon_core.shell:Skip shell extension 'dsv' for command environment
[1.018s] ERROR:colcon.colcon_cmake.task.cmake.build:Failed to find the following files:
- /home/rraina/wato_f1tenth/install/gym_vis/share/gym_vis/package.sh
Check that the following packages have been built:
- gym_vis
[1.018s] Level 1:colcon.colcon_core.environment:create_environment_scripts_only(bringup_robot)
[1.027s] Level 1:colcon.colcon_core.environment:checking '/home/rraina/wato_f1tenth/install/bringup_robot' for CMake module files
[1.027s] Level 1:colcon.colcon_core.environment:checking '/home/rraina/wato_f1tenth/install/bringup_robot' for CMake config files
[1.028s] Level 1:colcon.colcon_core.environment:checking '/home/rraina/wato_f1tenth/install/bringup_robot/bin'
[1.028s] Level 1:colcon.colcon_core.environment:checking '/home/rraina/wato_f1tenth/install/bringup_robot/lib/pkgconfig/bringup_robot.pc'
[1.028s] Level 1:colcon.colcon_core.environment:checking '/home/rraina/wato_f1tenth/install/bringup_robot/lib/python3.12/site-packages'
[1.029s] Level 1:colcon.colcon_core.environment:checking '/home/rraina/wato_f1tenth/install/bringup_robot/bin'
[1.029s] INFO:colcon.colcon_core.shell:Creating package script '/home/rraina/wato_f1tenth/install/bringup_robot/share/bringup_robot/package.ps1'
[1.031s] INFO:colcon.colcon_core.shell:Creating package descriptor '/home/rraina/wato_f1tenth/install/bringup_robot/share/bringup_robot/package.dsv'
[1.032s] INFO:colcon.colcon_core.shell:Creating package script '/home/rraina/wato_f1tenth/install/bringup_robot/share/bringup_robot/package.sh'
[1.033s] INFO:colcon.colcon_core.shell:Creating package script '/home/rraina/wato_f1tenth/install/bringup_robot/share/bringup_robot/package.bash'
[1.034s] INFO:colcon.colcon_core.shell:Creating package script '/home/rraina/wato_f1tenth/install/bringup_robot/share/bringup_robot/package.zsh'
[1.035s] Level 1:colcon.colcon_core.environment:create_file_with_runtime_dependencies(/home/rraina/wato_f1tenth/install/bringup_robot/share/colcon-core/packages/bringup_robot)
[1.049s] DEBUG:colcon.colcon_parallel_executor.executor.parallel:closing loop
[1.049s] DEBUG:colcon.colcon_parallel_executor.executor.parallel:loop closed
[1.049s] DEBUG:colcon.colcon_parallel_executor.executor.parallel:run_until_complete finished with '1'
[1.049s] DEBUG:colcon.colcon_core.event_reactor:joining thread
[1.151s] INFO:colcon.colcon_core.plugin_system:Skipping extension 'colcon_notification.desktop_notification.notify_send': Could not find 'notify-send'
[1.152s] INFO:colcon.colcon_core.plugin_system:Skipping extension 'colcon_notification.desktop_notification.terminal_notifier': Not used on non-Darwin systems
[1.152s] INFO:colcon.colcon_core.plugin_system:Skipping extension 'colcon_notification.desktop_notification.win32': Not used on non-Windows systems
[1.152s] INFO:colcon.colcon_notification.desktop_notification:Sending desktop notification using 'notify2'
[1.152s] DEBUG:colcon.colcon_notification.desktop_notification.notify2:Failed to initialize notify2: org.freedesktop.DBus.Error.AccessDenied: Failed to connect to socket /run/user/1000/bus: Operation not permitted
[1.152s] DEBUG:colcon.colcon_core.event_reactor:joined thread
[1.153s] INFO:colcon.colcon_core.shell:Creating prefix script '/home/rraina/wato_f1tenth/install/local_setup.ps1'
[1.163s] INFO:colcon.colcon_core.shell:Creating prefix util module '/home/rraina/wato_f1tenth/install/_local_setup_util_ps1.py'
[1.164s] INFO:colcon.colcon_core.shell:Creating prefix chain script '/home/rraina/wato_f1tenth/install/setup.ps1'
[1.166s] INFO:colcon.colcon_core.shell:Creating prefix script '/home/rraina/wato_f1tenth/install/local_setup.sh'
[1.167s] INFO:colcon.colcon_core.shell:Creating prefix util module '/home/rraina/wato_f1tenth/install/_local_setup_util_sh.py'
[1.168s] INFO:colcon.colcon_core.shell:Creating prefix chain script '/home/rraina/wato_f1tenth/install/setup.sh'
[1.169s] INFO:colcon.colcon_core.shell:Creating prefix script '/home/rraina/wato_f1tenth/install/local_setup.bash'
[1.171s] INFO:colcon.colcon_core.shell:Creating prefix chain script '/home/rraina/wato_f1tenth/install/setup.bash'
[1.172s] INFO:colcon.colcon_core.shell:Creating prefix script '/home/rraina/wato_f1tenth/install/local_setup.zsh'
[1.173s] INFO:colcon.colcon_core.shell:Creating prefix chain script '/home/rraina/wato_f1tenth/install/setup.zsh'
