[35m[1mConsolidate compiler generated dependencies of target gym_vis_node[0m
[100%] Built target gym_vis_node
-- Install configuration: ""
-- Up-to-date: /home/bolty/ament_ws/src/install/gym_vis/share/gym_vis/assets
-- Up-to-date: /home/bolty/ament_ws/src/install/gym_vis/share/gym_vis/assets/f1tenth_car.stl
-- Up-to-date: /home/bolty/ament_ws/src/install/gym_vis/lib/gym_vis/gym_vis_node
-- Up-to-date: /home/bolty/ament_ws/src/install/gym_vis/share/ament_index/resource_index/package_run_dependencies/gym_vis
-- Up-to-date: /home/bolty/ament_ws/src/install/gym_vis/share/ament_index/resource_index/parent_prefix_path/gym_vis
-- Up-to-date: /home/bolty/ament_ws/src/install/gym_vis/share/gym_vis/environment/ament_prefix_path.sh
-- Up-to-date: /home/bolty/ament_ws/src/install/gym_vis/share/gym_vis/environment/ament_prefix_path.dsv
-- Up-to-date: /home/bolty/ament_ws/src/install/gym_vis/share/gym_vis/environment/path.sh
-- Up-to-date: /home/bolty/ament_ws/src/install/gym_vis/share/gym_vis/environment/path.dsv
-- Up-to-date: /home/bolty/ament_ws/src/install/gym_vis/share/gym_vis/local_setup.bash
-- Up-to-date: /home/bolty/ament_ws/src/install/gym_vis/share/gym_vis/local_setup.sh
-- Up-to-date: /home/bolty/ament_ws/src/install/gym_vis/share/gym_vis/local_setup.zsh
-- Up-to-date: /home/bolty/ament_ws/src/install/gym_vis/share/gym_vis/local_setup.dsv
-- Installing: /home/bolty/ament_ws/src/install/gym_vis/share/gym_vis/package.dsv
-- Up-to-date: /home/bolty/ament_ws/src/install/gym_vis/share/ament_index/resource_index/packages/gym_vis
-- Up-to-date: /home/bolty/ament_ws/src/install/gym_vis/share/gym_vis/cmake/gym_visConfig.cmake
-- Up-to-date: /home/bolty/ament_ws/src/install/gym_vis/share/gym_vis/cmake/gym_visConfig-version.cmake
-- Up-to-date: /home/bolty/ament_ws/src/install/gym_vis/share/gym_vis/package.xml
