[0.035s] Invoking command in '/home/bolty/ament_ws/src/build/gym_vis': CMAKE_PREFIX_PATH=${CMAKE_PREFIX_PATH}:/home/bolty/ament_ws/src/install/action:/opt/watonomous/action:/opt/ros/humble /usr/bin/cmake --build /home/bolty/ament_ws/src/build/gym_vis -- -j16 -l16
[0.215s] [35m[1mConsolidate compiler generated dependencies of target gym_vis_node[0m
[0.216s] [100%] Built target gym_vis_node
[0.220s] Invoked command in '/home/bolty/ament_ws/src/build/gym_vis' returned '0': CMAKE_PREFIX_PATH=${CMAKE_PREFIX_PATH}:/home/bolty/ament_ws/src/install/action:/opt/watonomous/action:/opt/ros/humble /usr/bin/cmake --build /home/bolty/ament_ws/src/build/gym_vis -- -j16 -l16
[0.245s] Invoking command in '/home/bolty/ament_ws/src/build/gym_vis': CMAKE_PREFIX_PATH=${CMAKE_PREFIX_PATH}:/home/bolty/ament_ws/src/install/action:/opt/watonomous/action:/opt/ros/humble /usr/bin/cmake --install /home/bolty/ament_ws/src/build/gym_vis
[0.250s] -- Install configuration: ""
[0.251s] -- Up-to-date: /home/bolty/ament_ws/src/install/gym_vis/share/gym_vis/assets
[0.251s] -- Up-to-date: /home/bolty/ament_ws/src/install/gym_vis/share/gym_vis/assets/f1tenth_car.stl
[0.251s] -- Up-to-date: /home/bolty/ament_ws/src/install/gym_vis/lib/gym_vis/gym_vis_node
[0.251s] -- Up-to-date: /home/bolty/ament_ws/src/install/gym_vis/share/ament_index/resource_index/package_run_dependencies/gym_vis
[0.251s] -- Up-to-date: /home/bolty/ament_ws/src/install/gym_vis/share/ament_index/resource_index/parent_prefix_path/gym_vis
[0.251s] -- Up-to-date: /home/bolty/ament_ws/src/install/gym_vis/share/gym_vis/environment/ament_prefix_path.sh
[0.251s] -- Up-to-date: /home/bolty/ament_ws/src/install/gym_vis/share/gym_vis/environment/ament_prefix_path.dsv
[0.252s] -- Up-to-date: /home/bolty/ament_ws/src/install/gym_vis/share/gym_vis/environment/path.sh
[0.252s] -- Up-to-date: /home/bolty/ament_ws/src/install/gym_vis/share/gym_vis/environment/path.dsv
[0.252s] -- Up-to-date: /home/bolty/ament_ws/src/install/gym_vis/share/gym_vis/local_setup.bash
[0.252s] -- Up-to-date: /home/bolty/ament_ws/src/install/gym_vis/share/gym_vis/local_setup.sh
[0.253s] -- Up-to-date: /home/bolty/ament_ws/src/install/gym_vis/share/gym_vis/local_setup.zsh
[0.254s] -- Up-to-date: /home/bolty/ament_ws/src/install/gym_vis/share/gym_vis/local_setup.dsv
[0.254s] -- Installing: /home/bolty/ament_ws/src/install/gym_vis/share/gym_vis/package.dsv
[0.254s] -- Up-to-date: /home/bolty/ament_ws/src/install/gym_vis/share/ament_index/resource_index/packages/gym_vis
[0.255s] -- Up-to-date: /home/bolty/ament_ws/src/install/gym_vis/share/gym_vis/cmake/gym_visConfig.cmake
[0.255s] -- Up-to-date: /home/bolty/ament_ws/src/install/gym_vis/share/gym_vis/cmake/gym_visConfig-version.cmake
[0.255s] -- Up-to-date: /home/bolty/ament_ws/src/install/gym_vis/share/gym_vis/package.xml
[0.255s] Invoked command in '/home/bolty/ament_ws/src/build/gym_vis' returned '0': CMAKE_PREFIX_PATH=${CMAKE_PREFIX_PATH}:/home/bolty/ament_ws/src/install/action:/opt/watonomous/action:/opt/ros/humble /usr/bin/cmake --install /home/bolty/ament_ws/src/build/gym_vis
