[100%] Built target global_planner_node
-- Install configuration: ""
-- Up-to-date: /home/rraina/wato_f1tenth/install/global_planner/share/global_planner/assets
-- Up-to-date: /home/rraina/wato_f1tenth/install/global_planner/share/global_planner/assets/autoDriveRaceline_with_vel.csv
-- Up-to-date: /home/rraina/wato_f1tenth/install/global_planner/share/global_planner/assets/MexicoCity_centerline.csv
-- Up-to-date: /home/rraina/wato_f1tenth/install/global_planner/share/global_planner/assets/e7_fifth_v3_centerline.csv
-- Up-to-date: /home/rraina/wato_f1tenth/install/global_planner/share/global_planner/assets/e7_fifth_v3_optimal.csv
-- Up-to-date: /home/rraina/wato_f1tenth/install/global_planner/share/global_planner/assets/MexicoCity_raceline.csv
-- Up-to-date: /home/rraina/wato_f1tenth/install/global_planner/share/global_planner/assets/optmial_clean_map.csv
-- Up-to-date: /home/rraina/wato_f1tenth/install/global_planner/share/global_planner/assets/autodrive.csv
-- Up-to-date: /home/rraina/wato_f1tenth/install/global_planner/share/global_planner/assets/my_map_clean.csv
-- Up-to-date: /home/rraina/wato_f1tenth/install/global_planner/lib/global_planner/global_planner_node
-- Up-to-date: /home/rraina/wato_f1tenth/install/global_planner/share/ament_index/resource_index/package_run_dependencies/global_planner
-- Up-to-date: /home/rraina/wato_f1tenth/install/global_planner/share/ament_index/resource_index/parent_prefix_path/global_planner
-- Up-to-date: /home/rraina/wato_f1tenth/install/global_planner/share/global_planner/environment/ament_prefix_path.sh
-- Up-to-date: /home/rraina/wato_f1tenth/install/global_planner/share/global_planner/environment/ament_prefix_path.dsv
-- Up-to-date: /home/rraina/wato_f1tenth/install/global_planner/share/global_planner/environment/path.sh
-- Up-to-date: /home/rraina/wato_f1tenth/install/global_planner/share/global_planner/environment/path.dsv
-- Up-to-date: /home/rraina/wato_f1tenth/install/global_planner/share/global_planner/local_setup.bash
-- Up-to-date: /home/rraina/wato_f1tenth/install/global_planner/share/global_planner/local_setup.sh
-- Up-to-date: /home/rraina/wato_f1tenth/install/global_planner/share/global_planner/local_setup.zsh
-- Up-to-date: /home/rraina/wato_f1tenth/install/global_planner/share/global_planner/local_setup.dsv
-- Installing: /home/rraina/wato_f1tenth/install/global_planner/share/global_planner/package.dsv
-- Up-to-date: /home/rraina/wato_f1tenth/install/global_planner/share/ament_index/resource_index/packages/global_planner
-- Up-to-date: /home/rraina/wato_f1tenth/install/global_planner/share/global_planner/cmake/global_plannerConfig.cmake
-- Up-to-date: /home/rraina/wato_f1tenth/install/global_planner/share/global_planner/cmake/global_plannerConfig-version.cmake
-- Up-to-date: /home/rraina/wato_f1tenth/install/global_planner/share/global_planner/package.xml
