[0.897s] Invoking command in '/home/rraina/wato_f1tenth/build/transform_broadcast': CMAKE_PREFIX_PATH=${CMAKE_PREFIX_PATH}:/opt/ros/jazzy /usr/bin/cmake /home/rraina/wato_f1tenth/src/robot/transform_broadcast -DCMAKE_INSTALL_PREFIX=/home/rraina/wato_f1tenth/install/transform_broadcast
[5.450s] -- The C compiler identification is GNU 13.3.0
[5.450s] -- The CXX compiler identification is GNU 13.3.0
[5.450s] -- Detecting C compiler ABI info
[5.450s] -- Detecting C compiler ABI info - done
[5.451s] -- Check for working C compiler: /usr/bin/cc - skipped
[5.451s] -- Detecting C compile features
[5.451s] -- Detecting C compile features - done
[5.451s] -- Detecting CXX compiler ABI info
[5.451s] -- Detecting CXX compiler ABI info - done
[5.451s] -- Check for working CXX compiler: /usr/bin/c++ - skipped
[5.451s] -- Detecting CXX compile features
[5.452s] -- Detecting CXX compile features - done
[5.452s] -- Found ament_cmake: 2.5.5 (/opt/ros/jazzy/share/ament_cmake/cmake)
[5.452s] -- Found Python3: /usr/bin/python3 (found version "3.12.3") found components: Interpreter 
[5.594s] -- Found rclcpp: 28.1.16 (/opt/ros/jazzy/share/rclcpp/cmake)
[5.948s] -- Found rosidl_generator_c: 4.6.7 (/opt/ros/jazzy/share/rosidl_generator_c/cmake)
[5.979s] -- Found rosidl_generator_cpp: 4.6.7 (/opt/ros/jazzy/share/rosidl_generator_cpp/cmake)
[6.023s] -- Using all available rosidl_typesupport_c: rosidl_typesupport_fastrtps_c;rosidl_typesupport_introspection_c
[6.067s] -- Using all available rosidl_typesupport_cpp: rosidl_typesupport_fastrtps_cpp;rosidl_typesupport_introspection_cpp
[6.248s] -- Found rmw_implementation_cmake: 7.3.3 (/opt/ros/jazzy/share/rmw_implementation_cmake/cmake)
[6.254s] -- Found rmw_fastrtps_cpp: 8.4.3 (/opt/ros/jazzy/share/rmw_fastrtps_cpp/cmake)
[6.428s] -- Found OpenSSL: /usr/lib/x86_64-linux-gnu/libcrypto.so (found version "3.0.13")  
[6.835s] -- Found FastRTPS: /opt/ros/jazzy/include (Required is at least version "2.13") 
[7.064s] -- Using RMW implementation 'rmw_fastrtps_cpp' as default
[7.435s] -- Found nav_msgs: 5.3.6 (/opt/ros/jazzy/share/nav_msgs/cmake)
[7.575s] -- Found tf2_ros: 0.36.19 (/opt/ros/jazzy/share/tf2_ros/cmake)
[7.867s] -- Found tf2_geometry_msgs: 0.36.19 (/opt/ros/jazzy/share/tf2_geometry_msgs/cmake)
[7.988s] -- Found eigen3_cmake_module: 0.3.0 (/opt/ros/jazzy/share/eigen3_cmake_module/cmake)
[7.990s] -- Found Eigen3: TRUE (found version "3.4.0") 
[7.991s] -- Ensuring Eigen3 include directory is part of orocos-kdl CMake target
[8.003s] -- Found ament_lint_auto: 0.17.4 (/opt/ros/jazzy/share/ament_lint_auto/cmake)
[8.234s] -- Added test 'cppcheck' to perform static code analysis on C / C++ code
[8.234s] -- Configured cppcheck include dirs: /home/rraina/wato_f1tenth/src/robot/transform_broadcast/include
[8.234s] -- Configured cppcheck exclude dirs and/or files: 
[8.237s] -- Added test 'lint_cmake' to check CMake code style
[8.240s] -- Added test 'uncrustify' to check C / C++ code style
[8.241s] -- Configured uncrustify additional arguments: 
[8.243s] -- Added test 'xmllint' to check XML markup files
[8.249s] -- Configuring done (7.3s)
[8.289s] -- Generating done (0.0s)
[8.303s] -- Build files have been written to: /home/rraina/wato_f1tenth/build/transform_broadcast
[8.330s] Invoked command in '/home/rraina/wato_f1tenth/build/transform_broadcast' returned '0': CMAKE_PREFIX_PATH=${CMAKE_PREFIX_PATH}:/opt/ros/jazzy /usr/bin/cmake /home/rraina/wato_f1tenth/src/robot/transform_broadcast -DCMAKE_INSTALL_PREFIX=/home/rraina/wato_f1tenth/install/transform_broadcast
[8.332s] Invoking command in '/home/rraina/wato_f1tenth/build/transform_broadcast': CMAKE_PREFIX_PATH=${CMAKE_PREFIX_PATH}:/opt/ros/jazzy /usr/bin/cmake --build /home/rraina/wato_f1tenth/build/transform_broadcast -- -j22 -l22
[8.433s] [ 50%] [32mBuilding CXX object CMakeFiles/transform_broadcast_node.dir/src/transform_boradcast.cpp.o[0m
[42.225s] [100%] [32m[1mLinking CXX executable transform_broadcast_node[0m
[43.807s] [100%] Built target transform_broadcast_node
