[0.131s] Invoking command in '/home/rraina/wato_f1tenth/build/asio_cmake_module': CMAKE_PREFIX_PATH=${CMAKE_PREFIX_PATH}:/opt/ros/jazzy /usr/bin/cmake --build /home/rraina/wato_f1tenth/build/asio_cmake_module -- -j22 -l22
[1.057s] Invoked command in '/home/rraina/wato_f1tenth/build/asio_cmake_module' returned '0': CMAKE_PREFIX_PATH=${CMAKE_PREFIX_PATH}:/opt/ros/jazzy /usr/bin/cmake --build /home/rraina/wato_f1tenth/build/asio_cmake_module -- -j22 -l22
[1.068s] Invoking command in '/home/rraina/wato_f1tenth/build/asio_cmake_module': CMAKE_PREFIX_PATH=${CMAKE_PREFIX_PATH}:/opt/ros/jazzy /usr/bin/cmake --install /home/rraina/wato_f1tenth/build/asio_cmake_module
[1.136s] -- Install configuration: ""
[1.137s] -- Up-to-date: /home/rraina/wato_f1tenth/install/asio_cmake_module/share/ament_index/resource_index/package_run_dependencies/asio_cmake_module
[1.137s] -- Up-to-date: /home/rraina/wato_f1tenth/install/asio_cmake_module/share/ament_index/resource_index/parent_prefix_path/asio_cmake_module
[1.137s] -- Up-to-date: /home/rraina/wato_f1tenth/install/asio_cmake_module/share/asio_cmake_module/environment/ament_prefix_path.sh
[1.137s] -- Up-to-date: /home/rraina/wato_f1tenth/install/asio_cmake_module/share/asio_cmake_module/environment/ament_prefix_path.dsv
[1.137s] -- Up-to-date: /home/rraina/wato_f1tenth/install/asio_cmake_module/share/asio_cmake_module/environment/path.sh
[1.137s] -- Up-to-date: /home/rraina/wato_f1tenth/install/asio_cmake_module/share/asio_cmake_module/environment/path.dsv
[1.138s] -- Up-to-date: /home/rraina/wato_f1tenth/install/asio_cmake_module/share/asio_cmake_module/local_setup.bash
[1.138s] -- Up-to-date: /home/rraina/wato_f1tenth/install/asio_cmake_module/share/asio_cmake_module/local_setup.sh
[1.138s] -- Up-to-date: /home/rraina/wato_f1tenth/install/asio_cmake_module/share/asio_cmake_module/local_setup.zsh
[1.138s] -- Up-to-date: /home/rraina/wato_f1tenth/install/asio_cmake_module/share/asio_cmake_module/local_setup.dsv
[1.138s] -- Up-to-date: /home/rraina/wato_f1tenth/install/asio_cmake_module/share/asio_cmake_module/package.dsv
[1.139s] -- Up-to-date: /home/rraina/wato_f1tenth/install/asio_cmake_module/share/ament_index/resource_index/packages/asio_cmake_module
[1.139s] -- Up-to-date: /home/rraina/wato_f1tenth/install/asio_cmake_module/share/asio_cmake_module/cmake/asio_cmake_module-extras.cmake
[1.139s] -- Up-to-date: /home/rraina/wato_f1tenth/install/asio_cmake_module/share/asio_cmake_module/cmake/asio_cmake_moduleConfig.cmake
[1.139s] -- Up-to-date: /home/rraina/wato_f1tenth/install/asio_cmake_module/share/asio_cmake_module/cmake/asio_cmake_moduleConfig-version.cmake
[1.139s] -- Up-to-date: /home/rraina/wato_f1tenth/install/asio_cmake_module/share/asio_cmake_module/package.xml
[1.139s] -- Up-to-date: /home/rraina/wato_f1tenth/install/asio_cmake_module/share/asio_cmake_module/cmake
[1.140s] -- Up-to-date: /home/rraina/wato_f1tenth/install/asio_cmake_module/share/asio_cmake_module/cmake/Modules
[1.140s] -- Up-to-date: /home/rraina/wato_f1tenth/install/asio_cmake_module/share/asio_cmake_module/cmake/Modules/FindASIO.cmake
[1.207s] Invoked command in '/home/rraina/wato_f1tenth/build/asio_cmake_module' returned '0': CMAKE_PREFIX_PATH=${CMAKE_PREFIX_PATH}:/opt/ros/jazzy /usr/bin/cmake --install /home/rraina/wato_f1tenth/build/asio_cmake_module
