[0.133s] Invoking command in '/home/rraina/wato_f1tenth/build/ackermann_ekf': CMAKE_PREFIX_PATH=${CMAKE_PREFIX_PATH}:/opt/ros/jazzy /usr/bin/cmake /home/rraina/wato_f1tenth/src/robot/ackermann_ekf -DCMAKE_INSTALL_PREFIX=/home/rraina/wato_f1tenth/install/ackermann_ekf
[1.008s] -- The C compiler identification is GNU 13.3.0
[2.147s] -- The CXX compiler identification is GNU 13.3.0
[3.280s] -- Detecting C compiler ABI info
[3.866s] -- Detecting C compiler ABI info - done
[3.884s] -- Check for working C compiler: /usr/bin/cc - skipped
[3.885s] -- Detecting C compile features
[3.885s] -- Detecting C compile features - done
[4.059s] -- Detecting CXX compiler ABI info
[4.589s] -- Detecting CXX compiler ABI info - done
[4.609s] -- Check for working CXX compiler: /usr/bin/c++ - skipped
[4.609s] -- Detecting CXX compile features
[4.609s] -- Detecting CXX compile features - done
[4.617s] -- Found ament_cmake: 2.5.5 (/opt/ros/jazzy/share/ament_cmake/cmake)
[4.928s] -- Found Python3: /usr/bin/python3 (found version "3.12.3") found components: Interpreter 
[5.199s] -- Found rclcpp: 28.1.16 (/opt/ros/jazzy/share/rclcpp/cmake)
[5.579s] -- Found rosidl_generator_c: 4.6.7 (/opt/ros/jazzy/share/rosidl_generator_c/cmake)
[5.619s] -- Found rosidl_generator_cpp: 4.6.7 (/opt/ros/jazzy/share/rosidl_generator_cpp/cmake)
[5.673s] -- Using all available rosidl_typesupport_c: rosidl_typesupport_fastrtps_c;rosidl_typesupport_introspection_c
[5.729s] -- Using all available rosidl_typesupport_cpp: rosidl_typesupport_fastrtps_cpp;rosidl_typesupport_introspection_cpp
[5.960s] -- Found rmw_implementation_cmake: 7.3.3 (/opt/ros/jazzy/share/rmw_implementation_cmake/cmake)
[5.971s] -- Found rmw_fastrtps_cpp: 8.4.3 (/opt/ros/jazzy/share/rmw_fastrtps_cpp/cmake)
[6.174s] -- Found OpenSSL: /usr/lib/x86_64-linux-gnu/libcrypto.so (found version "3.0.13")  
[6.584s] -- Found FastRTPS: /opt/ros/jazzy/include (Required is at least version "2.13") 
[6.784s] -- Using RMW implementation 'rmw_fastrtps_cpp' as default
[7.241s] -- Found std_msgs: 5.3.6 (/opt/ros/jazzy/share/std_msgs/cmake)
[7.274s] -- Found nav_msgs: 5.3.6 (/opt/ros/jazzy/share/nav_msgs/cmake)
[7.350s] -- Found sensor_msgs: 5.3.6 (/opt/ros/jazzy/share/sensor_msgs/cmake)
[7.422s] -- Found tf2_ros: 0.36.19 (/opt/ros/jazzy/share/tf2_ros/cmake)
[7.777s] -- Found tf2_geometry_msgs: 0.36.19 (/opt/ros/jazzy/share/tf2_geometry_msgs/cmake)
[7.953s] -- Found eigen3_cmake_module: 0.3.0 (/opt/ros/jazzy/share/eigen3_cmake_module/cmake)
[7.958s] -- Found Eigen3: TRUE (found version "3.4.0") 
[7.959s] -- Ensuring Eigen3 include directory is part of orocos-kdl CMake target
[7.970s] -- Found ackermann_msgs: 2.0.2 (/opt/ros/jazzy/share/ackermann_msgs/cmake)
[8.000s] -- Found ament_lint_auto: 0.17.4 (/opt/ros/jazzy/share/ament_lint_auto/cmake)
[8.251s] -- Added test 'cppcheck' to perform static code analysis on C / C++ code
[8.252s] -- Configured cppcheck include dirs: /home/rraina/wato_f1tenth/src/robot/ackermann_ekf/include
[8.252s] -- Configured cppcheck exclude dirs and/or files: 
[8.254s] -- Added test 'lint_cmake' to check CMake code style
[8.259s] -- Added test 'uncrustify' to check C / C++ code style
[8.259s] -- Configured uncrustify additional arguments: 
[8.262s] -- Added test 'xmllint' to check XML markup files
[8.265s] -- Configuring done (8.0s)
[8.332s] -- Generating done (0.0s)
[8.349s] -- Build files have been written to: /home/rraina/wato_f1tenth/build/ackermann_ekf
[8.373s] Invoked command in '/home/rraina/wato_f1tenth/build/ackermann_ekf' returned '0': CMAKE_PREFIX_PATH=${CMAKE_PREFIX_PATH}:/opt/ros/jazzy /usr/bin/cmake /home/rraina/wato_f1tenth/src/robot/ackermann_ekf -DCMAKE_INSTALL_PREFIX=/home/rraina/wato_f1tenth/install/ackermann_ekf
[8.374s] Invoking command in '/home/rraina/wato_f1tenth/build/ackermann_ekf': CMAKE_PREFIX_PATH=${CMAKE_PREFIX_PATH}:/opt/ros/jazzy /usr/bin/cmake --build /home/rraina/wato_f1tenth/build/ackermann_ekf -- -j22 -l22
[8.477s] [ 25%] [32mBuilding CXX object CMakeFiles/ekf_node.dir/src/ekf_node.cpp.o[0m
[8.479s] [ 50%] [32mBuilding CXX object CMakeFiles/ekf.dir/src/ekf.cpp.o[0m
[23.450s] In file included from [01m[K/opt/ros/jazzy/include/rclcpp/rclcpp/logging.hpp:24[m[K,
[23.452s]                  from [01m[K/opt/ros/jazzy/include/rclcpp/rclcpp/copy_all_parameter_values.hpp:27[m[K,
[23.453s]                  from [01m[K/opt/ros/jazzy/include/rclcpp/rclcpp/rclcpp.hpp:171[m[K,
[23.453s]                  from [01m[K/home/rraina/wato_f1tenth/src/robot/ackermann_ekf/include/ekf.hpp:11[m[K,
[23.454s]                  from [01m[K/home/rraina/wato_f1tenth/src/robot/ackermann_ekf/src/ekf.cpp:1[m[K:
[23.454s] [01m[K/home/rraina/wato_f1tenth/src/robot/ackermann_ekf/src/ekf.cpp:[m[K In member function ‘[01m[Kmatrix7d EKF::[01;32m[Kcalc_jacobian_g[m[K(const vector7d&, double)[m[K’:
[23.455s] [01m[K/home/rraina/wato_f1tenth/src/robot/ackermann_ekf/src/ekf.cpp:273:41:[m[K [01;35m[Kwarning: [m[Kformat ‘[01m[K%f[m[K’ expects a matching ‘[01m[Kdouble[m[K’ argument [[01;35m[K]8;;https://gcc.gnu.org/onlinedocs/gcc/Warning-Options.html#index-Wformat=-Wformat=]8;;[m[K]
[23.455s]   273 |         RCLCPP_INFO(this->get_logger(), [01;35m[K"dt is %f, v is %f, theta is %f, phi is %f, wheel_base is %f, ax is %f, ay is %f"[m[K, DT, theta, phi, L_WB, ax, ay);
[23.456s]       |                                         [01;35m[K^~~~~~~~~~~~~~~~~~~~~~~~~~~~~~~~~~~~~~~~~~~~~~~~~~~~~~~~~~~~~~~~~~~~~~~~~~~~~~~~~[m[K
[23.456s] [01m[K/home/rraina/wato_f1tenth/src/robot/ackermann_ekf/src/ekf.cpp:273:120:[m[K [01;36m[Knote: [m[Kformat string is defined here
[23.456s]   273 |         RCLCPP_INFO(this->get_logger(), "dt is %f, v is %f, theta is %f, phi is %f, wheel_base is %f, ax is %f, ay is [01;36m[K%f[m[K", DT, theta, phi, L_WB, ax, ay);
[23.457s]       |                                                                                                                       [01;36m[K~^[m[K
[23.457s]       |                                                                                                                        [01;36m[K|[m[K
[23.457s]       |                                                                                                                        [01;36m[Kdouble[m[K
[60.136s] [ 75%] [32m[1mLinking CXX executable ekf_node[0m
[61.324s] [ 75%] Built target ekf_node
[73.546s] [100%] [32m[1mLinking CXX executable ekf[0m
[74.914s] [100%] Built target ekf
