-- Found ament_cmake: 2.5.5 (/opt/ros/jazzy/share/ament_cmake/cmake)
-- Found rclcpp: 28.1.16 (/opt/ros/jazzy/share/rclcpp/cmake)
-- Found rosidl_generator_c: 4.6.7 (/opt/ros/jazzy/share/rosidl_generator_c/cmake)
-- Found rosidl_generator_cpp: 4.6.7 (/opt/ros/jazzy/share/rosidl_generator_cpp/cmake)
-- Using all available rosidl_typesupport_c: rosidl_typesupport_fastrtps_c;rosidl_typesupport_introspection_c
-- Using all available rosidl_typesupport_cpp: rosidl_typesupport_fastrtps_cpp;rosidl_typesupport_introspection_cpp
-- Found rmw_implementation_cmake: 7.3.3 (/opt/ros/jazzy/share/rmw_implementation_cmake/cmake)
-- Found rmw_fastrtps_cpp: 8.4.3 (/opt/ros/jazzy/share/rmw_fastrtps_cpp/cmake)
-- Using RMW implementation 'rmw_fastrtps_cpp' as default
-- Found std_msgs: 5.3.6 (/opt/ros/jazzy/share/std_msgs/cmake)
-- Found nav_msgs: 5.3.6 (/opt/ros/jazzy/share/nav_msgs/cmake)
-- Found sensor_msgs: 5.3.6 (/opt/ros/jazzy/share/sensor_msgs/cmake)
-- Found tf2_ros: 0.36.19 (/opt/ros/jazzy/share/tf2_ros/cmake)
-- Found tf2_geometry_msgs: 0.36.19 (/opt/ros/jazzy/share/tf2_geometry_msgs/cmake)
-- Found eigen3_cmake_module: 0.3.0 (/opt/ros/jazzy/share/eigen3_cmake_module/cmake)
-- Ensuring Eigen3 include directory is part of orocos-kdl CMake target
-- Found ackermann_msgs: 2.0.2 (/opt/ros/jazzy/share/ackermann_msgs/cmake)
-- Configuring done (1.8s)
-- Generating done (0.0s)
-- Build files have been written to: /home/rraina/wato_f1tenth/build/ackermann_ekf
[ 50%] Built target ekf
[100%] Built target ekf_node
-- Install configuration: ""
-- Up-to-date: /home/rraina/wato_f1tenth/install/ackermann_ekf/lib/ackermann_ekf/ekf_node
-- Up-to-date: /home/rraina/wato_f1tenth/install/ackermann_ekf/lib/ackermann_ekf/ekf
-- Up-to-date: /home/rraina/wato_f1tenth/install/ackermann_ekf/share/ament_index/resource_index/package_run_dependencies/ackermann_ekf
-- Up-to-date: /home/rraina/wato_f1tenth/install/ackermann_ekf/share/ament_index/resource_index/parent_prefix_path/ackermann_ekf
-- Up-to-date: /home/rraina/wato_f1tenth/install/ackermann_ekf/share/ackermann_ekf/environment/ament_prefix_path.sh
-- Up-to-date: /home/rraina/wato_f1tenth/install/ackermann_ekf/share/ackermann_ekf/environment/ament_prefix_path.dsv
-- Up-to-date: /home/rraina/wato_f1tenth/install/ackermann_ekf/share/ackermann_ekf/environment/path.sh
-- Up-to-date: /home/rraina/wato_f1tenth/install/ackermann_ekf/share/ackermann_ekf/environment/path.dsv
-- Up-to-date: /home/rraina/wato_f1tenth/install/ackermann_ekf/share/ackermann_ekf/local_setup.bash
-- Up-to-date: /home/rraina/wato_f1tenth/install/ackermann_ekf/share/ackermann_ekf/local_setup.sh
-- Up-to-date: /home/rraina/wato_f1tenth/install/ackermann_ekf/share/ackermann_ekf/local_setup.zsh
-- Up-to-date: /home/rraina/wato_f1tenth/install/ackermann_ekf/share/ackermann_ekf/local_setup.dsv
-- Installing: /home/rraina/wato_f1tenth/install/ackermann_ekf/share/ackermann_ekf/package.dsv
-- Up-to-date: /home/rraina/wato_f1tenth/install/ackermann_ekf/share/ament_index/resource_index/packages/ackermann_ekf
-- Up-to-date: /home/rraina/wato_f1tenth/install/ackermann_ekf/share/ackermann_ekf/cmake/ackermann_ekfConfig.cmake
-- Up-to-date: /home/rraina/wato_f1tenth/install/ackermann_ekf/share/ackermann_ekf/cmake/ackermann_ekfConfig-version.cmake
-- Up-to-date: /home/rraina/wato_f1tenth/install/ackermann_ekf/share/ackermann_ekf/package.xml
