[0.024s] Invoking command in '/home/bolty/ament_ws/src/build/bringup_robot': AMENT_PREFIX_PATH=/home/bolty/ament_ws/src/install/gym_vis:${AMENT_PREFIX_PATH} CMAKE_PREFIX_PATH=/home/bolty/ament_ws/src/install/gym_vis:/opt/ros/humble /usr/bin/cmake --build /home/bolty/ament_ws/src/build/bringup_robot -- -j16 -l16
[0.071s] Invoked command in '/home/bolty/ament_ws/src/build/bringup_robot' returned '0': AMENT_PREFIX_PATH=/home/bolty/ament_ws/src/install/gym_vis:${AMENT_PREFIX_PATH} CMAKE_PREFIX_PATH=/home/bolty/ament_ws/src/install/gym_vis:/opt/ros/humble /usr/bin/cmake --build /home/bolty/ament_ws/src/build/bringup_robot -- -j16 -l16
[0.100s] Invoking command in '/home/bolty/ament_ws/src/build/bringup_robot': AMENT_PREFIX_PATH=/home/bolty/ament_ws/src/install/gym_vis:${AMENT_PREFIX_PATH} CMAKE_PREFIX_PATH=/home/bolty/ament_ws/src/install/gym_vis:/opt/ros/humble /usr/bin/cmake --install /home/bolty/ament_ws/src/build/bringup_robot
[0.110s] -- Install configuration: ""
[0.112s] -- Up-to-date: /home/bolty/ament_ws/src/install/bringup_robot/share/bringup_robot/launch
[0.112s] -- Up-to-date: /home/bolty/ament_ws/src/install/bringup_robot/share/bringup_robot/launch/robot.launch.py
[0.112s] -- Up-to-date: /home/bolty/ament_ws/src/install/bringup_robot/share/ament_index/resource_index/package_run_dependencies/bringup_robot
[0.112s] -- Up-to-date: /home/bolty/ament_ws/src/install/bringup_robot/share/ament_index/resource_index/parent_prefix_path/bringup_robot
[0.112s] -- Up-to-date: /home/bolty/ament_ws/src/install/bringup_robot/share/bringup_robot/environment/ament_prefix_path.sh
[0.117s] -- Up-to-date: /home/bolty/ament_ws/src/install/bringup_robot/share/bringup_robot/environment/ament_prefix_path.dsv
[0.117s] -- Up-to-date: /home/bolty/ament_ws/src/install/bringup_robot/share/bringup_robot/environment/path.sh
[0.117s] -- Up-to-date: /home/bolty/ament_ws/src/install/bringup_robot/share/bringup_robot/environment/path.dsv
[0.117s] -- Up-to-date: /home/bolty/ament_ws/src/install/bringup_robot/share/bringup_robot/local_setup.bash
[0.117s] -- Up-to-date: /home/bolty/ament_ws/src/install/bringup_robot/share/bringup_robot/local_setup.sh
[0.117s] -- Up-to-date: /home/bolty/ament_ws/src/install/bringup_robot/share/bringup_robot/local_setup.zsh
[0.117s] -- Up-to-date: /home/bolty/ament_ws/src/install/bringup_robot/share/bringup_robot/local_setup.dsv
[0.120s] -- Installing: /home/bolty/ament_ws/src/install/bringup_robot/share/bringup_robot/package.dsv
[0.123s] -- Up-to-date: /home/bolty/ament_ws/src/install/bringup_robot/share/ament_index/resource_index/packages/bringup_robot
[0.123s] -- Up-to-date: /home/bolty/ament_ws/src/install/bringup_robot/share/bringup_robot/cmake/bringup_robotConfig.cmake
[0.123s] -- Up-to-date: /home/bolty/ament_ws/src/install/bringup_robot/share/bringup_robot/cmake/bringup_robotConfig-version.cmake
[0.123s] -- Up-to-date: /home/bolty/ament_ws/src/install/bringup_robot/share/bringup_robot/package.xml
[0.123s] Invoked command in '/home/bolty/ament_ws/src/build/bringup_robot' returned '0': AMENT_PREFIX_PATH=/home/bolty/ament_ws/src/install/gym_vis:${AMENT_PREFIX_PATH} CMAKE_PREFIX_PATH=/home/bolty/ament_ws/src/install/gym_vis:/opt/ros/humble /usr/bin/cmake --install /home/bolty/ament_ws/src/build/bringup_robot
