[0.101s] Invoking command in '/home/rraina/wato_f1tenth/build/serial_driver': AMENT_PREFIX_PATH=/home/rraina/wato_f1tenth/install/io_context:/home/rraina/wato_f1tenth/install/asio_cmake_module:${AMENT_PREFIX_PATH} CMAKE_PREFIX_PATH=/home/rraina/wato_f1tenth/install/io_context:/home/rraina/wato_f1tenth/install/asio_cmake_module:/opt/ros/jazzy/opt/gz_sim_vendor:/opt/ros/jazzy/opt/gz_sensors_vendor:/opt/ros/jazzy/opt/gz_physics_vendor:/opt/ros/jazzy/opt/sdformat_vendor:/opt/ros/jazzy/opt/gz_gui_vendor:/opt/ros/jazzy/opt/gz_transport_vendor:/opt/ros/jazzy/opt/gz_rendering_vendor:/opt/ros/jazzy/opt/gz_plugin_vendor:/opt/ros/jazzy/opt/gz_fuel_tools_vendor:/opt/ros/jazzy/opt/gz_msgs_vendor:/opt/ros/jazzy/opt/gz_common_vendor:/opt/ros/jazzy/opt/gz_math_vendor:/opt/ros/jazzy/opt/gz_utils_vendor:/opt/ros/jazzy/opt/gz_tools_vendor:/opt/ros/jazzy/opt/gz_ogre_next_vendor:/opt/ros/jazzy/opt/gz_dartsim_vendor:/opt/ros/jazzy/opt/gz_cmake_vendor:/opt/ros/jazzy LD_LIBRARY_PATH=/home/rraina/wato_f1tenth/install/io_context/lib:${LD_LIBRARY_PATH} /usr/bin/cmake /home/rraina/wato_f1tenth/src/robot/transport_drivers/serial_driver -DBUILD_TESTING=OFF -DCMAKE_INSTALL_PREFIX=/home/rraina/wato_f1tenth/install/serial_driver
[0.260s] -- The C compiler identification is GNU 13.3.0
[0.756s] -- The CXX compiler identification is GNU 13.3.0
[1.254s] -- Detecting C compiler ABI info
[1.445s] -- Detecting C compiler ABI info - done
[1.451s] -- Check for working C compiler: /usr/bin/cc - skipped
[1.451s] -- Detecting C compile features
[1.452s] -- Detecting C compile features - done
[1.522s] -- Detecting CXX compiler ABI info
[1.715s] -- Detecting CXX compiler ABI info - done
[1.721s] -- Check for working CXX compiler: /usr/bin/c++ - skipped
[1.721s] -- Detecting CXX compile features
[1.721s] -- Detecting CXX compile features - done
[1.724s] -- Found ament_cmake_auto: 2.5.5 (/opt/ros/jazzy/share/ament_cmake_auto/cmake)
[1.840s] -- Found Python3: /usr/bin/python3 (found version "3.12.3") found components: Interpreter 
[2.698s] -- Found rosidl_generator_c: 4.6.7 (/opt/ros/jazzy/share/rosidl_generator_c/cmake)
[2.711s] -- Found rosidl_generator_cpp: 4.6.7 (/opt/ros/jazzy/share/rosidl_generator_cpp/cmake)
[2.729s] -- Using all available rosidl_typesupport_c: rosidl_typesupport_fastrtps_c;rosidl_typesupport_introspection_c
[2.747s] -- Using all available rosidl_typesupport_cpp: rosidl_typesupport_fastrtps_cpp;rosidl_typesupport_introspection_cpp
[2.818s] -- Found rmw_implementation_cmake: 7.3.3 (/opt/ros/jazzy/share/rmw_implementation_cmake/cmake)
[2.820s] -- Found rmw_fastrtps_cpp: 8.4.3 (/opt/ros/jazzy/share/rmw_fastrtps_cpp/cmake)
[2.890s] -- Found OpenSSL: /usr/lib/x86_64-linux-gnu/libcrypto.so (found version "3.0.13")  
[3.041s] -- Found FastRTPS: /opt/ros/jazzy/include (Required is at least version "2.13") 
[3.117s] -- Using RMW implementation 'rmw_fastrtps_cpp' as default
[3.277s] -- Found asio_cmake_module: 1.2.0 (/home/rraina/wato_f1tenth/install/asio_cmake_module/share/asio_cmake_module/cmake)
[3.305s] -- Found ASIO: /usr/include  
[3.380s] In this package, headers install destination is set to `include` by ament_auto_package. It is recommended to install `include/serial_driver` instead and will be the default behavior of ament_auto_package from ROS 2 Kilted Kaiju. On distributions before Kilted, ament_auto_package behaves the same way when you use USE_SCOPED_HEADER_INSTALL_DIR option.
[3.386s] -- Configuring done (3.3s)
[3.414s] -- Generating done (0.0s)
[3.420s] -- Build files have been written to: /home/rraina/wato_f1tenth/build/serial_driver
[3.427s] Invoked command in '/home/rraina/wato_f1tenth/build/serial_driver' returned '0': AMENT_PREFIX_PATH=/home/rraina/wato_f1tenth/install/io_context:/home/rraina/wato_f1tenth/install/asio_cmake_module:${AMENT_PREFIX_PATH} CMAKE_PREFIX_PATH=/home/rraina/wato_f1tenth/install/io_context:/home/rraina/wato_f1tenth/install/asio_cmake_module:/opt/ros/jazzy/opt/gz_sim_vendor:/opt/ros/jazzy/opt/gz_sensors_vendor:/opt/ros/jazzy/opt/gz_physics_vendor:/opt/ros/jazzy/opt/sdformat_vendor:/opt/ros/jazzy/opt/gz_gui_vendor:/opt/ros/jazzy/opt/gz_transport_vendor:/opt/ros/jazzy/opt/gz_rendering_vendor:/opt/ros/jazzy/opt/gz_plugin_vendor:/opt/ros/jazzy/opt/gz_fuel_tools_vendor:/opt/ros/jazzy/opt/gz_msgs_vendor:/opt/ros/jazzy/opt/gz_common_vendor:/opt/ros/jazzy/opt/gz_math_vendor:/opt/ros/jazzy/opt/gz_utils_vendor:/opt/ros/jazzy/opt/gz_tools_vendor:/opt/ros/jazzy/opt/gz_ogre_next_vendor:/opt/ros/jazzy/opt/gz_dartsim_vendor:/opt/ros/jazzy/opt/gz_cmake_vendor:/opt/ros/jazzy LD_LIBRARY_PATH=/home/rraina/wato_f1tenth/install/io_context/lib:${LD_LIBRARY_PATH} /usr/bin/cmake /home/rraina/wato_f1tenth/src/robot/transport_drivers/serial_driver -DBUILD_TESTING=OFF -DCMAKE_INSTALL_PREFIX=/home/rraina/wato_f1tenth/install/serial_driver
[3.428s] Invoking command in '/home/rraina/wato_f1tenth/build/serial_driver': AMENT_PREFIX_PATH=/home/rraina/wato_f1tenth/install/io_context:/home/rraina/wato_f1tenth/install/asio_cmake_module:${AMENT_PREFIX_PATH} CMAKE_PREFIX_PATH=/home/rraina/wato_f1tenth/install/io_context:/home/rraina/wato_f1tenth/install/asio_cmake_module:/opt/ros/jazzy/opt/gz_sim_vendor:/opt/ros/jazzy/opt/gz_sensors_vendor:/opt/ros/jazzy/opt/gz_physics_vendor:/opt/ros/jazzy/opt/sdformat_vendor:/opt/ros/jazzy/opt/gz_gui_vendor:/opt/ros/jazzy/opt/gz_transport_vendor:/opt/ros/jazzy/opt/gz_rendering_vendor:/opt/ros/jazzy/opt/gz_plugin_vendor:/opt/ros/jazzy/opt/gz_fuel_tools_vendor:/opt/ros/jazzy/opt/gz_msgs_vendor:/opt/ros/jazzy/opt/gz_common_vendor:/opt/ros/jazzy/opt/gz_math_vendor:/opt/ros/jazzy/opt/gz_utils_vendor:/opt/ros/jazzy/opt/gz_tools_vendor:/opt/ros/jazzy/opt/gz_ogre_next_vendor:/opt/ros/jazzy/opt/gz_dartsim_vendor:/opt/ros/jazzy/opt/gz_cmake_vendor:/opt/ros/jazzy LD_LIBRARY_PATH=/home/rraina/wato_f1tenth/install/io_context/lib:${LD_LIBRARY_PATH} /usr/bin/cmake --build /home/rraina/wato_f1tenth/build/serial_driver -- -j22 -l22
[3.472s] [ 14%] Building CXX object CMakeFiles/serial_driver.dir/src/serial_port.cpp.o
[3.472s] [ 28%] Building CXX object CMakeFiles/serial_bridge.dir/rclcpp_components/node_main_serial_bridge.cpp.o
[3.475s] [ 42%] Building CXX object CMakeFiles/serial_driver.dir/src/serial_driver.cpp.o
[5.488s] [ 57%] Linking CXX shared library libserial_driver.so
[5.715s] [ 57%] Built target serial_driver
[5.734s] [ 71%] Building CXX object CMakeFiles/serial_driver_nodes.dir/src/serial_bridge_node.cpp.o
[6.245s] In file included from /home/rraina/wato_f1tenth/install/io_context/include/msg_converters/converters.hpp:21,
[6.246s]                  from /home/rraina/wato_f1tenth/src/robot/transport_drivers/serial_driver/include/serial_driver/serial_bridge_node.hpp:29,
[6.246s]                  from /home/rraina/wato_f1tenth/src/robot/transport_drivers/serial_driver/src/serial_bridge_node.cpp:15:
[6.246s] /home/rraina/wato_f1tenth/install/io_context/include/msg_converters/udp_msgs.hpp:20:10: fatal error: udp_msgs/msg/udp_packet.hpp: No such file or directory
[6.246s]    20 | #include <udp_msgs/msg/udp_packet.hpp>
[6.246s]       |          ^~~~~~~~~~~~~~~~~~~~~~~~~~~~~
[6.246s] compilation terminated.
[6.251s] gmake[2]: *** [CMakeFiles/serial_driver_nodes.dir/build.make:76: CMakeFiles/serial_driver_nodes.dir/src/serial_bridge_node.cpp.o] Error 1
[6.251s] gmake[1]: *** [CMakeFiles/Makefile2:167: CMakeFiles/serial_driver_nodes.dir/all] Error 2
[6.251s] gmake[1]: *** Waiting for unfinished jobs....
[6.298s] [ 85%] Linking CXX executable serial_bridge
[6.483s] [ 85%] Built target serial_bridge
[6.484s] gmake: *** [Makefile:146: all] Error 2
[6.485s] Invoked command in '/home/rraina/wato_f1tenth/build/serial_driver' returned '2': AMENT_PREFIX_PATH=/home/rraina/wato_f1tenth/install/io_context:/home/rraina/wato_f1tenth/install/asio_cmake_module:${AMENT_PREFIX_PATH} CMAKE_PREFIX_PATH=/home/rraina/wato_f1tenth/install/io_context:/home/rraina/wato_f1tenth/install/asio_cmake_module:/opt/ros/jazzy/opt/gz_sim_vendor:/opt/ros/jazzy/opt/gz_sensors_vendor:/opt/ros/jazzy/opt/gz_physics_vendor:/opt/ros/jazzy/opt/sdformat_vendor:/opt/ros/jazzy/opt/gz_gui_vendor:/opt/ros/jazzy/opt/gz_transport_vendor:/opt/ros/jazzy/opt/gz_rendering_vendor:/opt/ros/jazzy/opt/gz_plugin_vendor:/opt/ros/jazzy/opt/gz_fuel_tools_vendor:/opt/ros/jazzy/opt/gz_msgs_vendor:/opt/ros/jazzy/opt/gz_common_vendor:/opt/ros/jazzy/opt/gz_math_vendor:/opt/ros/jazzy/opt/gz_utils_vendor:/opt/ros/jazzy/opt/gz_tools_vendor:/opt/ros/jazzy/opt/gz_ogre_next_vendor:/opt/ros/jazzy/opt/gz_dartsim_vendor:/opt/ros/jazzy/opt/gz_cmake_vendor:/opt/ros/jazzy LD_LIBRARY_PATH=/home/rraina/wato_f1tenth/install/io_context/lib:${LD_LIBRARY_PATH} /usr/bin/cmake --build /home/rraina/wato_f1tenth/build/serial_driver -- -j22 -l22
