[0.131s] Invoking command in '/home/rraina/wato_f1tenth/build/gym_vis': CMAKE_PREFIX_PATH=${CMAKE_PREFIX_PATH}:/opt/ros/jazzy /usr/bin/cmake /home/rraina/wato_f1tenth/src/robot/gym_vis -DCMAKE_INSTALL_PREFIX=/home/rraina/wato_f1tenth/install/gym_vis
[1.008s] -- The C compiler identification is GNU 13.3.0
[2.299s] -- The CXX compiler identification is GNU 13.3.0
[3.483s] -- Detecting C compiler ABI info
[4.058s] -- Detecting C compiler ABI info - done
[4.075s] -- Check for working C compiler: /usr/bin/cc - skipped
[4.075s] -- Detecting C compile features
[4.077s] -- Detecting C compile features - done
[4.271s] -- Detecting CXX compiler ABI info
[4.867s] -- Detecting CXX compiler ABI info - done
[4.888s] -- Check for working CXX compiler: /usr/bin/c++ - skipped
[4.890s] -- Detecting CXX compile features
[4.891s] -- Detecting CXX compile features - done
[4.899s] -- Found ament_cmake: 2.5.5 (/opt/ros/jazzy/share/ament_cmake/cmake)
[5.208s] -- Found Python3: /usr/bin/python3 (found version "3.12.3") found components: Interpreter 
[5.447s] -- Found rclcpp: 28.1.16 (/opt/ros/jazzy/share/rclcpp/cmake)
[5.913s] -- Found rosidl_generator_c: 4.6.7 (/opt/ros/jazzy/share/rosidl_generator_c/cmake)
[5.943s] -- Found rosidl_generator_cpp: 4.6.7 (/opt/ros/jazzy/share/rosidl_generator_cpp/cmake)
[5.979s] -- Using all available rosidl_typesupport_c: rosidl_typesupport_fastrtps_c;rosidl_typesupport_introspection_c
[6.020s] -- Using all available rosidl_typesupport_cpp: rosidl_typesupport_fastrtps_cpp;rosidl_typesupport_introspection_cpp
[6.190s] -- Found rmw_implementation_cmake: 7.3.3 (/opt/ros/jazzy/share/rmw_implementation_cmake/cmake)
[6.199s] -- Found rmw_fastrtps_cpp: 8.4.3 (/opt/ros/jazzy/share/rmw_fastrtps_cpp/cmake)
[6.383s] -- Found OpenSSL: /usr/lib/x86_64-linux-gnu/libcrypto.so (found version "3.0.13")  
[6.777s] -- Found FastRTPS: /opt/ros/jazzy/include (Required is at least version "2.13") 
[7.027s] -- Using RMW implementation 'rmw_fastrtps_cpp' as default
[7.421s] -- Found std_msgs: 5.3.6 (/opt/ros/jazzy/share/std_msgs/cmake)
[7.459s] -- Found nav_msgs: 5.3.6 (/opt/ros/jazzy/share/nav_msgs/cmake)
[7.552s] -- Found visualization_msgs: 5.3.6 (/opt/ros/jazzy/share/visualization_msgs/cmake)
[7.682s] -- Found ackermann_msgs: 2.0.2 (/opt/ros/jazzy/share/ackermann_msgs/cmake)
[7.716s] -- Found tf2_ros: 0.36.19 (/opt/ros/jazzy/share/tf2_ros/cmake)
[7.997s] -- Found tf2_geometry_msgs: 0.36.19 (/opt/ros/jazzy/share/tf2_geometry_msgs/cmake)
[8.146s] -- Found eigen3_cmake_module: 0.3.0 (/opt/ros/jazzy/share/eigen3_cmake_module/cmake)
[8.149s] -- Found Eigen3: TRUE (found version "3.4.0") 
[8.150s] -- Ensuring Eigen3 include directory is part of orocos-kdl CMake target
[8.158s] -- Found ament_lint_auto: 0.17.4 (/opt/ros/jazzy/share/ament_lint_auto/cmake)
[8.410s] -- Added test 'cppcheck' to perform static code analysis on C / C++ code
[8.410s] -- Configured cppcheck include dirs: /home/rraina/wato_f1tenth/src/robot/gym_vis/include
[8.410s] -- Configured cppcheck exclude dirs and/or files: 
[8.413s] -- Added test 'lint_cmake' to check CMake code style
[8.415s] -- Added test 'uncrustify' to check C / C++ code style
[8.415s] -- Configured uncrustify additional arguments: 
[8.418s] -- Added test 'xmllint' to check XML markup files
[8.424s] -- Configuring done (8.2s)
[8.468s] -- Generating done (0.0s)
[8.482s] -- Build files have been written to: /home/rraina/wato_f1tenth/build/gym_vis
[8.503s] Invoked command in '/home/rraina/wato_f1tenth/build/gym_vis' returned '0': CMAKE_PREFIX_PATH=${CMAKE_PREFIX_PATH}:/opt/ros/jazzy /usr/bin/cmake /home/rraina/wato_f1tenth/src/robot/gym_vis -DCMAKE_INSTALL_PREFIX=/home/rraina/wato_f1tenth/install/gym_vis
[8.504s] Invoking command in '/home/rraina/wato_f1tenth/build/gym_vis': CMAKE_PREFIX_PATH=${CMAKE_PREFIX_PATH}:/opt/ros/jazzy /usr/bin/cmake --build /home/rraina/wato_f1tenth/build/gym_vis -- -j22 -l22
[8.620s] [ 50%] [32mBuilding CXX object CMakeFiles/gym_vis_node.dir/src/gym_vis.cpp.o[0m
[55.439s] [100%] [32m[1mLinking CXX executable gym_vis_node[0m
[56.795s] [100%] Built target gym_vis_node
