-- The C compiler identification is GNU 11.4.0
-- The CXX compiler identification is GNU 11.4.0
-- Detecting C compiler ABI info
-- Detecting C compiler ABI info - done
-- Check for working C compiler: /usr/bin/cc - skipped
-- Detecting C compile features
-- Detecting C compile features - done
-- Detecting CXX compiler ABI info
-- Detecting CXX compiler ABI info - done
-- Check for working CXX compiler: /usr/bin/c++ - skipped
-- Detecting CXX compile features
-- Detecting CXX compile features - done
-- Found ament_cmake: 1.3.10 (/opt/ros/humble/share/ament_cmake/cmake)
-- Found Python3: /usr/bin/python3 (found version "3.10.12") found components: Interpreter 
-- Found std_msgs: 4.2.4 (/opt/ros/humble/share/std_msgs/cmake)
-- Found rosidl_generator_c: 3.1.5 (/opt/ros/humble/share/rosidl_generator_c/cmake)
-- Found rosidl_adapter: 3.1.5 (/opt/ros/humble/share/rosidl_adapter/cmake)
-- Found rosidl_generator_cpp: 3.1.5 (/opt/ros/humble/share/rosidl_generator_cpp/cmake)
-- Using all available rosidl_typesupport_c: rosidl_typesupport_fastrtps_c;rosidl_typesupport_introspection_c
-- Using all available rosidl_typesupport_cpp: rosidl_typesupport_fastrtps_cpp;rosidl_typesupport_introspection_cpp
-- Found nav_msgs: 4.2.4 (/opt/ros/humble/share/nav_msgs/cmake)
-- Configuring done
-- Generating done
-- Build files have been written to: /home/bolty/ament_ws/src/build/foxglove_msgs
-- Install configuration: ""
-- Installing: /home/bolty/ament_ws/src/install/foxglove_msgs/share/ament_index/resource_index/package_run_dependencies/foxglove_msgs
-- Installing: /home/bolty/ament_ws/src/install/foxglove_msgs/share/ament_index/resource_index/parent_prefix_path/foxglove_msgs
-- Installing: /home/bolty/ament_ws/src/install/foxglove_msgs/share/foxglove_msgs/environment/ament_prefix_path.sh
-- Installing: /home/bolty/ament_ws/src/install/foxglove_msgs/share/foxglove_msgs/environment/ament_prefix_path.dsv
-- Installing: /home/bolty/ament_ws/src/install/foxglove_msgs/share/foxglove_msgs/environment/path.sh
-- Installing: /home/bolty/ament_ws/src/install/foxglove_msgs/share/foxglove_msgs/environment/path.dsv
-- Installing: /home/bolty/ament_ws/src/install/foxglove_msgs/share/foxglove_msgs/local_setup.bash
-- Installing: /home/bolty/ament_ws/src/install/foxglove_msgs/share/foxglove_msgs/local_setup.sh
-- Installing: /home/bolty/ament_ws/src/install/foxglove_msgs/share/foxglove_msgs/local_setup.zsh
-- Installing: /home/bolty/ament_ws/src/install/foxglove_msgs/share/foxglove_msgs/local_setup.dsv
-- Installing: /home/bolty/ament_ws/src/install/foxglove_msgs/share/foxglove_msgs/package.dsv
-- Installing: /home/bolty/ament_ws/src/install/foxglove_msgs/share/ament_index/resource_index/packages/foxglove_msgs
-- Installing: /home/bolty/ament_ws/src/install/foxglove_msgs/share/foxglove_msgs/cmake/foxglove_msgsConfig.cmake
-- Installing: /home/bolty/ament_ws/src/install/foxglove_msgs/share/foxglove_msgs/cmake/foxglove_msgsConfig-version.cmake
-- Installing: /home/bolty/ament_ws/src/install/foxglove_msgs/share/foxglove_msgs/package.xml
