[0.274s] Invoking command in '/home/bolty/ament_ws/src/build/foxglove_msgs': CMAKE_PREFIX_PATH=${CMAKE_PREFIX_PATH}:/opt/watonomous/action:/opt/ros/humble /usr/bin/cmake /home/bolty/ament_ws/src/wato_msgs/foxglove_msgs -DCMAKE_INSTALL_PREFIX=/home/bolty/ament_ws/src/install/foxglove_msgs
[0.350s] -- The C compiler identification is GNU 11.4.0
[0.443s] -- The CXX compiler identification is GNU 11.4.0
[0.453s] -- Detecting C compiler ABI info
[0.548s] -- Detecting C compiler ABI info - done
[0.560s] -- Check for working C compiler: /usr/bin/cc - skipped
[0.560s] -- Detecting C compile features
[0.561s] -- Detecting C compile features - done
[0.566s] -- Detecting CXX compiler ABI info
[0.674s] -- Detecting CXX compiler ABI info - done
[0.685s] -- Check for working CXX compiler: /usr/bin/c++ - skipped
[0.685s] -- Detecting CXX compile features
[0.686s] -- Detecting CXX compile features - done
[0.692s] -- Found ament_cmake: 1.3.10 (/opt/ros/humble/share/ament_cmake/cmake)
[0.868s] -- Found Python3: /usr/bin/python3 (found version "3.10.12") found components: Interpreter 
[0.983s] -- Found std_msgs: 4.2.4 (/opt/ros/humble/share/std_msgs/cmake)
[1.025s] -- Found rosidl_generator_c: 3.1.5 (/opt/ros/humble/share/rosidl_generator_c/cmake)
[1.034s] -- Found rosidl_adapter: 3.1.5 (/opt/ros/humble/share/rosidl_adapter/cmake)
[1.049s] -- Found rosidl_generator_cpp: 3.1.5 (/opt/ros/humble/share/rosidl_generator_cpp/cmake)
[1.076s] -- Using all available rosidl_typesupport_c: rosidl_typesupport_fastrtps_c;rosidl_typesupport_introspection_c
[1.104s] -- Using all available rosidl_typesupport_cpp: rosidl_typesupport_fastrtps_cpp;rosidl_typesupport_introspection_cpp
[1.135s] -- Found nav_msgs: 4.2.4 (/opt/ros/humble/share/nav_msgs/cmake)
[1.290s] -- Configuring done
[1.294s] -- Generating done
[1.295s] -- Build files have been written to: /home/bolty/ament_ws/src/build/foxglove_msgs
[1.301s] Invoked command in '/home/bolty/ament_ws/src/build/foxglove_msgs' returned '0': CMAKE_PREFIX_PATH=${CMAKE_PREFIX_PATH}:/opt/watonomous/action:/opt/ros/humble /usr/bin/cmake /home/bolty/ament_ws/src/wato_msgs/foxglove_msgs -DCMAKE_INSTALL_PREFIX=/home/bolty/ament_ws/src/install/foxglove_msgs
[1.304s] Invoking command in '/home/bolty/ament_ws/src/build/foxglove_msgs': CMAKE_PREFIX_PATH=${CMAKE_PREFIX_PATH}:/opt/watonomous/action:/opt/ros/humble /usr/bin/cmake --build /home/bolty/ament_ws/src/build/foxglove_msgs -- -j16 -l16
[1.346s] Invoked command in '/home/bolty/ament_ws/src/build/foxglove_msgs' returned '0': CMAKE_PREFIX_PATH=${CMAKE_PREFIX_PATH}:/opt/watonomous/action:/opt/ros/humble /usr/bin/cmake --build /home/bolty/ament_ws/src/build/foxglove_msgs -- -j16 -l16
[1.377s] Invoking command in '/home/bolty/ament_ws/src/build/foxglove_msgs': CMAKE_PREFIX_PATH=${CMAKE_PREFIX_PATH}:/opt/watonomous/action:/opt/ros/humble /usr/bin/cmake --install /home/bolty/ament_ws/src/build/foxglove_msgs
[1.384s] -- Install configuration: ""
[1.384s] -- Installing: /home/bolty/ament_ws/src/install/foxglove_msgs/share/ament_index/resource_index/package_run_dependencies/foxglove_msgs
[1.385s] -- Installing: /home/bolty/ament_ws/src/install/foxglove_msgs/share/ament_index/resource_index/parent_prefix_path/foxglove_msgs
[1.385s] -- Installing: /home/bolty/ament_ws/src/install/foxglove_msgs/share/foxglove_msgs/environment/ament_prefix_path.sh
[1.385s] -- Installing: /home/bolty/ament_ws/src/install/foxglove_msgs/share/foxglove_msgs/environment/ament_prefix_path.dsv
[1.385s] -- Installing: /home/bolty/ament_ws/src/install/foxglove_msgs/share/foxglove_msgs/environment/path.sh
[1.385s] -- Installing: /home/bolty/ament_ws/src/install/foxglove_msgs/share/foxglove_msgs/environment/path.dsv
[1.386s] -- Installing: /home/bolty/ament_ws/src/install/foxglove_msgs/share/foxglove_msgs/local_setup.bash
[1.386s] -- Installing: /home/bolty/ament_ws/src/install/foxglove_msgs/share/foxglove_msgs/local_setup.sh
[1.386s] -- Installing: /home/bolty/ament_ws/src/install/foxglove_msgs/share/foxglove_msgs/local_setup.zsh
[1.386s] -- Installing: /home/bolty/ament_ws/src/install/foxglove_msgs/share/foxglove_msgs/local_setup.dsv
[1.386s] -- Installing: /home/bolty/ament_ws/src/install/foxglove_msgs/share/foxglove_msgs/package.dsv
[1.386s] -- Installing: /home/bolty/ament_ws/src/install/foxglove_msgs/share/ament_index/resource_index/packages/foxglove_msgs
[1.386s] -- Installing: /home/bolty/ament_ws/src/install/foxglove_msgs/share/foxglove_msgs/cmake/foxglove_msgsConfig.cmake
[1.386s] -- Installing: /home/bolty/ament_ws/src/install/foxglove_msgs/share/foxglove_msgs/cmake/foxglove_msgsConfig-version.cmake
[1.386s] -- Installing: /home/bolty/ament_ws/src/install/foxglove_msgs/share/foxglove_msgs/package.xml
[1.390s] Invoked command in '/home/bolty/ament_ws/src/build/foxglove_msgs' returned '0': CMAKE_PREFIX_PATH=${CMAKE_PREFIX_PATH}:/opt/watonomous/action:/opt/ros/humble /usr/bin/cmake --install /home/bolty/ament_ws/src/build/foxglove_msgs
