[0.057s] Invoking command in '/home/rraina/wato_f1tenth/build/asio_cmake_module': CMAKE_PREFIX_PATH=${CMAKE_PREFIX_PATH}:/opt/ros/jazzy /usr/bin/cmake /home/rraina/wato_f1tenth/src/robot/transport_drivers/asio_cmake_module -DBUILD_TESTING=OFF -DCMAKE_INSTALL_PREFIX=/home/rraina/wato_f1tenth/install/asio_cmake_module
[0.544s] -- Found ament_cmake: 2.5.5 (/opt/ros/jazzy/share/ament_cmake/cmake)
[0.544s] -- Configuring done (0.3s)
[0.544s] -- Generating done (0.0s)
[0.545s] -- Build files have been written to: /home/rraina/wato_f1tenth/build/asio_cmake_module
[0.555s] Invoked command in '/home/rraina/wato_f1tenth/build/asio_cmake_module' returned '0': CMAKE_PREFIX_PATH=${CMAKE_PREFIX_PATH}:/opt/ros/jazzy /usr/bin/cmake /home/rraina/wato_f1tenth/src/robot/transport_drivers/asio_cmake_module -DBUILD_TESTING=OFF -DCMAKE_INSTALL_PREFIX=/home/rraina/wato_f1tenth/install/asio_cmake_module
[0.556s] Invoking command in '/home/rraina/wato_f1tenth/build/asio_cmake_module': CMAKE_PREFIX_PATH=${CMAKE_PREFIX_PATH}:/opt/ros/jazzy /usr/bin/cmake --build /home/rraina/wato_f1tenth/build/asio_cmake_module -- -j22 -l22
[0.601s] Invoked command in '/home/rraina/wato_f1tenth/build/asio_cmake_module' returned '0': CMAKE_PREFIX_PATH=${CMAKE_PREFIX_PATH}:/opt/ros/jazzy /usr/bin/cmake --build /home/rraina/wato_f1tenth/build/asio_cmake_module -- -j22 -l22
[0.615s] Invoking command in '/home/rraina/wato_f1tenth/build/asio_cmake_module': CMAKE_PREFIX_PATH=${CMAKE_PREFIX_PATH}:/opt/ros/jazzy /usr/bin/cmake --install /home/rraina/wato_f1tenth/build/asio_cmake_module
[0.628s] -- Install configuration: ""
[0.628s] -- Up-to-date: /home/rraina/wato_f1tenth/install/asio_cmake_module/share/ament_index/resource_index/package_run_dependencies/asio_cmake_module
[0.629s] -- Up-to-date: /home/rraina/wato_f1tenth/install/asio_cmake_module/share/ament_index/resource_index/parent_prefix_path/asio_cmake_module
[0.630s] -- Up-to-date: /home/rraina/wato_f1tenth/install/asio_cmake_module/share/asio_cmake_module/environment/ament_prefix_path.sh
[0.630s] -- Up-to-date: /home/rraina/wato_f1tenth/install/asio_cmake_module/share/asio_cmake_module/environment/ament_prefix_path.dsv
[0.630s] -- Up-to-date: /home/rraina/wato_f1tenth/install/asio_cmake_module/share/asio_cmake_module/environment/path.sh
[0.631s] -- Up-to-date: /home/rraina/wato_f1tenth/install/asio_cmake_module/share/asio_cmake_module/environment/path.dsv
[0.631s] -- Up-to-date: /home/rraina/wato_f1tenth/install/asio_cmake_module/share/asio_cmake_module/local_setup.bash
[0.632s] -- Up-to-date: /home/rraina/wato_f1tenth/install/asio_cmake_module/share/asio_cmake_module/local_setup.sh
[0.633s] -- Up-to-date: /home/rraina/wato_f1tenth/install/asio_cmake_module/share/asio_cmake_module/local_setup.zsh
[0.634s] -- Up-to-date: /home/rraina/wato_f1tenth/install/asio_cmake_module/share/asio_cmake_module/local_setup.dsv
[0.634s] -- Installing: /home/rraina/wato_f1tenth/install/asio_cmake_module/share/asio_cmake_module/package.dsv
[0.635s] -- Up-to-date: /home/rraina/wato_f1tenth/install/asio_cmake_module/share/ament_index/resource_index/packages/asio_cmake_module
[0.635s] -- Up-to-date: /home/rraina/wato_f1tenth/install/asio_cmake_module/share/asio_cmake_module/cmake/asio_cmake_module-extras.cmake
[0.636s] -- Up-to-date: /home/rraina/wato_f1tenth/install/asio_cmake_module/share/asio_cmake_module/cmake/asio_cmake_moduleConfig.cmake
[0.637s] -- Up-to-date: /home/rraina/wato_f1tenth/install/asio_cmake_module/share/asio_cmake_module/cmake/asio_cmake_moduleConfig-version.cmake
[0.637s] -- Up-to-date: /home/rraina/wato_f1tenth/install/asio_cmake_module/share/asio_cmake_module/package.xml
[0.637s] -- Up-to-date: /home/rraina/wato_f1tenth/install/asio_cmake_module/share/asio_cmake_module/cmake
[0.637s] -- Up-to-date: /home/rraina/wato_f1tenth/install/asio_cmake_module/share/asio_cmake_module/cmake/Modules
[0.638s] -- Up-to-date: /home/rraina/wato_f1tenth/install/asio_cmake_module/share/asio_cmake_module/cmake/Modules/FindASIO.cmake
[0.638s] Invoked command in '/home/rraina/wato_f1tenth/build/asio_cmake_module' returned '0': CMAKE_PREFIX_PATH=${CMAKE_PREFIX_PATH}:/opt/ros/jazzy /usr/bin/cmake --install /home/rraina/wato_f1tenth/build/asio_cmake_module
