[0.016s] Invoking command in '/home/rraina/wato_f1tenth/build/costmap': CMAKE_PREFIX_PATH=${CMAKE_PREFIX_PATH}:/opt/ros/jazzy /usr/bin/cmake /home/rraina/wato_f1tenth/src/robot/costmap -DCMAKE_INSTALL_PREFIX=/home/rraina/wato_f1tenth/install/costmap
[0.093s] -- Found ament_cmake: 2.5.5 (/opt/ros/jazzy/share/ament_cmake/cmake)
[0.351s] -- Found rclcpp: 28.1.16 (/opt/ros/jazzy/share/rclcpp/cmake)
[0.556s] -- Found rosidl_generator_c: 4.6.7 (/opt/ros/jazzy/share/rosidl_generator_c/cmake)
[0.571s] -- Found rosidl_generator_cpp: 4.6.7 (/opt/ros/jazzy/share/rosidl_generator_cpp/cmake)
[0.594s] -- Using all available rosidl_typesupport_c: rosidl_typesupport_fastrtps_c;rosidl_typesupport_introspection_c
[0.616s] -- Using all available rosidl_typesupport_cpp: rosidl_typesupport_fastrtps_cpp;rosidl_typesupport_introspection_cpp
[0.717s] -- Found rmw_implementation_cmake: 7.3.3 (/opt/ros/jazzy/share/rmw_implementation_cmake/cmake)
[0.720s] -- Found rmw_fastrtps_cpp: 8.4.3 (/opt/ros/jazzy/share/rmw_fastrtps_cpp/cmake)
[1.001s] -- Using RMW implementation 'rmw_fastrtps_cpp' as default
[1.242s] -- Found nav_msgs: 5.3.6 (/opt/ros/jazzy/share/nav_msgs/cmake)
[1.326s] -- Found sensor_msgs: 5.3.6 (/opt/ros/jazzy/share/sensor_msgs/cmake)
[1.365s] -- Found tf2_ros: 0.36.19 (/opt/ros/jazzy/share/tf2_ros/cmake)
[1.503s] -- Found tf2_geometry_msgs: 0.36.19 (/opt/ros/jazzy/share/tf2_geometry_msgs/cmake)
[1.512s] -- Found eigen3_cmake_module: 0.3.0 (/opt/ros/jazzy/share/eigen3_cmake_module/cmake)
[1.514s] -- Ensuring Eigen3 include directory is part of orocos-kdl CMake target
[1.629s] -- Configuring done (1.5s)
[1.652s] -- Generating done (0.0s)
[1.659s] -- Build files have been written to: /home/rraina/wato_f1tenth/build/costmap
[1.677s] Invoked command in '/home/rraina/wato_f1tenth/build/costmap' returned '0': CMAKE_PREFIX_PATH=${CMAKE_PREFIX_PATH}:/opt/ros/jazzy /usr/bin/cmake /home/rraina/wato_f1tenth/src/robot/costmap -DCMAKE_INSTALL_PREFIX=/home/rraina/wato_f1tenth/install/costmap
[1.678s] Invoking command in '/home/rraina/wato_f1tenth/build/costmap': CMAKE_PREFIX_PATH=${CMAKE_PREFIX_PATH}:/opt/ros/jazzy /usr/bin/cmake --build /home/rraina/wato_f1tenth/build/costmap -- -j22 -l22
[1.753s] [100%] Built target costmap_node
[1.767s] Invoked command in '/home/rraina/wato_f1tenth/build/costmap' returned '0': CMAKE_PREFIX_PATH=${CMAKE_PREFIX_PATH}:/opt/ros/jazzy /usr/bin/cmake --build /home/rraina/wato_f1tenth/build/costmap -- -j22 -l22
[1.781s] Invoking command in '/home/rraina/wato_f1tenth/build/costmap': CMAKE_PREFIX_PATH=${CMAKE_PREFIX_PATH}:/opt/ros/jazzy /usr/bin/cmake --install /home/rraina/wato_f1tenth/build/costmap
[1.792s] -- Install configuration: ""
[1.792s] -- Up-to-date: /home/rraina/wato_f1tenth/install/costmap/share/costmap/config
[1.792s] -- Up-to-date: /home/rraina/wato_f1tenth/install/costmap/share/costmap/config/params.yaml
[1.792s] -- Up-to-date: /home/rraina/wato_f1tenth/install/costmap/lib/costmap/costmap_node
[1.792s] -- Up-to-date: /home/rraina/wato_f1tenth/install/costmap/share/ament_index/resource_index/package_run_dependencies/costmap
[1.793s] -- Up-to-date: /home/rraina/wato_f1tenth/install/costmap/share/ament_index/resource_index/parent_prefix_path/costmap
[1.793s] -- Up-to-date: /home/rraina/wato_f1tenth/install/costmap/share/costmap/environment/ament_prefix_path.sh
[1.793s] -- Up-to-date: /home/rraina/wato_f1tenth/install/costmap/share/costmap/environment/ament_prefix_path.dsv
[1.793s] -- Up-to-date: /home/rraina/wato_f1tenth/install/costmap/share/costmap/environment/path.sh
[1.793s] -- Up-to-date: /home/rraina/wato_f1tenth/install/costmap/share/costmap/environment/path.dsv
[1.793s] -- Up-to-date: /home/rraina/wato_f1tenth/install/costmap/share/costmap/local_setup.bash
[1.795s] -- Up-to-date: /home/rraina/wato_f1tenth/install/costmap/share/costmap/local_setup.sh
[1.796s] -- Up-to-date: /home/rraina/wato_f1tenth/install/costmap/share/costmap/local_setup.zsh
[1.796s] -- Up-to-date: /home/rraina/wato_f1tenth/install/costmap/share/costmap/local_setup.dsv
[1.797s] -- Installing: /home/rraina/wato_f1tenth/install/costmap/share/costmap/package.dsv
[1.797s] -- Up-to-date: /home/rraina/wato_f1tenth/install/costmap/share/ament_index/resource_index/packages/costmap
[1.798s] -- Up-to-date: /home/rraina/wato_f1tenth/install/costmap/share/costmap/cmake/costmapConfig.cmake
[1.799s] -- Up-to-date: /home/rraina/wato_f1tenth/install/costmap/share/costmap/cmake/costmapConfig-version.cmake
[1.799s] -- Up-to-date: /home/rraina/wato_f1tenth/install/costmap/share/costmap/package.xml
[1.800s] Invoked command in '/home/rraina/wato_f1tenth/build/costmap' returned '0': CMAKE_PREFIX_PATH=${CMAKE_PREFIX_PATH}:/opt/ros/jazzy /usr/bin/cmake --install /home/rraina/wato_f1tenth/build/costmap
