[0.170s] DEBUG:colcon:Command line arguments: ['/usr/bin/colcon', 'build']
[0.171s] DEBUG:colcon:Parsed command line arguments: Namespace(log_base=None, log_level=None, verb_name='build', build_base='build', install_base='install', merge_install=False, symlink_install=False, test_result_base=None, continue_on_error=False, executor='parallel', parallel_workers=16, event_handlers=None, ignore_user_meta=False, metas=['./colcon.meta'], base_paths=['.'], packages_ignore=None, packages_ignore_regex=None, paths=None, packages_up_to=None, packages_up_to_regex=None, packages_above=None, packages_above_and_dependencies=None, packages_above_depth=None, packages_select_by_dep=None, packages_skip_by_dep=None, packages_skip_up_to=None, packages_select_build_failed=False, packages_skip_build_finished=False, packages_select_test_failures=False, packages_skip_test_passed=False, packages_select=None, packages_skip=None, packages_select_regex=None, packages_skip_regex=None, packages_start=None, packages_end=None, cmake_args=None, cmake_target=None, cmake_target_skip_unavailable=False, cmake_clean_cache=False, cmake_clean_first=False, cmake_force_configure=False, ament_cmake_args=None, catkin_cmake_args=None, catkin_skip_building_tests=False, mixin_files=None, mixin=None, verb_parser=<colcon_mixin.mixin.mixin_argument.MixinArgumentDecorator object at 0x7b67e549e9b0>, verb_extension=<colcon_core.verb.build.BuildVerb object at 0x7b67e549e590>, main=<bound method BuildVerb.main of <colcon_core.verb.build.BuildVerb object at 0x7b67e549e590>>, mixin_verb=('build',))
[0.338s] Level 1:colcon.colcon_core.package_discovery:discover_packages(colcon_meta) check parameters
[0.340s] INFO:colcon.colcon_metadata.package_discovery.colcon_meta:Using configuration from '/root/.colcon/metadata/default/Gazebo.meta'
[0.341s] INFO:colcon.colcon_metadata.package_discovery.colcon_meta:Using configuration from '/root/.colcon/metadata/default/fastrtps.meta'
[0.341s] Level 1:colcon.colcon_core.package_discovery:discover_packages(recursive) check parameters
[0.341s] Level 1:colcon.colcon_core.package_discovery:discover_packages(ignore) check parameters
[0.341s] Level 1:colcon.colcon_core.package_discovery:discover_packages(path) check parameters
[0.341s] Level 1:colcon.colcon_core.package_discovery:discover_packages(colcon_meta) discover
[0.341s] Level 1:colcon.colcon_core.package_discovery:discover_packages(recursive) discover
[0.341s] INFO:colcon.colcon_core.package_discovery:Crawling recursively for packages in '/home/bolty/ament_ws/src'
[0.341s] Level 1:colcon.colcon_core.package_identification:_identify(.) by extensions ['ignore', 'ignore_ament_install']
[0.341s] Level 1:colcon.colcon_core.package_identification:_identify(.) by extension 'ignore'
[0.341s] Level 1:colcon.colcon_core.package_identification:_identify(.) by extension 'ignore_ament_install'
[0.341s] Level 1:colcon.colcon_core.package_identification:_identify(.) by extensions ['colcon_pkg']
[0.341s] Level 1:colcon.colcon_core.package_identification:_identify(.) by extension 'colcon_pkg'
[0.341s] Level 1:colcon.colcon_core.package_identification:_identify(.) by extensions ['colcon_meta']
[0.341s] Level 1:colcon.colcon_core.package_identification:_identify(.) by extension 'colcon_meta'
[0.341s] Level 1:colcon.colcon_core.package_identification:_identify(.) by extensions ['ros']
[0.341s] Level 1:colcon.colcon_core.package_identification:_identify(.) by extension 'ros'
[0.353s] Level 1:colcon.colcon_core.package_identification:_identify(.) by extensions ['cmake', 'python']
[0.353s] Level 1:colcon.colcon_core.package_identification:_identify(.) by extension 'cmake'
[0.353s] Level 1:colcon.colcon_core.package_identification:_identify(.) by extension 'python'
[0.353s] Level 1:colcon.colcon_core.package_identification:_identify(.) by extensions ['python_setup_py']
[0.353s] Level 1:colcon.colcon_core.package_identification:_identify(.) by extension 'python_setup_py'
[0.353s] Level 1:colcon.colcon_core.package_identification:_identify(build) by extensions ['ignore', 'ignore_ament_install']
[0.354s] Level 1:colcon.colcon_core.package_identification:_identify(build) by extension 'ignore'
[0.354s] Level 1:colcon.colcon_core.package_identification:_identify(build) ignored
[0.354s] Level 1:colcon.colcon_core.package_identification:_identify(install) by extensions ['ignore', 'ignore_ament_install']
[0.354s] Level 1:colcon.colcon_core.package_identification:_identify(install) by extension 'ignore'
[0.354s] Level 1:colcon.colcon_core.package_identification:_identify(install) ignored
[0.354s] Level 1:colcon.colcon_core.package_identification:_identify(log) by extensions ['ignore', 'ignore_ament_install']
[0.354s] Level 1:colcon.colcon_core.package_identification:_identify(log) by extension 'ignore'
[0.354s] Level 1:colcon.colcon_core.package_identification:_identify(log) ignored
[0.354s] Level 1:colcon.colcon_core.package_identification:_identify(robot) by extensions ['ignore', 'ignore_ament_install']
[0.354s] Level 1:colcon.colcon_core.package_identification:_identify(robot) by extension 'ignore'
[0.354s] Level 1:colcon.colcon_core.package_identification:_identify(robot) by extension 'ignore_ament_install'
[0.354s] Level 1:colcon.colcon_core.package_identification:_identify(robot) by extensions ['colcon_pkg']
[0.354s] Level 1:colcon.colcon_core.package_identification:_identify(robot) by extension 'colcon_pkg'
[0.354s] Level 1:colcon.colcon_core.package_identification:_identify(robot) by extensions ['colcon_meta']
[0.354s] Level 1:colcon.colcon_core.package_identification:_identify(robot) by extension 'colcon_meta'
[0.354s] Level 1:colcon.colcon_core.package_identification:_identify(robot) by extensions ['ros']
[0.354s] Level 1:colcon.colcon_core.package_identification:_identify(robot) by extension 'ros'
[0.354s] Level 1:colcon.colcon_core.package_identification:_identify(robot) by extensions ['cmake', 'python']
[0.354s] Level 1:colcon.colcon_core.package_identification:_identify(robot) by extension 'cmake'
[0.354s] Level 1:colcon.colcon_core.package_identification:_identify(robot) by extension 'python'
[0.355s] Level 1:colcon.colcon_core.package_identification:_identify(robot) by extensions ['python_setup_py']
[0.355s] Level 1:colcon.colcon_core.package_identification:_identify(robot) by extension 'python_setup_py'
[0.355s] Level 1:colcon.colcon_core.package_identification:_identify(robot/action) by extensions ['ignore', 'ignore_ament_install']
[0.355s] Level 1:colcon.colcon_core.package_identification:_identify(robot/action) by extension 'ignore'
[0.355s] Level 1:colcon.colcon_core.package_identification:_identify(robot/action) by extension 'ignore_ament_install'
[0.355s] Level 1:colcon.colcon_core.package_identification:_identify(robot/action) by extensions ['colcon_pkg']
[0.355s] Level 1:colcon.colcon_core.package_identification:_identify(robot/action) by extension 'colcon_pkg'
[0.355s] Level 1:colcon.colcon_core.package_identification:_identify(robot/action) by extensions ['colcon_meta']
[0.355s] Level 1:colcon.colcon_core.package_identification:_identify(robot/action) by extension 'colcon_meta'
[0.355s] Level 1:colcon.colcon_core.package_identification:_identify(robot/action) by extensions ['ros']
[0.355s] Level 1:colcon.colcon_core.package_identification:_identify(robot/action) by extension 'ros'
[0.359s] DEBUG:colcon.colcon_core.package_identification:Package 'robot/action' with type 'ros.ament_python' and name 'action'
[0.359s] Level 1:colcon.colcon_core.package_identification:_identify(robot/bringup_robot) by extensions ['ignore', 'ignore_ament_install']
[0.359s] Level 1:colcon.colcon_core.package_identification:_identify(robot/bringup_robot) by extension 'ignore'
[0.359s] Level 1:colcon.colcon_core.package_identification:_identify(robot/bringup_robot) by extension 'ignore_ament_install'
[0.359s] Level 1:colcon.colcon_core.package_identification:_identify(robot/bringup_robot) by extensions ['colcon_pkg']
[0.359s] Level 1:colcon.colcon_core.package_identification:_identify(robot/bringup_robot) by extension 'colcon_pkg'
[0.359s] Level 1:colcon.colcon_core.package_identification:_identify(robot/bringup_robot) by extensions ['colcon_meta']
[0.359s] Level 1:colcon.colcon_core.package_identification:_identify(robot/bringup_robot) by extension 'colcon_meta'
[0.359s] Level 1:colcon.colcon_core.package_identification:_identify(robot/bringup_robot) by extensions ['ros']
[0.359s] Level 1:colcon.colcon_core.package_identification:_identify(robot/bringup_robot) by extension 'ros'
[0.360s] DEBUG:colcon.colcon_core.package_identification:Package 'robot/bringup_robot' with type 'ros.ament_cmake' and name 'bringup_robot'
[0.360s] Level 1:colcon.colcon_core.package_identification:_identify(robot/gym_vis) by extensions ['ignore', 'ignore_ament_install']
[0.360s] Level 1:colcon.colcon_core.package_identification:_identify(robot/gym_vis) by extension 'ignore'
[0.360s] Level 1:colcon.colcon_core.package_identification:_identify(robot/gym_vis) by extension 'ignore_ament_install'
[0.361s] Level 1:colcon.colcon_core.package_identification:_identify(robot/gym_vis) by extensions ['colcon_pkg']
[0.361s] Level 1:colcon.colcon_core.package_identification:_identify(robot/gym_vis) by extension 'colcon_pkg'
[0.361s] Level 1:colcon.colcon_core.package_identification:_identify(robot/gym_vis) by extensions ['colcon_meta']
[0.361s] Level 1:colcon.colcon_core.package_identification:_identify(robot/gym_vis) by extension 'colcon_meta'
[0.361s] Level 1:colcon.colcon_core.package_identification:_identify(robot/gym_vis) by extensions ['ros']
[0.361s] Level 1:colcon.colcon_core.package_identification:_identify(robot/gym_vis) by extension 'ros'
[0.361s] DEBUG:colcon.colcon_core.package_identification:Package 'robot/gym_vis' with type 'ros.ament_cmake' and name 'gym_vis'
[0.362s] Level 1:colcon.colcon_core.package_identification:_identify(robot/safety_system) by extensions ['ignore', 'ignore_ament_install']
[0.362s] Level 1:colcon.colcon_core.package_identification:_identify(robot/safety_system) by extension 'ignore'
[0.362s] Level 1:colcon.colcon_core.package_identification:_identify(robot/safety_system) by extension 'ignore_ament_install'
[0.362s] Level 1:colcon.colcon_core.package_identification:_identify(robot/safety_system) by extensions ['colcon_pkg']
[0.362s] Level 1:colcon.colcon_core.package_identification:_identify(robot/safety_system) by extension 'colcon_pkg'
[0.362s] Level 1:colcon.colcon_core.package_identification:_identify(robot/safety_system) by extensions ['colcon_meta']
[0.362s] Level 1:colcon.colcon_core.package_identification:_identify(robot/safety_system) by extension 'colcon_meta'
[0.362s] Level 1:colcon.colcon_core.package_identification:_identify(robot/safety_system) by extensions ['ros']
[0.362s] Level 1:colcon.colcon_core.package_identification:_identify(robot/safety_system) by extension 'ros'
[0.364s] DEBUG:colcon.colcon_core.package_identification:Package 'robot/safety_system' with type 'ros.ament_cmake' and name 'safety_node'
[0.364s] Level 1:colcon.colcon_core.package_identification:_identify(wato_msgs) by extensions ['ignore', 'ignore_ament_install']
[0.364s] Level 1:colcon.colcon_core.package_identification:_identify(wato_msgs) by extension 'ignore'
[0.364s] Level 1:colcon.colcon_core.package_identification:_identify(wato_msgs) by extension 'ignore_ament_install'
[0.364s] Level 1:colcon.colcon_core.package_identification:_identify(wato_msgs) by extensions ['colcon_pkg']
[0.364s] Level 1:colcon.colcon_core.package_identification:_identify(wato_msgs) by extension 'colcon_pkg'
[0.365s] Level 1:colcon.colcon_core.package_identification:_identify(wato_msgs) by extensions ['colcon_meta']
[0.365s] Level 1:colcon.colcon_core.package_identification:_identify(wato_msgs) by extension 'colcon_meta'
[0.365s] Level 1:colcon.colcon_core.package_identification:_identify(wato_msgs) by extensions ['ros']
[0.365s] Level 1:colcon.colcon_core.package_identification:_identify(wato_msgs) by extension 'ros'
[0.365s] Level 1:colcon.colcon_core.package_identification:_identify(wato_msgs) by extensions ['cmake', 'python']
[0.365s] Level 1:colcon.colcon_core.package_identification:_identify(wato_msgs) by extension 'cmake'
[0.365s] Level 1:colcon.colcon_core.package_identification:_identify(wato_msgs) by extension 'python'
[0.365s] Level 1:colcon.colcon_core.package_identification:_identify(wato_msgs) by extensions ['python_setup_py']
[0.365s] Level 1:colcon.colcon_core.package_identification:_identify(wato_msgs) by extension 'python_setup_py'
[0.365s] Level 1:colcon.colcon_core.package_identification:_identify(wato_msgs/foxglove_msgs) by extensions ['ignore', 'ignore_ament_install']
[0.365s] Level 1:colcon.colcon_core.package_identification:_identify(wato_msgs/foxglove_msgs) by extension 'ignore'
[0.365s] Level 1:colcon.colcon_core.package_identification:_identify(wato_msgs/foxglove_msgs) by extension 'ignore_ament_install'
[0.365s] Level 1:colcon.colcon_core.package_identification:_identify(wato_msgs/foxglove_msgs) by extensions ['colcon_pkg']
[0.365s] Level 1:colcon.colcon_core.package_identification:_identify(wato_msgs/foxglove_msgs) by extension 'colcon_pkg'
[0.366s] Level 1:colcon.colcon_core.package_identification:_identify(wato_msgs/foxglove_msgs) by extensions ['colcon_meta']
[0.366s] Level 1:colcon.colcon_core.package_identification:_identify(wato_msgs/foxglove_msgs) by extension 'colcon_meta'
[0.366s] Level 1:colcon.colcon_core.package_identification:_identify(wato_msgs/foxglove_msgs) by extensions ['ros']
[0.366s] Level 1:colcon.colcon_core.package_identification:_identify(wato_msgs/foxglove_msgs) by extension 'ros'
[0.367s] DEBUG:colcon.colcon_core.package_identification:Package 'wato_msgs/foxglove_msgs' with type 'ros.ament_cmake' and name 'foxglove_msgs'
[0.367s] Level 1:colcon.colcon_core.package_identification:_identify(wato_msgs/sample_msgs) by extensions ['ignore', 'ignore_ament_install']
[0.367s] Level 1:colcon.colcon_core.package_identification:_identify(wato_msgs/sample_msgs) by extension 'ignore'
[0.367s] Level 1:colcon.colcon_core.package_identification:_identify(wato_msgs/sample_msgs) by extension 'ignore_ament_install'
[0.367s] Level 1:colcon.colcon_core.package_identification:_identify(wato_msgs/sample_msgs) by extensions ['colcon_pkg']
[0.367s] Level 1:colcon.colcon_core.package_identification:_identify(wato_msgs/sample_msgs) by extension 'colcon_pkg'
[0.367s] Level 1:colcon.colcon_core.package_identification:_identify(wato_msgs/sample_msgs) by extensions ['colcon_meta']
[0.367s] Level 1:colcon.colcon_core.package_identification:_identify(wato_msgs/sample_msgs) by extension 'colcon_meta'
[0.367s] Level 1:colcon.colcon_core.package_identification:_identify(wato_msgs/sample_msgs) by extensions ['ros']
[0.367s] Level 1:colcon.colcon_core.package_identification:_identify(wato_msgs/sample_msgs) by extension 'ros'
[0.368s] DEBUG:colcon.colcon_core.package_identification:Package 'wato_msgs/sample_msgs' with type 'ros.ament_cmake' and name 'sample_msgs'
[0.368s] Level 1:colcon.colcon_core.package_discovery:discover_packages(recursive) using defaults
[0.368s] Level 1:colcon.colcon_core.package_discovery:discover_packages(ignore) discover
[0.368s] Level 1:colcon.colcon_core.package_discovery:discover_packages(ignore) using defaults
[0.368s] Level 1:colcon.colcon_core.package_discovery:discover_packages(path) discover
[0.368s] Level 1:colcon.colcon_core.package_discovery:discover_packages(path) using defaults
[0.396s] Level 5:colcon.colcon_core.verb:set package 'action' build argument 'cmake_args' from command line to 'None'
[0.396s] Level 5:colcon.colcon_core.verb:set package 'action' build argument 'cmake_target' from command line to 'None'
[0.396s] Level 5:colcon.colcon_core.verb:set package 'action' build argument 'cmake_target_skip_unavailable' from command line to 'False'
[0.396s] Level 5:colcon.colcon_core.verb:set package 'action' build argument 'cmake_clean_cache' from command line to 'False'
[0.396s] Level 5:colcon.colcon_core.verb:set package 'action' build argument 'cmake_clean_first' from command line to 'False'
[0.396s] Level 5:colcon.colcon_core.verb:set package 'action' build argument 'cmake_force_configure' from command line to 'False'
[0.396s] Level 5:colcon.colcon_core.verb:set package 'action' build argument 'ament_cmake_args' from command line to 'None'
[0.396s] Level 5:colcon.colcon_core.verb:set package 'action' build argument 'catkin_cmake_args' from command line to 'None'
[0.396s] Level 5:colcon.colcon_core.verb:set package 'action' build argument 'catkin_skip_building_tests' from command line to 'False'
[0.396s] DEBUG:colcon.colcon_core.verb:Building package 'action' with the following arguments: {'ament_cmake_args': None, 'build_base': '/home/bolty/ament_ws/src/build/action', 'catkin_cmake_args': None, 'catkin_skip_building_tests': False, 'cmake_args': None, 'cmake_clean_cache': False, 'cmake_clean_first': False, 'cmake_force_configure': False, 'cmake_target': None, 'cmake_target_skip_unavailable': False, 'install_base': '/home/bolty/ament_ws/src/install/action', 'merge_install': False, 'path': '/home/bolty/ament_ws/src/robot/action', 'symlink_install': False, 'test_result_base': None}
[0.397s] Level 5:colcon.colcon_core.verb:set package 'foxglove_msgs' build argument 'cmake_args' from command line to 'None'
[0.397s] Level 5:colcon.colcon_core.verb:set package 'foxglove_msgs' build argument 'cmake_target' from command line to 'None'
[0.397s] Level 5:colcon.colcon_core.verb:set package 'foxglove_msgs' build argument 'cmake_target_skip_unavailable' from command line to 'False'
[0.397s] Level 5:colcon.colcon_core.verb:set package 'foxglove_msgs' build argument 'cmake_clean_cache' from command line to 'False'
[0.397s] Level 5:colcon.colcon_core.verb:set package 'foxglove_msgs' build argument 'cmake_clean_first' from command line to 'False'
[0.397s] Level 5:colcon.colcon_core.verb:set package 'foxglove_msgs' build argument 'cmake_force_configure' from command line to 'False'
[0.397s] Level 5:colcon.colcon_core.verb:set package 'foxglove_msgs' build argument 'ament_cmake_args' from command line to 'None'
[0.397s] Level 5:colcon.colcon_core.verb:set package 'foxglove_msgs' build argument 'catkin_cmake_args' from command line to 'None'
[0.397s] Level 5:colcon.colcon_core.verb:set package 'foxglove_msgs' build argument 'catkin_skip_building_tests' from command line to 'False'
[0.397s] DEBUG:colcon.colcon_core.verb:Building package 'foxglove_msgs' with the following arguments: {'ament_cmake_args': None, 'build_base': '/home/bolty/ament_ws/src/build/foxglove_msgs', 'catkin_cmake_args': None, 'catkin_skip_building_tests': False, 'cmake_args': None, 'cmake_clean_cache': False, 'cmake_clean_first': False, 'cmake_force_configure': False, 'cmake_target': None, 'cmake_target_skip_unavailable': False, 'install_base': '/home/bolty/ament_ws/src/install/foxglove_msgs', 'merge_install': False, 'path': '/home/bolty/ament_ws/src/wato_msgs/foxglove_msgs', 'symlink_install': False, 'test_result_base': None}
[0.397s] Level 5:colcon.colcon_core.verb:set package 'gym_vis' build argument 'cmake_args' from command line to 'None'
[0.397s] Level 5:colcon.colcon_core.verb:set package 'gym_vis' build argument 'cmake_target' from command line to 'None'
[0.397s] Level 5:colcon.colcon_core.verb:set package 'gym_vis' build argument 'cmake_target_skip_unavailable' from command line to 'False'
[0.397s] Level 5:colcon.colcon_core.verb:set package 'gym_vis' build argument 'cmake_clean_cache' from command line to 'False'
[0.397s] Level 5:colcon.colcon_core.verb:set package 'gym_vis' build argument 'cmake_clean_first' from command line to 'False'
[0.397s] Level 5:colcon.colcon_core.verb:set package 'gym_vis' build argument 'cmake_force_configure' from command line to 'False'
[0.397s] Level 5:colcon.colcon_core.verb:set package 'gym_vis' build argument 'ament_cmake_args' from command line to 'None'
[0.397s] Level 5:colcon.colcon_core.verb:set package 'gym_vis' build argument 'catkin_cmake_args' from command line to 'None'
[0.397s] Level 5:colcon.colcon_core.verb:set package 'gym_vis' build argument 'catkin_skip_building_tests' from command line to 'False'
[0.397s] DEBUG:colcon.colcon_core.verb:Building package 'gym_vis' with the following arguments: {'ament_cmake_args': None, 'build_base': '/home/bolty/ament_ws/src/build/gym_vis', 'catkin_cmake_args': None, 'catkin_skip_building_tests': False, 'cmake_args': None, 'cmake_clean_cache': False, 'cmake_clean_first': False, 'cmake_force_configure': False, 'cmake_target': None, 'cmake_target_skip_unavailable': False, 'install_base': '/home/bolty/ament_ws/src/install/gym_vis', 'merge_install': False, 'path': '/home/bolty/ament_ws/src/robot/gym_vis', 'symlink_install': False, 'test_result_base': None}
[0.398s] Level 5:colcon.colcon_core.verb:set package 'safety_node' build argument 'cmake_args' from command line to 'None'
[0.398s] Level 5:colcon.colcon_core.verb:set package 'safety_node' build argument 'cmake_target' from command line to 'None'
[0.398s] Level 5:colcon.colcon_core.verb:set package 'safety_node' build argument 'cmake_target_skip_unavailable' from command line to 'False'
[0.398s] Level 5:colcon.colcon_core.verb:set package 'safety_node' build argument 'cmake_clean_cache' from command line to 'False'
[0.398s] Level 5:colcon.colcon_core.verb:set package 'safety_node' build argument 'cmake_clean_first' from command line to 'False'
[0.398s] Level 5:colcon.colcon_core.verb:set package 'safety_node' build argument 'cmake_force_configure' from command line to 'False'
[0.398s] Level 5:colcon.colcon_core.verb:set package 'safety_node' build argument 'ament_cmake_args' from command line to 'None'
[0.398s] Level 5:colcon.colcon_core.verb:set package 'safety_node' build argument 'catkin_cmake_args' from command line to 'None'
[0.398s] Level 5:colcon.colcon_core.verb:set package 'safety_node' build argument 'catkin_skip_building_tests' from command line to 'False'
[0.398s] DEBUG:colcon.colcon_core.verb:Building package 'safety_node' with the following arguments: {'ament_cmake_args': None, 'build_base': '/home/bolty/ament_ws/src/build/safety_node', 'catkin_cmake_args': None, 'catkin_skip_building_tests': False, 'cmake_args': None, 'cmake_clean_cache': False, 'cmake_clean_first': False, 'cmake_force_configure': False, 'cmake_target': None, 'cmake_target_skip_unavailable': False, 'install_base': '/home/bolty/ament_ws/src/install/safety_node', 'merge_install': False, 'path': '/home/bolty/ament_ws/src/robot/safety_system', 'symlink_install': False, 'test_result_base': None}
[0.398s] Level 5:colcon.colcon_core.verb:set package 'sample_msgs' build argument 'cmake_args' from command line to 'None'
[0.398s] Level 5:colcon.colcon_core.verb:set package 'sample_msgs' build argument 'cmake_target' from command line to 'None'
[0.398s] Level 5:colcon.colcon_core.verb:set package 'sample_msgs' build argument 'cmake_target_skip_unavailable' from command line to 'False'
[0.398s] Level 5:colcon.colcon_core.verb:set package 'sample_msgs' build argument 'cmake_clean_cache' from command line to 'False'
[0.398s] Level 5:colcon.colcon_core.verb:set package 'sample_msgs' build argument 'cmake_clean_first' from command line to 'False'
[0.398s] Level 5:colcon.colcon_core.verb:set package 'sample_msgs' build argument 'cmake_force_configure' from command line to 'False'
[0.398s] Level 5:colcon.colcon_core.verb:set package 'sample_msgs' build argument 'ament_cmake_args' from command line to 'None'
[0.398s] Level 5:colcon.colcon_core.verb:set package 'sample_msgs' build argument 'catkin_cmake_args' from command line to 'None'
[0.398s] Level 5:colcon.colcon_core.verb:set package 'sample_msgs' build argument 'catkin_skip_building_tests' from command line to 'False'
[0.398s] DEBUG:colcon.colcon_core.verb:Building package 'sample_msgs' with the following arguments: {'ament_cmake_args': None, 'build_base': '/home/bolty/ament_ws/src/build/sample_msgs', 'catkin_cmake_args': None, 'catkin_skip_building_tests': False, 'cmake_args': None, 'cmake_clean_cache': False, 'cmake_clean_first': False, 'cmake_force_configure': False, 'cmake_target': None, 'cmake_target_skip_unavailable': False, 'install_base': '/home/bolty/ament_ws/src/install/sample_msgs', 'merge_install': False, 'path': '/home/bolty/ament_ws/src/wato_msgs/sample_msgs', 'symlink_install': False, 'test_result_base': None}
[0.398s] Level 5:colcon.colcon_core.verb:set package 'bringup_robot' build argument 'cmake_args' from command line to 'None'
[0.398s] Level 5:colcon.colcon_core.verb:set package 'bringup_robot' build argument 'cmake_target' from command line to 'None'
[0.398s] Level 5:colcon.colcon_core.verb:set package 'bringup_robot' build argument 'cmake_target_skip_unavailable' from command line to 'False'
[0.398s] Level 5:colcon.colcon_core.verb:set package 'bringup_robot' build argument 'cmake_clean_cache' from command line to 'False'
[0.398s] Level 5:colcon.colcon_core.verb:set package 'bringup_robot' build argument 'cmake_clean_first' from command line to 'False'
[0.398s] Level 5:colcon.colcon_core.verb:set package 'bringup_robot' build argument 'cmake_force_configure' from command line to 'False'
[0.398s] Level 5:colcon.colcon_core.verb:set package 'bringup_robot' build argument 'ament_cmake_args' from command line to 'None'
[0.398s] Level 5:colcon.colcon_core.verb:set package 'bringup_robot' build argument 'catkin_cmake_args' from command line to 'None'
[0.398s] Level 5:colcon.colcon_core.verb:set package 'bringup_robot' build argument 'catkin_skip_building_tests' from command line to 'False'
[0.398s] DEBUG:colcon.colcon_core.verb:Building package 'bringup_robot' with the following arguments: {'ament_cmake_args': None, 'build_base': '/home/bolty/ament_ws/src/build/bringup_robot', 'catkin_cmake_args': None, 'catkin_skip_building_tests': False, 'cmake_args': None, 'cmake_clean_cache': False, 'cmake_clean_first': False, 'cmake_force_configure': False, 'cmake_target': None, 'cmake_target_skip_unavailable': False, 'install_base': '/home/bolty/ament_ws/src/install/bringup_robot', 'merge_install': False, 'path': '/home/bolty/ament_ws/src/robot/bringup_robot', 'symlink_install': False, 'test_result_base': None}
[0.399s] INFO:colcon.colcon_core.executor:Executing jobs using 'parallel' executor
[0.400s] DEBUG:colcon.colcon_parallel_executor.executor.parallel:run_until_complete
[0.400s] INFO:colcon.colcon_ros.task.ament_cmake.build:Building ROS package in '/home/bolty/ament_ws/src/robot/gym_vis' with build type 'ament_cmake'
[0.401s] INFO:colcon.colcon_cmake.task.cmake.build:Building CMake package in '/home/bolty/ament_ws/src/robot/gym_vis'
[0.405s] INFO:colcon.colcon_core.plugin_system:Skipping extension 'colcon_core.shell.bat': Not used on non-Windows systems
[0.406s] INFO:colcon.colcon_core.shell:Skip shell extension 'powershell' for command environment: Not usable outside of PowerShell
[0.406s] DEBUG:colcon.colcon_core.shell:Skip shell extension 'dsv' for command environment
[0.412s] INFO:colcon.colcon_ros.task.ament_python.build:Building ROS package in '/home/bolty/ament_ws/src/robot/action' with build type 'ament_python'
[0.412s] Level 1:colcon.colcon_core.shell:create_environment_hook('action', 'ament_prefix_path')
[0.413s] INFO:colcon.colcon_core.shell:Creating environment hook '/home/bolty/ament_ws/src/install/action/share/action/hook/ament_prefix_path.ps1'
[0.414s] INFO:colcon.colcon_core.shell:Creating environment descriptor '/home/bolty/ament_ws/src/install/action/share/action/hook/ament_prefix_path.dsv'
[0.415s] INFO:colcon.colcon_core.shell:Creating environment hook '/home/bolty/ament_ws/src/install/action/share/action/hook/ament_prefix_path.sh'
[0.416s] INFO:colcon.colcon_core.shell:Skip shell extension 'powershell' for command environment: Not usable outside of PowerShell
[0.416s] DEBUG:colcon.colcon_core.shell:Skip shell extension 'dsv' for command environment
[0.418s] INFO:colcon.colcon_ros.task.ament_cmake.build:Building ROS package in '/home/bolty/ament_ws/src/wato_msgs/foxglove_msgs' with build type 'ament_cmake'
[0.419s] INFO:colcon.colcon_cmake.task.cmake.build:Building CMake package in '/home/bolty/ament_ws/src/wato_msgs/foxglove_msgs'
[0.419s] INFO:colcon.colcon_core.shell:Skip shell extension 'powershell' for command environment: Not usable outside of PowerShell
[0.419s] DEBUG:colcon.colcon_core.shell:Skip shell extension 'dsv' for command environment
[0.421s] INFO:colcon.colcon_ros.task.ament_cmake.build:Building ROS package in '/home/bolty/ament_ws/src/robot/safety_system' with build type 'ament_cmake'
[0.422s] INFO:colcon.colcon_cmake.task.cmake.build:Building CMake package in '/home/bolty/ament_ws/src/robot/safety_system'
[0.422s] INFO:colcon.colcon_core.shell:Skip shell extension 'powershell' for command environment: Not usable outside of PowerShell
[0.422s] DEBUG:colcon.colcon_core.shell:Skip shell extension 'dsv' for command environment
[0.425s] INFO:colcon.colcon_ros.task.ament_cmake.build:Building ROS package in '/home/bolty/ament_ws/src/wato_msgs/sample_msgs' with build type 'ament_cmake'
[0.425s] INFO:colcon.colcon_cmake.task.cmake.build:Building CMake package in '/home/bolty/ament_ws/src/wato_msgs/sample_msgs'
[0.425s] INFO:colcon.colcon_core.shell:Skip shell extension 'powershell' for command environment: Not usable outside of PowerShell
[0.425s] DEBUG:colcon.colcon_core.shell:Skip shell extension 'dsv' for command environment
[0.435s] DEBUG:colcon.colcon_core.event_handler.log_command:Invoking command in '/home/bolty/ament_ws/src/build/gym_vis': CMAKE_PREFIX_PATH=/opt/ros/humble /usr/bin/cmake --build /home/bolty/ament_ws/src/build/gym_vis -- -j16 -l16
[0.705s] INFO:colcon.colcon_core.task.python.build:Building Python package in '/home/bolty/ament_ws/src/robot/action'
[0.705s] INFO:colcon.colcon_core.shell:Skip shell extension 'powershell' for command environment: Not usable outside of PowerShell
[0.705s] DEBUG:colcon.colcon_core.shell:Skip shell extension 'dsv' for command environment
[0.709s] DEBUG:colcon.colcon_core.event_handler.log_command:Invoking command in '/home/bolty/ament_ws/src/build/foxglove_msgs': CMAKE_PREFIX_PATH=/opt/ros/humble /usr/bin/cmake --build /home/bolty/ament_ws/src/build/foxglove_msgs -- -j16 -l16
[0.711s] DEBUG:colcon.colcon_core.event_handler.log_command:Invoking command in '/home/bolty/ament_ws/src/build/safety_node': CMAKE_PREFIX_PATH=/opt/ros/humble /usr/bin/cmake --build /home/bolty/ament_ws/src/build/safety_node -- -j16 -l16
[0.716s] DEBUG:colcon.colcon_core.event_handler.log_command:Invoking command in '/home/bolty/ament_ws/src/build/sample_msgs': CMAKE_PREFIX_PATH=/opt/ros/humble /usr/bin/cmake --build /home/bolty/ament_ws/src/build/sample_msgs -- -j16 -l16
[0.717s] DEBUG:colcon.colcon_core.event_handler.log_command:Invoked command in '/home/bolty/ament_ws/src/build/gym_vis' returned '0': CMAKE_PREFIX_PATH=/opt/ros/humble /usr/bin/cmake --build /home/bolty/ament_ws/src/build/gym_vis -- -j16 -l16
[0.748s] DEBUG:colcon.colcon_core.event_handler.log_command:Invoking command in '/home/bolty/ament_ws/src/build/gym_vis': CMAKE_PREFIX_PATH=/opt/ros/humble /usr/bin/cmake --install /home/bolty/ament_ws/src/build/gym_vis
[0.749s] DEBUG:colcon.colcon_core.event_handler.log_command:Invoked command in '/home/bolty/ament_ws/src/build/foxglove_msgs' returned '0': CMAKE_PREFIX_PATH=/opt/ros/humble /usr/bin/cmake --build /home/bolty/ament_ws/src/build/foxglove_msgs -- -j16 -l16
[0.759s] Level 1:colcon.colcon_core.environment:create_environment_scripts_only(gym_vis)
[0.760s] DEBUG:colcon.colcon_core.event_handler.log_command:Invoked command in '/home/bolty/ament_ws/src/build/gym_vis' returned '0': CMAKE_PREFIX_PATH=/opt/ros/humble /usr/bin/cmake --install /home/bolty/ament_ws/src/build/gym_vis
[0.765s] Level 1:colcon.colcon_core.environment:checking '/home/bolty/ament_ws/src/install/gym_vis' for CMake module files
[0.765s] Level 1:colcon.colcon_core.environment:checking '/home/bolty/ament_ws/src/install/gym_vis' for CMake config files
[0.766s] Level 1:colcon.colcon_core.shell:create_environment_hook('gym_vis', 'cmake_prefix_path')
[0.766s] INFO:colcon.colcon_core.shell:Creating environment hook '/home/bolty/ament_ws/src/install/gym_vis/share/gym_vis/hook/cmake_prefix_path.ps1'
[0.766s] INFO:colcon.colcon_core.shell:Creating environment descriptor '/home/bolty/ament_ws/src/install/gym_vis/share/gym_vis/hook/cmake_prefix_path.dsv'
[0.767s] INFO:colcon.colcon_core.shell:Creating environment hook '/home/bolty/ament_ws/src/install/gym_vis/share/gym_vis/hook/cmake_prefix_path.sh'
[0.768s] Level 1:colcon.colcon_core.environment:checking '/home/bolty/ament_ws/src/install/gym_vis/lib'
[0.768s] Level 1:colcon.colcon_core.environment:checking '/home/bolty/ament_ws/src/install/gym_vis/bin'
[0.768s] Level 1:colcon.colcon_core.environment:checking '/home/bolty/ament_ws/src/install/gym_vis/lib/pkgconfig/gym_vis.pc'
[0.768s] Level 1:colcon.colcon_core.environment:checking '/home/bolty/ament_ws/src/install/gym_vis/lib/python3.10/site-packages'
[0.769s] Level 1:colcon.colcon_core.environment:checking '/home/bolty/ament_ws/src/install/gym_vis/bin'
[0.769s] INFO:colcon.colcon_core.shell:Creating package script '/home/bolty/ament_ws/src/install/gym_vis/share/gym_vis/package.ps1'
[0.772s] INFO:colcon.colcon_core.shell:Creating package descriptor '/home/bolty/ament_ws/src/install/gym_vis/share/gym_vis/package.dsv'
[0.773s] INFO:colcon.colcon_core.shell:Creating package script '/home/bolty/ament_ws/src/install/gym_vis/share/gym_vis/package.sh'
[0.776s] INFO:colcon.colcon_core.shell:Creating package script '/home/bolty/ament_ws/src/install/gym_vis/share/gym_vis/package.bash'
[0.778s] INFO:colcon.colcon_core.shell:Creating package script '/home/bolty/ament_ws/src/install/gym_vis/share/gym_vis/package.zsh'
[0.780s] Level 1:colcon.colcon_core.environment:create_file_with_runtime_dependencies(/home/bolty/ament_ws/src/install/gym_vis/share/colcon-core/packages/gym_vis)
[0.791s] DEBUG:colcon.colcon_core.event_handler.log_command:Invoking command in '/home/bolty/ament_ws/src/build/foxglove_msgs': CMAKE_PREFIX_PATH=/opt/ros/humble /usr/bin/cmake --install /home/bolty/ament_ws/src/build/foxglove_msgs
[0.808s] Level 1:colcon.colcon_core.environment:create_environment_scripts_only(foxglove_msgs)
[0.809s] DEBUG:colcon.colcon_core.event_handler.log_command:Invoked command in '/home/bolty/ament_ws/src/build/foxglove_msgs' returned '0': CMAKE_PREFIX_PATH=/opt/ros/humble /usr/bin/cmake --install /home/bolty/ament_ws/src/build/foxglove_msgs
[0.809s] Level 1:colcon.colcon_core.environment:checking '/home/bolty/ament_ws/src/install/foxglove_msgs' for CMake module files
[0.810s] Level 1:colcon.colcon_core.environment:checking '/home/bolty/ament_ws/src/install/foxglove_msgs' for CMake config files
[0.810s] Level 1:colcon.colcon_core.shell:create_environment_hook('foxglove_msgs', 'cmake_prefix_path')
[0.810s] INFO:colcon.colcon_core.shell:Creating environment hook '/home/bolty/ament_ws/src/install/foxglove_msgs/share/foxglove_msgs/hook/cmake_prefix_path.ps1'
[0.811s] INFO:colcon.colcon_core.shell:Creating environment descriptor '/home/bolty/ament_ws/src/install/foxglove_msgs/share/foxglove_msgs/hook/cmake_prefix_path.dsv'
[0.812s] INFO:colcon.colcon_core.shell:Creating environment hook '/home/bolty/ament_ws/src/install/foxglove_msgs/share/foxglove_msgs/hook/cmake_prefix_path.sh'
[0.815s] Level 1:colcon.colcon_core.environment:checking '/home/bolty/ament_ws/src/install/foxglove_msgs/bin'
[0.816s] Level 1:colcon.colcon_core.environment:checking '/home/bolty/ament_ws/src/install/foxglove_msgs/lib/pkgconfig/foxglove_msgs.pc'
[0.816s] Level 1:colcon.colcon_core.environment:checking '/home/bolty/ament_ws/src/install/foxglove_msgs/lib/python3.10/site-packages'
[0.816s] Level 1:colcon.colcon_core.environment:checking '/home/bolty/ament_ws/src/install/foxglove_msgs/bin'
[0.817s] INFO:colcon.colcon_core.shell:Creating package script '/home/bolty/ament_ws/src/install/foxglove_msgs/share/foxglove_msgs/package.ps1'
[0.817s] INFO:colcon.colcon_core.shell:Creating package descriptor '/home/bolty/ament_ws/src/install/foxglove_msgs/share/foxglove_msgs/package.dsv'
[0.818s] INFO:colcon.colcon_core.shell:Creating package script '/home/bolty/ament_ws/src/install/foxglove_msgs/share/foxglove_msgs/package.sh'
[0.820s] INFO:colcon.colcon_core.shell:Creating package script '/home/bolty/ament_ws/src/install/foxglove_msgs/share/foxglove_msgs/package.bash'
[0.821s] INFO:colcon.colcon_core.shell:Creating package script '/home/bolty/ament_ws/src/install/foxglove_msgs/share/foxglove_msgs/package.zsh'
[0.823s] Level 1:colcon.colcon_core.environment:create_file_with_runtime_dependencies(/home/bolty/ament_ws/src/install/foxglove_msgs/share/colcon-core/packages/foxglove_msgs)
[0.843s] Level 1:colcon.colcon_core.environment:create_environment_scripts_only(gym_vis)
[0.844s] Level 1:colcon.colcon_core.environment:checking '/home/bolty/ament_ws/src/install/gym_vis' for CMake module files
[0.845s] Level 1:colcon.colcon_core.environment:checking '/home/bolty/ament_ws/src/install/gym_vis' for CMake config files
[0.846s] Level 1:colcon.colcon_core.shell:create_environment_hook('gym_vis', 'cmake_prefix_path')
[0.847s] INFO:colcon.colcon_core.shell:Creating environment hook '/home/bolty/ament_ws/src/install/gym_vis/share/gym_vis/hook/cmake_prefix_path.ps1'
[0.848s] INFO:colcon.colcon_core.shell:Creating environment descriptor '/home/bolty/ament_ws/src/install/gym_vis/share/gym_vis/hook/cmake_prefix_path.dsv'
[0.849s] INFO:colcon.colcon_core.shell:Creating environment hook '/home/bolty/ament_ws/src/install/gym_vis/share/gym_vis/hook/cmake_prefix_path.sh'
[0.850s] Level 1:colcon.colcon_core.environment:checking '/home/bolty/ament_ws/src/install/gym_vis/lib'
[0.850s] Level 1:colcon.colcon_core.environment:checking '/home/bolty/ament_ws/src/install/gym_vis/bin'
[0.850s] Level 1:colcon.colcon_core.environment:checking '/home/bolty/ament_ws/src/install/gym_vis/lib/pkgconfig/gym_vis.pc'
[0.850s] Level 1:colcon.colcon_core.environment:checking '/home/bolty/ament_ws/src/install/gym_vis/lib/python3.10/site-packages'
[0.851s] Level 1:colcon.colcon_core.environment:checking '/home/bolty/ament_ws/src/install/gym_vis/bin'
[0.851s] INFO:colcon.colcon_core.shell:Creating package script '/home/bolty/ament_ws/src/install/gym_vis/share/gym_vis/package.ps1'
[0.852s] INFO:colcon.colcon_core.shell:Creating package descriptor '/home/bolty/ament_ws/src/install/gym_vis/share/gym_vis/package.dsv'
[0.853s] INFO:colcon.colcon_core.shell:Creating package script '/home/bolty/ament_ws/src/install/gym_vis/share/gym_vis/package.sh'
[0.854s] INFO:colcon.colcon_core.shell:Creating package script '/home/bolty/ament_ws/src/install/gym_vis/share/gym_vis/package.bash'
[0.855s] INFO:colcon.colcon_core.shell:Creating package script '/home/bolty/ament_ws/src/install/gym_vis/share/gym_vis/package.zsh'
[0.856s] Level 1:colcon.colcon_core.environment:create_file_with_runtime_dependencies(/home/bolty/ament_ws/src/install/gym_vis/share/colcon-core/packages/gym_vis)
[0.856s] INFO:colcon.colcon_ros.task.ament_cmake.build:Building ROS package in '/home/bolty/ament_ws/src/robot/bringup_robot' with build type 'ament_cmake'
[0.857s] INFO:colcon.colcon_cmake.task.cmake.build:Building CMake package in '/home/bolty/ament_ws/src/robot/bringup_robot'
[0.858s] INFO:colcon.colcon_core.shell:Skip shell extension 'powershell' for command environment: Not usable outside of PowerShell
[0.858s] DEBUG:colcon.colcon_core.shell:Skip shell extension 'dsv' for command environment
[0.865s] Level 1:colcon.colcon_core.environment:create_environment_scripts_only(foxglove_msgs)
[0.866s] Level 1:colcon.colcon_core.environment:checking '/home/bolty/ament_ws/src/install/foxglove_msgs' for CMake module files
[0.867s] Level 1:colcon.colcon_core.environment:checking '/home/bolty/ament_ws/src/install/foxglove_msgs' for CMake config files
[0.867s] Level 1:colcon.colcon_core.shell:create_environment_hook('foxglove_msgs', 'cmake_prefix_path')
[0.867s] INFO:colcon.colcon_core.shell:Creating environment hook '/home/bolty/ament_ws/src/install/foxglove_msgs/share/foxglove_msgs/hook/cmake_prefix_path.ps1'
[0.868s] INFO:colcon.colcon_core.shell:Creating environment descriptor '/home/bolty/ament_ws/src/install/foxglove_msgs/share/foxglove_msgs/hook/cmake_prefix_path.dsv'
[0.869s] INFO:colcon.colcon_core.shell:Creating environment hook '/home/bolty/ament_ws/src/install/foxglove_msgs/share/foxglove_msgs/hook/cmake_prefix_path.sh'
[0.870s] Level 1:colcon.colcon_core.environment:checking '/home/bolty/ament_ws/src/install/foxglove_msgs/bin'
[0.870s] Level 1:colcon.colcon_core.environment:checking '/home/bolty/ament_ws/src/install/foxglove_msgs/lib/pkgconfig/foxglove_msgs.pc'
[0.870s] Level 1:colcon.colcon_core.environment:checking '/home/bolty/ament_ws/src/install/foxglove_msgs/lib/python3.10/site-packages'
[0.871s] Level 1:colcon.colcon_core.environment:checking '/home/bolty/ament_ws/src/install/foxglove_msgs/bin'
[0.871s] INFO:colcon.colcon_core.shell:Creating package script '/home/bolty/ament_ws/src/install/foxglove_msgs/share/foxglove_msgs/package.ps1'
[0.872s] INFO:colcon.colcon_core.shell:Creating package descriptor '/home/bolty/ament_ws/src/install/foxglove_msgs/share/foxglove_msgs/package.dsv'
[0.874s] INFO:colcon.colcon_core.shell:Creating package script '/home/bolty/ament_ws/src/install/foxglove_msgs/share/foxglove_msgs/package.sh'
[0.875s] INFO:colcon.colcon_core.shell:Creating package script '/home/bolty/ament_ws/src/install/foxglove_msgs/share/foxglove_msgs/package.bash'
[0.876s] INFO:colcon.colcon_core.shell:Creating package script '/home/bolty/ament_ws/src/install/foxglove_msgs/share/foxglove_msgs/package.zsh'
[0.877s] Level 1:colcon.colcon_core.environment:create_file_with_runtime_dependencies(/home/bolty/ament_ws/src/install/foxglove_msgs/share/colcon-core/packages/foxglove_msgs)
[0.883s] DEBUG:colcon.colcon_core.event_handler.log_command:Invoking command in '/home/bolty/ament_ws/src/build/bringup_robot': AMENT_PREFIX_PATH=/home/bolty/ament_ws/src/install/gym_vis:${AMENT_PREFIX_PATH} CMAKE_PREFIX_PATH=/home/bolty/ament_ws/src/install/gym_vis:/opt/ros/humble /usr/bin/cmake --build /home/bolty/ament_ws/src/build/bringup_robot -- -j16 -l16
[0.930s] DEBUG:colcon.colcon_core.event_handler.log_command:Invoked command in '/home/bolty/ament_ws/src/build/bringup_robot' returned '0': AMENT_PREFIX_PATH=/home/bolty/ament_ws/src/install/gym_vis:${AMENT_PREFIX_PATH} CMAKE_PREFIX_PATH=/home/bolty/ament_ws/src/install/gym_vis:/opt/ros/humble /usr/bin/cmake --build /home/bolty/ament_ws/src/build/bringup_robot -- -j16 -l16
[0.959s] DEBUG:colcon.colcon_core.event_handler.log_command:Invoking command in '/home/bolty/ament_ws/src/build/bringup_robot': AMENT_PREFIX_PATH=/home/bolty/ament_ws/src/install/gym_vis:${AMENT_PREFIX_PATH} CMAKE_PREFIX_PATH=/home/bolty/ament_ws/src/install/gym_vis:/opt/ros/humble /usr/bin/cmake --install /home/bolty/ament_ws/src/build/bringup_robot
[0.979s] Level 1:colcon.colcon_core.environment:create_environment_scripts_only(bringup_robot)
[0.980s] Level 1:colcon.colcon_core.environment:checking '/home/bolty/ament_ws/src/install/bringup_robot' for CMake module files
[0.980s] Level 1:colcon.colcon_core.environment:checking '/home/bolty/ament_ws/src/install/bringup_robot' for CMake config files
[0.982s] DEBUG:colcon.colcon_core.event_handler.log_command:Invoked command in '/home/bolty/ament_ws/src/build/bringup_robot' returned '0': AMENT_PREFIX_PATH=/home/bolty/ament_ws/src/install/gym_vis:${AMENT_PREFIX_PATH} CMAKE_PREFIX_PATH=/home/bolty/ament_ws/src/install/gym_vis:/opt/ros/humble /usr/bin/cmake --install /home/bolty/ament_ws/src/build/bringup_robot
[0.982s] Level 1:colcon.colcon_core.shell:create_environment_hook('bringup_robot', 'cmake_prefix_path')
[0.983s] INFO:colcon.colcon_core.shell:Creating environment hook '/home/bolty/ament_ws/src/install/bringup_robot/share/bringup_robot/hook/cmake_prefix_path.ps1'
[0.984s] INFO:colcon.colcon_core.shell:Creating environment descriptor '/home/bolty/ament_ws/src/install/bringup_robot/share/bringup_robot/hook/cmake_prefix_path.dsv'
[0.985s] INFO:colcon.colcon_core.shell:Creating environment hook '/home/bolty/ament_ws/src/install/bringup_robot/share/bringup_robot/hook/cmake_prefix_path.sh'
[0.986s] Level 1:colcon.colcon_core.environment:checking '/home/bolty/ament_ws/src/install/bringup_robot/bin'
[0.986s] Level 1:colcon.colcon_core.environment:checking '/home/bolty/ament_ws/src/install/bringup_robot/lib/pkgconfig/bringup_robot.pc'
[0.987s] Level 1:colcon.colcon_core.environment:checking '/home/bolty/ament_ws/src/install/bringup_robot/lib/python3.10/site-packages'
[0.987s] Level 1:colcon.colcon_core.environment:checking '/home/bolty/ament_ws/src/install/bringup_robot/bin'
[0.988s] INFO:colcon.colcon_core.shell:Creating package script '/home/bolty/ament_ws/src/install/bringup_robot/share/bringup_robot/package.ps1'
[0.989s] INFO:colcon.colcon_core.shell:Creating package descriptor '/home/bolty/ament_ws/src/install/bringup_robot/share/bringup_robot/package.dsv'
[0.989s] INFO:colcon.colcon_core.shell:Creating package script '/home/bolty/ament_ws/src/install/bringup_robot/share/bringup_robot/package.sh'
[0.990s] INFO:colcon.colcon_core.shell:Creating package script '/home/bolty/ament_ws/src/install/bringup_robot/share/bringup_robot/package.bash'
[0.991s] INFO:colcon.colcon_core.shell:Creating package script '/home/bolty/ament_ws/src/install/bringup_robot/share/bringup_robot/package.zsh'
[0.992s] Level 1:colcon.colcon_core.environment:create_file_with_runtime_dependencies(/home/bolty/ament_ws/src/install/bringup_robot/share/colcon-core/packages/bringup_robot)
[1.023s] Level 1:colcon.colcon_core.environment:create_environment_scripts_only(bringup_robot)
[1.023s] Level 1:colcon.colcon_core.environment:checking '/home/bolty/ament_ws/src/install/bringup_robot' for CMake module files
[1.024s] Level 1:colcon.colcon_core.environment:checking '/home/bolty/ament_ws/src/install/bringup_robot' for CMake config files
[1.025s] Level 1:colcon.colcon_core.shell:create_environment_hook('bringup_robot', 'cmake_prefix_path')
[1.025s] INFO:colcon.colcon_core.shell:Creating environment hook '/home/bolty/ament_ws/src/install/bringup_robot/share/bringup_robot/hook/cmake_prefix_path.ps1'
[1.026s] INFO:colcon.colcon_core.shell:Creating environment descriptor '/home/bolty/ament_ws/src/install/bringup_robot/share/bringup_robot/hook/cmake_prefix_path.dsv'
[1.027s] INFO:colcon.colcon_core.shell:Creating environment hook '/home/bolty/ament_ws/src/install/bringup_robot/share/bringup_robot/hook/cmake_prefix_path.sh'
[1.028s] Level 1:colcon.colcon_core.environment:checking '/home/bolty/ament_ws/src/install/bringup_robot/bin'
[1.028s] Level 1:colcon.colcon_core.environment:checking '/home/bolty/ament_ws/src/install/bringup_robot/lib/pkgconfig/bringup_robot.pc'
[1.028s] Level 1:colcon.colcon_core.environment:checking '/home/bolty/ament_ws/src/install/bringup_robot/lib/python3.10/site-packages'
[1.029s] Level 1:colcon.colcon_core.environment:checking '/home/bolty/ament_ws/src/install/bringup_robot/bin'
[1.029s] INFO:colcon.colcon_core.shell:Creating package script '/home/bolty/ament_ws/src/install/bringup_robot/share/bringup_robot/package.ps1'
[1.030s] INFO:colcon.colcon_core.shell:Creating package descriptor '/home/bolty/ament_ws/src/install/bringup_robot/share/bringup_robot/package.dsv'
[1.030s] INFO:colcon.colcon_core.shell:Creating package script '/home/bolty/ament_ws/src/install/bringup_robot/share/bringup_robot/package.sh'
[1.031s] INFO:colcon.colcon_core.shell:Creating package script '/home/bolty/ament_ws/src/install/bringup_robot/share/bringup_robot/package.bash'
[1.031s] INFO:colcon.colcon_core.shell:Creating package script '/home/bolty/ament_ws/src/install/bringup_robot/share/bringup_robot/package.zsh'
[1.032s] Level 1:colcon.colcon_core.environment:create_file_with_runtime_dependencies(/home/bolty/ament_ws/src/install/bringup_robot/share/colcon-core/packages/bringup_robot)
[1.109s] DEBUG:colcon.colcon_core.event_handler.log_command:Invoked command in '/home/bolty/ament_ws/src/build/sample_msgs' returned '0': CMAKE_PREFIX_PATH=/opt/ros/humble /usr/bin/cmake --build /home/bolty/ament_ws/src/build/sample_msgs -- -j16 -l16
[1.122s] DEBUG:colcon.colcon_core.event_handler.log_command:Invoking command in '/home/bolty/ament_ws/src/robot/action': PYTHONPATH=/home/bolty/ament_ws/src/build/action/prefix_override:/usr/lib/python3/dist-packages/colcon_core/task/python/colcon_distutils_commands:/home/bolty/ament_ws/src/install/action/lib/python3.10/site-packages:${PYTHONPATH} /usr/bin/python3 -W ignore:setup.py install is deprecated setup.py egg_info --egg-base ../../build/action build --build-base /home/bolty/ament_ws/src/build/action/build install --record /home/bolty/ament_ws/src/build/action/install.log --single-version-externally-managed install_data
[1.260s] DEBUG:colcon.colcon_core.event_handler.log_command:Invoking command in '/home/bolty/ament_ws/src/build/sample_msgs': CMAKE_PREFIX_PATH=/opt/ros/humble /usr/bin/cmake --install /home/bolty/ament_ws/src/build/sample_msgs
[1.337s] Level 1:colcon.colcon_core.environment:create_environment_scripts_only(sample_msgs)
[1.337s] Level 1:colcon.colcon_core.environment:checking '/home/bolty/ament_ws/src/install/sample_msgs' for CMake module files
[1.338s] DEBUG:colcon.colcon_core.event_handler.log_command:Invoked command in '/home/bolty/ament_ws/src/build/sample_msgs' returned '0': CMAKE_PREFIX_PATH=/opt/ros/humble /usr/bin/cmake --install /home/bolty/ament_ws/src/build/sample_msgs
[1.339s] Level 1:colcon.colcon_core.environment:checking '/home/bolty/ament_ws/src/install/sample_msgs' for CMake config files
[1.340s] Level 1:colcon.colcon_core.shell:create_environment_hook('sample_msgs', 'cmake_prefix_path')
[1.340s] INFO:colcon.colcon_core.shell:Creating environment hook '/home/bolty/ament_ws/src/install/sample_msgs/share/sample_msgs/hook/cmake_prefix_path.ps1'
[1.341s] INFO:colcon.colcon_core.shell:Creating environment descriptor '/home/bolty/ament_ws/src/install/sample_msgs/share/sample_msgs/hook/cmake_prefix_path.dsv'
[1.341s] INFO:colcon.colcon_core.shell:Creating environment hook '/home/bolty/ament_ws/src/install/sample_msgs/share/sample_msgs/hook/cmake_prefix_path.sh'
[1.342s] Level 1:colcon.colcon_core.environment:checking '/home/bolty/ament_ws/src/install/sample_msgs/lib'
[1.343s] Level 1:colcon.colcon_core.shell:create_environment_hook('sample_msgs', 'ld_library_path_lib')
[1.343s] INFO:colcon.colcon_core.shell:Creating environment hook '/home/bolty/ament_ws/src/install/sample_msgs/share/sample_msgs/hook/ld_library_path_lib.ps1'
[1.344s] INFO:colcon.colcon_core.shell:Creating environment descriptor '/home/bolty/ament_ws/src/install/sample_msgs/share/sample_msgs/hook/ld_library_path_lib.dsv'
[1.344s] INFO:colcon.colcon_core.shell:Creating environment hook '/home/bolty/ament_ws/src/install/sample_msgs/share/sample_msgs/hook/ld_library_path_lib.sh'
[1.346s] Level 1:colcon.colcon_core.environment:checking '/home/bolty/ament_ws/src/install/sample_msgs/bin'
[1.346s] Level 1:colcon.colcon_core.environment:checking '/home/bolty/ament_ws/src/install/sample_msgs/lib/pkgconfig/sample_msgs.pc'
[1.347s] Level 1:colcon.colcon_core.environment:checking '/home/bolty/ament_ws/src/install/sample_msgs/lib/python3.10/site-packages'
[1.347s] Level 1:colcon.colcon_core.environment:checking '/home/bolty/ament_ws/src/install/sample_msgs/bin'
[1.347s] INFO:colcon.colcon_core.shell:Creating package script '/home/bolty/ament_ws/src/install/sample_msgs/share/sample_msgs/package.ps1'
[1.348s] INFO:colcon.colcon_core.shell:Creating package descriptor '/home/bolty/ament_ws/src/install/sample_msgs/share/sample_msgs/package.dsv'
[1.349s] INFO:colcon.colcon_core.shell:Creating package script '/home/bolty/ament_ws/src/install/sample_msgs/share/sample_msgs/package.sh'
[1.350s] INFO:colcon.colcon_core.shell:Creating package script '/home/bolty/ament_ws/src/install/sample_msgs/share/sample_msgs/package.bash'
[1.350s] INFO:colcon.colcon_core.shell:Creating package script '/home/bolty/ament_ws/src/install/sample_msgs/share/sample_msgs/package.zsh'
[1.350s] Level 1:colcon.colcon_core.environment:create_file_with_runtime_dependencies(/home/bolty/ament_ws/src/install/sample_msgs/share/colcon-core/packages/sample_msgs)
[1.465s] Level 1:colcon.colcon_core.environment:create_environment_scripts_only(sample_msgs)
[1.466s] Level 1:colcon.colcon_core.environment:checking '/home/bolty/ament_ws/src/install/sample_msgs' for CMake module files
[1.467s] Level 1:colcon.colcon_core.environment:checking '/home/bolty/ament_ws/src/install/sample_msgs' for CMake config files
[1.468s] Level 1:colcon.colcon_core.shell:create_environment_hook('sample_msgs', 'cmake_prefix_path')
[1.469s] INFO:colcon.colcon_core.shell:Creating environment hook '/home/bolty/ament_ws/src/install/sample_msgs/share/sample_msgs/hook/cmake_prefix_path.ps1'
[1.470s] INFO:colcon.colcon_core.shell:Creating environment descriptor '/home/bolty/ament_ws/src/install/sample_msgs/share/sample_msgs/hook/cmake_prefix_path.dsv'
[1.470s] INFO:colcon.colcon_core.shell:Creating environment hook '/home/bolty/ament_ws/src/install/sample_msgs/share/sample_msgs/hook/cmake_prefix_path.sh'
[1.471s] Level 1:colcon.colcon_core.environment:checking '/home/bolty/ament_ws/src/install/sample_msgs/lib'
[1.472s] Level 1:colcon.colcon_core.shell:create_environment_hook('sample_msgs', 'ld_library_path_lib')
[1.472s] INFO:colcon.colcon_core.shell:Creating environment hook '/home/bolty/ament_ws/src/install/sample_msgs/share/sample_msgs/hook/ld_library_path_lib.ps1'
[1.473s] INFO:colcon.colcon_core.shell:Creating environment descriptor '/home/bolty/ament_ws/src/install/sample_msgs/share/sample_msgs/hook/ld_library_path_lib.dsv'
[1.473s] INFO:colcon.colcon_core.shell:Creating environment hook '/home/bolty/ament_ws/src/install/sample_msgs/share/sample_msgs/hook/ld_library_path_lib.sh'
[1.474s] Level 1:colcon.colcon_core.environment:checking '/home/bolty/ament_ws/src/install/sample_msgs/bin'
[1.474s] Level 1:colcon.colcon_core.environment:checking '/home/bolty/ament_ws/src/install/sample_msgs/lib/pkgconfig/sample_msgs.pc'
[1.475s] Level 1:colcon.colcon_core.environment:checking '/home/bolty/ament_ws/src/install/sample_msgs/lib/python3.10/site-packages'
[1.475s] Level 1:colcon.colcon_core.environment:checking '/home/bolty/ament_ws/src/install/sample_msgs/bin'
[1.476s] INFO:colcon.colcon_core.shell:Creating package script '/home/bolty/ament_ws/src/install/sample_msgs/share/sample_msgs/package.ps1'
[1.477s] INFO:colcon.colcon_core.shell:Creating package descriptor '/home/bolty/ament_ws/src/install/sample_msgs/share/sample_msgs/package.dsv'
[1.479s] INFO:colcon.colcon_core.shell:Creating package script '/home/bolty/ament_ws/src/install/sample_msgs/share/sample_msgs/package.sh'
[1.480s] INFO:colcon.colcon_core.shell:Creating package script '/home/bolty/ament_ws/src/install/sample_msgs/share/sample_msgs/package.bash'
[1.481s] INFO:colcon.colcon_core.shell:Creating package script '/home/bolty/ament_ws/src/install/sample_msgs/share/sample_msgs/package.zsh'
[1.482s] Level 1:colcon.colcon_core.environment:create_file_with_runtime_dependencies(/home/bolty/ament_ws/src/install/sample_msgs/share/colcon-core/packages/sample_msgs)
[1.497s] Level 1:colcon.colcon_core.environment:checking '/home/bolty/ament_ws/src/install/action' for CMake module files
[1.497s] Level 1:colcon.colcon_core.environment:checking '/home/bolty/ament_ws/src/install/action' for CMake config files
[1.498s] DEBUG:colcon.colcon_core.event_handler.log_command:Invoked command in '/home/bolty/ament_ws/src/robot/action' returned '0': PYTHONPATH=/home/bolty/ament_ws/src/build/action/prefix_override:/usr/lib/python3/dist-packages/colcon_core/task/python/colcon_distutils_commands:/home/bolty/ament_ws/src/install/action/lib/python3.10/site-packages:${PYTHONPATH} /usr/bin/python3 -W ignore:setup.py install is deprecated setup.py egg_info --egg-base ../../build/action build --build-base /home/bolty/ament_ws/src/build/action/build install --record /home/bolty/ament_ws/src/build/action/install.log --single-version-externally-managed install_data
[1.499s] Level 1:colcon.colcon_core.environment:checking '/home/bolty/ament_ws/src/install/action/lib'
[1.499s] Level 1:colcon.colcon_core.environment:checking '/home/bolty/ament_ws/src/install/action/bin'
[1.499s] Level 1:colcon.colcon_core.environment:checking '/home/bolty/ament_ws/src/install/action/lib/pkgconfig/action.pc'
[1.500s] Level 1:colcon.colcon_core.environment:checking '/home/bolty/ament_ws/src/install/action/lib/python3.10/site-packages'
[1.500s] Level 1:colcon.colcon_core.shell:create_environment_hook('action', 'pythonpath')
[1.501s] INFO:colcon.colcon_core.shell:Creating environment hook '/home/bolty/ament_ws/src/install/action/share/action/hook/pythonpath.ps1'
[1.504s] INFO:colcon.colcon_core.shell:Creating environment descriptor '/home/bolty/ament_ws/src/install/action/share/action/hook/pythonpath.dsv'
[1.505s] INFO:colcon.colcon_core.shell:Creating environment hook '/home/bolty/ament_ws/src/install/action/share/action/hook/pythonpath.sh'
[1.506s] Level 1:colcon.colcon_core.environment:checking '/home/bolty/ament_ws/src/install/action/bin'
[1.506s] Level 1:colcon.colcon_core.environment:create_environment_scripts_only(action)
[1.506s] INFO:colcon.colcon_core.shell:Creating package script '/home/bolty/ament_ws/src/install/action/share/action/package.ps1'
[1.508s] INFO:colcon.colcon_core.shell:Creating package descriptor '/home/bolty/ament_ws/src/install/action/share/action/package.dsv'
[1.509s] INFO:colcon.colcon_core.shell:Creating package script '/home/bolty/ament_ws/src/install/action/share/action/package.sh'
[1.510s] INFO:colcon.colcon_core.shell:Creating package script '/home/bolty/ament_ws/src/install/action/share/action/package.bash'
[1.510s] INFO:colcon.colcon_core.shell:Creating package script '/home/bolty/ament_ws/src/install/action/share/action/package.zsh'
[1.511s] Level 1:colcon.colcon_core.environment:create_file_with_runtime_dependencies(/home/bolty/ament_ws/src/install/action/share/colcon-core/packages/action)
[15.371s] DEBUG:colcon.colcon_core.event_handler.log_command:Invoked command in '/home/bolty/ament_ws/src/build/safety_node' returned '0': CMAKE_PREFIX_PATH=/opt/ros/humble /usr/bin/cmake --build /home/bolty/ament_ws/src/build/safety_node -- -j16 -l16
[15.399s] DEBUG:colcon.colcon_core.event_handler.log_command:Invoking command in '/home/bolty/ament_ws/src/build/safety_node': CMAKE_PREFIX_PATH=/opt/ros/humble /usr/bin/cmake --install /home/bolty/ament_ws/src/build/safety_node
[15.422s] Level 1:colcon.colcon_core.environment:create_environment_scripts_only(safety_node)
[15.422s] Level 1:colcon.colcon_core.environment:checking '/home/bolty/ament_ws/src/install/safety_node' for CMake module files
[15.423s] DEBUG:colcon.colcon_core.event_handler.log_command:Invoked command in '/home/bolty/ament_ws/src/build/safety_node' returned '0': CMAKE_PREFIX_PATH=/opt/ros/humble /usr/bin/cmake --install /home/bolty/ament_ws/src/build/safety_node
[15.423s] Level 1:colcon.colcon_core.environment:checking '/home/bolty/ament_ws/src/install/safety_node' for CMake config files
[15.424s] Level 1:colcon.colcon_core.shell:create_environment_hook('safety_node', 'cmake_prefix_path')
[15.424s] INFO:colcon.colcon_core.shell:Creating environment hook '/home/bolty/ament_ws/src/install/safety_node/share/safety_node/hook/cmake_prefix_path.ps1'
[15.425s] INFO:colcon.colcon_core.shell:Creating environment descriptor '/home/bolty/ament_ws/src/install/safety_node/share/safety_node/hook/cmake_prefix_path.dsv'
[15.425s] INFO:colcon.colcon_core.shell:Creating environment hook '/home/bolty/ament_ws/src/install/safety_node/share/safety_node/hook/cmake_prefix_path.sh'
[15.426s] Level 1:colcon.colcon_core.environment:checking '/home/bolty/ament_ws/src/install/safety_node/lib'
[15.426s] Level 1:colcon.colcon_core.environment:checking '/home/bolty/ament_ws/src/install/safety_node/bin'
[15.426s] Level 1:colcon.colcon_core.environment:checking '/home/bolty/ament_ws/src/install/safety_node/lib/pkgconfig/safety_node.pc'
[15.427s] Level 1:colcon.colcon_core.environment:checking '/home/bolty/ament_ws/src/install/safety_node/lib/python3.10/site-packages'
[15.427s] Level 1:colcon.colcon_core.environment:checking '/home/bolty/ament_ws/src/install/safety_node/bin'
[15.427s] INFO:colcon.colcon_core.shell:Creating package script '/home/bolty/ament_ws/src/install/safety_node/share/safety_node/package.ps1'
[15.428s] INFO:colcon.colcon_core.shell:Creating package descriptor '/home/bolty/ament_ws/src/install/safety_node/share/safety_node/package.dsv'
[15.429s] INFO:colcon.colcon_core.shell:Creating package script '/home/bolty/ament_ws/src/install/safety_node/share/safety_node/package.sh'
[15.429s] INFO:colcon.colcon_core.shell:Creating package script '/home/bolty/ament_ws/src/install/safety_node/share/safety_node/package.bash'
[15.430s] INFO:colcon.colcon_core.shell:Creating package script '/home/bolty/ament_ws/src/install/safety_node/share/safety_node/package.zsh'
[15.430s] Level 1:colcon.colcon_core.environment:create_file_with_runtime_dependencies(/home/bolty/ament_ws/src/install/safety_node/share/colcon-core/packages/safety_node)
[15.454s] Level 1:colcon.colcon_core.environment:create_environment_scripts_only(safety_node)
[15.454s] Level 1:colcon.colcon_core.environment:checking '/home/bolty/ament_ws/src/install/safety_node' for CMake module files
[15.454s] Level 1:colcon.colcon_core.environment:checking '/home/bolty/ament_ws/src/install/safety_node' for CMake config files
[15.455s] Level 1:colcon.colcon_core.shell:create_environment_hook('safety_node', 'cmake_prefix_path')
[15.455s] INFO:colcon.colcon_core.shell:Creating environment hook '/home/bolty/ament_ws/src/install/safety_node/share/safety_node/hook/cmake_prefix_path.ps1'
[15.455s] INFO:colcon.colcon_core.shell:Creating environment descriptor '/home/bolty/ament_ws/src/install/safety_node/share/safety_node/hook/cmake_prefix_path.dsv'
[15.456s] INFO:colcon.colcon_core.shell:Creating environment hook '/home/bolty/ament_ws/src/install/safety_node/share/safety_node/hook/cmake_prefix_path.sh'
[15.456s] Level 1:colcon.colcon_core.environment:checking '/home/bolty/ament_ws/src/install/safety_node/lib'
[15.456s] Level 1:colcon.colcon_core.environment:checking '/home/bolty/ament_ws/src/install/safety_node/bin'
[15.457s] Level 1:colcon.colcon_core.environment:checking '/home/bolty/ament_ws/src/install/safety_node/lib/pkgconfig/safety_node.pc'
[15.457s] Level 1:colcon.colcon_core.environment:checking '/home/bolty/ament_ws/src/install/safety_node/lib/python3.10/site-packages'
[15.457s] Level 1:colcon.colcon_core.environment:checking '/home/bolty/ament_ws/src/install/safety_node/bin'
[15.458s] INFO:colcon.colcon_core.shell:Creating package script '/home/bolty/ament_ws/src/install/safety_node/share/safety_node/package.ps1'
[15.458s] INFO:colcon.colcon_core.shell:Creating package descriptor '/home/bolty/ament_ws/src/install/safety_node/share/safety_node/package.dsv'
[15.459s] INFO:colcon.colcon_core.shell:Creating package script '/home/bolty/ament_ws/src/install/safety_node/share/safety_node/package.sh'
[15.460s] INFO:colcon.colcon_core.shell:Creating package script '/home/bolty/ament_ws/src/install/safety_node/share/safety_node/package.bash'
[15.461s] INFO:colcon.colcon_core.shell:Creating package script '/home/bolty/ament_ws/src/install/safety_node/share/safety_node/package.zsh'
[15.461s] Level 1:colcon.colcon_core.environment:create_file_with_runtime_dependencies(/home/bolty/ament_ws/src/install/safety_node/share/colcon-core/packages/safety_node)
[15.462s] DEBUG:colcon.colcon_parallel_executor.executor.parallel:closing loop
[15.462s] DEBUG:colcon.colcon_parallel_executor.executor.parallel:loop closed
[15.462s] DEBUG:colcon.colcon_parallel_executor.executor.parallel:run_until_complete finished with '0'
[15.463s] DEBUG:colcon.colcon_core.event_reactor:joining thread
[15.477s] INFO:colcon.colcon_core.plugin_system:Skipping extension 'colcon_notification.desktop_notification.notify_send': Could not find 'notify-send'
[15.477s] INFO:colcon.colcon_core.plugin_system:Skipping extension 'colcon_notification.desktop_notification.terminal_notifier': Not used on non-Darwin systems
[15.477s] INFO:colcon.colcon_core.plugin_system:Skipping extension 'colcon_notification.desktop_notification.win32': Not used on non-Windows systems
[15.477s] INFO:colcon.colcon_notification.desktop_notification:Sending desktop notification using 'notify2'
[15.482s] DEBUG:colcon.colcon_notification.desktop_notification.notify2:Failed to initialize notify2: org.freedesktop.DBus.Error.Spawn.ExecFailed: /usr/bin/dbus-launch terminated abnormally without any error message
[15.483s] DEBUG:colcon.colcon_core.event_reactor:joined thread
[15.483s] INFO:colcon.colcon_core.shell:Creating prefix script '/home/bolty/ament_ws/src/install/local_setup.ps1'
[15.485s] INFO:colcon.colcon_core.shell:Creating prefix util module '/home/bolty/ament_ws/src/install/_local_setup_util_ps1.py'
[15.487s] INFO:colcon.colcon_core.shell:Creating prefix chain script '/home/bolty/ament_ws/src/install/setup.ps1'
[15.488s] INFO:colcon.colcon_core.shell:Creating prefix script '/home/bolty/ament_ws/src/install/local_setup.sh'
[15.489s] INFO:colcon.colcon_core.shell:Creating prefix util module '/home/bolty/ament_ws/src/install/_local_setup_util_sh.py'
[15.490s] INFO:colcon.colcon_core.shell:Creating prefix chain script '/home/bolty/ament_ws/src/install/setup.sh'
[15.491s] INFO:colcon.colcon_core.shell:Creating prefix script '/home/bolty/ament_ws/src/install/local_setup.bash'
[15.492s] INFO:colcon.colcon_core.shell:Creating prefix chain script '/home/bolty/ament_ws/src/install/setup.bash'
[15.493s] INFO:colcon.colcon_core.shell:Creating prefix script '/home/bolty/ament_ws/src/install/local_setup.zsh'
[15.494s] INFO:colcon.colcon_core.shell:Creating prefix chain script '/home/bolty/ament_ws/src/install/setup.zsh'
