In this package, headers install destination is set to `include` by ament_auto_package. It is recommended to install `include/udp_driver` instead and will be the default behavior of ament_auto_package from ROS 2 Kilted Kaiju. On distributions before Kilted, ament_auto_package behaves the same way when you use USE_SCOPED_HEADER_INSTALL_DIR option.
In file included from /home/rraina/wato_f1tenth/install/io_context/include/msg_converters/converters.hpp:21,
                 from /home/rraina/wato_f1tenth/src/robot/transport_drivers/udp_driver/include/udp_driver/udp_socket.hpp:25,
                 from /home/rraina/wato_f1tenth/src/robot/transport_drivers/udp_driver/src/udp_socket.cpp:17:
/home/rraina/wato_f1tenth/install/io_context/include/msg_converters/udp_msgs.hpp:20:10: fatal error: udp_msgs/msg/udp_packet.hpp: No such file or directory
   20 | #include <udp_msgs/msg/udp_packet.hpp>
      |          ^~~~~~~~~~~~~~~~~~~~~~~~~~~~~
compilation terminated.
gmake[2]: *** [CMakeFiles/udp_driver.dir/build.make:76: CMakeFiles/udp_driver.dir/src/udp_socket.cpp.o] Error 1
gmake[2]: *** Waiting for unfinished jobs....
In file included from /home/rraina/wato_f1tenth/install/io_context/include/msg_converters/converters.hpp:21,
                 from /home/rraina/wato_f1tenth/src/robot/transport_drivers/udp_driver/include/udp_driver/udp_socket.hpp:25,
                 from /home/rraina/wato_f1tenth/src/robot/transport_drivers/udp_driver/include/udp_driver/udp_driver.hpp:25,
                 from /home/rraina/wato_f1tenth/src/robot/transport_drivers/udp_driver/src/udp_driver.cpp:17:
/home/rraina/wato_f1tenth/install/io_context/include/msg_converters/udp_msgs.hpp:20:10: fatal error: udp_msgs/msg/udp_packet.hpp: No such file or directory
   20 | #include <udp_msgs/msg/udp_packet.hpp>
      |          ^~~~~~~~~~~~~~~~~~~~~~~~~~~~~
compilation terminated.
gmake[2]: *** [CMakeFiles/udp_driver.dir/build.make:90: CMakeFiles/udp_driver.dir/src/udp_driver.cpp.o] Error 1
gmake[1]: *** [CMakeFiles/Makefile2:145: CMakeFiles/udp_driver.dir/all] Error 2
gmake[1]: *** Waiting for unfinished jobs....
gmake: *** [Makefile:146: all] Error 2
