-- The C compiler identification is GNU 13.3.0
-- The CXX compiler identification is GNU 13.3.0
-- Detecting C compiler ABI info
-- Detecting C compiler ABI info - done
-- Check for working C compiler: /usr/bin/cc - skipped
-- Detecting C compile features
-- Detecting C compile features - done
-- Detecting CXX compiler ABI info
-- Detecting CXX compiler ABI info - done
-- Check for working CXX compiler: /usr/bin/c++ - skipped
-- Detecting CXX compile features
-- Detecting CXX compile features - done
-- Found ament_cmake_auto: 2.5.5 (/opt/ros/jazzy/share/ament_cmake_auto/cmake)
-- Found Python3: /usr/bin/python3 (found version "3.12.3") found components: Interpreter 
-- Found rosidl_generator_c: 4.6.7 (/opt/ros/jazzy/share/rosidl_generator_c/cmake)
-- Found rosidl_generator_cpp: 4.6.7 (/opt/ros/jazzy/share/rosidl_generator_cpp/cmake)
-- Using all available rosidl_typesupport_c: rosidl_typesupport_fastrtps_c;rosidl_typesupport_introspection_c
-- Using all available rosidl_typesupport_cpp: rosidl_typesupport_fastrtps_cpp;rosidl_typesupport_introspection_cpp
-- Found rmw_implementation_cmake: 7.3.3 (/opt/ros/jazzy/share/rmw_implementation_cmake/cmake)
-- Found rmw_fastrtps_cpp: 8.4.3 (/opt/ros/jazzy/share/rmw_fastrtps_cpp/cmake)
-- Found OpenSSL: /usr/lib/x86_64-linux-gnu/libcrypto.so (found version "3.0.13")  
-- Found FastRTPS: /opt/ros/jazzy/include (Required is at least version "2.13") 
-- Using RMW implementation 'rmw_fastrtps_cpp' as default
-- Found asio_cmake_module: 1.2.0 (/home/rraina/wato_f1tenth/install/asio_cmake_module/share/asio_cmake_module/cmake)
-- Found ASIO: /usr/include  
In this package, headers install destination is set to `include` by ament_auto_package. It is recommended to install `include/udp_driver` instead and will be the default behavior of ament_auto_package from ROS 2 Kilted Kaiju. On distributions before Kilted, ament_auto_package behaves the same way when you use USE_SCOPED_HEADER_INSTALL_DIR option.
-- Configuring done (4.4s)
-- Generating done (0.0s)
-- Build files have been written to: /home/rraina/wato_f1tenth/build/udp_driver
[  8%] Building CXX object CMakeFiles/udp_driver.dir/src/udp_socket.cpp.o
[ 16%] Building CXX object CMakeFiles/udp_sender_node_exe.dir/rclcpp_components/node_main_udp_sender_node_exe.cpp.o
[ 25%] Building CXX object CMakeFiles/udp_driver.dir/src/udp_driver.cpp.o
[ 33%] Building CXX object CMakeFiles/udp_receiver_node_exe.dir/rclcpp_components/node_main_udp_receiver_node_exe.cpp.o
In file included from /home/rraina/wato_f1tenth/install/io_context/include/msg_converters/converters.hpp:21,
                 from /home/rraina/wato_f1tenth/src/robot/transport_drivers/udp_driver/include/udp_driver/udp_socket.hpp:25,
                 from /home/rraina/wato_f1tenth/src/robot/transport_drivers/udp_driver/src/udp_socket.cpp:17:
/home/rraina/wato_f1tenth/install/io_context/include/msg_converters/udp_msgs.hpp:20:10: fatal error: udp_msgs/msg/udp_packet.hpp: No such file or directory
   20 | #include <udp_msgs/msg/udp_packet.hpp>
      |          ^~~~~~~~~~~~~~~~~~~~~~~~~~~~~
compilation terminated.
gmake[2]: *** [CMakeFiles/udp_driver.dir/build.make:76: CMakeFiles/udp_driver.dir/src/udp_socket.cpp.o] Error 1
gmake[2]: *** Waiting for unfinished jobs....
In file included from /home/rraina/wato_f1tenth/install/io_context/include/msg_converters/converters.hpp:21,
                 from /home/rraina/wato_f1tenth/src/robot/transport_drivers/udp_driver/include/udp_driver/udp_socket.hpp:25,
                 from /home/rraina/wato_f1tenth/src/robot/transport_drivers/udp_driver/include/udp_driver/udp_driver.hpp:25,
                 from /home/rraina/wato_f1tenth/src/robot/transport_drivers/udp_driver/src/udp_driver.cpp:17:
/home/rraina/wato_f1tenth/install/io_context/include/msg_converters/udp_msgs.hpp:20:10: fatal error: udp_msgs/msg/udp_packet.hpp: No such file or directory
   20 | #include <udp_msgs/msg/udp_packet.hpp>
      |          ^~~~~~~~~~~~~~~~~~~~~~~~~~~~~
compilation terminated.
gmake[2]: *** [CMakeFiles/udp_driver.dir/build.make:90: CMakeFiles/udp_driver.dir/src/udp_driver.cpp.o] Error 1
gmake[1]: *** [CMakeFiles/Makefile2:145: CMakeFiles/udp_driver.dir/all] Error 2
gmake[1]: *** Waiting for unfinished jobs....
[ 41%] Linking CXX executable udp_sender_node_exe
[ 50%] Linking CXX executable udp_receiver_node_exe
[ 50%] Built target udp_sender_node_exe
[ 50%] Built target udp_receiver_node_exe
gmake: *** [Makefile:146: all] Error 2
