[0.096s] Invoking command in '/home/rraina/wato_f1tenth/build/udp_driver': AMENT_PREFIX_PATH=/home/rraina/wato_f1tenth/install/io_context:/home/rraina/wato_f1tenth/install/asio_cmake_module:${AMENT_PREFIX_PATH} CMAKE_PREFIX_PATH=/home/rraina/wato_f1tenth/install/io_context:/home/rraina/wato_f1tenth/install/asio_cmake_module:/opt/ros/jazzy/opt/gz_sim_vendor:/opt/ros/jazzy/opt/gz_sensors_vendor:/opt/ros/jazzy/opt/gz_physics_vendor:/opt/ros/jazzy/opt/sdformat_vendor:/opt/ros/jazzy/opt/gz_gui_vendor:/opt/ros/jazzy/opt/gz_transport_vendor:/opt/ros/jazzy/opt/gz_rendering_vendor:/opt/ros/jazzy/opt/gz_plugin_vendor:/opt/ros/jazzy/opt/gz_fuel_tools_vendor:/opt/ros/jazzy/opt/gz_msgs_vendor:/opt/ros/jazzy/opt/gz_common_vendor:/opt/ros/jazzy/opt/gz_math_vendor:/opt/ros/jazzy/opt/gz_utils_vendor:/opt/ros/jazzy/opt/gz_tools_vendor:/opt/ros/jazzy/opt/gz_ogre_next_vendor:/opt/ros/jazzy/opt/gz_dartsim_vendor:/opt/ros/jazzy/opt/gz_cmake_vendor:/opt/ros/jazzy LD_LIBRARY_PATH=/home/rraina/wato_f1tenth/install/io_context/lib:${LD_LIBRARY_PATH} /usr/bin/cmake /home/rraina/wato_f1tenth/src/robot/transport_drivers/udp_driver -DBUILD_TESTING=OFF -DCMAKE_INSTALL_PREFIX=/home/rraina/wato_f1tenth/install/udp_driver
[0.258s] -- The C compiler identification is GNU 13.3.0
[0.755s] -- The CXX compiler identification is GNU 13.3.0
[1.252s] -- Detecting C compiler ABI info
[1.442s] -- Detecting C compiler ABI info - done
[1.450s] -- Check for working C compiler: /usr/bin/cc - skipped
[1.450s] -- Detecting C compile features
[1.450s] -- Detecting C compile features - done
[1.519s] -- Detecting CXX compiler ABI info
[1.713s] -- Detecting CXX compiler ABI info - done
[1.720s] -- Check for working CXX compiler: /usr/bin/c++ - skipped
[1.720s] -- Detecting CXX compile features
[1.720s] -- Detecting CXX compile features - done
[1.723s] -- Found ament_cmake_auto: 2.5.5 (/opt/ros/jazzy/share/ament_cmake_auto/cmake)
[1.839s] -- Found Python3: /usr/bin/python3 (found version "3.12.3") found components: Interpreter 
[2.696s] -- Found rosidl_generator_c: 4.6.7 (/opt/ros/jazzy/share/rosidl_generator_c/cmake)
[2.709s] -- Found rosidl_generator_cpp: 4.6.7 (/opt/ros/jazzy/share/rosidl_generator_cpp/cmake)
[2.727s] -- Using all available rosidl_typesupport_c: rosidl_typesupport_fastrtps_c;rosidl_typesupport_introspection_c
[2.744s] -- Using all available rosidl_typesupport_cpp: rosidl_typesupport_fastrtps_cpp;rosidl_typesupport_introspection_cpp
[2.815s] -- Found rmw_implementation_cmake: 7.3.3 (/opt/ros/jazzy/share/rmw_implementation_cmake/cmake)
[2.818s] -- Found rmw_fastrtps_cpp: 8.4.3 (/opt/ros/jazzy/share/rmw_fastrtps_cpp/cmake)
[2.888s] -- Found OpenSSL: /usr/lib/x86_64-linux-gnu/libcrypto.so (found version "3.0.13")  
[3.039s] -- Found FastRTPS: /opt/ros/jazzy/include (Required is at least version "2.13") 
[3.115s] -- Using RMW implementation 'rmw_fastrtps_cpp' as default
[3.275s] -- Found asio_cmake_module: 1.2.0 (/home/rraina/wato_f1tenth/install/asio_cmake_module/share/asio_cmake_module/cmake)
[3.303s] -- Found ASIO: /usr/include  
[4.498s] In this package, headers install destination is set to `include` by ament_auto_package. It is recommended to install `include/udp_driver` instead and will be the default behavior of ament_auto_package from ROS 2 Kilted Kaiju. On distributions before Kilted, ament_auto_package behaves the same way when you use USE_SCOPED_HEADER_INSTALL_DIR option.
[4.503s] -- Configuring done (4.4s)
[4.551s] -- Generating done (0.0s)
[4.561s] -- Build files have been written to: /home/rraina/wato_f1tenth/build/udp_driver
[4.571s] Invoked command in '/home/rraina/wato_f1tenth/build/udp_driver' returned '0': AMENT_PREFIX_PATH=/home/rraina/wato_f1tenth/install/io_context:/home/rraina/wato_f1tenth/install/asio_cmake_module:${AMENT_PREFIX_PATH} CMAKE_PREFIX_PATH=/home/rraina/wato_f1tenth/install/io_context:/home/rraina/wato_f1tenth/install/asio_cmake_module:/opt/ros/jazzy/opt/gz_sim_vendor:/opt/ros/jazzy/opt/gz_sensors_vendor:/opt/ros/jazzy/opt/gz_physics_vendor:/opt/ros/jazzy/opt/sdformat_vendor:/opt/ros/jazzy/opt/gz_gui_vendor:/opt/ros/jazzy/opt/gz_transport_vendor:/opt/ros/jazzy/opt/gz_rendering_vendor:/opt/ros/jazzy/opt/gz_plugin_vendor:/opt/ros/jazzy/opt/gz_fuel_tools_vendor:/opt/ros/jazzy/opt/gz_msgs_vendor:/opt/ros/jazzy/opt/gz_common_vendor:/opt/ros/jazzy/opt/gz_math_vendor:/opt/ros/jazzy/opt/gz_utils_vendor:/opt/ros/jazzy/opt/gz_tools_vendor:/opt/ros/jazzy/opt/gz_ogre_next_vendor:/opt/ros/jazzy/opt/gz_dartsim_vendor:/opt/ros/jazzy/opt/gz_cmake_vendor:/opt/ros/jazzy LD_LIBRARY_PATH=/home/rraina/wato_f1tenth/install/io_context/lib:${LD_LIBRARY_PATH} /usr/bin/cmake /home/rraina/wato_f1tenth/src/robot/transport_drivers/udp_driver -DBUILD_TESTING=OFF -DCMAKE_INSTALL_PREFIX=/home/rraina/wato_f1tenth/install/udp_driver
[4.572s] Invoking command in '/home/rraina/wato_f1tenth/build/udp_driver': AMENT_PREFIX_PATH=/home/rraina/wato_f1tenth/install/io_context:/home/rraina/wato_f1tenth/install/asio_cmake_module:${AMENT_PREFIX_PATH} CMAKE_PREFIX_PATH=/home/rraina/wato_f1tenth/install/io_context:/home/rraina/wato_f1tenth/install/asio_cmake_module:/opt/ros/jazzy/opt/gz_sim_vendor:/opt/ros/jazzy/opt/gz_sensors_vendor:/opt/ros/jazzy/opt/gz_physics_vendor:/opt/ros/jazzy/opt/sdformat_vendor:/opt/ros/jazzy/opt/gz_gui_vendor:/opt/ros/jazzy/opt/gz_transport_vendor:/opt/ros/jazzy/opt/gz_rendering_vendor:/opt/ros/jazzy/opt/gz_plugin_vendor:/opt/ros/jazzy/opt/gz_fuel_tools_vendor:/opt/ros/jazzy/opt/gz_msgs_vendor:/opt/ros/jazzy/opt/gz_common_vendor:/opt/ros/jazzy/opt/gz_math_vendor:/opt/ros/jazzy/opt/gz_utils_vendor:/opt/ros/jazzy/opt/gz_tools_vendor:/opt/ros/jazzy/opt/gz_ogre_next_vendor:/opt/ros/jazzy/opt/gz_dartsim_vendor:/opt/ros/jazzy/opt/gz_cmake_vendor:/opt/ros/jazzy LD_LIBRARY_PATH=/home/rraina/wato_f1tenth/install/io_context/lib:${LD_LIBRARY_PATH} /usr/bin/cmake --build /home/rraina/wato_f1tenth/build/udp_driver -- -j22 -l22
[4.617s] [  8%] Building CXX object CMakeFiles/udp_driver.dir/src/udp_socket.cpp.o
[4.618s] [ 16%] Building CXX object CMakeFiles/udp_sender_node_exe.dir/rclcpp_components/node_main_udp_sender_node_exe.cpp.o
[4.619s] [ 25%] Building CXX object CMakeFiles/udp_driver.dir/src/udp_driver.cpp.o
[4.621s] [ 33%] Building CXX object CMakeFiles/udp_receiver_node_exe.dir/rclcpp_components/node_main_udp_receiver_node_exe.cpp.o
[4.972s] In file included from /home/rraina/wato_f1tenth/install/io_context/include/msg_converters/converters.hpp:21,
[4.973s]                  from /home/rraina/wato_f1tenth/src/robot/transport_drivers/udp_driver/include/udp_driver/udp_socket.hpp:25,
[4.973s]                  from /home/rraina/wato_f1tenth/src/robot/transport_drivers/udp_driver/src/udp_socket.cpp:17:
[4.973s] /home/rraina/wato_f1tenth/install/io_context/include/msg_converters/udp_msgs.hpp:20:10: fatal error: udp_msgs/msg/udp_packet.hpp: No such file or directory
[4.973s]    20 | #include <udp_msgs/msg/udp_packet.hpp>
[4.973s]       |          ^~~~~~~~~~~~~~~~~~~~~~~~~~~~~
[4.973s] compilation terminated.
[4.976s] gmake[2]: *** [CMakeFiles/udp_driver.dir/build.make:76: CMakeFiles/udp_driver.dir/src/udp_socket.cpp.o] Error 1
[4.976s] gmake[2]: *** Waiting for unfinished jobs....
[5.001s] In file included from /home/rraina/wato_f1tenth/install/io_context/include/msg_converters/converters.hpp:21,
[5.001s]                  from /home/rraina/wato_f1tenth/src/robot/transport_drivers/udp_driver/include/udp_driver/udp_socket.hpp:25,
[5.001s]                  from /home/rraina/wato_f1tenth/src/robot/transport_drivers/udp_driver/include/udp_driver/udp_driver.hpp:25,
[5.002s]                  from /home/rraina/wato_f1tenth/src/robot/transport_drivers/udp_driver/src/udp_driver.cpp:17:
[5.002s] /home/rraina/wato_f1tenth/install/io_context/include/msg_converters/udp_msgs.hpp:20:10: fatal error: udp_msgs/msg/udp_packet.hpp: No such file or directory
[5.002s]    20 | #include <udp_msgs/msg/udp_packet.hpp>
[5.002s]       |          ^~~~~~~~~~~~~~~~~~~~~~~~~~~~~
[5.003s] compilation terminated.
[5.004s] gmake[2]: *** [CMakeFiles/udp_driver.dir/build.make:90: CMakeFiles/udp_driver.dir/src/udp_driver.cpp.o] Error 1
[5.005s] gmake[1]: *** [CMakeFiles/Makefile2:145: CMakeFiles/udp_driver.dir/all] Error 2
[5.005s] gmake[1]: *** Waiting for unfinished jobs....
[7.214s] [ 41%] Linking CXX executable udp_sender_node_exe
[7.236s] [ 50%] Linking CXX executable udp_receiver_node_exe
[7.379s] [ 50%] Built target udp_sender_node_exe
[7.393s] [ 50%] Built target udp_receiver_node_exe
[7.394s] gmake: *** [Makefile:146: all] Error 2
