running egg_info
creating ../../../build/action/action.egg-info
writing ../../../build/action/action.egg-info/PKG-INFO
writing dependency_links to ../../../build/action/action.egg-info/dependency_links.txt
writing requirements to ../../../build/action/action.egg-info/requires.txt
writing top-level names to ../../../build/action/action.egg-info/top_level.txt
writing manifest file '../../../build/action/action.egg-info/SOURCES.txt'
reading manifest file '../../../build/action/action.egg-info/SOURCES.txt'
adding license file 'LICENSE'
writing manifest file '../../../build/action/action.egg-info/SOURCES.txt'
running build
running build_py
creating /home/rraina/wato_f1tenth/build/action/build
creating /home/rraina/wato_f1tenth/build/action/build/lib
creating /home/rraina/wato_f1tenth/build/action/build/lib/action
copying action/__init__.py -> /home/rraina/wato_f1tenth/build/action/build/lib/action
running install
running install_lib
creating /home/rraina/wato_f1tenth/install/action/lib/python3.12/site-packages/action
copying /home/rraina/wato_f1tenth/build/action/build/lib/action/__init__.py -> /home/rraina/wato_f1tenth/install/action/lib/python3.12/site-packages/action
byte-compiling /home/rraina/wato_f1tenth/install/action/lib/python3.12/site-packages/action/__init__.py to __init__.cpython-312.pyc
running install_data
creating /home/rraina/wato_f1tenth/install/action/share/ament_index
creating /home/rraina/wato_f1tenth/install/action/share/ament_index/resource_index
creating /home/rraina/wato_f1tenth/install/action/share/ament_index/resource_index/packages
copying resource/action -> /home/rraina/wato_f1tenth/install/action/share/ament_index/resource_index/packages
copying package.xml -> /home/rraina/wato_f1tenth/install/action/share/action
running install_egg_info
Copying ../../../build/action/action.egg-info to /home/rraina/wato_f1tenth/install/action/lib/python3.12/site-packages/action-0.0.0-py3.12.egg-info
running install_scripts
writing list of installed files to '/home/rraina/wato_f1tenth/build/action/install.log'
