[2.804s] Invoking command in '/home/rraina/wato_f1tenth/src/robot/action': PYTHONPATH=/home/rraina/wato_f1tenth/build/action/prefix_override:/usr/lib/python3/dist-packages/colcon_core/task/python/colcon_distutils_commands:/home/rraina/wato_f1tenth/install/action/lib/python3.12/site-packages:${PYTHONPATH} /usr/bin/python3 -W ignore:setup.py install is deprecated -W ignore:easy_install command is deprecated setup.py egg_info --egg-base ../../../build/action build --build-base /home/rraina/wato_f1tenth/build/action/build install --record /home/rraina/wato_f1tenth/build/action/install.log --single-version-externally-managed install_data
[6.251s] running egg_info
[6.251s] creating ../../../build/action/action.egg-info
[6.251s] writing ../../../build/action/action.egg-info/PKG-INFO
[6.252s] writing dependency_links to ../../../build/action/action.egg-info/dependency_links.txt
[6.252s] writing requirements to ../../../build/action/action.egg-info/requires.txt
[6.252s] writing top-level names to ../../../build/action/action.egg-info/top_level.txt
[6.253s] writing manifest file '../../../build/action/action.egg-info/SOURCES.txt'
[6.253s] reading manifest file '../../../build/action/action.egg-info/SOURCES.txt'
[6.254s] adding license file 'LICENSE'
[6.254s] writing manifest file '../../../build/action/action.egg-info/SOURCES.txt'
[6.254s] running build
[6.255s] running build_py
[6.255s] creating /home/rraina/wato_f1tenth/build/action/build
[6.256s] creating /home/rraina/wato_f1tenth/build/action/build/lib
[6.256s] creating /home/rraina/wato_f1tenth/build/action/build/lib/action
[6.258s] copying action/__init__.py -> /home/rraina/wato_f1tenth/build/action/build/lib/action
[6.258s] running install
[6.259s] running install_lib
[6.261s] creating /home/rraina/wato_f1tenth/install/action/lib/python3.12/site-packages/action
[6.261s] copying /home/rraina/wato_f1tenth/build/action/build/lib/action/__init__.py -> /home/rraina/wato_f1tenth/install/action/lib/python3.12/site-packages/action
[6.261s] byte-compiling /home/rraina/wato_f1tenth/install/action/lib/python3.12/site-packages/action/__init__.py to __init__.cpython-312.pyc
[6.262s] running install_data
[6.262s] creating /home/rraina/wato_f1tenth/install/action/share/ament_index
[6.263s] creating /home/rraina/wato_f1tenth/install/action/share/ament_index/resource_index
[6.263s] creating /home/rraina/wato_f1tenth/install/action/share/ament_index/resource_index/packages
[6.263s] copying resource/action -> /home/rraina/wato_f1tenth/install/action/share/ament_index/resource_index/packages
[6.263s] copying package.xml -> /home/rraina/wato_f1tenth/install/action/share/action
[6.265s] running install_egg_info
[6.265s] Copying ../../../build/action/action.egg-info to /home/rraina/wato_f1tenth/install/action/lib/python3.12/site-packages/action-0.0.0-py3.12.egg-info
[6.265s] running install_scripts
[6.267s] writing list of installed files to '/home/rraina/wato_f1tenth/build/action/install.log'
[6.289s] Invoked command in '/home/rraina/wato_f1tenth/src/robot/action' returned '0': PYTHONPATH=/home/rraina/wato_f1tenth/build/action/prefix_override:/usr/lib/python3/dist-packages/colcon_core/task/python/colcon_distutils_commands:/home/rraina/wato_f1tenth/install/action/lib/python3.12/site-packages:${PYTHONPATH} /usr/bin/python3 -W ignore:setup.py install is deprecated -W ignore:easy_install command is deprecated setup.py egg_info --egg-base ../../../build/action build --build-base /home/rraina/wato_f1tenth/build/action/build install --record /home/rraina/wato_f1tenth/build/action/install.log --single-version-externally-managed install_data
