[0.132s] Invoking command in '/home/rraina/wato_f1tenth/build/ackermann_mux': CMAKE_PREFIX_PATH=${CMAKE_PREFIX_PATH}:/opt/ros/jazzy /usr/bin/cmake /home/rraina/wato_f1tenth/src/robot/ackermann_mux -DCMAKE_INSTALL_PREFIX=/home/rraina/wato_f1tenth/install/ackermann_mux
[1.003s] -- The C compiler identification is GNU 13.3.0
[1.977s] -- The CXX compiler identification is GNU 13.3.0
[3.137s] -- Detecting C compiler ABI info
[3.763s] -- Detecting C compiler ABI info - done
[3.781s] -- Check for working C compiler: /usr/bin/cc - skipped
[3.786s] -- Detecting C compile features
[3.790s] -- Detecting C compile features - done
[3.978s] -- Detecting CXX compiler ABI info
[4.497s] -- Detecting CXX compiler ABI info - done
[4.517s] -- Check for working CXX compiler: /usr/bin/c++ - skipped
[4.517s] -- Detecting CXX compile features
[4.518s] -- Detecting CXX compile features - done
[4.574s] -- Found ament_cmake: 2.5.5 (/opt/ros/jazzy/share/ament_cmake/cmake)
[4.891s] -- Found Python3: /usr/bin/python3 (found version "3.12.3") found components: Interpreter 
[5.191s] -- Found rclcpp: 28.1.16 (/opt/ros/jazzy/share/rclcpp/cmake)
[5.573s] -- Found rosidl_generator_c: 4.6.7 (/opt/ros/jazzy/share/rosidl_generator_c/cmake)
[5.613s] -- Found rosidl_generator_cpp: 4.6.7 (/opt/ros/jazzy/share/rosidl_generator_cpp/cmake)
[5.665s] -- Using all available rosidl_typesupport_c: rosidl_typesupport_fastrtps_c;rosidl_typesupport_introspection_c
[5.722s] -- Using all available rosidl_typesupport_cpp: rosidl_typesupport_fastrtps_cpp;rosidl_typesupport_introspection_cpp
[5.954s] -- Found rmw_implementation_cmake: 7.3.3 (/opt/ros/jazzy/share/rmw_implementation_cmake/cmake)
[5.963s] -- Found rmw_fastrtps_cpp: 8.4.3 (/opt/ros/jazzy/share/rmw_fastrtps_cpp/cmake)
[6.173s] -- Found OpenSSL: /usr/lib/x86_64-linux-gnu/libcrypto.so (found version "3.0.13")  
[6.575s] -- Found FastRTPS: /opt/ros/jazzy/include (Required is at least version "2.13") 
[6.777s] -- Using RMW implementation 'rmw_fastrtps_cpp' as default
[7.231s] -- Found std_msgs: 5.3.6 (/opt/ros/jazzy/share/std_msgs/cmake)
[7.266s] -- Found ackermann_msgs: 2.0.2 (/opt/ros/jazzy/share/ackermann_msgs/cmake)
[7.315s] -- Found diagnostic_updater: 4.2.6 (/opt/ros/jazzy/share/diagnostic_updater/cmake)
[7.407s] -- Found ament_lint_auto: 0.17.4 (/opt/ros/jazzy/share/ament_lint_auto/cmake)
[15.815s] -- Found python_cmake_module: 0.11.1 (/opt/ros/jazzy/share/python_cmake_module/cmake)
[16.361s] -- Found PythonExtra: /usr/bin/python3  
[22.657s] -- Added test 'xmllint' to check XML markup files
[22.674s] -- Added test 'copyright' to check source files copyright and LICENSE
[22.675s] -- Added test 'cppcheck' to perform static code analysis on C / C++ code
[22.675s] -- Configured cppcheck include dirs: /home/rraina/wato_f1tenth/src/robot/ackermann_mux/include
[22.675s] -- Configured cppcheck exclude dirs and/or files: 
[22.692s] -- Added test 'cpplint' to check C / C++ code against the Google style
[22.692s] -- Configured cpplint exclude dirs and/or files: 
[22.696s] -- Added test 'flake8' to check Python code syntax and style conventions
[22.696s] -- Configured 'flake8' exclude dirs and/or files: 
[22.705s] -- Added test 'lint_cmake' to check CMake code style
[22.705s] -- Added test 'pep257' to check Python code against some of the docstring style conventions in PEP 257
[22.708s] -- Added test 'uncrustify' to check C / C++ code style
[22.708s] -- Configured uncrustify additional arguments: 
[22.729s] -- Configuring done (22.5s)
[22.819s] -- Generating done (0.1s)
[22.865s] -- Build files have been written to: /home/rraina/wato_f1tenth/build/ackermann_mux
[22.893s] Invoked command in '/home/rraina/wato_f1tenth/build/ackermann_mux' returned '0': CMAKE_PREFIX_PATH=${CMAKE_PREFIX_PATH}:/opt/ros/jazzy /usr/bin/cmake /home/rraina/wato_f1tenth/src/robot/ackermann_mux -DCMAKE_INSTALL_PREFIX=/home/rraina/wato_f1tenth/install/ackermann_mux
[22.901s] Invoking command in '/home/rraina/wato_f1tenth/build/ackermann_mux': CMAKE_PREFIX_PATH=${CMAKE_PREFIX_PATH}:/opt/ros/jazzy /usr/bin/cmake --build /home/rraina/wato_f1tenth/build/ackermann_mux -- -j22 -l22
[23.260s] [ 25%] [32mBuilding CXX object CMakeFiles/ackermann_mux.dir/src/ackermann_mux_node.cpp.o[0m
[23.272s] [ 50%] [32mBuilding CXX object CMakeFiles/ackermann_mux.dir/src/ackermann_mux_diagnostics.cpp.o[0m
[23.335s] [ 75%] [32mBuilding CXX object CMakeFiles/ackermann_mux.dir/src/ackermann_mux.cpp.o[0m
[59.726s] [100%] [32m[1mLinking CXX executable ackermann_mux[0m
[60.558s] [100%] Built target ackermann_mux
