[0.051s] Invoking command in '/home/rraina/wato_f1tenth/build/vesc_msgs': CMAKE_PREFIX_PATH=${CMAKE_PREFIX_PATH}:/opt/ros/jazzy /usr/bin/cmake /home/rraina/wato_f1tenth/src/robot/vesc/vesc_msgs -DBUILD_TESTING=OFF -DCMAKE_INSTALL_PREFIX=/home/rraina/wato_f1tenth/install/vesc_msgs
[0.539s] -- Found ament_cmake_auto: 2.5.5 (/opt/ros/jazzy/share/ament_cmake_auto/cmake)
[0.540s] -- Found Python3: /usr/bin/python3 (found version "3.12.3") found components: Interpreter 
[0.540s] -- Using all available rosidl_typesupport_c: rosidl_typesupport_fastrtps_c;rosidl_typesupport_introspection_c
[0.589s] -- Using all available rosidl_typesupport_cpp: rosidl_typesupport_fastrtps_cpp;rosidl_typesupport_introspection_cpp
[0.619s] -- Found rosidl_adapter: 4.6.7 (/opt/ros/jazzy/share/rosidl_adapter/cmake)
[0.994s] -- Found ament_cmake_ros: 0.12.0 (/opt/ros/jazzy/share/ament_cmake_ros/cmake)
[1.205s] -- Using all available rosidl_typesupport_c: rosidl_typesupport_fastrtps_c;rosidl_typesupport_introspection_c
[1.466s] -- Using all available rosidl_typesupport_cpp: rosidl_typesupport_fastrtps_cpp;rosidl_typesupport_introspection_cpp
[1.469s] -- Found python_cmake_module: 0.11.1 (/opt/ros/jazzy/share/python_cmake_module/cmake)
[1.958s] -- Found Python3: /usr/bin/python3 (found version "3.12.3") found components: Interpreter Development NumPy Development.Module Development.Embed 
[2.005s] -- Configuring done (1.9s)
[2.146s] -- Generating done (0.1s)
[2.171s] -- Build files have been written to: /home/rraina/wato_f1tenth/build/vesc_msgs
[2.180s] Invoked command in '/home/rraina/wato_f1tenth/build/vesc_msgs' returned '0': CMAKE_PREFIX_PATH=${CMAKE_PREFIX_PATH}:/opt/ros/jazzy /usr/bin/cmake /home/rraina/wato_f1tenth/src/robot/vesc/vesc_msgs -DBUILD_TESTING=OFF -DCMAKE_INSTALL_PREFIX=/home/rraina/wato_f1tenth/install/vesc_msgs
[2.181s] Invoking command in '/home/rraina/wato_f1tenth/build/vesc_msgs': CMAKE_PREFIX_PATH=${CMAKE_PREFIX_PATH}:/opt/ros/jazzy /usr/bin/cmake --build /home/rraina/wato_f1tenth/build/vesc_msgs -- -j22 -l22
[2.258s] [  1%] Built target vesc_msgs__rosidl_generator_type_description
[2.270s] [  1%] Built target ament_cmake_python_copy_vesc_msgs
[2.280s] [  3%] Built target vesc_msgs__cpp
[2.295s] [ 25%] Built target vesc_msgs__rosidl_generator_c
[2.330s] [ 34%] Built target vesc_msgs__rosidl_typesupport_c
[2.335s] [ 43%] Built target vesc_msgs__rosidl_typesupport_cpp
[2.336s] [ 53%] Built target vesc_msgs__rosidl_typesupport_introspection_cpp
[2.339s] [ 62%] Built target vesc_msgs__rosidl_typesupport_fastrtps_cpp
[2.339s] [ 79%] Built target vesc_msgs__rosidl_typesupport_fastrtps_c
[2.340s] [ 81%] Built target vesc_msgs__rosidl_typesupport_introspection_c
[2.369s] [ 81%] Built target vesc_msgs
[2.416s] [ 82%] Built target vesc_msgs__py
[2.448s] [ 90%] Built target vesc_msgs__rosidl_generator_py
[2.465s] [ 93%] Built target vesc_msgs_s__rosidl_typesupport_c
[2.466s] [100%] Built target vesc_msgs_s__rosidl_typesupport_fastrtps_c
[2.466s] [100%] Built target vesc_msgs_s__rosidl_typesupport_introspection_c
[2.528s] running egg_info
[2.548s] writing vesc_msgs.egg-info/PKG-INFO
[2.549s] writing dependency_links to vesc_msgs.egg-info/dependency_links.txt
[2.549s] writing top-level names to vesc_msgs.egg-info/top_level.txt
[2.594s] reading manifest file 'vesc_msgs.egg-info/SOURCES.txt'
[2.595s] writing manifest file 'vesc_msgs.egg-info/SOURCES.txt'
[2.624s] [100%] Built target ament_cmake_python_build_vesc_msgs_egg
[2.635s] Invoked command in '/home/rraina/wato_f1tenth/build/vesc_msgs' returned '0': CMAKE_PREFIX_PATH=${CMAKE_PREFIX_PATH}:/opt/ros/jazzy /usr/bin/cmake --build /home/rraina/wato_f1tenth/build/vesc_msgs -- -j22 -l22
[2.637s] Invoking command in '/home/rraina/wato_f1tenth/build/vesc_msgs': CMAKE_PREFIX_PATH=${CMAKE_PREFIX_PATH}:/opt/ros/jazzy /usr/bin/cmake --install /home/rraina/wato_f1tenth/build/vesc_msgs
[2.645s] -- Install configuration: ""
[2.645s] -- Up-to-date: /home/rraina/wato_f1tenth/install/vesc_msgs/share/ament_index/resource_index/rosidl_interfaces/vesc_msgs
[2.645s] -- Up-to-date: /home/rraina/wato_f1tenth/install/vesc_msgs/share/vesc_msgs/msg/VescState.json
[2.646s] -- Up-to-date: /home/rraina/wato_f1tenth/install/vesc_msgs/share/vesc_msgs/msg/VescStateStamped.json
[2.646s] -- Up-to-date: /home/rraina/wato_f1tenth/install/vesc_msgs/share/vesc_msgs/msg/VescImu.json
[2.647s] -- Up-to-date: /home/rraina/wato_f1tenth/install/vesc_msgs/share/vesc_msgs/msg/VescImuStamped.json
[2.647s] -- Up-to-date: /home/rraina/wato_f1tenth/install/vesc_msgs/include/vesc_msgs/vesc_msgs
[2.648s] -- Up-to-date: /home/rraina/wato_f1tenth/install/vesc_msgs/include/vesc_msgs/vesc_msgs/msg
[2.648s] -- Up-to-date: /home/rraina/wato_f1tenth/install/vesc_msgs/include/vesc_msgs/vesc_msgs/msg/vesc_state.h
[2.648s] -- Up-to-date: /home/rraina/wato_f1tenth/install/vesc_msgs/include/vesc_msgs/vesc_msgs/msg/vesc_imu.h
[2.648s] -- Up-to-date: /home/rraina/wato_f1tenth/install/vesc_msgs/include/vesc_msgs/vesc_msgs/msg/vesc_imu_stamped.h
[2.648s] -- Up-to-date: /home/rraina/wato_f1tenth/install/vesc_msgs/include/vesc_msgs/vesc_msgs/msg/detail
[2.648s] -- Installing: /home/rraina/wato_f1tenth/install/vesc_msgs/include/vesc_msgs/vesc_msgs/msg/detail/vesc_imu__type_support.c
[2.648s] -- Up-to-date: /home/rraina/wato_f1tenth/install/vesc_msgs/include/vesc_msgs/vesc_msgs/msg/detail/vesc_imu_stamped__functions.h
[2.648s] -- Up-to-date: /home/rraina/wato_f1tenth/install/vesc_msgs/include/vesc_msgs/vesc_msgs/msg/detail/vesc_state_stamped__functions.h
[2.648s] -- Up-to-date: /home/rraina/wato_f1tenth/install/vesc_msgs/include/vesc_msgs/vesc_msgs/msg/detail/vesc_state__struct.h
[2.649s] -- Up-to-date: /home/rraina/wato_f1tenth/install/vesc_msgs/include/vesc_msgs/vesc_msgs/msg/detail/vesc_imu__struct.h
[2.649s] -- Up-to-date: /home/rraina/wato_f1tenth/install/vesc_msgs/include/vesc_msgs/vesc_msgs/msg/detail/vesc_imu_stamped__functions.c
[2.649s] -- Installing: /home/rraina/wato_f1tenth/install/vesc_msgs/include/vesc_msgs/vesc_msgs/msg/detail/vesc_state__type_support.c
[2.649s] -- Up-to-date: /home/rraina/wato_f1tenth/install/vesc_msgs/include/vesc_msgs/vesc_msgs/msg/detail/vesc_state__type_support.h
[2.649s] -- Up-to-date: /home/rraina/wato_f1tenth/install/vesc_msgs/include/vesc_msgs/vesc_msgs/msg/detail/vesc_imu_stamped__description.c
[2.649s] -- Up-to-date: /home/rraina/wato_f1tenth/install/vesc_msgs/include/vesc_msgs/vesc_msgs/msg/detail/vesc_state_stamped__type_support.h
[2.649s] -- Installing: /home/rraina/wato_f1tenth/install/vesc_msgs/include/vesc_msgs/vesc_msgs/msg/detail/vesc_state_stamped__type_support.c
[2.649s] -- Up-to-date: /home/rraina/wato_f1tenth/install/vesc_msgs/include/vesc_msgs/vesc_msgs/msg/detail/vesc_state_stamped__struct.h
[2.649s] -- Up-to-date: /home/rraina/wato_f1tenth/install/vesc_msgs/include/vesc_msgs/vesc_msgs/msg/detail/vesc_imu__type_support.h
[2.649s] -- Up-to-date: /home/rraina/wato_f1tenth/install/vesc_msgs/include/vesc_msgs/vesc_msgs/msg/detail/vesc_state__functions.h
[2.649s] -- Up-to-date: /home/rraina/wato_f1tenth/install/vesc_msgs/include/vesc_msgs/vesc_msgs/msg/detail/vesc_imu__functions.c
[2.650s] -- Up-to-date: /home/rraina/wato_f1tenth/install/vesc_msgs/include/vesc_msgs/vesc_msgs/msg/detail/vesc_state_stamped__description.c
[2.650s] -- Up-to-date: /home/rraina/wato_f1tenth/install/vesc_msgs/include/vesc_msgs/vesc_msgs/msg/detail/vesc_state__description.c
[2.650s] -- Up-to-date: /home/rraina/wato_f1tenth/install/vesc_msgs/include/vesc_msgs/vesc_msgs/msg/detail/vesc_imu__description.c
[2.650s] -- Up-to-date: /home/rraina/wato_f1tenth/install/vesc_msgs/include/vesc_msgs/vesc_msgs/msg/detail/vesc_state_stamped__functions.c
[2.650s] -- Up-to-date: /home/rraina/wato_f1tenth/install/vesc_msgs/include/vesc_msgs/vesc_msgs/msg/detail/vesc_imu__functions.h
[2.650s] -- Installing: /home/rraina/wato_f1tenth/install/vesc_msgs/include/vesc_msgs/vesc_msgs/msg/detail/vesc_imu_stamped__type_support.c
[2.650s] -- Up-to-date: /home/rraina/wato_f1tenth/install/vesc_msgs/include/vesc_msgs/vesc_msgs/msg/detail/vesc_imu_stamped__type_support.h
[2.650s] -- Up-to-date: /home/rraina/wato_f1tenth/install/vesc_msgs/include/vesc_msgs/vesc_msgs/msg/detail/vesc_imu_stamped__struct.h
[2.650s] -- Up-to-date: /home/rraina/wato_f1tenth/install/vesc_msgs/include/vesc_msgs/vesc_msgs/msg/detail/vesc_state__functions.c
[2.650s] -- Up-to-date: /home/rraina/wato_f1tenth/install/vesc_msgs/include/vesc_msgs/vesc_msgs/msg/vesc_state_stamped.h
[2.650s] -- Up-to-date: /home/rraina/wato_f1tenth/install/vesc_msgs/include/vesc_msgs/vesc_msgs/msg/rosidl_generator_c__visibility_control.h
[2.651s] -- Up-to-date: /home/rraina/wato_f1tenth/install/vesc_msgs/share/vesc_msgs/environment/library_path.sh
[2.651s] -- Up-to-date: /home/rraina/wato_f1tenth/install/vesc_msgs/share/vesc_msgs/environment/library_path.dsv
[2.651s] -- Up-to-date: /home/rraina/wato_f1tenth/install/vesc_msgs/lib/libvesc_msgs__rosidl_generator_c.so
[2.651s] -- Up-to-date: /home/rraina/wato_f1tenth/install/vesc_msgs/include/vesc_msgs/vesc_msgs
[2.651s] -- Up-to-date: /home/rraina/wato_f1tenth/install/vesc_msgs/include/vesc_msgs/vesc_msgs/msg
[2.651s] -- Up-to-date: /home/rraina/wato_f1tenth/install/vesc_msgs/include/vesc_msgs/vesc_msgs/msg/rosidl_typesupport_fastrtps_c__visibility_control.h
[2.651s] -- Up-to-date: /home/rraina/wato_f1tenth/install/vesc_msgs/include/vesc_msgs/vesc_msgs/msg/detail
[2.651s] -- Up-to-date: /home/rraina/wato_f1tenth/install/vesc_msgs/include/vesc_msgs/vesc_msgs/msg/detail/vesc_state__rosidl_typesupport_fastrtps_c.h
[2.651s] -- Up-to-date: /home/rraina/wato_f1tenth/install/vesc_msgs/include/vesc_msgs/vesc_msgs/msg/detail/vesc_imu_stamped__rosidl_typesupport_fastrtps_c.h
[2.652s] -- Up-to-date: /home/rraina/wato_f1tenth/install/vesc_msgs/include/vesc_msgs/vesc_msgs/msg/detail/vesc_imu__rosidl_typesupport_fastrtps_c.h
[2.652s] -- Up-to-date: /home/rraina/wato_f1tenth/install/vesc_msgs/include/vesc_msgs/vesc_msgs/msg/detail/vesc_state_stamped__rosidl_typesupport_fastrtps_c.h
[2.652s] -- Up-to-date: /home/rraina/wato_f1tenth/install/vesc_msgs/lib/libvesc_msgs__rosidl_typesupport_fastrtps_c.so
[2.652s] -- Up-to-date: /home/rraina/wato_f1tenth/install/vesc_msgs/include/vesc_msgs/vesc_msgs
[2.652s] -- Up-to-date: /home/rraina/wato_f1tenth/install/vesc_msgs/include/vesc_msgs/vesc_msgs/msg
[2.653s] -- Up-to-date: /home/rraina/wato_f1tenth/install/vesc_msgs/include/vesc_msgs/vesc_msgs/msg/detail
[2.653s] -- Installing: /home/rraina/wato_f1tenth/install/vesc_msgs/include/vesc_msgs/vesc_msgs/msg/detail/vesc_imu__type_support.c
[2.653s] -- Up-to-date: /home/rraina/wato_f1tenth/install/vesc_msgs/include/vesc_msgs/vesc_msgs/msg/detail/vesc_state__rosidl_typesupport_introspection_c.h
[2.653s] -- Up-to-date: /home/rraina/wato_f1tenth/install/vesc_msgs/include/vesc_msgs/vesc_msgs/msg/detail/vesc_state_stamped__rosidl_typesupport_introspection_c.h
[2.653s] -- Installing: /home/rraina/wato_f1tenth/install/vesc_msgs/include/vesc_msgs/vesc_msgs/msg/detail/vesc_state__type_support.c
[2.654s] -- Installing: /home/rraina/wato_f1tenth/install/vesc_msgs/include/vesc_msgs/vesc_msgs/msg/detail/vesc_state_stamped__type_support.c
[2.654s] -- Up-to-date: /home/rraina/wato_f1tenth/install/vesc_msgs/include/vesc_msgs/vesc_msgs/msg/detail/vesc_imu__rosidl_typesupport_introspection_c.h
[2.654s] -- Up-to-date: /home/rraina/wato_f1tenth/install/vesc_msgs/include/vesc_msgs/vesc_msgs/msg/detail/vesc_imu_stamped__rosidl_typesupport_introspection_c.h
[2.654s] -- Installing: /home/rraina/wato_f1tenth/install/vesc_msgs/include/vesc_msgs/vesc_msgs/msg/detail/vesc_imu_stamped__type_support.c
[2.654s] -- Up-to-date: /home/rraina/wato_f1tenth/install/vesc_msgs/include/vesc_msgs/vesc_msgs/msg/rosidl_typesupport_introspection_c__visibility_control.h
[2.655s] -- Up-to-date: /home/rraina/wato_f1tenth/install/vesc_msgs/lib/libvesc_msgs__rosidl_typesupport_introspection_c.so
[2.655s] -- Up-to-date: /home/rraina/wato_f1tenth/install/vesc_msgs/lib/libvesc_msgs__rosidl_typesupport_c.so
[2.656s] -- Up-to-date: /home/rraina/wato_f1tenth/install/vesc_msgs/include/vesc_msgs/vesc_msgs
[2.656s] -- Up-to-date: /home/rraina/wato_f1tenth/install/vesc_msgs/include/vesc_msgs/vesc_msgs/msg
[2.656s] -- Up-to-date: /home/rraina/wato_f1tenth/install/vesc_msgs/include/vesc_msgs/vesc_msgs/msg/vesc_state.hpp
[2.657s] -- Up-to-date: /home/rraina/wato_f1tenth/install/vesc_msgs/include/vesc_msgs/vesc_msgs/msg/vesc_state_stamped.hpp
[2.657s] -- Up-to-date: /home/rraina/wato_f1tenth/install/vesc_msgs/include/vesc_msgs/vesc_msgs/msg/vesc_imu_stamped.hpp
[2.657s] -- Up-to-date: /home/rraina/wato_f1tenth/install/vesc_msgs/include/vesc_msgs/vesc_msgs/msg/vesc_imu.hpp
[2.657s] -- Up-to-date: /home/rraina/wato_f1tenth/install/vesc_msgs/include/vesc_msgs/vesc_msgs/msg/detail
[2.657s] -- Up-to-date: /home/rraina/wato_f1tenth/install/vesc_msgs/include/vesc_msgs/vesc_msgs/msg/detail/vesc_imu__traits.hpp
[2.657s] -- Up-to-date: /home/rraina/wato_f1tenth/install/vesc_msgs/include/vesc_msgs/vesc_msgs/msg/detail/vesc_imu_stamped__traits.hpp
[2.658s] -- Up-to-date: /home/rraina/wato_f1tenth/install/vesc_msgs/include/vesc_msgs/vesc_msgs/msg/detail/vesc_imu__builder.hpp
[2.658s] -- Up-to-date: /home/rraina/wato_f1tenth/install/vesc_msgs/include/vesc_msgs/vesc_msgs/msg/detail/vesc_state_stamped__struct.hpp
[2.658s] -- Up-to-date: /home/rraina/wato_f1tenth/install/vesc_msgs/include/vesc_msgs/vesc_msgs/msg/detail/vesc_imu__type_support.hpp
[2.659s] -- Up-to-date: /home/rraina/wato_f1tenth/install/vesc_msgs/include/vesc_msgs/vesc_msgs/msg/detail/vesc_state_stamped__type_support.hpp
[2.659s] -- Up-to-date: /home/rraina/wato_f1tenth/install/vesc_msgs/include/vesc_msgs/vesc_msgs/msg/detail/vesc_imu_stamped__struct.hpp
[2.659s] -- Up-to-date: /home/rraina/wato_f1tenth/install/vesc_msgs/include/vesc_msgs/vesc_msgs/msg/detail/vesc_state__type_support.hpp
[2.659s] -- Up-to-date: /home/rraina/wato_f1tenth/install/vesc_msgs/include/vesc_msgs/vesc_msgs/msg/detail/vesc_state_stamped__builder.hpp
[2.659s] -- Up-to-date: /home/rraina/wato_f1tenth/install/vesc_msgs/include/vesc_msgs/vesc_msgs/msg/detail/vesc_imu_stamped__type_support.hpp
[2.659s] -- Up-to-date: /home/rraina/wato_f1tenth/install/vesc_msgs/include/vesc_msgs/vesc_msgs/msg/detail/vesc_imu__struct.hpp
[2.659s] -- Up-to-date: /home/rraina/wato_f1tenth/install/vesc_msgs/include/vesc_msgs/vesc_msgs/msg/detail/vesc_state__traits.hpp
[2.659s] -- Up-to-date: /home/rraina/wato_f1tenth/install/vesc_msgs/include/vesc_msgs/vesc_msgs/msg/detail/vesc_imu_stamped__builder.hpp
[2.659s] -- Up-to-date: /home/rraina/wato_f1tenth/install/vesc_msgs/include/vesc_msgs/vesc_msgs/msg/detail/vesc_state_stamped__traits.hpp
[2.660s] -- Up-to-date: /home/rraina/wato_f1tenth/install/vesc_msgs/include/vesc_msgs/vesc_msgs/msg/detail/vesc_state__builder.hpp
[2.660s] -- Up-to-date: /home/rraina/wato_f1tenth/install/vesc_msgs/include/vesc_msgs/vesc_msgs/msg/detail/vesc_state__struct.hpp
[2.660s] -- Up-to-date: /home/rraina/wato_f1tenth/install/vesc_msgs/include/vesc_msgs/vesc_msgs/msg/rosidl_generator_cpp__visibility_control.hpp
[2.660s] -- Up-to-date: /home/rraina/wato_f1tenth/install/vesc_msgs/include/vesc_msgs/vesc_msgs
[2.660s] -- Up-to-date: /home/rraina/wato_f1tenth/install/vesc_msgs/include/vesc_msgs/vesc_msgs/msg
[2.660s] -- Up-to-date: /home/rraina/wato_f1tenth/install/vesc_msgs/include/vesc_msgs/vesc_msgs/msg/rosidl_typesupport_fastrtps_cpp__visibility_control.h
[2.660s] -- Up-to-date: /home/rraina/wato_f1tenth/install/vesc_msgs/include/vesc_msgs/vesc_msgs/msg/detail
[2.660s] -- Up-to-date: /home/rraina/wato_f1tenth/install/vesc_msgs/include/vesc_msgs/vesc_msgs/msg/detail/vesc_state__rosidl_typesupport_fastrtps_cpp.hpp
[2.660s] -- Up-to-date: /home/rraina/wato_f1tenth/install/vesc_msgs/include/vesc_msgs/vesc_msgs/msg/detail/vesc_state_stamped__rosidl_typesupport_fastrtps_cpp.hpp
[2.661s] -- Up-to-date: /home/rraina/wato_f1tenth/install/vesc_msgs/include/vesc_msgs/vesc_msgs/msg/detail/dds_fastrtps
[2.661s] -- Up-to-date: /home/rraina/wato_f1tenth/install/vesc_msgs/include/vesc_msgs/vesc_msgs/msg/detail/vesc_imu__rosidl_typesupport_fastrtps_cpp.hpp
[2.661s] -- Up-to-date: /home/rraina/wato_f1tenth/install/vesc_msgs/include/vesc_msgs/vesc_msgs/msg/detail/vesc_imu_stamped__rosidl_typesupport_fastrtps_cpp.hpp
[2.661s] -- Up-to-date: /home/rraina/wato_f1tenth/install/vesc_msgs/lib/libvesc_msgs__rosidl_typesupport_fastrtps_cpp.so
[2.662s] -- Up-to-date: /home/rraina/wato_f1tenth/install/vesc_msgs/include/vesc_msgs/vesc_msgs
[2.662s] -- Up-to-date: /home/rraina/wato_f1tenth/install/vesc_msgs/include/vesc_msgs/vesc_msgs/msg
[2.662s] -- Up-to-date: /home/rraina/wato_f1tenth/install/vesc_msgs/include/vesc_msgs/vesc_msgs/msg/detail
[2.663s] -- Up-to-date: /home/rraina/wato_f1tenth/install/vesc_msgs/include/vesc_msgs/vesc_msgs/msg/detail/vesc_state_stamped__rosidl_typesupport_introspection_cpp.hpp
[2.663s] -- Up-to-date: /home/rraina/wato_f1tenth/install/vesc_msgs/include/vesc_msgs/vesc_msgs/msg/detail/vesc_state__rosidl_typesupport_introspection_cpp.hpp
[2.663s] -- Up-to-date: /home/rraina/wato_f1tenth/install/vesc_msgs/include/vesc_msgs/vesc_msgs/msg/detail/vesc_imu_stamped__rosidl_typesupport_introspection_cpp.hpp
[2.663s] -- Up-to-date: /home/rraina/wato_f1tenth/install/vesc_msgs/include/vesc_msgs/vesc_msgs/msg/detail/vesc_state_stamped__type_support.cpp
[2.663s] -- Up-to-date: /home/rraina/wato_f1tenth/install/vesc_msgs/include/vesc_msgs/vesc_msgs/msg/detail/vesc_imu__rosidl_typesupport_introspection_cpp.hpp
[2.663s] -- Up-to-date: /home/rraina/wato_f1tenth/install/vesc_msgs/include/vesc_msgs/vesc_msgs/msg/detail/vesc_state__type_support.cpp
[2.663s] -- Up-to-date: /home/rraina/wato_f1tenth/install/vesc_msgs/include/vesc_msgs/vesc_msgs/msg/detail/vesc_imu_stamped__type_support.cpp
[2.663s] -- Up-to-date: /home/rraina/wato_f1tenth/install/vesc_msgs/include/vesc_msgs/vesc_msgs/msg/detail/vesc_imu__type_support.cpp
[2.663s] -- Up-to-date: /home/rraina/wato_f1tenth/install/vesc_msgs/lib/libvesc_msgs__rosidl_typesupport_introspection_cpp.so
[2.663s] -- Up-to-date: /home/rraina/wato_f1tenth/install/vesc_msgs/lib/libvesc_msgs__rosidl_typesupport_cpp.so
[2.663s] -- Up-to-date: /home/rraina/wato_f1tenth/install/vesc_msgs/share/vesc_msgs/environment/pythonpath.sh
[2.663s] -- Up-to-date: /home/rraina/wato_f1tenth/install/vesc_msgs/share/vesc_msgs/environment/pythonpath.dsv
[2.663s] -- Up-to-date: /home/rraina/wato_f1tenth/install/vesc_msgs/lib/python3.12/site-packages/vesc_msgs-1.2.0-py3.12.egg-info
[2.663s] -- Installing: /home/rraina/wato_f1tenth/install/vesc_msgs/lib/python3.12/site-packages/vesc_msgs-1.2.0-py3.12.egg-info/top_level.txt
[2.664s] -- Installing: /home/rraina/wato_f1tenth/install/vesc_msgs/lib/python3.12/site-packages/vesc_msgs-1.2.0-py3.12.egg-info/dependency_links.txt
[2.664s] -- Installing: /home/rraina/wato_f1tenth/install/vesc_msgs/lib/python3.12/site-packages/vesc_msgs-1.2.0-py3.12.egg-info/PKG-INFO
[2.664s] -- Installing: /home/rraina/wato_f1tenth/install/vesc_msgs/lib/python3.12/site-packages/vesc_msgs-1.2.0-py3.12.egg-info/SOURCES.txt
[2.664s] -- Up-to-date: /home/rraina/wato_f1tenth/install/vesc_msgs/lib/python3.12/site-packages/vesc_msgs
[2.664s] -- Up-to-date: /home/rraina/wato_f1tenth/install/vesc_msgs/lib/python3.12/site-packages/vesc_msgs/_vesc_msgs_s.ep.rosidl_typesupport_c.c
[2.664s] -- Up-to-date: /home/rraina/wato_f1tenth/install/vesc_msgs/lib/python3.12/site-packages/vesc_msgs/vesc_msgs_s__rosidl_typesupport_c.so
[2.664s] -- Up-to-date: /home/rraina/wato_f1tenth/install/vesc_msgs/lib/python3.12/site-packages/vesc_msgs/_vesc_msgs_s.ep.rosidl_typesupport_fastrtps_c.c
[2.664s] -- Up-to-date: /home/rraina/wato_f1tenth/install/vesc_msgs/lib/python3.12/site-packages/vesc_msgs/vesc_msgs_s__rosidl_typesupport_fastrtps_c.so
[2.664s] -- Installing: /home/rraina/wato_f1tenth/install/vesc_msgs/lib/python3.12/site-packages/vesc_msgs/__init__.py
[2.664s] -- Up-to-date: /home/rraina/wato_f1tenth/install/vesc_msgs/lib/python3.12/site-packages/vesc_msgs/_vesc_msgs_s.ep.rosidl_typesupport_introspection_c.c
[2.664s] -- Up-to-date: /home/rraina/wato_f1tenth/install/vesc_msgs/lib/python3.12/site-packages/vesc_msgs/msg
[2.664s] -- Up-to-date: /home/rraina/wato_f1tenth/install/vesc_msgs/lib/python3.12/site-packages/vesc_msgs/msg/_vesc_state_s.c
[2.664s] -- Up-to-date: /home/rraina/wato_f1tenth/install/vesc_msgs/lib/python3.12/site-packages/vesc_msgs/msg/_vesc_state.py
[2.664s] -- Up-to-date: /home/rraina/wato_f1tenth/install/vesc_msgs/lib/python3.12/site-packages/vesc_msgs/msg/_vesc_imu_stamped.py
[2.664s] -- Up-to-date: /home/rraina/wato_f1tenth/install/vesc_msgs/lib/python3.12/site-packages/vesc_msgs/msg/_vesc_state_stamped.py
[2.665s] -- Up-to-date: /home/rraina/wato_f1tenth/install/vesc_msgs/lib/python3.12/site-packages/vesc_msgs/msg/_vesc_imu_s.c
[2.665s] -- Up-to-date: /home/rraina/wato_f1tenth/install/vesc_msgs/lib/python3.12/site-packages/vesc_msgs/msg/_vesc_imu.py
[2.665s] -- Up-to-date: /home/rraina/wato_f1tenth/install/vesc_msgs/lib/python3.12/site-packages/vesc_msgs/msg/_vesc_state_stamped_s.c
[2.665s] -- Up-to-date: /home/rraina/wato_f1tenth/install/vesc_msgs/lib/python3.12/site-packages/vesc_msgs/msg/__init__.py
[2.665s] -- Up-to-date: /home/rraina/wato_f1tenth/install/vesc_msgs/lib/python3.12/site-packages/vesc_msgs/msg/_vesc_imu_stamped_s.c
[2.665s] -- Up-to-date: /home/rraina/wato_f1tenth/install/vesc_msgs/lib/python3.12/site-packages/vesc_msgs/vesc_msgs_s__rosidl_typesupport_introspection_c.so
[2.692s] Listing '/home/rraina/wato_f1tenth/install/vesc_msgs/lib/python3.12/site-packages/vesc_msgs'...
[2.693s] Compiling '/home/rraina/wato_f1tenth/install/vesc_msgs/lib/python3.12/site-packages/vesc_msgs/__init__.py'...
[2.693s] Listing '/home/rraina/wato_f1tenth/install/vesc_msgs/lib/python3.12/site-packages/vesc_msgs/msg'...
[2.698s] -- Up-to-date: /home/rraina/wato_f1tenth/install/vesc_msgs/lib/python3.12/site-packages/vesc_msgs/vesc_msgs_s__rosidl_typesupport_fastrtps_c.so
[2.699s] -- Up-to-date: /home/rraina/wato_f1tenth/install/vesc_msgs/lib/python3.12/site-packages/vesc_msgs/vesc_msgs_s__rosidl_typesupport_introspection_c.so
[2.700s] -- Up-to-date: /home/rraina/wato_f1tenth/install/vesc_msgs/lib/python3.12/site-packages/vesc_msgs/vesc_msgs_s__rosidl_typesupport_c.so
[2.701s] -- Up-to-date: /home/rraina/wato_f1tenth/install/vesc_msgs/lib/libvesc_msgs__rosidl_generator_py.so
[2.702s] -- Up-to-date: /home/rraina/wato_f1tenth/install/vesc_msgs/share/vesc_msgs/msg/VescState.idl
[2.702s] -- Up-to-date: /home/rraina/wato_f1tenth/install/vesc_msgs/share/vesc_msgs/msg/VescStateStamped.idl
[2.702s] -- Up-to-date: /home/rraina/wato_f1tenth/install/vesc_msgs/share/vesc_msgs/msg/VescImu.idl
[2.702s] -- Up-to-date: /home/rraina/wato_f1tenth/install/vesc_msgs/share/vesc_msgs/msg/VescImuStamped.idl
[2.702s] -- Up-to-date: /home/rraina/wato_f1tenth/install/vesc_msgs/share/vesc_msgs/msg/VescState.msg
[2.703s] -- Up-to-date: /home/rraina/wato_f1tenth/install/vesc_msgs/share/vesc_msgs/msg/VescStateStamped.msg
[2.703s] -- Up-to-date: /home/rraina/wato_f1tenth/install/vesc_msgs/share/vesc_msgs/msg/VescImu.msg
[2.703s] -- Up-to-date: /home/rraina/wato_f1tenth/install/vesc_msgs/share/vesc_msgs/msg/VescImuStamped.msg
[2.703s] -- Up-to-date: /home/rraina/wato_f1tenth/install/vesc_msgs/share/ament_index/resource_index/package_run_dependencies/vesc_msgs
[2.703s] -- Up-to-date: /home/rraina/wato_f1tenth/install/vesc_msgs/share/ament_index/resource_index/parent_prefix_path/vesc_msgs
[2.703s] -- Up-to-date: /home/rraina/wato_f1tenth/install/vesc_msgs/share/vesc_msgs/environment/ament_prefix_path.sh
[2.703s] -- Up-to-date: /home/rraina/wato_f1tenth/install/vesc_msgs/share/vesc_msgs/environment/ament_prefix_path.dsv
[2.704s] -- Up-to-date: /home/rraina/wato_f1tenth/install/vesc_msgs/share/vesc_msgs/environment/path.sh
[2.704s] -- Up-to-date: /home/rraina/wato_f1tenth/install/vesc_msgs/share/vesc_msgs/environment/path.dsv
[2.704s] -- Up-to-date: /home/rraina/wato_f1tenth/install/vesc_msgs/share/vesc_msgs/local_setup.bash
[2.704s] -- Up-to-date: /home/rraina/wato_f1tenth/install/vesc_msgs/share/vesc_msgs/local_setup.sh
[2.704s] -- Up-to-date: /home/rraina/wato_f1tenth/install/vesc_msgs/share/vesc_msgs/local_setup.zsh
[2.704s] -- Up-to-date: /home/rraina/wato_f1tenth/install/vesc_msgs/share/vesc_msgs/local_setup.dsv
[2.704s] -- Installing: /home/rraina/wato_f1tenth/install/vesc_msgs/share/vesc_msgs/package.dsv
[2.705s] -- Up-to-date: /home/rraina/wato_f1tenth/install/vesc_msgs/share/ament_index/resource_index/packages/vesc_msgs
[2.705s] -- Up-to-date: /home/rraina/wato_f1tenth/install/vesc_msgs/share/vesc_msgs/cmake/export_vesc_msgs__rosidl_generator_cExport.cmake
[2.705s] -- Up-to-date: /home/rraina/wato_f1tenth/install/vesc_msgs/share/vesc_msgs/cmake/export_vesc_msgs__rosidl_generator_cExport-noconfig.cmake
[2.705s] -- Up-to-date: /home/rraina/wato_f1tenth/install/vesc_msgs/share/vesc_msgs/cmake/export_vesc_msgs__rosidl_typesupport_fastrtps_cExport.cmake
[2.705s] -- Up-to-date: /home/rraina/wato_f1tenth/install/vesc_msgs/share/vesc_msgs/cmake/export_vesc_msgs__rosidl_typesupport_fastrtps_cExport-noconfig.cmake
[2.705s] -- Up-to-date: /home/rraina/wato_f1tenth/install/vesc_msgs/share/vesc_msgs/cmake/vesc_msgs__rosidl_typesupport_introspection_cExport.cmake
[2.705s] -- Up-to-date: /home/rraina/wato_f1tenth/install/vesc_msgs/share/vesc_msgs/cmake/vesc_msgs__rosidl_typesupport_introspection_cExport-noconfig.cmake
[2.706s] -- Up-to-date: /home/rraina/wato_f1tenth/install/vesc_msgs/share/vesc_msgs/cmake/vesc_msgs__rosidl_typesupport_cExport.cmake
[2.706s] -- Up-to-date: /home/rraina/wato_f1tenth/install/vesc_msgs/share/vesc_msgs/cmake/vesc_msgs__rosidl_typesupport_cExport-noconfig.cmake
[2.706s] -- Up-to-date: /home/rraina/wato_f1tenth/install/vesc_msgs/share/vesc_msgs/cmake/export_vesc_msgs__rosidl_generator_cppExport.cmake
[2.706s] -- Up-to-date: /home/rraina/wato_f1tenth/install/vesc_msgs/share/vesc_msgs/cmake/export_vesc_msgs__rosidl_typesupport_fastrtps_cppExport.cmake
[2.706s] -- Up-to-date: /home/rraina/wato_f1tenth/install/vesc_msgs/share/vesc_msgs/cmake/export_vesc_msgs__rosidl_typesupport_fastrtps_cppExport-noconfig.cmake
[2.706s] -- Up-to-date: /home/rraina/wato_f1tenth/install/vesc_msgs/share/vesc_msgs/cmake/vesc_msgs__rosidl_typesupport_introspection_cppExport.cmake
[2.706s] -- Up-to-date: /home/rraina/wato_f1tenth/install/vesc_msgs/share/vesc_msgs/cmake/vesc_msgs__rosidl_typesupport_introspection_cppExport-noconfig.cmake
[2.707s] -- Up-to-date: /home/rraina/wato_f1tenth/install/vesc_msgs/share/vesc_msgs/cmake/vesc_msgs__rosidl_typesupport_cppExport.cmake
[2.707s] -- Up-to-date: /home/rraina/wato_f1tenth/install/vesc_msgs/share/vesc_msgs/cmake/vesc_msgs__rosidl_typesupport_cppExport-noconfig.cmake
[2.707s] -- Up-to-date: /home/rraina/wato_f1tenth/install/vesc_msgs/share/vesc_msgs/cmake/export_vesc_msgs__rosidl_generator_pyExport.cmake
[2.707s] -- Up-to-date: /home/rraina/wato_f1tenth/install/vesc_msgs/share/vesc_msgs/cmake/export_vesc_msgs__rosidl_generator_pyExport-noconfig.cmake
[2.707s] -- Up-to-date: /home/rraina/wato_f1tenth/install/vesc_msgs/share/vesc_msgs/cmake/rosidl_cmake-extras.cmake
[2.707s] -- Up-to-date: /home/rraina/wato_f1tenth/install/vesc_msgs/share/vesc_msgs/cmake/ament_cmake_export_dependencies-extras.cmake
[2.707s] -- Up-to-date: /home/rraina/wato_f1tenth/install/vesc_msgs/share/vesc_msgs/cmake/ament_cmake_export_include_directories-extras.cmake
[2.707s] -- Up-to-date: /home/rraina/wato_f1tenth/install/vesc_msgs/share/vesc_msgs/cmake/ament_cmake_export_libraries-extras.cmake
[2.707s] -- Up-to-date: /home/rraina/wato_f1tenth/install/vesc_msgs/share/vesc_msgs/cmake/ament_cmake_export_targets-extras.cmake
[2.708s] -- Up-to-date: /home/rraina/wato_f1tenth/install/vesc_msgs/share/vesc_msgs/cmake/rosidl_cmake_export_typesupport_targets-extras.cmake
[2.708s] -- Up-to-date: /home/rraina/wato_f1tenth/install/vesc_msgs/share/vesc_msgs/cmake/rosidl_cmake_export_typesupport_libraries-extras.cmake
[2.709s] -- Up-to-date: /home/rraina/wato_f1tenth/install/vesc_msgs/share/vesc_msgs/cmake/vesc_msgsConfig.cmake
[2.709s] -- Up-to-date: /home/rraina/wato_f1tenth/install/vesc_msgs/share/vesc_msgs/cmake/vesc_msgsConfig-version.cmake
[2.710s] -- Up-to-date: /home/rraina/wato_f1tenth/install/vesc_msgs/share/vesc_msgs/package.xml
[2.711s] Invoked command in '/home/rraina/wato_f1tenth/build/vesc_msgs' returned '0': CMAKE_PREFIX_PATH=${CMAKE_PREFIX_PATH}:/opt/ros/jazzy /usr/bin/cmake --install /home/rraina/wato_f1tenth/build/vesc_msgs
