[0.012s] Invoking command in '/home/bolty/ament_ws/src/build/bringup_robot': AMENT_PREFIX_PATH=/home/bolty/ament_ws/src/install/gym_vis:${AMENT_PREFIX_PATH} CMAKE_PREFIX_PATH=/home/bolty/ament_ws/src/install/gym_vis:/opt/watonomous/safety_node:/opt/watonomous/bringup_robot:/opt/watonomous/gym_vis:/opt/watonomous/action:/opt/ros/humble /usr/bin/cmake /home/bolty/ament_ws/src/robot/bringup_robot -DCMAKE_INSTALL_PREFIX=/home/bolty/ament_ws/src/install/bringup_robot
[0.083s] -- The C compiler identification is GNU 11.4.0
[0.147s] -- The CXX compiler identification is GNU 11.4.0
[0.155s] -- Detecting C compiler ABI info
[0.230s] -- Detecting C compiler ABI info - done
[0.237s] -- Check for working C compiler: /usr/bin/cc - skipped
[0.237s] -- Detecting C compile features
[0.238s] -- Detecting C compile features - done
[0.243s] -- Detecting CXX compiler ABI info
[0.328s] -- Detecting CXX compiler ABI info - done
[0.340s] -- Check for working CXX compiler: /usr/bin/c++ - skipped
[0.344s] -- Detecting CXX compile features
[0.344s] -- Detecting CXX compile features - done
[0.347s] -- Found ament_cmake: 1.3.10 (/opt/ros/humble/share/ament_cmake/cmake)
[0.542s] -- Found Python3: /usr/bin/python3 (found version "3.10.12") found components: Interpreter 
[0.766s] -- Configuring done
[0.769s] -- Generating done
[0.770s] -- Build files have been written to: /home/bolty/ament_ws/src/build/bringup_robot
[0.774s] Invoked command in '/home/bolty/ament_ws/src/build/bringup_robot' returned '0': AMENT_PREFIX_PATH=/home/bolty/ament_ws/src/install/gym_vis:${AMENT_PREFIX_PATH} CMAKE_PREFIX_PATH=/home/bolty/ament_ws/src/install/gym_vis:/opt/watonomous/safety_node:/opt/watonomous/bringup_robot:/opt/watonomous/gym_vis:/opt/watonomous/action:/opt/ros/humble /usr/bin/cmake /home/bolty/ament_ws/src/robot/bringup_robot -DCMAKE_INSTALL_PREFIX=/home/bolty/ament_ws/src/install/bringup_robot
[0.775s] Invoking command in '/home/bolty/ament_ws/src/build/bringup_robot': AMENT_PREFIX_PATH=/home/bolty/ament_ws/src/install/gym_vis:${AMENT_PREFIX_PATH} CMAKE_PREFIX_PATH=/home/bolty/ament_ws/src/install/gym_vis:/opt/watonomous/safety_node:/opt/watonomous/bringup_robot:/opt/watonomous/gym_vis:/opt/watonomous/action:/opt/ros/humble /usr/bin/cmake --build /home/bolty/ament_ws/src/build/bringup_robot -- -j16 -l16
[0.823s] Invoked command in '/home/bolty/ament_ws/src/build/bringup_robot' returned '0': AMENT_PREFIX_PATH=/home/bolty/ament_ws/src/install/gym_vis:${AMENT_PREFIX_PATH} CMAKE_PREFIX_PATH=/home/bolty/ament_ws/src/install/gym_vis:/opt/watonomous/safety_node:/opt/watonomous/bringup_robot:/opt/watonomous/gym_vis:/opt/watonomous/action:/opt/ros/humble /usr/bin/cmake --build /home/bolty/ament_ws/src/build/bringup_robot -- -j16 -l16
[0.852s] Invoking command in '/home/bolty/ament_ws/src/build/bringup_robot': AMENT_PREFIX_PATH=/home/bolty/ament_ws/src/install/gym_vis:${AMENT_PREFIX_PATH} CMAKE_PREFIX_PATH=/home/bolty/ament_ws/src/install/gym_vis:/opt/watonomous/safety_node:/opt/watonomous/bringup_robot:/opt/watonomous/gym_vis:/opt/watonomous/action:/opt/ros/humble /usr/bin/cmake --install /home/bolty/ament_ws/src/build/bringup_robot
[0.859s] -- Install configuration: ""
[0.859s] -- Installing: /home/bolty/ament_ws/src/install/bringup_robot/share/bringup_robot/launch
[0.859s] -- Installing: /home/bolty/ament_ws/src/install/bringup_robot/share/bringup_robot/launch/robot.launch.py
[0.859s] -- Installing: /home/bolty/ament_ws/src/install/bringup_robot/share/ament_index/resource_index/package_run_dependencies/bringup_robot
[0.859s] -- Installing: /home/bolty/ament_ws/src/install/bringup_robot/share/ament_index/resource_index/parent_prefix_path/bringup_robot
[0.860s] -- Installing: /home/bolty/ament_ws/src/install/bringup_robot/share/bringup_robot/environment/ament_prefix_path.sh
[0.860s] -- Installing: /home/bolty/ament_ws/src/install/bringup_robot/share/bringup_robot/environment/ament_prefix_path.dsv
[0.860s] -- Installing: /home/bolty/ament_ws/src/install/bringup_robot/share/bringup_robot/environment/path.sh
[0.860s] -- Installing: /home/bolty/ament_ws/src/install/bringup_robot/share/bringup_robot/environment/path.dsv
[0.861s] -- Installing: /home/bolty/ament_ws/src/install/bringup_robot/share/bringup_robot/local_setup.bash
[0.861s] -- Installing: /home/bolty/ament_ws/src/install/bringup_robot/share/bringup_robot/local_setup.sh
[0.861s] -- Installing: /home/bolty/ament_ws/src/install/bringup_robot/share/bringup_robot/local_setup.zsh
[0.861s] -- Installing: /home/bolty/ament_ws/src/install/bringup_robot/share/bringup_robot/local_setup.dsv
[0.861s] -- Installing: /home/bolty/ament_ws/src/install/bringup_robot/share/bringup_robot/package.dsv
[0.862s] -- Installing: /home/bolty/ament_ws/src/install/bringup_robot/share/ament_index/resource_index/packages/bringup_robot
[0.862s] -- Installing: /home/bolty/ament_ws/src/install/bringup_robot/share/bringup_robot/cmake/bringup_robotConfig.cmake
[0.862s] -- Installing: /home/bolty/ament_ws/src/install/bringup_robot/share/bringup_robot/cmake/bringup_robotConfig-version.cmake
[0.862s] -- Installing: /home/bolty/ament_ws/src/install/bringup_robot/share/bringup_robot/package.xml
[0.864s] Invoked command in '/home/bolty/ament_ws/src/build/bringup_robot' returned '0': AMENT_PREFIX_PATH=/home/bolty/ament_ws/src/install/gym_vis:${AMENT_PREFIX_PATH} CMAKE_PREFIX_PATH=/home/bolty/ament_ws/src/install/gym_vis:/opt/watonomous/safety_node:/opt/watonomous/bringup_robot:/opt/watonomous/gym_vis:/opt/watonomous/action:/opt/ros/humble /usr/bin/cmake --install /home/bolty/ament_ws/src/build/bringup_robot
