[ 50%] Built target ebreak
[100%] Built target safety_node
-- Install configuration: ""
-- Installing: /home/rraina/wato_f1tenth/install/safety_node/lib/safety_node/ebreak
-- Set non-toolchain portion of runtime path of "/home/rraina/wato_f1tenth/install/safety_node/lib/safety_node/ebreak" to ""
-- Installing: /home/rraina/wato_f1tenth/install/safety_node/lib/safety_node/safety_node
-- Set non-toolchain portion of runtime path of "/home/rraina/wato_f1tenth/install/safety_node/lib/safety_node/safety_node" to ""
-- Installing: /home/rraina/wato_f1tenth/install/safety_node/share/ament_index/resource_index/package_run_dependencies/safety_node
-- Installing: /home/rraina/wato_f1tenth/install/safety_node/share/ament_index/resource_index/parent_prefix_path/safety_node
-- Installing: /home/rraina/wato_f1tenth/install/safety_node/share/safety_node/environment/ament_prefix_path.sh
-- Installing: /home/rraina/wato_f1tenth/install/safety_node/share/safety_node/environment/ament_prefix_path.dsv
-- Installing: /home/rraina/wato_f1tenth/install/safety_node/share/safety_node/environment/path.sh
-- Installing: /home/rraina/wato_f1tenth/install/safety_node/share/safety_node/environment/path.dsv
-- Installing: /home/rraina/wato_f1tenth/install/safety_node/share/safety_node/local_setup.bash
-- Installing: /home/rraina/wato_f1tenth/install/safety_node/share/safety_node/local_setup.sh
-- Installing: /home/rraina/wato_f1tenth/install/safety_node/share/safety_node/local_setup.zsh
-- Installing: /home/rraina/wato_f1tenth/install/safety_node/share/safety_node/local_setup.dsv
-- Installing: /home/rraina/wato_f1tenth/install/safety_node/share/safety_node/package.dsv
-- Installing: /home/rraina/wato_f1tenth/install/safety_node/share/ament_index/resource_index/packages/safety_node
-- Installing: /home/rraina/wato_f1tenth/install/safety_node/share/safety_node/cmake/safety_nodeConfig.cmake
-- Installing: /home/rraina/wato_f1tenth/install/safety_node/share/safety_node/cmake/safety_nodeConfig-version.cmake
-- Installing: /home/rraina/wato_f1tenth/install/safety_node/share/safety_node/package.xml
