[0.917s] Invoking command in '/home/rraina/wato_f1tenth/build/safety_node': CMAKE_PREFIX_PATH=${CMAKE_PREFIX_PATH}:/opt/ros/jazzy /usr/bin/cmake --build /home/rraina/wato_f1tenth/build/safety_node -- -j22 -l22
[1.395s] [ 50%] Built target ebreak
[1.395s] [100%] Built target safety_node
[1.466s] Invoked command in '/home/rraina/wato_f1tenth/build/safety_node' returned '0': CMAKE_PREFIX_PATH=${CMAKE_PREFIX_PATH}:/opt/ros/jazzy /usr/bin/cmake --build /home/rraina/wato_f1tenth/build/safety_node -- -j22 -l22
[1.467s] Invoking command in '/home/rraina/wato_f1tenth/build/safety_node': CMAKE_PREFIX_PATH=${CMAKE_PREFIX_PATH}:/opt/ros/jazzy /usr/bin/cmake --install /home/rraina/wato_f1tenth/build/safety_node
[1.569s] -- Install configuration: ""
[1.569s] -- Installing: /home/rraina/wato_f1tenth/install/safety_node/lib/safety_node/ebreak
[1.570s] -- Set non-toolchain portion of runtime path of "/home/rraina/wato_f1tenth/install/safety_node/lib/safety_node/ebreak" to ""
[1.570s] -- Installing: /home/rraina/wato_f1tenth/install/safety_node/lib/safety_node/safety_node
[1.725s] -- Set non-toolchain portion of runtime path of "/home/rraina/wato_f1tenth/install/safety_node/lib/safety_node/safety_node" to ""
[1.726s] -- Installing: /home/rraina/wato_f1tenth/install/safety_node/share/ament_index/resource_index/package_run_dependencies/safety_node
[1.726s] -- Installing: /home/rraina/wato_f1tenth/install/safety_node/share/ament_index/resource_index/parent_prefix_path/safety_node
[1.728s] -- Installing: /home/rraina/wato_f1tenth/install/safety_node/share/safety_node/environment/ament_prefix_path.sh
[1.728s] -- Installing: /home/rraina/wato_f1tenth/install/safety_node/share/safety_node/environment/ament_prefix_path.dsv
[1.728s] -- Installing: /home/rraina/wato_f1tenth/install/safety_node/share/safety_node/environment/path.sh
[1.729s] -- Installing: /home/rraina/wato_f1tenth/install/safety_node/share/safety_node/environment/path.dsv
[1.730s] -- Installing: /home/rraina/wato_f1tenth/install/safety_node/share/safety_node/local_setup.bash
[1.731s] -- Installing: /home/rraina/wato_f1tenth/install/safety_node/share/safety_node/local_setup.sh
[1.732s] -- Installing: /home/rraina/wato_f1tenth/install/safety_node/share/safety_node/local_setup.zsh
[1.732s] -- Installing: /home/rraina/wato_f1tenth/install/safety_node/share/safety_node/local_setup.dsv
[1.734s] -- Installing: /home/rraina/wato_f1tenth/install/safety_node/share/safety_node/package.dsv
[1.735s] -- Installing: /home/rraina/wato_f1tenth/install/safety_node/share/ament_index/resource_index/packages/safety_node
[1.736s] -- Installing: /home/rraina/wato_f1tenth/install/safety_node/share/safety_node/cmake/safety_nodeConfig.cmake
[1.737s] -- Installing: /home/rraina/wato_f1tenth/install/safety_node/share/safety_node/cmake/safety_nodeConfig-version.cmake
[1.738s] -- Installing: /home/rraina/wato_f1tenth/install/safety_node/share/safety_node/package.xml
[1.741s] Invoked command in '/home/rraina/wato_f1tenth/build/safety_node' returned '0': CMAKE_PREFIX_PATH=${CMAKE_PREFIX_PATH}:/opt/ros/jazzy /usr/bin/cmake --install /home/rraina/wato_f1tenth/build/safety_node
