[0.112s] Invoking command in '/home/rraina/wato_f1tenth/build/bringup_robot': AMENT_PREFIX_PATH=/home/rraina/wato_f1tenth/install/gym_vis:${AMENT_PREFIX_PATH} CMAKE_PREFIX_PATH=/home/rraina/wato_f1tenth/install/gym_vis:/opt/ros/jazzy/opt/gz_sim_vendor:/opt/ros/jazzy/opt/gz_sensors_vendor:/opt/ros/jazzy/opt/gz_physics_vendor:/opt/ros/jazzy/opt/sdformat_vendor:/opt/ros/jazzy/opt/gz_gui_vendor:/opt/ros/jazzy/opt/gz_transport_vendor:/opt/ros/jazzy/opt/gz_rendering_vendor:/opt/ros/jazzy/opt/gz_plugin_vendor:/opt/ros/jazzy/opt/gz_fuel_tools_vendor:/opt/ros/jazzy/opt/gz_msgs_vendor:/opt/ros/jazzy/opt/gz_common_vendor:/opt/ros/jazzy/opt/gz_math_vendor:/opt/ros/jazzy/opt/gz_utils_vendor:/opt/ros/jazzy/opt/gz_tools_vendor:/opt/ros/jazzy/opt/gz_ogre_next_vendor:/opt/ros/jazzy/opt/gz_dartsim_vendor:/opt/ros/jazzy/opt/gz_cmake_vendor:/opt/ros/jazzy /usr/bin/cmake /home/rraina/wato_f1tenth/src/robot/bringup_robot -DCMAKE_INSTALL_PREFIX=/home/rraina/wato_f1tenth/install/bringup_robot
[0.552s] -- The C compiler identification is GNU 13.3.0
[1.753s] -- The CXX compiler identification is GNU 13.3.0
[3.126s] -- Detecting C compiler ABI info
[3.634s] -- Detecting C compiler ABI info - done
[3.644s] -- Check for working C compiler: /usr/bin/cc - skipped
[3.645s] -- Detecting C compile features
[3.646s] -- Detecting C compile features - done
[3.847s] -- Detecting CXX compiler ABI info
[4.366s] -- Detecting CXX compiler ABI info - done
[4.376s] -- Check for working CXX compiler: /usr/bin/c++ - skipped
[4.376s] -- Detecting CXX compile features
[4.377s] -- Detecting CXX compile features - done
[4.413s] -- Found ament_cmake: 2.5.5 (/opt/ros/jazzy/share/ament_cmake/cmake)
[4.625s] -- Found Python3: /usr/bin/python3 (found version "3.12.3") found components: Interpreter 
[4.973s] -- Configuring done (4.8s)
[4.979s] -- Generating done (0.0s)
[4.985s] -- Build files have been written to: /home/rraina/wato_f1tenth/build/bringup_robot
[4.991s] Invoked command in '/home/rraina/wato_f1tenth/build/bringup_robot' returned '0': AMENT_PREFIX_PATH=/home/rraina/wato_f1tenth/install/gym_vis:${AMENT_PREFIX_PATH} CMAKE_PREFIX_PATH=/home/rraina/wato_f1tenth/install/gym_vis:/opt/ros/jazzy/opt/gz_sim_vendor:/opt/ros/jazzy/opt/gz_sensors_vendor:/opt/ros/jazzy/opt/gz_physics_vendor:/opt/ros/jazzy/opt/sdformat_vendor:/opt/ros/jazzy/opt/gz_gui_vendor:/opt/ros/jazzy/opt/gz_transport_vendor:/opt/ros/jazzy/opt/gz_rendering_vendor:/opt/ros/jazzy/opt/gz_plugin_vendor:/opt/ros/jazzy/opt/gz_fuel_tools_vendor:/opt/ros/jazzy/opt/gz_msgs_vendor:/opt/ros/jazzy/opt/gz_common_vendor:/opt/ros/jazzy/opt/gz_math_vendor:/opt/ros/jazzy/opt/gz_utils_vendor:/opt/ros/jazzy/opt/gz_tools_vendor:/opt/ros/jazzy/opt/gz_ogre_next_vendor:/opt/ros/jazzy/opt/gz_dartsim_vendor:/opt/ros/jazzy/opt/gz_cmake_vendor:/opt/ros/jazzy /usr/bin/cmake /home/rraina/wato_f1tenth/src/robot/bringup_robot -DCMAKE_INSTALL_PREFIX=/home/rraina/wato_f1tenth/install/bringup_robot
[4.993s] Invoking command in '/home/rraina/wato_f1tenth/build/bringup_robot': AMENT_PREFIX_PATH=/home/rraina/wato_f1tenth/install/gym_vis:${AMENT_PREFIX_PATH} CMAKE_PREFIX_PATH=/home/rraina/wato_f1tenth/install/gym_vis:/opt/ros/jazzy/opt/gz_sim_vendor:/opt/ros/jazzy/opt/gz_sensors_vendor:/opt/ros/jazzy/opt/gz_physics_vendor:/opt/ros/jazzy/opt/sdformat_vendor:/opt/ros/jazzy/opt/gz_gui_vendor:/opt/ros/jazzy/opt/gz_transport_vendor:/opt/ros/jazzy/opt/gz_rendering_vendor:/opt/ros/jazzy/opt/gz_plugin_vendor:/opt/ros/jazzy/opt/gz_fuel_tools_vendor:/opt/ros/jazzy/opt/gz_msgs_vendor:/opt/ros/jazzy/opt/gz_common_vendor:/opt/ros/jazzy/opt/gz_math_vendor:/opt/ros/jazzy/opt/gz_utils_vendor:/opt/ros/jazzy/opt/gz_tools_vendor:/opt/ros/jazzy/opt/gz_ogre_next_vendor:/opt/ros/jazzy/opt/gz_dartsim_vendor:/opt/ros/jazzy/opt/gz_cmake_vendor:/opt/ros/jazzy /usr/bin/cmake --build /home/rraina/wato_f1tenth/build/bringup_robot -- -j22 -l22
[5.053s] Invoked command in '/home/rraina/wato_f1tenth/build/bringup_robot' returned '0': AMENT_PREFIX_PATH=/home/rraina/wato_f1tenth/install/gym_vis:${AMENT_PREFIX_PATH} CMAKE_PREFIX_PATH=/home/rraina/wato_f1tenth/install/gym_vis:/opt/ros/jazzy/opt/gz_sim_vendor:/opt/ros/jazzy/opt/gz_sensors_vendor:/opt/ros/jazzy/opt/gz_physics_vendor:/opt/ros/jazzy/opt/sdformat_vendor:/opt/ros/jazzy/opt/gz_gui_vendor:/opt/ros/jazzy/opt/gz_transport_vendor:/opt/ros/jazzy/opt/gz_rendering_vendor:/opt/ros/jazzy/opt/gz_plugin_vendor:/opt/ros/jazzy/opt/gz_fuel_tools_vendor:/opt/ros/jazzy/opt/gz_msgs_vendor:/opt/ros/jazzy/opt/gz_common_vendor:/opt/ros/jazzy/opt/gz_math_vendor:/opt/ros/jazzy/opt/gz_utils_vendor:/opt/ros/jazzy/opt/gz_tools_vendor:/opt/ros/jazzy/opt/gz_ogre_next_vendor:/opt/ros/jazzy/opt/gz_dartsim_vendor:/opt/ros/jazzy/opt/gz_cmake_vendor:/opt/ros/jazzy /usr/bin/cmake --build /home/rraina/wato_f1tenth/build/bringup_robot -- -j22 -l22
[5.054s] Invoking command in '/home/rraina/wato_f1tenth/build/bringup_robot': AMENT_PREFIX_PATH=/home/rraina/wato_f1tenth/install/gym_vis:${AMENT_PREFIX_PATH} CMAKE_PREFIX_PATH=/home/rraina/wato_f1tenth/install/gym_vis:/opt/ros/jazzy/opt/gz_sim_vendor:/opt/ros/jazzy/opt/gz_sensors_vendor:/opt/ros/jazzy/opt/gz_physics_vendor:/opt/ros/jazzy/opt/sdformat_vendor:/opt/ros/jazzy/opt/gz_gui_vendor:/opt/ros/jazzy/opt/gz_transport_vendor:/opt/ros/jazzy/opt/gz_rendering_vendor:/opt/ros/jazzy/opt/gz_plugin_vendor:/opt/ros/jazzy/opt/gz_fuel_tools_vendor:/opt/ros/jazzy/opt/gz_msgs_vendor:/opt/ros/jazzy/opt/gz_common_vendor:/opt/ros/jazzy/opt/gz_math_vendor:/opt/ros/jazzy/opt/gz_utils_vendor:/opt/ros/jazzy/opt/gz_tools_vendor:/opt/ros/jazzy/opt/gz_ogre_next_vendor:/opt/ros/jazzy/opt/gz_dartsim_vendor:/opt/ros/jazzy/opt/gz_cmake_vendor:/opt/ros/jazzy /usr/bin/cmake --install /home/rraina/wato_f1tenth/build/bringup_robot
[5.067s] -- Install configuration: ""
[5.068s] -- Installing: /home/rraina/wato_f1tenth/install/bringup_robot/share/bringup_robot/launch
[5.068s] -- Installing: /home/rraina/wato_f1tenth/install/bringup_robot/share/bringup_robot/launch/jetson_pf.launch.py
[5.069s] -- Installing: /home/rraina/wato_f1tenth/install/bringup_robot/share/bringup_robot/launch/jetson_mapping.launch.py
[5.070s] -- Installing: /home/rraina/wato_f1tenth/install/bringup_robot/share/bringup_robot/launch/jetson_up.launch.py
[5.071s] -- Installing: /home/rraina/wato_f1tenth/install/bringup_robot/share/bringup_robot/launch/joypad.launch.py
[5.071s] -- Installing: /home/rraina/wato_f1tenth/install/bringup_robot/share/bringup_robot/launch/car_up.launch.py
[5.071s] -- Installing: /home/rraina/wato_f1tenth/install/bringup_robot/share/bringup_robot/launch/__pycache__
[5.072s] -- Installing: /home/rraina/wato_f1tenth/install/bringup_robot/share/bringup_robot/launch/__pycache__/jetson_up.launch.cpython-312.pyc
[5.072s] -- Installing: /home/rraina/wato_f1tenth/install/bringup_robot/share/bringup_robot/launch/__pycache__/pure_persuit.launch.cpython-312.pyc
[5.073s] -- Installing: /home/rraina/wato_f1tenth/install/bringup_robot/share/bringup_robot/launch/__pycache__/jetson_pf.launch.cpython-312.pyc
[5.074s] -- Installing: /home/rraina/wato_f1tenth/install/bringup_robot/share/bringup_robot/launch/pure_persuit.launch.py
[5.075s] -- Installing: /home/rraina/wato_f1tenth/install/bringup_robot/share/bringup_robot/maps
[5.075s] -- Installing: /home/rraina/wato_f1tenth/install/bringup_robot/share/bringup_robot/maps/wato1.yaml
[5.076s] -- Installing: /home/rraina/wato_f1tenth/install/bringup_robot/share/bringup_robot/maps/e7_fifth_v3.yaml
[5.076s] -- Installing: /home/rraina/wato_f1tenth/install/bringup_robot/share/bringup_robot/maps/e7_fifth_v3.pgm
[5.077s] -- Installing: /home/rraina/wato_f1tenth/install/bringup_robot/share/bringup_robot/maps/wato1.pgm
[5.079s] -- Installing: /home/rraina/wato_f1tenth/install/bringup_robot/share/bringup_robot/config
[5.080s] -- Installing: /home/rraina/wato_f1tenth/install/bringup_robot/share/bringup_robot/config/pure_persuit
[5.080s] -- Installing: /home/rraina/wato_f1tenth/install/bringup_robot/share/bringup_robot/config/pure_persuit/pure_persuit.yaml
[5.082s] -- Installing: /home/rraina/wato_f1tenth/install/bringup_robot/share/bringup_robot/config/sensors.yaml
[5.083s] -- Installing: /home/rraina/wato_f1tenth/install/bringup_robot/share/bringup_robot/config/joy_teleop.yaml
[5.083s] -- Installing: /home/rraina/wato_f1tenth/install/bringup_robot/share/bringup_robot/config/mux.yaml
[5.084s] -- Installing: /home/rraina/wato_f1tenth/install/bringup_robot/share/bringup_robot/config/rviz
[5.084s] -- Installing: /home/rraina/wato_f1tenth/install/bringup_robot/share/bringup_robot/config/rviz/localize.rviz
[5.085s] -- Installing: /home/rraina/wato_f1tenth/install/bringup_robot/share/bringup_robot/config/rviz/mapping.rviz
[5.086s] -- Installing: /home/rraina/wato_f1tenth/install/bringup_robot/share/bringup_robot/config/rviz/mylocalize.rviz
[5.086s] -- Installing: /home/rraina/wato_f1tenth/install/bringup_robot/share/bringup_robot/config/vesc.yaml
[5.086s] -- Installing: /home/rraina/wato_f1tenth/install/bringup_robot/share/bringup_robot/config/simulator
[5.086s] -- Installing: /home/rraina/wato_f1tenth/install/bringup_robot/share/bringup_robot/config/simulator/ekf.yaml
[5.086s] -- Installing: /home/rraina/wato_f1tenth/install/bringup_robot/share/bringup_robot/config/simulator/localize.yaml
[5.087s] -- Installing: /home/rraina/wato_f1tenth/install/bringup_robot/share/bringup_robot/config/simulator/perception.yaml
[5.087s] -- Installing: /home/rraina/wato_f1tenth/install/bringup_robot/share/bringup_robot/config/simulator/amcl.yaml
[5.087s] -- Installing: /home/rraina/wato_f1tenth/install/bringup_robot/share/bringup_robot/bags
[5.087s] -- Installing: /home/rraina/wato_f1tenth/install/bringup_robot/share/bringup_robot/bags/frames_2025-08-02_20.22.56.gv
[5.087s] -- Installing: /home/rraina/wato_f1tenth/install/bringup_robot/share/bringup_robot/bags/ekf_testdata_fast_lap
[5.087s] -- Installing: /home/rraina/wato_f1tenth/install/bringup_robot/share/bringup_robot/bags/ekf_testdata_fast_lap/metadata.yaml
[5.087s] -- Installing: /home/rraina/wato_f1tenth/install/bringup_robot/share/bringup_robot/bags/ekf_testdata_fast_lap/ekf_testdata_fast_lap_0.db3
[5.091s] -- Installing: /home/rraina/wato_f1tenth/install/bringup_robot/share/bringup_robot/bags/frames_2025-08-02_20.22.27.pdf
[5.091s] -- Installing: /home/rraina/wato_f1tenth/install/bringup_robot/share/bringup_robot/bags/frames_2025-08-02_20.22.56.pdf
[5.091s] -- Installing: /home/rraina/wato_f1tenth/install/bringup_robot/share/bringup_robot/bags/frames_2025-08-02_20.22.27.gv
[5.092s] -- Installing: /home/rraina/wato_f1tenth/install/bringup_robot/share/bringup_robot/bags/ekf_testdata_steady_lap
[5.092s] -- Installing: /home/rraina/wato_f1tenth/install/bringup_robot/share/bringup_robot/bags/ekf_testdata_steady_lap/ekf_testdata_steady_lap_0.db3
[5.097s] -- Installing: /home/rraina/wato_f1tenth/install/bringup_robot/share/bringup_robot/bags/ekf_testdata_steady_lap/metadata.yaml
[5.100s] -- Installing: /home/rraina/wato_f1tenth/install/bringup_robot/share/ament_index/resource_index/package_run_dependencies/bringup_robot
[5.101s] -- Installing: /home/rraina/wato_f1tenth/install/bringup_robot/share/ament_index/resource_index/parent_prefix_path/bringup_robot
[5.103s] -- Installing: /home/rraina/wato_f1tenth/install/bringup_robot/share/bringup_robot/environment/ament_prefix_path.sh
[5.104s] -- Installing: /home/rraina/wato_f1tenth/install/bringup_robot/share/bringup_robot/environment/ament_prefix_path.dsv
[5.104s] -- Installing: /home/rraina/wato_f1tenth/install/bringup_robot/share/bringup_robot/environment/path.sh
[5.104s] -- Installing: /home/rraina/wato_f1tenth/install/bringup_robot/share/bringup_robot/environment/path.dsv
[5.104s] -- Installing: /home/rraina/wato_f1tenth/install/bringup_robot/share/bringup_robot/local_setup.bash
[5.104s] -- Installing: /home/rraina/wato_f1tenth/install/bringup_robot/share/bringup_robot/local_setup.sh
[5.104s] -- Installing: /home/rraina/wato_f1tenth/install/bringup_robot/share/bringup_robot/local_setup.zsh
[5.104s] -- Installing: /home/rraina/wato_f1tenth/install/bringup_robot/share/bringup_robot/local_setup.dsv
[5.104s] -- Installing: /home/rraina/wato_f1tenth/install/bringup_robot/share/bringup_robot/package.dsv
[5.104s] -- Installing: /home/rraina/wato_f1tenth/install/bringup_robot/share/ament_index/resource_index/packages/bringup_robot
[5.106s] -- Installing: /home/rraina/wato_f1tenth/install/bringup_robot/share/bringup_robot/cmake/bringup_robotConfig.cmake
[5.106s] -- Installing: /home/rraina/wato_f1tenth/install/bringup_robot/share/bringup_robot/cmake/bringup_robotConfig-version.cmake
[5.106s] -- Installing: /home/rraina/wato_f1tenth/install/bringup_robot/share/bringup_robot/package.xml
[5.108s] Invoked command in '/home/rraina/wato_f1tenth/build/bringup_robot' returned '0': AMENT_PREFIX_PATH=/home/rraina/wato_f1tenth/install/gym_vis:${AMENT_PREFIX_PATH} CMAKE_PREFIX_PATH=/home/rraina/wato_f1tenth/install/gym_vis:/opt/ros/jazzy/opt/gz_sim_vendor:/opt/ros/jazzy/opt/gz_sensors_vendor:/opt/ros/jazzy/opt/gz_physics_vendor:/opt/ros/jazzy/opt/sdformat_vendor:/opt/ros/jazzy/opt/gz_gui_vendor:/opt/ros/jazzy/opt/gz_transport_vendor:/opt/ros/jazzy/opt/gz_rendering_vendor:/opt/ros/jazzy/opt/gz_plugin_vendor:/opt/ros/jazzy/opt/gz_fuel_tools_vendor:/opt/ros/jazzy/opt/gz_msgs_vendor:/opt/ros/jazzy/opt/gz_common_vendor:/opt/ros/jazzy/opt/gz_math_vendor:/opt/ros/jazzy/opt/gz_utils_vendor:/opt/ros/jazzy/opt/gz_tools_vendor:/opt/ros/jazzy/opt/gz_ogre_next_vendor:/opt/ros/jazzy/opt/gz_dartsim_vendor:/opt/ros/jazzy/opt/gz_cmake_vendor:/opt/ros/jazzy /usr/bin/cmake --install /home/rraina/wato_f1tenth/build/bringup_robot
