[0.489s] Invoking command in '/home/rraina/wato_f1tenth/build/sample_msgs': CMAKE_PREFIX_PATH=${CMAKE_PREFIX_PATH}:/opt/ros/jazzy /usr/bin/cmake /home/rraina/wato_f1tenth/src/wato_msgs/sample_msgs -DBUILD_TESTING=OFF -DCMAKE_INSTALL_PREFIX=/home/rraina/wato_f1tenth/install/sample_msgs
[0.551s] -- Found ament_cmake: 2.5.5 (/opt/ros/jazzy/share/ament_cmake/cmake)
[0.554s] -- Found Python3: /usr/bin/python3 (found version "3.12.3") found components: Interpreter 
[0.659s] -- Found rosidl_default_generators: 1.6.0 (/opt/ros/jazzy/share/rosidl_default_generators/cmake)
[0.662s] -- Using all available rosidl_typesupport_c: rosidl_typesupport_fastrtps_c;rosidl_typesupport_introspection_c
[0.962s] -- Using all available rosidl_typesupport_cpp: rosidl_typesupport_fastrtps_cpp;rosidl_typesupport_introspection_cpp
[0.990s] -- Found rosidl_adapter: 4.6.7 (/opt/ros/jazzy/share/rosidl_adapter/cmake)
[0.992s] -- Found std_msgs: 5.3.6 (/opt/ros/jazzy/share/std_msgs/cmake)
[1.387s] -- Found ament_cmake_ros: 0.12.0 (/opt/ros/jazzy/share/ament_cmake_ros/cmake)
[1.556s] -- Using all available rosidl_typesupport_c: rosidl_typesupport_fastrtps_c;rosidl_typesupport_introspection_c
[1.785s] -- Using all available rosidl_typesupport_cpp: rosidl_typesupport_fastrtps_cpp;rosidl_typesupport_introspection_cpp
[1.786s] -- Found python_cmake_module: 0.11.1 (/opt/ros/jazzy/share/python_cmake_module/cmake)
[2.136s] -- Found Python3: /usr/bin/python3 (found version "3.12.3") found components: Interpreter Development NumPy Development.Module Development.Embed 
[2.181s] -- Configuring done (1.7s)
[2.301s] -- Generating done (0.1s)
[2.324s] -- Build files have been written to: /home/rraina/wato_f1tenth/build/sample_msgs
[2.340s] Invoked command in '/home/rraina/wato_f1tenth/build/sample_msgs' returned '0': CMAKE_PREFIX_PATH=${CMAKE_PREFIX_PATH}:/opt/ros/jazzy /usr/bin/cmake /home/rraina/wato_f1tenth/src/wato_msgs/sample_msgs -DBUILD_TESTING=OFF -DCMAKE_INSTALL_PREFIX=/home/rraina/wato_f1tenth/install/sample_msgs
[2.341s] Invoking command in '/home/rraina/wato_f1tenth/build/sample_msgs': CMAKE_PREFIX_PATH=${CMAKE_PREFIX_PATH}:/opt/ros/jazzy /usr/bin/cmake --build /home/rraina/wato_f1tenth/build/sample_msgs -- -j22 -l22
[2.414s] [  1%] Built target sample_msgs__rosidl_generator_type_description
[2.424s] [  1%] Built target ament_cmake_python_copy_sample_msgs
[2.424s] [  3%] Built target sample_msgs__cpp
[2.435s] [ 25%] Built target sample_msgs__rosidl_generator_c
[2.463s] [ 34%] Built target sample_msgs__rosidl_typesupport_c
[2.465s] [ 43%] Built target sample_msgs__rosidl_typesupport_introspection_c
[2.467s] [ 53%] Built target sample_msgs__rosidl_typesupport_cpp
[2.468s] [ 62%] Built target sample_msgs__rosidl_typesupport_fastrtps_c
[2.471s] [ 71%] Built target sample_msgs__rosidl_typesupport_introspection_cpp
[2.473s] [ 81%] Built target sample_msgs__rosidl_typesupport_fastrtps_cpp
[2.495s] [ 81%] Built target sample_msgs
[2.518s] [ 82%] Built target sample_msgs__py
[2.541s] [ 90%] Built target sample_msgs__rosidl_generator_py
[2.574s] [ 93%] Built target sample_msgs_s__rosidl_typesupport_fastrtps_c
[2.587s] [100%] Built target sample_msgs_s__rosidl_typesupport_introspection_c
[2.587s] [100%] Built target sample_msgs_s__rosidl_typesupport_c
[2.625s] running egg_info
[2.638s] writing sample_msgs.egg-info/PKG-INFO
[2.638s] writing dependency_links to sample_msgs.egg-info/dependency_links.txt
[2.639s] writing top-level names to sample_msgs.egg-info/top_level.txt
[2.696s] reading manifest file 'sample_msgs.egg-info/SOURCES.txt'
[2.697s] writing manifest file 'sample_msgs.egg-info/SOURCES.txt'
[2.703s] [100%] Built target ament_cmake_python_build_sample_msgs_egg
[2.713s] Invoked command in '/home/rraina/wato_f1tenth/build/sample_msgs' returned '0': CMAKE_PREFIX_PATH=${CMAKE_PREFIX_PATH}:/opt/ros/jazzy /usr/bin/cmake --build /home/rraina/wato_f1tenth/build/sample_msgs -- -j22 -l22
[2.714s] Invoking command in '/home/rraina/wato_f1tenth/build/sample_msgs': CMAKE_PREFIX_PATH=${CMAKE_PREFIX_PATH}:/opt/ros/jazzy /usr/bin/cmake --install /home/rraina/wato_f1tenth/build/sample_msgs
[2.722s] -- Install configuration: ""
[2.723s] -- Up-to-date: /home/rraina/wato_f1tenth/install/sample_msgs/share/ament_index/resource_index/rosidl_interfaces/sample_msgs
[2.723s] -- Up-to-date: /home/rraina/wato_f1tenth/install/sample_msgs/share/sample_msgs/msg/Filtered.json
[2.723s] -- Up-to-date: /home/rraina/wato_f1tenth/install/sample_msgs/share/sample_msgs/msg/FilteredArray.json
[2.723s] -- Up-to-date: /home/rraina/wato_f1tenth/install/sample_msgs/share/sample_msgs/msg/Unfiltered.json
[2.723s] -- Up-to-date: /home/rraina/wato_f1tenth/install/sample_msgs/share/sample_msgs/msg/Metadata.json
[2.724s] -- Up-to-date: /home/rraina/wato_f1tenth/install/sample_msgs/include/sample_msgs/sample_msgs
[2.724s] -- Up-to-date: /home/rraina/wato_f1tenth/install/sample_msgs/include/sample_msgs/sample_msgs/msg
[2.724s] -- Up-to-date: /home/rraina/wato_f1tenth/install/sample_msgs/include/sample_msgs/sample_msgs/msg/filtered.h
[2.724s] -- Up-to-date: /home/rraina/wato_f1tenth/install/sample_msgs/include/sample_msgs/sample_msgs/msg/unfiltered.h
[2.724s] -- Up-to-date: /home/rraina/wato_f1tenth/install/sample_msgs/include/sample_msgs/sample_msgs/msg/filtered_array.h
[2.724s] -- Up-to-date: /home/rraina/wato_f1tenth/install/sample_msgs/include/sample_msgs/sample_msgs/msg/detail
[2.724s] -- Up-to-date: /home/rraina/wato_f1tenth/install/sample_msgs/include/sample_msgs/sample_msgs/msg/detail/unfiltered__description.c
[2.724s] -- Up-to-date: /home/rraina/wato_f1tenth/install/sample_msgs/include/sample_msgs/sample_msgs/msg/detail/filtered_array__functions.h
[2.724s] -- Up-to-date: /home/rraina/wato_f1tenth/install/sample_msgs/include/sample_msgs/sample_msgs/msg/detail/metadata__description.c
[2.724s] -- Installing: /home/rraina/wato_f1tenth/install/sample_msgs/include/sample_msgs/sample_msgs/msg/detail/unfiltered__type_support.c
[2.724s] -- Installing: /home/rraina/wato_f1tenth/install/sample_msgs/include/sample_msgs/sample_msgs/msg/detail/metadata__type_support.c
[2.724s] -- Up-to-date: /home/rraina/wato_f1tenth/install/sample_msgs/include/sample_msgs/sample_msgs/msg/detail/filtered__type_support.h
[2.724s] -- Up-to-date: /home/rraina/wato_f1tenth/install/sample_msgs/include/sample_msgs/sample_msgs/msg/detail/filtered__description.c
[2.725s] -- Installing: /home/rraina/wato_f1tenth/install/sample_msgs/include/sample_msgs/sample_msgs/msg/detail/filtered_array__type_support.c
[2.725s] -- Up-to-date: /home/rraina/wato_f1tenth/install/sample_msgs/include/sample_msgs/sample_msgs/msg/detail/unfiltered__functions.h
[2.725s] -- Up-to-date: /home/rraina/wato_f1tenth/install/sample_msgs/include/sample_msgs/sample_msgs/msg/detail/filtered__functions.c
[2.725s] -- Up-to-date: /home/rraina/wato_f1tenth/install/sample_msgs/include/sample_msgs/sample_msgs/msg/detail/metadata__functions.h
[2.725s] -- Up-to-date: /home/rraina/wato_f1tenth/install/sample_msgs/include/sample_msgs/sample_msgs/msg/detail/filtered_array__description.c
[2.725s] -- Up-to-date: /home/rraina/wato_f1tenth/install/sample_msgs/include/sample_msgs/sample_msgs/msg/detail/filtered_array__struct.h
[2.725s] -- Up-to-date: /home/rraina/wato_f1tenth/install/sample_msgs/include/sample_msgs/sample_msgs/msg/detail/unfiltered__functions.c
[2.726s] -- Up-to-date: /home/rraina/wato_f1tenth/install/sample_msgs/include/sample_msgs/sample_msgs/msg/detail/metadata__type_support.h
[2.726s] -- Up-to-date: /home/rraina/wato_f1tenth/install/sample_msgs/include/sample_msgs/sample_msgs/msg/detail/metadata__functions.c
[2.726s] -- Up-to-date: /home/rraina/wato_f1tenth/install/sample_msgs/include/sample_msgs/sample_msgs/msg/detail/unfiltered__type_support.h
[2.726s] -- Up-to-date: /home/rraina/wato_f1tenth/install/sample_msgs/include/sample_msgs/sample_msgs/msg/detail/filtered__struct.h
[2.726s] -- Up-to-date: /home/rraina/wato_f1tenth/install/sample_msgs/include/sample_msgs/sample_msgs/msg/detail/unfiltered__struct.h
[2.726s] -- Up-to-date: /home/rraina/wato_f1tenth/install/sample_msgs/include/sample_msgs/sample_msgs/msg/detail/filtered__functions.h
[2.726s] -- Up-to-date: /home/rraina/wato_f1tenth/install/sample_msgs/include/sample_msgs/sample_msgs/msg/detail/metadata__struct.h
[2.726s] -- Up-to-date: /home/rraina/wato_f1tenth/install/sample_msgs/include/sample_msgs/sample_msgs/msg/detail/filtered_array__type_support.h
[2.726s] -- Installing: /home/rraina/wato_f1tenth/install/sample_msgs/include/sample_msgs/sample_msgs/msg/detail/filtered__type_support.c
[2.726s] -- Up-to-date: /home/rraina/wato_f1tenth/install/sample_msgs/include/sample_msgs/sample_msgs/msg/detail/filtered_array__functions.c
[2.727s] -- Up-to-date: /home/rraina/wato_f1tenth/install/sample_msgs/include/sample_msgs/sample_msgs/msg/metadata.h
[2.727s] -- Up-to-date: /home/rraina/wato_f1tenth/install/sample_msgs/include/sample_msgs/sample_msgs/msg/rosidl_generator_c__visibility_control.h
[2.728s] -- Up-to-date: /home/rraina/wato_f1tenth/install/sample_msgs/share/sample_msgs/environment/library_path.sh
[2.728s] -- Up-to-date: /home/rraina/wato_f1tenth/install/sample_msgs/share/sample_msgs/environment/library_path.dsv
[2.728s] -- Up-to-date: /home/rraina/wato_f1tenth/install/sample_msgs/lib/libsample_msgs__rosidl_generator_c.so
[2.728s] -- Up-to-date: /home/rraina/wato_f1tenth/install/sample_msgs/include/sample_msgs/sample_msgs
[2.728s] -- Up-to-date: /home/rraina/wato_f1tenth/install/sample_msgs/include/sample_msgs/sample_msgs/msg
[2.728s] -- Up-to-date: /home/rraina/wato_f1tenth/install/sample_msgs/include/sample_msgs/sample_msgs/msg/rosidl_typesupport_fastrtps_c__visibility_control.h
[2.728s] -- Up-to-date: /home/rraina/wato_f1tenth/install/sample_msgs/include/sample_msgs/sample_msgs/msg/detail
[2.728s] -- Up-to-date: /home/rraina/wato_f1tenth/install/sample_msgs/include/sample_msgs/sample_msgs/msg/detail/filtered_array__rosidl_typesupport_fastrtps_c.h
[2.728s] -- Up-to-date: /home/rraina/wato_f1tenth/install/sample_msgs/include/sample_msgs/sample_msgs/msg/detail/unfiltered__rosidl_typesupport_fastrtps_c.h
[2.728s] -- Up-to-date: /home/rraina/wato_f1tenth/install/sample_msgs/include/sample_msgs/sample_msgs/msg/detail/metadata__rosidl_typesupport_fastrtps_c.h
[2.728s] -- Up-to-date: /home/rraina/wato_f1tenth/install/sample_msgs/include/sample_msgs/sample_msgs/msg/detail/filtered__rosidl_typesupport_fastrtps_c.h
[2.728s] -- Up-to-date: /home/rraina/wato_f1tenth/install/sample_msgs/lib/libsample_msgs__rosidl_typesupport_fastrtps_c.so
[2.729s] -- Up-to-date: /home/rraina/wato_f1tenth/install/sample_msgs/include/sample_msgs/sample_msgs
[2.729s] -- Up-to-date: /home/rraina/wato_f1tenth/install/sample_msgs/include/sample_msgs/sample_msgs/msg
[2.729s] -- Up-to-date: /home/rraina/wato_f1tenth/install/sample_msgs/include/sample_msgs/sample_msgs/msg/detail
[2.729s] -- Up-to-date: /home/rraina/wato_f1tenth/install/sample_msgs/include/sample_msgs/sample_msgs/msg/detail/unfiltered__rosidl_typesupport_introspection_c.h
[2.729s] -- Installing: /home/rraina/wato_f1tenth/install/sample_msgs/include/sample_msgs/sample_msgs/msg/detail/unfiltered__type_support.c
[2.729s] -- Installing: /home/rraina/wato_f1tenth/install/sample_msgs/include/sample_msgs/sample_msgs/msg/detail/metadata__type_support.c
[2.729s] -- Up-to-date: /home/rraina/wato_f1tenth/install/sample_msgs/include/sample_msgs/sample_msgs/msg/detail/metadata__rosidl_typesupport_introspection_c.h
[2.729s] -- Installing: /home/rraina/wato_f1tenth/install/sample_msgs/include/sample_msgs/sample_msgs/msg/detail/filtered_array__type_support.c
[2.729s] -- Up-to-date: /home/rraina/wato_f1tenth/install/sample_msgs/include/sample_msgs/sample_msgs/msg/detail/filtered__rosidl_typesupport_introspection_c.h
[2.729s] -- Up-to-date: /home/rraina/wato_f1tenth/install/sample_msgs/include/sample_msgs/sample_msgs/msg/detail/filtered_array__rosidl_typesupport_introspection_c.h
[2.729s] -- Installing: /home/rraina/wato_f1tenth/install/sample_msgs/include/sample_msgs/sample_msgs/msg/detail/filtered__type_support.c
[2.730s] -- Up-to-date: /home/rraina/wato_f1tenth/install/sample_msgs/include/sample_msgs/sample_msgs/msg/rosidl_typesupport_introspection_c__visibility_control.h
[2.730s] -- Up-to-date: /home/rraina/wato_f1tenth/install/sample_msgs/lib/libsample_msgs__rosidl_typesupport_introspection_c.so
[2.731s] -- Up-to-date: /home/rraina/wato_f1tenth/install/sample_msgs/lib/libsample_msgs__rosidl_typesupport_c.so
[2.731s] -- Up-to-date: /home/rraina/wato_f1tenth/install/sample_msgs/include/sample_msgs/sample_msgs
[2.732s] -- Up-to-date: /home/rraina/wato_f1tenth/install/sample_msgs/include/sample_msgs/sample_msgs/msg
[2.732s] -- Up-to-date: /home/rraina/wato_f1tenth/install/sample_msgs/include/sample_msgs/sample_msgs/msg/unfiltered.hpp
[2.732s] -- Up-to-date: /home/rraina/wato_f1tenth/install/sample_msgs/include/sample_msgs/sample_msgs/msg/detail
[2.732s] -- Up-to-date: /home/rraina/wato_f1tenth/install/sample_msgs/include/sample_msgs/sample_msgs/msg/detail/filtered__builder.hpp
[2.732s] -- Up-to-date: /home/rraina/wato_f1tenth/install/sample_msgs/include/sample_msgs/sample_msgs/msg/detail/metadata__traits.hpp
[2.732s] -- Up-to-date: /home/rraina/wato_f1tenth/install/sample_msgs/include/sample_msgs/sample_msgs/msg/detail/unfiltered__struct.hpp
[2.732s] -- Up-to-date: /home/rraina/wato_f1tenth/install/sample_msgs/include/sample_msgs/sample_msgs/msg/detail/metadata__builder.hpp
[2.732s] -- Up-to-date: /home/rraina/wato_f1tenth/install/sample_msgs/include/sample_msgs/sample_msgs/msg/detail/filtered_array__builder.hpp
[2.732s] -- Up-to-date: /home/rraina/wato_f1tenth/install/sample_msgs/include/sample_msgs/sample_msgs/msg/detail/filtered__traits.hpp
[2.732s] -- Up-to-date: /home/rraina/wato_f1tenth/install/sample_msgs/include/sample_msgs/sample_msgs/msg/detail/metadata__type_support.hpp
[2.732s] -- Up-to-date: /home/rraina/wato_f1tenth/install/sample_msgs/include/sample_msgs/sample_msgs/msg/detail/filtered_array__traits.hpp
[2.733s] -- Up-to-date: /home/rraina/wato_f1tenth/install/sample_msgs/include/sample_msgs/sample_msgs/msg/detail/unfiltered__type_support.hpp
[2.733s] -- Up-to-date: /home/rraina/wato_f1tenth/install/sample_msgs/include/sample_msgs/sample_msgs/msg/detail/unfiltered__traits.hpp
[2.733s] -- Up-to-date: /home/rraina/wato_f1tenth/install/sample_msgs/include/sample_msgs/sample_msgs/msg/detail/unfiltered__builder.hpp
[2.733s] -- Up-to-date: /home/rraina/wato_f1tenth/install/sample_msgs/include/sample_msgs/sample_msgs/msg/detail/filtered_array__type_support.hpp
[2.733s] -- Up-to-date: /home/rraina/wato_f1tenth/install/sample_msgs/include/sample_msgs/sample_msgs/msg/detail/filtered_array__struct.hpp
[2.733s] -- Up-to-date: /home/rraina/wato_f1tenth/install/sample_msgs/include/sample_msgs/sample_msgs/msg/detail/filtered__struct.hpp
[2.733s] -- Up-to-date: /home/rraina/wato_f1tenth/install/sample_msgs/include/sample_msgs/sample_msgs/msg/detail/filtered__type_support.hpp
[2.733s] -- Up-to-date: /home/rraina/wato_f1tenth/install/sample_msgs/include/sample_msgs/sample_msgs/msg/detail/metadata__struct.hpp
[2.733s] -- Up-to-date: /home/rraina/wato_f1tenth/install/sample_msgs/include/sample_msgs/sample_msgs/msg/filtered.hpp
[2.733s] -- Up-to-date: /home/rraina/wato_f1tenth/install/sample_msgs/include/sample_msgs/sample_msgs/msg/filtered_array.hpp
[2.733s] -- Up-to-date: /home/rraina/wato_f1tenth/install/sample_msgs/include/sample_msgs/sample_msgs/msg/metadata.hpp
[2.733s] -- Up-to-date: /home/rraina/wato_f1tenth/install/sample_msgs/include/sample_msgs/sample_msgs/msg/rosidl_generator_cpp__visibility_control.hpp
[2.734s] -- Up-to-date: /home/rraina/wato_f1tenth/install/sample_msgs/include/sample_msgs/sample_msgs
[2.734s] -- Up-to-date: /home/rraina/wato_f1tenth/install/sample_msgs/include/sample_msgs/sample_msgs/msg
[2.734s] -- Up-to-date: /home/rraina/wato_f1tenth/install/sample_msgs/include/sample_msgs/sample_msgs/msg/rosidl_typesupport_fastrtps_cpp__visibility_control.h
[2.734s] -- Up-to-date: /home/rraina/wato_f1tenth/install/sample_msgs/include/sample_msgs/sample_msgs/msg/detail
[2.734s] -- Up-to-date: /home/rraina/wato_f1tenth/install/sample_msgs/include/sample_msgs/sample_msgs/msg/detail/filtered_array__rosidl_typesupport_fastrtps_cpp.hpp
[2.734s] -- Up-to-date: /home/rraina/wato_f1tenth/install/sample_msgs/include/sample_msgs/sample_msgs/msg/detail/filtered__rosidl_typesupport_fastrtps_cpp.hpp
[2.734s] -- Up-to-date: /home/rraina/wato_f1tenth/install/sample_msgs/include/sample_msgs/sample_msgs/msg/detail/dds_fastrtps
[2.734s] -- Up-to-date: /home/rraina/wato_f1tenth/install/sample_msgs/include/sample_msgs/sample_msgs/msg/detail/unfiltered__rosidl_typesupport_fastrtps_cpp.hpp
[2.734s] -- Up-to-date: /home/rraina/wato_f1tenth/install/sample_msgs/include/sample_msgs/sample_msgs/msg/detail/metadata__rosidl_typesupport_fastrtps_cpp.hpp
[2.734s] -- Up-to-date: /home/rraina/wato_f1tenth/install/sample_msgs/lib/libsample_msgs__rosidl_typesupport_fastrtps_cpp.so
[2.734s] -- Up-to-date: /home/rraina/wato_f1tenth/install/sample_msgs/include/sample_msgs/sample_msgs
[2.734s] -- Up-to-date: /home/rraina/wato_f1tenth/install/sample_msgs/include/sample_msgs/sample_msgs/msg
[2.734s] -- Up-to-date: /home/rraina/wato_f1tenth/install/sample_msgs/include/sample_msgs/sample_msgs/msg/detail
[2.734s] -- Up-to-date: /home/rraina/wato_f1tenth/install/sample_msgs/include/sample_msgs/sample_msgs/msg/detail/unfiltered__type_support.cpp
[2.734s] -- Up-to-date: /home/rraina/wato_f1tenth/install/sample_msgs/include/sample_msgs/sample_msgs/msg/detail/unfiltered__rosidl_typesupport_introspection_cpp.hpp
[2.735s] -- Up-to-date: /home/rraina/wato_f1tenth/install/sample_msgs/include/sample_msgs/sample_msgs/msg/detail/metadata__type_support.cpp
[2.735s] -- Up-to-date: /home/rraina/wato_f1tenth/install/sample_msgs/include/sample_msgs/sample_msgs/msg/detail/filtered__rosidl_typesupport_introspection_cpp.hpp
[2.735s] -- Up-to-date: /home/rraina/wato_f1tenth/install/sample_msgs/include/sample_msgs/sample_msgs/msg/detail/filtered_array__type_support.cpp
[2.735s] -- Up-to-date: /home/rraina/wato_f1tenth/install/sample_msgs/include/sample_msgs/sample_msgs/msg/detail/filtered_array__rosidl_typesupport_introspection_cpp.hpp
[2.736s] -- Up-to-date: /home/rraina/wato_f1tenth/install/sample_msgs/include/sample_msgs/sample_msgs/msg/detail/filtered__type_support.cpp
[2.736s] -- Up-to-date: /home/rraina/wato_f1tenth/install/sample_msgs/include/sample_msgs/sample_msgs/msg/detail/metadata__rosidl_typesupport_introspection_cpp.hpp
[2.737s] -- Up-to-date: /home/rraina/wato_f1tenth/install/sample_msgs/lib/libsample_msgs__rosidl_typesupport_introspection_cpp.so
[2.737s] -- Up-to-date: /home/rraina/wato_f1tenth/install/sample_msgs/lib/libsample_msgs__rosidl_typesupport_cpp.so
[2.737s] -- Up-to-date: /home/rraina/wato_f1tenth/install/sample_msgs/share/sample_msgs/environment/pythonpath.sh
[2.737s] -- Up-to-date: /home/rraina/wato_f1tenth/install/sample_msgs/share/sample_msgs/environment/pythonpath.dsv
[2.738s] -- Up-to-date: /home/rraina/wato_f1tenth/install/sample_msgs/lib/python3.12/site-packages/sample_msgs-0.0.0-py3.12.egg-info
[2.738s] -- Installing: /home/rraina/wato_f1tenth/install/sample_msgs/lib/python3.12/site-packages/sample_msgs-0.0.0-py3.12.egg-info/top_level.txt
[2.738s] -- Installing: /home/rraina/wato_f1tenth/install/sample_msgs/lib/python3.12/site-packages/sample_msgs-0.0.0-py3.12.egg-info/dependency_links.txt
[2.738s] -- Installing: /home/rraina/wato_f1tenth/install/sample_msgs/lib/python3.12/site-packages/sample_msgs-0.0.0-py3.12.egg-info/PKG-INFO
[2.738s] -- Installing: /home/rraina/wato_f1tenth/install/sample_msgs/lib/python3.12/site-packages/sample_msgs-0.0.0-py3.12.egg-info/SOURCES.txt
[2.738s] -- Up-to-date: /home/rraina/wato_f1tenth/install/sample_msgs/lib/python3.12/site-packages/sample_msgs
[2.738s] -- Up-to-date: /home/rraina/wato_f1tenth/install/sample_msgs/lib/python3.12/site-packages/sample_msgs/_sample_msgs_s.ep.rosidl_typesupport_c.c
[2.738s] -- Up-to-date: /home/rraina/wato_f1tenth/install/sample_msgs/lib/python3.12/site-packages/sample_msgs/_sample_msgs_s.ep.rosidl_typesupport_introspection_c.c
[2.738s] -- Up-to-date: /home/rraina/wato_f1tenth/install/sample_msgs/lib/python3.12/site-packages/sample_msgs/_sample_msgs_s.ep.rosidl_typesupport_fastrtps_c.c
[2.738s] -- Up-to-date: /home/rraina/wato_f1tenth/install/sample_msgs/lib/python3.12/site-packages/sample_msgs/sample_msgs_s__rosidl_typesupport_fastrtps_c.so
[2.738s] -- Up-to-date: /home/rraina/wato_f1tenth/install/sample_msgs/lib/python3.12/site-packages/sample_msgs/sample_msgs_s__rosidl_typesupport_c.so
[2.738s] -- Up-to-date: /home/rraina/wato_f1tenth/install/sample_msgs/lib/python3.12/site-packages/sample_msgs/sample_msgs_s__rosidl_typesupport_introspection_c.so
[2.738s] -- Installing: /home/rraina/wato_f1tenth/install/sample_msgs/lib/python3.12/site-packages/sample_msgs/__init__.py
[2.739s] -- Up-to-date: /home/rraina/wato_f1tenth/install/sample_msgs/lib/python3.12/site-packages/sample_msgs/msg
[2.739s] -- Up-to-date: /home/rraina/wato_f1tenth/install/sample_msgs/lib/python3.12/site-packages/sample_msgs/msg/_metadata_s.c
[2.739s] -- Up-to-date: /home/rraina/wato_f1tenth/install/sample_msgs/lib/python3.12/site-packages/sample_msgs/msg/_unfiltered.py
[2.739s] -- Up-to-date: /home/rraina/wato_f1tenth/install/sample_msgs/lib/python3.12/site-packages/sample_msgs/msg/_filtered_array_s.c
[2.739s] -- Up-to-date: /home/rraina/wato_f1tenth/install/sample_msgs/lib/python3.12/site-packages/sample_msgs/msg/_filtered.py
[2.739s] -- Up-to-date: /home/rraina/wato_f1tenth/install/sample_msgs/lib/python3.12/site-packages/sample_msgs/msg/_unfiltered_s.c
[2.739s] -- Up-to-date: /home/rraina/wato_f1tenth/install/sample_msgs/lib/python3.12/site-packages/sample_msgs/msg/_filtered_s.c
[2.739s] -- Up-to-date: /home/rraina/wato_f1tenth/install/sample_msgs/lib/python3.12/site-packages/sample_msgs/msg/_metadata.py
[2.739s] -- Up-to-date: /home/rraina/wato_f1tenth/install/sample_msgs/lib/python3.12/site-packages/sample_msgs/msg/__init__.py
[2.739s] -- Up-to-date: /home/rraina/wato_f1tenth/install/sample_msgs/lib/python3.12/site-packages/sample_msgs/msg/_filtered_array.py
[2.767s] Listing '/home/rraina/wato_f1tenth/install/sample_msgs/lib/python3.12/site-packages/sample_msgs'...
[2.767s] Compiling '/home/rraina/wato_f1tenth/install/sample_msgs/lib/python3.12/site-packages/sample_msgs/__init__.py'...
[2.767s] Listing '/home/rraina/wato_f1tenth/install/sample_msgs/lib/python3.12/site-packages/sample_msgs/msg'...
[2.772s] -- Up-to-date: /home/rraina/wato_f1tenth/install/sample_msgs/lib/python3.12/site-packages/sample_msgs/sample_msgs_s__rosidl_typesupport_fastrtps_c.so
[2.773s] -- Up-to-date: /home/rraina/wato_f1tenth/install/sample_msgs/lib/python3.12/site-packages/sample_msgs/sample_msgs_s__rosidl_typesupport_introspection_c.so
[2.773s] -- Up-to-date: /home/rraina/wato_f1tenth/install/sample_msgs/lib/python3.12/site-packages/sample_msgs/sample_msgs_s__rosidl_typesupport_c.so
[2.775s] -- Up-to-date: /home/rraina/wato_f1tenth/install/sample_msgs/lib/libsample_msgs__rosidl_generator_py.so
[2.775s] -- Up-to-date: /home/rraina/wato_f1tenth/install/sample_msgs/share/sample_msgs/msg/Filtered.idl
[2.776s] -- Up-to-date: /home/rraina/wato_f1tenth/install/sample_msgs/share/sample_msgs/msg/FilteredArray.idl
[2.776s] -- Up-to-date: /home/rraina/wato_f1tenth/install/sample_msgs/share/sample_msgs/msg/Unfiltered.idl
[2.776s] -- Up-to-date: /home/rraina/wato_f1tenth/install/sample_msgs/share/sample_msgs/msg/Metadata.idl
[2.776s] -- Up-to-date: /home/rraina/wato_f1tenth/install/sample_msgs/share/sample_msgs/msg/Filtered.msg
[2.776s] -- Up-to-date: /home/rraina/wato_f1tenth/install/sample_msgs/share/sample_msgs/msg/FilteredArray.msg
[2.776s] -- Up-to-date: /home/rraina/wato_f1tenth/install/sample_msgs/share/sample_msgs/msg/Unfiltered.msg
[2.776s] -- Up-to-date: /home/rraina/wato_f1tenth/install/sample_msgs/share/sample_msgs/msg/Metadata.msg
[2.777s] -- Up-to-date: /home/rraina/wato_f1tenth/install/sample_msgs/share/ament_index/resource_index/package_run_dependencies/sample_msgs
[2.777s] -- Up-to-date: /home/rraina/wato_f1tenth/install/sample_msgs/share/ament_index/resource_index/parent_prefix_path/sample_msgs
[2.777s] -- Up-to-date: /home/rraina/wato_f1tenth/install/sample_msgs/share/sample_msgs/environment/ament_prefix_path.sh
[2.777s] -- Up-to-date: /home/rraina/wato_f1tenth/install/sample_msgs/share/sample_msgs/environment/ament_prefix_path.dsv
[2.777s] -- Up-to-date: /home/rraina/wato_f1tenth/install/sample_msgs/share/sample_msgs/environment/path.sh
[2.777s] -- Up-to-date: /home/rraina/wato_f1tenth/install/sample_msgs/share/sample_msgs/environment/path.dsv
[2.777s] -- Up-to-date: /home/rraina/wato_f1tenth/install/sample_msgs/share/sample_msgs/local_setup.bash
[2.777s] -- Up-to-date: /home/rraina/wato_f1tenth/install/sample_msgs/share/sample_msgs/local_setup.sh
[2.777s] -- Up-to-date: /home/rraina/wato_f1tenth/install/sample_msgs/share/sample_msgs/local_setup.zsh
[2.777s] -- Up-to-date: /home/rraina/wato_f1tenth/install/sample_msgs/share/sample_msgs/local_setup.dsv
[2.777s] -- Installing: /home/rraina/wato_f1tenth/install/sample_msgs/share/sample_msgs/package.dsv
[2.778s] -- Up-to-date: /home/rraina/wato_f1tenth/install/sample_msgs/share/ament_index/resource_index/packages/sample_msgs
[2.778s] -- Up-to-date: /home/rraina/wato_f1tenth/install/sample_msgs/share/sample_msgs/cmake/export_sample_msgs__rosidl_generator_cExport.cmake
[2.778s] -- Up-to-date: /home/rraina/wato_f1tenth/install/sample_msgs/share/sample_msgs/cmake/export_sample_msgs__rosidl_generator_cExport-noconfig.cmake
[2.778s] -- Up-to-date: /home/rraina/wato_f1tenth/install/sample_msgs/share/sample_msgs/cmake/export_sample_msgs__rosidl_typesupport_fastrtps_cExport.cmake
[2.778s] -- Up-to-date: /home/rraina/wato_f1tenth/install/sample_msgs/share/sample_msgs/cmake/export_sample_msgs__rosidl_typesupport_fastrtps_cExport-noconfig.cmake
[2.779s] -- Up-to-date: /home/rraina/wato_f1tenth/install/sample_msgs/share/sample_msgs/cmake/sample_msgs__rosidl_typesupport_introspection_cExport.cmake
[2.779s] -- Up-to-date: /home/rraina/wato_f1tenth/install/sample_msgs/share/sample_msgs/cmake/sample_msgs__rosidl_typesupport_introspection_cExport-noconfig.cmake
[2.779s] -- Up-to-date: /home/rraina/wato_f1tenth/install/sample_msgs/share/sample_msgs/cmake/sample_msgs__rosidl_typesupport_cExport.cmake
[2.779s] -- Up-to-date: /home/rraina/wato_f1tenth/install/sample_msgs/share/sample_msgs/cmake/sample_msgs__rosidl_typesupport_cExport-noconfig.cmake
[2.779s] -- Up-to-date: /home/rraina/wato_f1tenth/install/sample_msgs/share/sample_msgs/cmake/export_sample_msgs__rosidl_generator_cppExport.cmake
[2.779s] -- Up-to-date: /home/rraina/wato_f1tenth/install/sample_msgs/share/sample_msgs/cmake/export_sample_msgs__rosidl_typesupport_fastrtps_cppExport.cmake
[2.779s] -- Up-to-date: /home/rraina/wato_f1tenth/install/sample_msgs/share/sample_msgs/cmake/export_sample_msgs__rosidl_typesupport_fastrtps_cppExport-noconfig.cmake
[2.780s] -- Up-to-date: /home/rraina/wato_f1tenth/install/sample_msgs/share/sample_msgs/cmake/sample_msgs__rosidl_typesupport_introspection_cppExport.cmake
[2.780s] -- Up-to-date: /home/rraina/wato_f1tenth/install/sample_msgs/share/sample_msgs/cmake/sample_msgs__rosidl_typesupport_introspection_cppExport-noconfig.cmake
[2.780s] -- Up-to-date: /home/rraina/wato_f1tenth/install/sample_msgs/share/sample_msgs/cmake/sample_msgs__rosidl_typesupport_cppExport.cmake
[2.780s] -- Up-to-date: /home/rraina/wato_f1tenth/install/sample_msgs/share/sample_msgs/cmake/sample_msgs__rosidl_typesupport_cppExport-noconfig.cmake
[2.780s] -- Up-to-date: /home/rraina/wato_f1tenth/install/sample_msgs/share/sample_msgs/cmake/export_sample_msgs__rosidl_generator_pyExport.cmake
[2.780s] -- Up-to-date: /home/rraina/wato_f1tenth/install/sample_msgs/share/sample_msgs/cmake/export_sample_msgs__rosidl_generator_pyExport-noconfig.cmake
[2.781s] -- Up-to-date: /home/rraina/wato_f1tenth/install/sample_msgs/share/sample_msgs/cmake/rosidl_cmake-extras.cmake
[2.781s] -- Up-to-date: /home/rraina/wato_f1tenth/install/sample_msgs/share/sample_msgs/cmake/ament_cmake_export_dependencies-extras.cmake
[2.781s] -- Up-to-date: /home/rraina/wato_f1tenth/install/sample_msgs/share/sample_msgs/cmake/ament_cmake_export_include_directories-extras.cmake
[2.781s] -- Up-to-date: /home/rraina/wato_f1tenth/install/sample_msgs/share/sample_msgs/cmake/ament_cmake_export_libraries-extras.cmake
[2.781s] -- Up-to-date: /home/rraina/wato_f1tenth/install/sample_msgs/share/sample_msgs/cmake/ament_cmake_export_targets-extras.cmake
[2.781s] -- Up-to-date: /home/rraina/wato_f1tenth/install/sample_msgs/share/sample_msgs/cmake/rosidl_cmake_export_typesupport_targets-extras.cmake
[2.781s] -- Up-to-date: /home/rraina/wato_f1tenth/install/sample_msgs/share/sample_msgs/cmake/rosidl_cmake_export_typesupport_libraries-extras.cmake
[2.781s] -- Up-to-date: /home/rraina/wato_f1tenth/install/sample_msgs/share/sample_msgs/cmake/sample_msgsConfig.cmake
[2.781s] -- Up-to-date: /home/rraina/wato_f1tenth/install/sample_msgs/share/sample_msgs/cmake/sample_msgsConfig-version.cmake
[2.781s] -- Up-to-date: /home/rraina/wato_f1tenth/install/sample_msgs/share/sample_msgs/package.xml
[2.782s] Invoked command in '/home/rraina/wato_f1tenth/build/sample_msgs' returned '0': CMAKE_PREFIX_PATH=${CMAKE_PREFIX_PATH}:/opt/ros/jazzy /usr/bin/cmake --install /home/rraina/wato_f1tenth/build/sample_msgs
