-- The C compiler identification is GNU 13.3.0
-- The CXX compiler identification is GNU 13.3.0
-- Detecting C compiler ABI info
-- Detecting C compiler ABI info - done
-- Check for working C compiler: /usr/bin/cc - skipped
-- Detecting C compile features
-- Detecting C compile features - done
-- Detecting CXX compiler ABI info
-- Detecting CXX compiler ABI info - done
-- Check for working CXX compiler: /usr/bin/c++ - skipped
-- Detecting CXX compile features
-- Detecting CXX compile features - done
-- Found ament_cmake: 2.5.5 (/opt/ros/jazzy/share/ament_cmake/cmake)
-- Found Python3: /usr/bin/python3 (found version "3.12.3") found components: Interpreter 
-- Found rclcpp: 28.1.16 (/opt/ros/jazzy/share/rclcpp/cmake)
-- Found rosidl_generator_c: 4.6.7 (/opt/ros/jazzy/share/rosidl_generator_c/cmake)
-- Found rosidl_generator_cpp: 4.6.7 (/opt/ros/jazzy/share/rosidl_generator_cpp/cmake)
-- Using all available rosidl_typesupport_c: rosidl_typesupport_fastrtps_c;rosidl_typesupport_introspection_c
-- Using all available rosidl_typesupport_cpp: rosidl_typesupport_fastrtps_cpp;rosidl_typesupport_introspection_cpp
-- Found rmw_implementation_cmake: 7.3.3 (/opt/ros/jazzy/share/rmw_implementation_cmake/cmake)
-- Found rmw_fastrtps_cpp: 8.4.3 (/opt/ros/jazzy/share/rmw_fastrtps_cpp/cmake)
-- Found OpenSSL: /usr/lib/x86_64-linux-gnu/libcrypto.so (found version "3.0.13")  
-- Found FastRTPS: /opt/ros/jazzy/include (Required is at least version "2.13") 
-- Using RMW implementation 'rmw_fastrtps_cpp' as default
-- Found rclcpp_action: 28.1.16 (/opt/ros/jazzy/share/rclcpp_action/cmake)
-- Found nav_msgs: 5.3.6 (/opt/ros/jazzy/share/nav_msgs/cmake)
-- Found visualization_msgs: 5.3.6 (/opt/ros/jazzy/share/visualization_msgs/cmake)
-- Found tf2: 0.36.19 (/opt/ros/jazzy/share/tf2/cmake)
-- Found tf2_ros: 0.36.19 (/opt/ros/jazzy/share/tf2_ros/cmake)
-- Found tf2_geometry_msgs: 0.36.19 (/opt/ros/jazzy/share/tf2_geometry_msgs/cmake)
-- Found eigen3_cmake_module: 0.3.0 (/opt/ros/jazzy/share/eigen3_cmake_module/cmake)
-- Found Eigen3: TRUE (found version "3.4.0") 
-- Ensuring Eigen3 include directory is part of orocos-kdl CMake target
-- Found rosidl_default_generators: 1.6.0 (/opt/ros/jazzy/share/rosidl_default_generators/cmake)
-- Found rosidl_adapter: 4.6.7 (/opt/ros/jazzy/share/rosidl_adapter/cmake)
-- Found ament_cmake_ros: 0.12.0 (/opt/ros/jazzy/share/ament_cmake_ros/cmake)
-- Using all available rosidl_typesupport_c: rosidl_typesupport_fastrtps_c;rosidl_typesupport_introspection_c
-- Using all available rosidl_typesupport_cpp: rosidl_typesupport_fastrtps_cpp;rosidl_typesupport_introspection_cpp
-- Found python_cmake_module: 0.11.1 (/opt/ros/jazzy/share/python_cmake_module/cmake)
-- Found PythonExtra: /usr/bin/python3  
-- Found Python3: /usr/bin/python3 (found version "3.12.3") found components: Interpreter Development NumPy Development.Module Development.Embed 
-- Found ament_lint_auto: 0.17.4 (/opt/ros/jazzy/share/ament_lint_auto/cmake)
-- Added test 'cppcheck' to perform static code analysis on C / C++ code
-- Configured cppcheck include dirs: /home/rraina/wato_f1tenth/src/robot/local_planning/include
-- Configured cppcheck exclude dirs and/or files: 
-- Added test 'lint_cmake' to check CMake code style
-- Added test 'uncrustify' to check C / C++ code style
-- Configured uncrustify additional arguments: 
-- Added test 'xmllint' to check XML markup files
-- Configuring done (15.8s)
-- Generating done (0.4s)
-- Build files have been written to: /home/rraina/wato_f1tenth/build/local_planning
[  2%] [34m[1mGenerating type hashes for ROS interfaces[0m
[  4%] [32mBuilding CXX object CMakeFiles/occupancy_grid_frame_adapter_node.dir/src/occupancy_grid_frame_adapter.cpp.o[0m
[  4%] Built target ament_cmake_python_copy_local_planning
running egg_info
creating local_planning.egg-info
writing local_planning.egg-info/PKG-INFO
writing dependency_links to local_planning.egg-info/dependency_links.txt
writing top-level names to local_planning.egg-info/top_level.txt
writing manifest file 'local_planning.egg-info/SOURCES.txt'
reading manifest file 'local_planning.egg-info/SOURCES.txt'
writing manifest file 'local_planning.egg-info/SOURCES.txt'
[  4%] Built target ament_cmake_python_build_local_planning_egg
[  4%] Built target local_planning__rosidl_generator_type_description
[  6%] [34m[1mGenerating C code for ROS interfaces[0m
[  8%] [34m[1mGenerating C++ code for ROS interfaces[0m
[  8%] Built target local_planning__cpp
[ 12%] [32mBuilding C object CMakeFiles/local_planning__rosidl_generator_c.dir/rosidl_generator_c/local_planning/action/detail/plan_path__functions.c.o[0m
[ 12%] [32mBuilding C object CMakeFiles/local_planning__rosidl_generator_c.dir/rosidl_generator_c/local_planning/action/detail/plan_path__description.c.o[0m
[ 14%] [32mBuilding C object CMakeFiles/local_planning__rosidl_generator_c.dir/rosidl_generator_c/local_planning/action/detail/plan_path__type_support.c.o[0m
[ 16%] [32m[1mLinking C shared library liblocal_planning__rosidl_generator_c.so[0m
[ 16%] Built target local_planning__rosidl_generator_c
[ 18%] [34m[1mGenerating C type support dispatch for ROS interfaces[0m
[ 27%] [34m[1mGenerating C++ introspection for ROS interfaces[0m
[ 20%] [34m[1mGenerating C++ type support dispatch for ROS interfaces[0m
[ 27%] [34m[1mGenerating C type support for eProsima Fast-RTPS[0m
[ 22%] [34m[1mGenerating C introspection for ROS interfaces[0m
[ 29%] [34m[1mGenerating C++ type support for eProsima Fast-RTPS[0m
[ 31%] [32mBuilding CXX object CMakeFiles/local_planning__rosidl_typesupport_introspection_cpp.dir/rosidl_typesupport_introspection_cpp/local_planning/action/detail/plan_path__type_support.cpp.o[0m
[ 33%] [32mBuilding C object CMakeFiles/local_planning__rosidl_typesupport_introspection_c.dir/rosidl_typesupport_introspection_c/local_planning/action/detail/plan_path__type_support.c.o[0m
[ 35%] [32mBuilding CXX object CMakeFiles/local_planning__rosidl_typesupport_cpp.dir/rosidl_typesupport_cpp/local_planning/action/plan_path__type_support.cpp.o[0m
[ 37%] [32mBuilding CXX object CMakeFiles/local_planning__rosidl_typesupport_c.dir/rosidl_typesupport_c/local_planning/action/plan_path__type_support.cpp.o[0m
[ 39%] [32mBuilding CXX object CMakeFiles/local_planning__rosidl_typesupport_fastrtps_cpp.dir/rosidl_typesupport_fastrtps_cpp/local_planning/action/detail/dds_fastrtps/plan_path__type_support.cpp.o[0m
[ 41%] [32mBuilding CXX object CMakeFiles/local_planning__rosidl_typesupport_fastrtps_c.dir/rosidl_typesupport_fastrtps_c/local_planning/action/detail/plan_path__type_support_c.cpp.o[0m
[ 43%] [32m[1mLinking C shared library liblocal_planning__rosidl_typesupport_introspection_c.so[0m
[ 45%] [32m[1mLinking CXX shared library liblocal_planning__rosidl_typesupport_c.so[0m
[ 45%] Built target local_planning__rosidl_typesupport_introspection_c
[ 45%] Built target local_planning__rosidl_typesupport_c
[ 47%] [32m[1mLinking CXX shared library liblocal_planning__rosidl_typesupport_fastrtps_c.so[0m
[ 47%] Built target local_planning__rosidl_typesupport_fastrtps_c
[ 50%] [32m[1mLinking CXX shared library liblocal_planning__rosidl_typesupport_cpp.so[0m
[ 52%] [32m[1mLinking CXX shared library liblocal_planning__rosidl_typesupport_fastrtps_cpp.so[0m
[ 54%] [32m[1mLinking CXX shared library liblocal_planning__rosidl_typesupport_introspection_cpp.so[0m
[ 54%] Built target local_planning__rosidl_typesupport_fastrtps_cpp
[ 54%] Built target local_planning__rosidl_typesupport_cpp
[ 56%] [32mBuilding CXX object CMakeFiles/hybrid_astar_planner_node.dir/src/planner/planner_node.cpp.o[0m
[ 58%] [32mBuilding CXX object CMakeFiles/hybrid_astar_planner_node.dir/src/planner/local_frenet_lattice_planner.cpp.o[0m
[ 60%] [32mBuilding CXX object CMakeFiles/hybrid_astar_planner_node.dir/src/planner/quintic_polynomial.cpp.o[0m
[ 62%] [32mBuilding CXX object CMakeFiles/hybrid_astar_planner_node.dir/src/planner/edge_evaluator.cpp.o[0m
[ 64%] [32mBuilding CXX object CMakeFiles/hybrid_astar_planner_node.dir/src/planner/planner_costs.cpp.o[0m
[ 66%] [32mBuilding CXX object CMakeFiles/state_manager_node.dir/src/state_manager/state_manager_node.cpp.o[0m
[ 68%] [32mBuilding CXX object CMakeFiles/hybrid_astar_planner_node.dir/src/frenet_converter.cpp.o[0m
[ 70%] [32mBuilding CXX object CMakeFiles/state_manager_node.dir/src/state_manager/state_manager_code.cpp.o[0m
[ 72%] [32mBuilding CXX object CMakeFiles/hybrid_astar_planner_node.dir/src/planner/collision_checker.cpp.o[0m
[ 75%] [32mBuilding CXX object CMakeFiles/state_manager_node.dir/src/frenet_converter.cpp.o[0m
[ 75%] Built target local_planning__rosidl_typesupport_introspection_cpp
[ 75%] Built target local_planning
[ 77%] [34m[1mGenerating Python code for ROS interfaces[0m
[ 77%] Built target local_planning__py
[ 79%] [32mBuilding C object CMakeFiles/local_planning__rosidl_generator_py.dir/rosidl_generator_py/local_planning/action/_plan_path_s.c.o[0m
[ 81%] [32m[1mLinking C shared library liblocal_planning__rosidl_generator_py.so[0m
[ 81%] Built target local_planning__rosidl_generator_py
[ 83%] [32mBuilding C object CMakeFiles/local_planning_s__rosidl_typesupport_fastrtps_c.dir/rosidl_generator_py/local_planning/_local_planning_s.ep.rosidl_typesupport_fastrtps_c.c.o[0m
[ 85%] [32mBuilding C object CMakeFiles/local_planning_s__rosidl_typesupport_introspection_c.dir/rosidl_generator_py/local_planning/_local_planning_s.ep.rosidl_typesupport_introspection_c.c.o[0m
[ 87%] [32mBuilding C object CMakeFiles/local_planning_s__rosidl_typesupport_c.dir/rosidl_generator_py/local_planning/_local_planning_s.ep.rosidl_typesupport_c.c.o[0m
[ 89%] [32m[1mLinking C shared module rosidl_generator_py/local_planning/local_planning_s__rosidl_typesupport_introspection_c.so[0m
[ 91%] [32m[1mLinking C shared module rosidl_generator_py/local_planning/local_planning_s__rosidl_typesupport_fastrtps_c.so[0m
[ 93%] [32m[1mLinking C shared module rosidl_generator_py/local_planning/local_planning_s__rosidl_typesupport_c.so[0m
[ 93%] Built target local_planning_s__rosidl_typesupport_introspection_c
[ 93%] Built target local_planning_s__rosidl_typesupport_fastrtps_c
[ 93%] Built target local_planning_s__rosidl_typesupport_c
[ 95%] [32m[1mLinking CXX executable occupancy_grid_frame_adapter_node[0m
[ 95%] Built target occupancy_grid_frame_adapter_node
[ 97%] [32m[1mLinking CXX executable state_manager_node[0m
[ 97%] Built target state_manager_node
[100%] [32m[1mLinking CXX executable hybrid_astar_planner_node[0m
[100%] Built target hybrid_astar_planner_node
