[0.494s] Invoking command in '/home/rraina/wato_f1tenth/build/local_planning': CMAKE_PREFIX_PATH=${CMAKE_PREFIX_PATH}:/opt/ros/jazzy /usr/bin/cmake /home/rraina/wato_f1tenth/src/robot/local_planning -DCMAKE_INSTALL_PREFIX=/home/rraina/wato_f1tenth/install/local_planning
[0.972s] -- The C compiler identification is GNU 13.3.0
[2.018s] -- The CXX compiler identification is GNU 13.3.0
[3.157s] -- Detecting C compiler ABI info
[3.748s] -- Detecting C compiler ABI info - done
[3.766s] -- Check for working C compiler: /usr/bin/cc - skipped
[3.766s] -- Detecting C compile features
[3.766s] -- Detecting C compile features - done
[3.938s] -- Detecting CXX compiler ABI info
[4.455s] -- Detecting CXX compiler ABI info - done
[4.472s] -- Check for working CXX compiler: /usr/bin/c++ - skipped
[4.473s] -- Detecting CXX compile features
[4.474s] -- Detecting CXX compile features - done
[4.534s] -- Found ament_cmake: 2.5.5 (/opt/ros/jazzy/share/ament_cmake/cmake)
[4.853s] -- Found Python3: /usr/bin/python3 (found version "3.12.3") found components: Interpreter 
[5.150s] -- Found rclcpp: 28.1.16 (/opt/ros/jazzy/share/rclcpp/cmake)
[5.532s] -- Found rosidl_generator_c: 4.6.7 (/opt/ros/jazzy/share/rosidl_generator_c/cmake)
[5.572s] -- Found rosidl_generator_cpp: 4.6.7 (/opt/ros/jazzy/share/rosidl_generator_cpp/cmake)
[5.625s] -- Using all available rosidl_typesupport_c: rosidl_typesupport_fastrtps_c;rosidl_typesupport_introspection_c
[5.681s] -- Using all available rosidl_typesupport_cpp: rosidl_typesupport_fastrtps_cpp;rosidl_typesupport_introspection_cpp
[5.912s] -- Found rmw_implementation_cmake: 7.3.3 (/opt/ros/jazzy/share/rmw_implementation_cmake/cmake)
[5.923s] -- Found rmw_fastrtps_cpp: 8.4.3 (/opt/ros/jazzy/share/rmw_fastrtps_cpp/cmake)
[6.146s] -- Found OpenSSL: /usr/lib/x86_64-linux-gnu/libcrypto.so (found version "3.0.13")  
[6.573s] -- Found FastRTPS: /opt/ros/jazzy/include (Required is at least version "2.13") 
[6.842s] -- Using RMW implementation 'rmw_fastrtps_cpp' as default
[7.268s] -- Found rclcpp_action: 28.1.16 (/opt/ros/jazzy/share/rclcpp_action/cmake)
[7.412s] -- Found nav_msgs: 5.3.6 (/opt/ros/jazzy/share/nav_msgs/cmake)
[7.546s] -- Found visualization_msgs: 5.3.6 (/opt/ros/jazzy/share/visualization_msgs/cmake)
[7.659s] -- Found tf2: 0.36.19 (/opt/ros/jazzy/share/tf2/cmake)
[7.671s] -- Found tf2_ros: 0.36.19 (/opt/ros/jazzy/share/tf2_ros/cmake)
[7.837s] -- Found tf2_geometry_msgs: 0.36.19 (/opt/ros/jazzy/share/tf2_geometry_msgs/cmake)
[8.018s] -- Found eigen3_cmake_module: 0.3.0 (/opt/ros/jazzy/share/eigen3_cmake_module/cmake)
[8.021s] -- Found Eigen3: TRUE (found version "3.4.0") 
[8.021s] -- Ensuring Eigen3 include directory is part of orocos-kdl CMake target
[8.031s] -- Found rosidl_default_generators: 1.6.0 (/opt/ros/jazzy/share/rosidl_default_generators/cmake)
[8.071s] -- Found rosidl_adapter: 4.6.7 (/opt/ros/jazzy/share/rosidl_adapter/cmake)
[9.553s] -- Found ament_cmake_ros: 0.12.0 (/opt/ros/jazzy/share/ament_cmake_ros/cmake)
[11.979s] -- Using all available rosidl_typesupport_c: rosidl_typesupport_fastrtps_c;rosidl_typesupport_introspection_c
[13.285s] -- Using all available rosidl_typesupport_cpp: rosidl_typesupport_fastrtps_cpp;rosidl_typesupport_introspection_cpp
[13.291s] -- Found python_cmake_module: 0.11.1 (/opt/ros/jazzy/share/python_cmake_module/cmake)
[13.781s] -- Found PythonExtra: /usr/bin/python3  
[15.875s] -- Found Python3: /usr/bin/python3 (found version "3.12.3") found components: Interpreter Development NumPy Development.Module Development.Embed 
[16.157s] -- Found ament_lint_auto: 0.17.4 (/opt/ros/jazzy/share/ament_lint_auto/cmake)
[16.294s] -- Added test 'cppcheck' to perform static code analysis on C / C++ code
[16.294s] -- Configured cppcheck include dirs: /home/rraina/wato_f1tenth/src/robot/local_planning/include
[16.294s] -- Configured cppcheck exclude dirs and/or files: 
[16.302s] -- Added test 'lint_cmake' to check CMake code style
[16.310s] -- Added test 'uncrustify' to check C / C++ code style
[16.310s] -- Configured uncrustify additional arguments: 
[16.317s] -- Added test 'xmllint' to check XML markup files
[16.337s] -- Configuring done (15.8s)
[16.803s] -- Generating done (0.4s)
[16.990s] -- Build files have been written to: /home/rraina/wato_f1tenth/build/local_planning
[17.165s] Invoked command in '/home/rraina/wato_f1tenth/build/local_planning' returned '0': CMAKE_PREFIX_PATH=${CMAKE_PREFIX_PATH}:/opt/ros/jazzy /usr/bin/cmake /home/rraina/wato_f1tenth/src/robot/local_planning -DCMAKE_INSTALL_PREFIX=/home/rraina/wato_f1tenth/install/local_planning
[17.165s] Invoking command in '/home/rraina/wato_f1tenth/build/local_planning': CMAKE_PREFIX_PATH=${CMAKE_PREFIX_PATH}:/opt/ros/jazzy /usr/bin/cmake --build /home/rraina/wato_f1tenth/build/local_planning -- -j22 -l22
[17.705s] [  2%] [34m[1mGenerating type hashes for ROS interfaces[0m
[17.735s] [  4%] [32mBuilding CXX object CMakeFiles/occupancy_grid_frame_adapter_node.dir/src/occupancy_grid_frame_adapter.cpp.o[0m
[17.794s] [  4%] Built target ament_cmake_python_copy_local_planning
[18.975s] running egg_info
[18.993s] creating local_planning.egg-info
[19.105s] writing local_planning.egg-info/PKG-INFO
[19.105s] writing dependency_links to local_planning.egg-info/dependency_links.txt
[19.106s] writing top-level names to local_planning.egg-info/top_level.txt
[19.106s] writing manifest file 'local_planning.egg-info/SOURCES.txt'
[19.245s] reading manifest file 'local_planning.egg-info/SOURCES.txt'
[19.245s] writing manifest file 'local_planning.egg-info/SOURCES.txt'
[19.330s] [  4%] Built target ament_cmake_python_build_local_planning_egg
[20.157s] [  4%] Built target local_planning__rosidl_generator_type_description
[20.192s] [  6%] [34m[1mGenerating C code for ROS interfaces[0m
[20.270s] [  8%] [34m[1mGenerating C++ code for ROS interfaces[0m
[21.421s] [  8%] Built target local_planning__cpp
[21.580s] [ 12%] [32mBuilding C object CMakeFiles/local_planning__rosidl_generator_c.dir/rosidl_generator_c/local_planning/action/detail/plan_path__functions.c.o[0m
[21.581s] [ 12%] [32mBuilding C object CMakeFiles/local_planning__rosidl_generator_c.dir/rosidl_generator_c/local_planning/action/detail/plan_path__description.c.o[0m
[21.586s] [ 14%] [32mBuilding C object CMakeFiles/local_planning__rosidl_generator_c.dir/rosidl_generator_c/local_planning/action/detail/plan_path__type_support.c.o[0m
[22.104s] [ 16%] [32m[1mLinking C shared library liblocal_planning__rosidl_generator_c.so[0m
[22.616s] [ 16%] Built target local_planning__rosidl_generator_c
[22.652s] [ 18%] [34m[1mGenerating C type support dispatch for ROS interfaces[0m
[22.653s] [ 27%] [34m[1mGenerating C++ introspection for ROS interfaces[0m
[22.653s] [ 20%] [34m[1mGenerating C++ type support dispatch for ROS interfaces[0m
[22.654s] [ 27%] [34m[1mGenerating C type support for eProsima Fast-RTPS[0m
[22.654s] [ 22%] [34m[1mGenerating C introspection for ROS interfaces[0m
[22.654s] [ 29%] [34m[1mGenerating C++ type support for eProsima Fast-RTPS[0m
[23.671s] [ 31%] [32mBuilding CXX object CMakeFiles/local_planning__rosidl_typesupport_introspection_cpp.dir/rosidl_typesupport_introspection_cpp/local_planning/action/detail/plan_path__type_support.cpp.o[0m
[23.798s] [ 33%] [32mBuilding C object CMakeFiles/local_planning__rosidl_typesupport_introspection_c.dir/rosidl_typesupport_introspection_c/local_planning/action/detail/plan_path__type_support.c.o[0m
[23.983s] [ 35%] [32mBuilding CXX object CMakeFiles/local_planning__rosidl_typesupport_cpp.dir/rosidl_typesupport_cpp/local_planning/action/plan_path__type_support.cpp.o[0m
[24.029s] [ 37%] [32mBuilding CXX object CMakeFiles/local_planning__rosidl_typesupport_c.dir/rosidl_typesupport_c/local_planning/action/plan_path__type_support.cpp.o[0m
[24.283s] [ 39%] [32mBuilding CXX object CMakeFiles/local_planning__rosidl_typesupport_fastrtps_cpp.dir/rosidl_typesupport_fastrtps_cpp/local_planning/action/detail/dds_fastrtps/plan_path__type_support.cpp.o[0m
[24.307s] [ 41%] [32mBuilding CXX object CMakeFiles/local_planning__rosidl_typesupport_fastrtps_c.dir/rosidl_typesupport_fastrtps_c/local_planning/action/detail/plan_path__type_support_c.cpp.o[0m
[24.340s] [ 43%] [32m[1mLinking C shared library liblocal_planning__rosidl_typesupport_introspection_c.so[0m
[24.435s] [ 45%] [32m[1mLinking CXX shared library liblocal_planning__rosidl_typesupport_c.so[0m
[25.357s] [ 45%] Built target local_planning__rosidl_typesupport_introspection_c
[25.581s] [ 45%] Built target local_planning__rosidl_typesupport_c
[26.647s] [ 47%] [32m[1mLinking CXX shared library liblocal_planning__rosidl_typesupport_fastrtps_c.so[0m
[27.697s] [ 47%] Built target local_planning__rosidl_typesupport_fastrtps_c
[29.299s] [ 50%] [32m[1mLinking CXX shared library liblocal_planning__rosidl_typesupport_cpp.so[0m
[29.497s] [ 52%] [32m[1mLinking CXX shared library liblocal_planning__rosidl_typesupport_fastrtps_cpp.so[0m
[29.637s] [ 54%] [32m[1mLinking CXX shared library liblocal_planning__rosidl_typesupport_introspection_cpp.so[0m
[30.548s] [ 54%] Built target local_planning__rosidl_typesupport_fastrtps_cpp
[30.679s] [ 54%] Built target local_planning__rosidl_typesupport_cpp
[30.782s] [ 56%] [32mBuilding CXX object CMakeFiles/hybrid_astar_planner_node.dir/src/planner/planner_node.cpp.o[0m
[30.792s] [ 58%] [32mBuilding CXX object CMakeFiles/hybrid_astar_planner_node.dir/src/planner/local_frenet_lattice_planner.cpp.o[0m
[30.833s] [ 60%] [32mBuilding CXX object CMakeFiles/hybrid_astar_planner_node.dir/src/planner/quintic_polynomial.cpp.o[0m
[30.833s] [ 62%] [32mBuilding CXX object CMakeFiles/hybrid_astar_planner_node.dir/src/planner/edge_evaluator.cpp.o[0m
[30.839s] [ 64%] [32mBuilding CXX object CMakeFiles/hybrid_astar_planner_node.dir/src/planner/planner_costs.cpp.o[0m
[30.890s] [ 66%] [32mBuilding CXX object CMakeFiles/state_manager_node.dir/src/state_manager/state_manager_node.cpp.o[0m
[30.899s] [ 68%] [32mBuilding CXX object CMakeFiles/hybrid_astar_planner_node.dir/src/frenet_converter.cpp.o[0m
[30.930s] [ 70%] [32mBuilding CXX object CMakeFiles/state_manager_node.dir/src/state_manager/state_manager_code.cpp.o[0m
[30.966s] [ 72%] [32mBuilding CXX object CMakeFiles/hybrid_astar_planner_node.dir/src/planner/collision_checker.cpp.o[0m
[30.966s] [ 75%] [32mBuilding CXX object CMakeFiles/state_manager_node.dir/src/frenet_converter.cpp.o[0m
[31.028s] [ 75%] Built target local_planning__rosidl_typesupport_introspection_cpp
[31.314s] [ 75%] Built target local_planning
[31.643s] [ 77%] [34m[1mGenerating Python code for ROS interfaces[0m
[36.311s] [ 77%] Built target local_planning__py
[36.500s] [ 79%] [32mBuilding C object CMakeFiles/local_planning__rosidl_generator_py.dir/rosidl_generator_py/local_planning/action/_plan_path_s.c.o[0m
[37.719s] [ 81%] [32m[1mLinking C shared library liblocal_planning__rosidl_generator_py.so[0m
[38.477s] [ 81%] Built target local_planning__rosidl_generator_py
[38.583s] [ 83%] [32mBuilding C object CMakeFiles/local_planning_s__rosidl_typesupport_fastrtps_c.dir/rosidl_generator_py/local_planning/_local_planning_s.ep.rosidl_typesupport_fastrtps_c.c.o[0m
[38.586s] [ 85%] [32mBuilding C object CMakeFiles/local_planning_s__rosidl_typesupport_introspection_c.dir/rosidl_generator_py/local_planning/_local_planning_s.ep.rosidl_typesupport_introspection_c.c.o[0m
[38.595s] [ 87%] [32mBuilding C object CMakeFiles/local_planning_s__rosidl_typesupport_c.dir/rosidl_generator_py/local_planning/_local_planning_s.ep.rosidl_typesupport_c.c.o[0m
[39.132s] [ 89%] [32m[1mLinking C shared module rosidl_generator_py/local_planning/local_planning_s__rosidl_typesupport_introspection_c.so[0m
[39.193s] [ 91%] [32m[1mLinking C shared module rosidl_generator_py/local_planning/local_planning_s__rosidl_typesupport_fastrtps_c.so[0m
[39.367s] [ 93%] [32m[1mLinking C shared module rosidl_generator_py/local_planning/local_planning_s__rosidl_typesupport_c.so[0m
[39.890s] [ 93%] Built target local_planning_s__rosidl_typesupport_introspection_c
[39.927s] [ 93%] Built target local_planning_s__rosidl_typesupport_fastrtps_c
[40.077s] [ 93%] Built target local_planning_s__rosidl_typesupport_c
[51.089s] [ 95%] [32m[1mLinking CXX executable occupancy_grid_frame_adapter_node[0m
[52.300s] [ 95%] Built target occupancy_grid_frame_adapter_node
[66.375s] [ 97%] [32m[1mLinking CXX executable state_manager_node[0m
[67.241s] [ 97%] Built target state_manager_node
[68.538s] [100%] [32m[1mLinking CXX executable hybrid_astar_planner_node[0m
[69.607s] [100%] Built target hybrid_astar_planner_node
