-- The C compiler identification is GNU 13.3.0
-- The CXX compiler identification is GNU 13.3.0
-- Detecting C compiler ABI info
-- Detecting C compiler ABI info - done
-- Check for working C compiler: /usr/bin/cc - skipped
-- Detecting C compile features
-- Detecting C compile features - done
-- Detecting CXX compiler ABI info
-- Detecting CXX compiler ABI info - done
-- Check for working CXX compiler: /usr/bin/c++ - skipped
-- Detecting CXX compile features
-- Detecting CXX compile features - done
-- Found ament_cmake: 2.5.5 (/opt/ros/jazzy/share/ament_cmake/cmake)
-- Found Python3: /usr/bin/python3 (found version "3.12.3") found components: Interpreter 
-- Found std_msgs: 5.3.6 (/opt/ros/jazzy/share/std_msgs/cmake)
-- Found rosidl_generator_c: 4.6.7 (/opt/ros/jazzy/share/rosidl_generator_c/cmake)
-- Found rosidl_generator_cpp: 4.6.7 (/opt/ros/jazzy/share/rosidl_generator_cpp/cmake)
-- Using all available rosidl_typesupport_c: rosidl_typesupport_fastrtps_c;rosidl_typesupport_introspection_c
-- Using all available rosidl_typesupport_cpp: rosidl_typesupport_fastrtps_cpp;rosidl_typesupport_introspection_cpp
-- Found nav_msgs: 5.3.6 (/opt/ros/jazzy/share/nav_msgs/cmake)
-- Configuring done (5.6s)
-- Generating done (0.0s)
-- Build files have been written to: /home/rraina/wato_f1tenth/build/foxglove_msgs
-- Install configuration: ""
-- Installing: /home/rraina/wato_f1tenth/install/foxglove_msgs/share/ament_index/resource_index/package_run_dependencies/foxglove_msgs
-- Installing: /home/rraina/wato_f1tenth/install/foxglove_msgs/share/ament_index/resource_index/parent_prefix_path/foxglove_msgs
-- Installing: /home/rraina/wato_f1tenth/install/foxglove_msgs/share/foxglove_msgs/environment/ament_prefix_path.sh
-- Installing: /home/rraina/wato_f1tenth/install/foxglove_msgs/share/foxglove_msgs/environment/ament_prefix_path.dsv
-- Installing: /home/rraina/wato_f1tenth/install/foxglove_msgs/share/foxglove_msgs/environment/path.sh
-- Installing: /home/rraina/wato_f1tenth/install/foxglove_msgs/share/foxglove_msgs/environment/path.dsv
-- Installing: /home/rraina/wato_f1tenth/install/foxglove_msgs/share/foxglove_msgs/local_setup.bash
-- Installing: /home/rraina/wato_f1tenth/install/foxglove_msgs/share/foxglove_msgs/local_setup.sh
-- Installing: /home/rraina/wato_f1tenth/install/foxglove_msgs/share/foxglove_msgs/local_setup.zsh
-- Installing: /home/rraina/wato_f1tenth/install/foxglove_msgs/share/foxglove_msgs/local_setup.dsv
-- Installing: /home/rraina/wato_f1tenth/install/foxglove_msgs/share/foxglove_msgs/package.dsv
-- Installing: /home/rraina/wato_f1tenth/install/foxglove_msgs/share/ament_index/resource_index/packages/foxglove_msgs
-- Installing: /home/rraina/wato_f1tenth/install/foxglove_msgs/share/foxglove_msgs/cmake/foxglove_msgsConfig.cmake
-- Installing: /home/rraina/wato_f1tenth/install/foxglove_msgs/share/foxglove_msgs/cmake/foxglove_msgsConfig-version.cmake
-- Installing: /home/rraina/wato_f1tenth/install/foxglove_msgs/share/foxglove_msgs/package.xml
