[0.142s] Invoking command in '/home/rraina/wato_f1tenth/build/vesc_ackermann': AMENT_PREFIX_PATH=/home/rraina/wato_f1tenth/install/vesc_msgs:${AMENT_PREFIX_PATH} CMAKE_PREFIX_PATH=/home/rraina/wato_f1tenth/install/vesc_msgs:/opt/ros/jazzy/opt/gz_sim_vendor:/opt/ros/jazzy/opt/gz_sensors_vendor:/opt/ros/jazzy/opt/gz_physics_vendor:/opt/ros/jazzy/opt/sdformat_vendor:/opt/ros/jazzy/opt/gz_gui_vendor:/opt/ros/jazzy/opt/gz_transport_vendor:/opt/ros/jazzy/opt/gz_rendering_vendor:/opt/ros/jazzy/opt/gz_plugin_vendor:/opt/ros/jazzy/opt/gz_fuel_tools_vendor:/opt/ros/jazzy/opt/gz_msgs_vendor:/opt/ros/jazzy/opt/gz_common_vendor:/opt/ros/jazzy/opt/gz_math_vendor:/opt/ros/jazzy/opt/gz_utils_vendor:/opt/ros/jazzy/opt/gz_tools_vendor:/opt/ros/jazzy/opt/gz_ogre_next_vendor:/opt/ros/jazzy/opt/gz_dartsim_vendor:/opt/ros/jazzy/opt/gz_cmake_vendor:/opt/ros/jazzy LD_LIBRARY_PATH=/home/rraina/wato_f1tenth/install/vesc_msgs/lib:${LD_LIBRARY_PATH} PYTHONPATH=/home/rraina/wato_f1tenth/install/vesc_msgs/lib/python3.12/site-packages:${PYTHONPATH} /usr/bin/cmake /home/rraina/wato_f1tenth/src/robot/vesc/vesc_ackermann -DBUILD_TESTING=OFF -DCMAKE_INSTALL_PREFIX=/home/rraina/wato_f1tenth/install/vesc_ackermann
[0.153s] -- Found ament_cmake_auto: 2.5.5 (/opt/ros/jazzy/share/ament_cmake_auto/cmake)
[0.574s] -- Found rosidl_generator_c: 4.6.7 (/opt/ros/jazzy/share/rosidl_generator_c/cmake)
[0.580s] -- Found rosidl_generator_cpp: 4.6.7 (/opt/ros/jazzy/share/rosidl_generator_cpp/cmake)
[0.590s] -- Using all available rosidl_typesupport_c: rosidl_typesupport_fastrtps_c;rosidl_typesupport_introspection_c
[0.600s] -- Using all available rosidl_typesupport_cpp: rosidl_typesupport_fastrtps_cpp;rosidl_typesupport_introspection_cpp
[0.693s] -- Found rmw_implementation_cmake: 7.3.3 (/opt/ros/jazzy/share/rmw_implementation_cmake/cmake)
[0.694s] -- Found rmw_fastrtps_cpp: 8.4.3 (/opt/ros/jazzy/share/rmw_fastrtps_cpp/cmake)
[0.889s] -- Using RMW implementation 'rmw_fastrtps_cpp' as default
[1.186s] In this package, headers install destination is set to `include` by ament_auto_package. It is recommended to install `include/vesc_ackermann` instead and will be the default behavior of ament_auto_package from ROS 2 Kilted Kaiju. On distributions before Kilted, ament_auto_package behaves the same way when you use USE_SCOPED_HEADER_INSTALL_DIR option.
[1.194s] -- Configuring done (1.0s)
[1.221s] -- Generating done (0.0s)
[1.230s] -- Build files have been written to: /home/rraina/wato_f1tenth/build/vesc_ackermann
[1.237s] Invoked command in '/home/rraina/wato_f1tenth/build/vesc_ackermann' returned '0': AMENT_PREFIX_PATH=/home/rraina/wato_f1tenth/install/vesc_msgs:${AMENT_PREFIX_PATH} CMAKE_PREFIX_PATH=/home/rraina/wato_f1tenth/install/vesc_msgs:/opt/ros/jazzy/opt/gz_sim_vendor:/opt/ros/jazzy/opt/gz_sensors_vendor:/opt/ros/jazzy/opt/gz_physics_vendor:/opt/ros/jazzy/opt/sdformat_vendor:/opt/ros/jazzy/opt/gz_gui_vendor:/opt/ros/jazzy/opt/gz_transport_vendor:/opt/ros/jazzy/opt/gz_rendering_vendor:/opt/ros/jazzy/opt/gz_plugin_vendor:/opt/ros/jazzy/opt/gz_fuel_tools_vendor:/opt/ros/jazzy/opt/gz_msgs_vendor:/opt/ros/jazzy/opt/gz_common_vendor:/opt/ros/jazzy/opt/gz_math_vendor:/opt/ros/jazzy/opt/gz_utils_vendor:/opt/ros/jazzy/opt/gz_tools_vendor:/opt/ros/jazzy/opt/gz_ogre_next_vendor:/opt/ros/jazzy/opt/gz_dartsim_vendor:/opt/ros/jazzy/opt/gz_cmake_vendor:/opt/ros/jazzy LD_LIBRARY_PATH=/home/rraina/wato_f1tenth/install/vesc_msgs/lib:${LD_LIBRARY_PATH} PYTHONPATH=/home/rraina/wato_f1tenth/install/vesc_msgs/lib/python3.12/site-packages:${PYTHONPATH} /usr/bin/cmake /home/rraina/wato_f1tenth/src/robot/vesc/vesc_ackermann -DBUILD_TESTING=OFF -DCMAKE_INSTALL_PREFIX=/home/rraina/wato_f1tenth/install/vesc_ackermann
[1.238s] Invoking command in '/home/rraina/wato_f1tenth/build/vesc_ackermann': AMENT_PREFIX_PATH=/home/rraina/wato_f1tenth/install/vesc_msgs:${AMENT_PREFIX_PATH} CMAKE_PREFIX_PATH=/home/rraina/wato_f1tenth/install/vesc_msgs:/opt/ros/jazzy/opt/gz_sim_vendor:/opt/ros/jazzy/opt/gz_sensors_vendor:/opt/ros/jazzy/opt/gz_physics_vendor:/opt/ros/jazzy/opt/sdformat_vendor:/opt/ros/jazzy/opt/gz_gui_vendor:/opt/ros/jazzy/opt/gz_transport_vendor:/opt/ros/jazzy/opt/gz_rendering_vendor:/opt/ros/jazzy/opt/gz_plugin_vendor:/opt/ros/jazzy/opt/gz_fuel_tools_vendor:/opt/ros/jazzy/opt/gz_msgs_vendor:/opt/ros/jazzy/opt/gz_common_vendor:/opt/ros/jazzy/opt/gz_math_vendor:/opt/ros/jazzy/opt/gz_utils_vendor:/opt/ros/jazzy/opt/gz_tools_vendor:/opt/ros/jazzy/opt/gz_ogre_next_vendor:/opt/ros/jazzy/opt/gz_dartsim_vendor:/opt/ros/jazzy/opt/gz_cmake_vendor:/opt/ros/jazzy LD_LIBRARY_PATH=/home/rraina/wato_f1tenth/install/vesc_msgs/lib:${LD_LIBRARY_PATH} PYTHONPATH=/home/rraina/wato_f1tenth/install/vesc_msgs/lib/python3.12/site-packages:${PYTHONPATH} /usr/bin/cmake --build /home/rraina/wato_f1tenth/build/vesc_ackermann -- -j22 -l22
[1.288s] [ 57%] Built target vesc_to_odom_node
[1.288s] [ 57%] Built target ackermann_to_vesc_node
[1.291s] [100%] Built target vesc_ackermann
[1.299s] Invoked command in '/home/rraina/wato_f1tenth/build/vesc_ackermann' returned '0': AMENT_PREFIX_PATH=/home/rraina/wato_f1tenth/install/vesc_msgs:${AMENT_PREFIX_PATH} CMAKE_PREFIX_PATH=/home/rraina/wato_f1tenth/install/vesc_msgs:/opt/ros/jazzy/opt/gz_sim_vendor:/opt/ros/jazzy/opt/gz_sensors_vendor:/opt/ros/jazzy/opt/gz_physics_vendor:/opt/ros/jazzy/opt/sdformat_vendor:/opt/ros/jazzy/opt/gz_gui_vendor:/opt/ros/jazzy/opt/gz_transport_vendor:/opt/ros/jazzy/opt/gz_rendering_vendor:/opt/ros/jazzy/opt/gz_plugin_vendor:/opt/ros/jazzy/opt/gz_fuel_tools_vendor:/opt/ros/jazzy/opt/gz_msgs_vendor:/opt/ros/jazzy/opt/gz_common_vendor:/opt/ros/jazzy/opt/gz_math_vendor:/opt/ros/jazzy/opt/gz_utils_vendor:/opt/ros/jazzy/opt/gz_tools_vendor:/opt/ros/jazzy/opt/gz_ogre_next_vendor:/opt/ros/jazzy/opt/gz_dartsim_vendor:/opt/ros/jazzy/opt/gz_cmake_vendor:/opt/ros/jazzy LD_LIBRARY_PATH=/home/rraina/wato_f1tenth/install/vesc_msgs/lib:${LD_LIBRARY_PATH} PYTHONPATH=/home/rraina/wato_f1tenth/install/vesc_msgs/lib/python3.12/site-packages:${PYTHONPATH} /usr/bin/cmake --build /home/rraina/wato_f1tenth/build/vesc_ackermann -- -j22 -l22
[1.301s] Invoking command in '/home/rraina/wato_f1tenth/build/vesc_ackermann': AMENT_PREFIX_PATH=/home/rraina/wato_f1tenth/install/vesc_msgs:${AMENT_PREFIX_PATH} CMAKE_PREFIX_PATH=/home/rraina/wato_f1tenth/install/vesc_msgs:/opt/ros/jazzy/opt/gz_sim_vendor:/opt/ros/jazzy/opt/gz_sensors_vendor:/opt/ros/jazzy/opt/gz_physics_vendor:/opt/ros/jazzy/opt/sdformat_vendor:/opt/ros/jazzy/opt/gz_gui_vendor:/opt/ros/jazzy/opt/gz_transport_vendor:/opt/ros/jazzy/opt/gz_rendering_vendor:/opt/ros/jazzy/opt/gz_plugin_vendor:/opt/ros/jazzy/opt/gz_fuel_tools_vendor:/opt/ros/jazzy/opt/gz_msgs_vendor:/opt/ros/jazzy/opt/gz_common_vendor:/opt/ros/jazzy/opt/gz_math_vendor:/opt/ros/jazzy/opt/gz_utils_vendor:/opt/ros/jazzy/opt/gz_tools_vendor:/opt/ros/jazzy/opt/gz_ogre_next_vendor:/opt/ros/jazzy/opt/gz_dartsim_vendor:/opt/ros/jazzy/opt/gz_cmake_vendor:/opt/ros/jazzy LD_LIBRARY_PATH=/home/rraina/wato_f1tenth/install/vesc_msgs/lib:${LD_LIBRARY_PATH} PYTHONPATH=/home/rraina/wato_f1tenth/install/vesc_msgs/lib/python3.12/site-packages:${PYTHONPATH} /usr/bin/cmake --install /home/rraina/wato_f1tenth/build/vesc_ackermann
[1.308s] -- Install configuration: ""
[1.308s] -- Installing: /home/rraina/wato_f1tenth/install/vesc_ackermann/lib/vesc_ackermann/ackermann_to_vesc_node
[1.311s] -- Set non-toolchain portion of runtime path of "/home/rraina/wato_f1tenth/install/vesc_ackermann/lib/vesc_ackermann/ackermann_to_vesc_node" to ""
[1.311s] -- Installing: /home/rraina/wato_f1tenth/install/vesc_ackermann/lib/vesc_ackermann/vesc_to_odom_node
[1.312s] -- Set non-toolchain portion of runtime path of "/home/rraina/wato_f1tenth/install/vesc_ackermann/lib/vesc_ackermann/vesc_to_odom_node" to ""
[1.312s] -- Installing: /home/rraina/wato_f1tenth/install/vesc_ackermann/include
[1.312s] -- Installing: /home/rraina/wato_f1tenth/install/vesc_ackermann/include/vesc_ackermann
[1.313s] -- Installing: /home/rraina/wato_f1tenth/install/vesc_ackermann/include/vesc_ackermann/vesc_to_odom.hpp
[1.313s] -- Installing: /home/rraina/wato_f1tenth/install/vesc_ackermann/include/vesc_ackermann/ackermann_to_vesc.hpp
[1.313s] -- Installing: /home/rraina/wato_f1tenth/install/vesc_ackermann/share/vesc_ackermann/environment/library_path.sh
[1.314s] -- Installing: /home/rraina/wato_f1tenth/install/vesc_ackermann/share/vesc_ackermann/environment/library_path.dsv
[1.314s] -- Installing: /home/rraina/wato_f1tenth/install/vesc_ackermann/lib/libvesc_ackermann.so
[1.340s] -- Set non-toolchain portion of runtime path of "/home/rraina/wato_f1tenth/install/vesc_ackermann/lib/libvesc_ackermann.so" to ""
[1.340s] -- Installing: /home/rraina/wato_f1tenth/install/vesc_ackermann/share/vesc_ackermann/launch
[1.341s] -- Installing: /home/rraina/wato_f1tenth/install/vesc_ackermann/share/vesc_ackermann/launch/vesc_to_odom_node.launch.xml
[1.341s] -- Installing: /home/rraina/wato_f1tenth/install/vesc_ackermann/share/vesc_ackermann/launch/ackermann_to_vesc_node.launch.xml
[1.341s] -- Installing: /home/rraina/wato_f1tenth/install/vesc_ackermann/share/ament_index/resource_index/package_run_dependencies/vesc_ackermann
[1.342s] -- Installing: /home/rraina/wato_f1tenth/install/vesc_ackermann/share/ament_index/resource_index/parent_prefix_path/vesc_ackermann
[1.342s] -- Installing: /home/rraina/wato_f1tenth/install/vesc_ackermann/share/vesc_ackermann/environment/ament_prefix_path.sh
[1.342s] -- Installing: /home/rraina/wato_f1tenth/install/vesc_ackermann/share/vesc_ackermann/environment/ament_prefix_path.dsv
[1.342s] -- Installing: /home/rraina/wato_f1tenth/install/vesc_ackermann/share/vesc_ackermann/environment/path.sh
[1.342s] -- Installing: /home/rraina/wato_f1tenth/install/vesc_ackermann/share/vesc_ackermann/environment/path.dsv
[1.343s] -- Installing: /home/rraina/wato_f1tenth/install/vesc_ackermann/share/vesc_ackermann/local_setup.bash
[1.343s] -- Installing: /home/rraina/wato_f1tenth/install/vesc_ackermann/share/vesc_ackermann/local_setup.sh
[1.343s] -- Installing: /home/rraina/wato_f1tenth/install/vesc_ackermann/share/vesc_ackermann/local_setup.zsh
[1.344s] -- Installing: /home/rraina/wato_f1tenth/install/vesc_ackermann/share/vesc_ackermann/local_setup.dsv
[1.344s] -- Installing: /home/rraina/wato_f1tenth/install/vesc_ackermann/share/vesc_ackermann/package.dsv
[1.344s] -- Installing: /home/rraina/wato_f1tenth/install/vesc_ackermann/share/ament_index/resource_index/packages/vesc_ackermann
[1.344s] -- Installing: /home/rraina/wato_f1tenth/install/vesc_ackermann/share/ament_index/resource_index/rclcpp_components/vesc_ackermann
[1.345s] -- Installing: /home/rraina/wato_f1tenth/install/vesc_ackermann/share/vesc_ackermann/cmake/ament_cmake_export_dependencies-extras.cmake
[1.345s] -- Installing: /home/rraina/wato_f1tenth/install/vesc_ackermann/share/vesc_ackermann/cmake/ament_cmake_export_include_directories-extras.cmake
[1.345s] -- Installing: /home/rraina/wato_f1tenth/install/vesc_ackermann/share/vesc_ackermann/cmake/ament_cmake_export_libraries-extras.cmake
[1.345s] -- Installing: /home/rraina/wato_f1tenth/install/vesc_ackermann/share/vesc_ackermann/cmake/vesc_ackermannConfig.cmake
[1.345s] -- Installing: /home/rraina/wato_f1tenth/install/vesc_ackermann/share/vesc_ackermann/cmake/vesc_ackermannConfig-version.cmake
[1.345s] -- Installing: /home/rraina/wato_f1tenth/install/vesc_ackermann/share/vesc_ackermann/package.xml
[1.347s] Invoked command in '/home/rraina/wato_f1tenth/build/vesc_ackermann' returned '0': AMENT_PREFIX_PATH=/home/rraina/wato_f1tenth/install/vesc_msgs:${AMENT_PREFIX_PATH} CMAKE_PREFIX_PATH=/home/rraina/wato_f1tenth/install/vesc_msgs:/opt/ros/jazzy/opt/gz_sim_vendor:/opt/ros/jazzy/opt/gz_sensors_vendor:/opt/ros/jazzy/opt/gz_physics_vendor:/opt/ros/jazzy/opt/sdformat_vendor:/opt/ros/jazzy/opt/gz_gui_vendor:/opt/ros/jazzy/opt/gz_transport_vendor:/opt/ros/jazzy/opt/gz_rendering_vendor:/opt/ros/jazzy/opt/gz_plugin_vendor:/opt/ros/jazzy/opt/gz_fuel_tools_vendor:/opt/ros/jazzy/opt/gz_msgs_vendor:/opt/ros/jazzy/opt/gz_common_vendor:/opt/ros/jazzy/opt/gz_math_vendor:/opt/ros/jazzy/opt/gz_utils_vendor:/opt/ros/jazzy/opt/gz_tools_vendor:/opt/ros/jazzy/opt/gz_ogre_next_vendor:/opt/ros/jazzy/opt/gz_dartsim_vendor:/opt/ros/jazzy/opt/gz_cmake_vendor:/opt/ros/jazzy LD_LIBRARY_PATH=/home/rraina/wato_f1tenth/install/vesc_msgs/lib:${LD_LIBRARY_PATH} PYTHONPATH=/home/rraina/wato_f1tenth/install/vesc_msgs/lib/python3.12/site-packages:${PYTHONPATH} /usr/bin/cmake --install /home/rraina/wato_f1tenth/build/vesc_ackermann
