-- Found ament_cmake: 2.5.5 (/opt/ros/jazzy/share/ament_cmake/cmake)
-- Found Python3: /usr/bin/python3 (found version "3.12.3") found components: Interpreter 
-- Found rclcpp: 28.1.16 (/opt/ros/jazzy/share/rclcpp/cmake)
-- Found rosidl_generator_c: 4.6.7 (/opt/ros/jazzy/share/rosidl_generator_c/cmake)
-- Found rosidl_generator_cpp: 4.6.7 (/opt/ros/jazzy/share/rosidl_generator_cpp/cmake)
-- Using all available rosidl_typesupport_c: rosidl_typesupport_fastrtps_c;rosidl_typesupport_introspection_c
-- Using all available rosidl_typesupport_cpp: rosidl_typesupport_fastrtps_cpp;rosidl_typesupport_introspection_cpp
-- Found rmw_implementation_cmake: 7.3.3 (/opt/ros/jazzy/share/rmw_implementation_cmake/cmake)
-- Found rmw_fastrtps_cpp: 8.4.3 (/opt/ros/jazzy/share/rmw_fastrtps_cpp/cmake)
-- Using RMW implementation 'rmw_fastrtps_cpp' as default
-- Found rclcpp_action: 28.1.16 (/opt/ros/jazzy/share/rclcpp_action/cmake)
-- Found nav_msgs: 5.3.6 (/opt/ros/jazzy/share/nav_msgs/cmake)
-- Found visualization_msgs: 5.3.6 (/opt/ros/jazzy/share/visualization_msgs/cmake)
-- Found tf2: 0.36.19 (/opt/ros/jazzy/share/tf2/cmake)
-- Found tf2_ros: 0.36.19 (/opt/ros/jazzy/share/tf2_ros/cmake)
-- Found tf2_geometry_msgs: 0.36.19 (/opt/ros/jazzy/share/tf2_geometry_msgs/cmake)
-- Found eigen3_cmake_module: 0.3.0 (/opt/ros/jazzy/share/eigen3_cmake_module/cmake)
-- Ensuring Eigen3 include directory is part of orocos-kdl CMake target
-- Found rosidl_default_generators: 1.6.0 (/opt/ros/jazzy/share/rosidl_default_generators/cmake)
-- Found rosidl_adapter: 4.6.7 (/opt/ros/jazzy/share/rosidl_adapter/cmake)
-- Found ament_cmake_ros: 0.12.0 (/opt/ros/jazzy/share/ament_cmake_ros/cmake)
-- Using all available rosidl_typesupport_c: rosidl_typesupport_fastrtps_c;rosidl_typesupport_introspection_c
-- Using all available rosidl_typesupport_cpp: rosidl_typesupport_fastrtps_cpp;rosidl_typesupport_introspection_cpp
-- Found python_cmake_module: 0.11.1 (/opt/ros/jazzy/share/python_cmake_module/cmake)
-- Found Python3: /usr/bin/python3 (found version "3.12.3") found components: Interpreter Development NumPy Development.Module Development.Embed 
-- Configuring done (2.7s)
-- Generating done (0.1s)
-- Build files have been written to: /home/rraina/wato_f1tenth/build/local_planning
[  2%] Built target local_planning__rosidl_generator_type_description
[  6%] Built target occupancy_grid_frame_adapter_node
[  6%] Built target ament_cmake_python_copy_local_planning
[  8%] Built target local_planning__cpp
[ 18%] Built target local_planning__rosidl_generator_c
[ 25%] Built target local_planning__rosidl_typesupport_introspection_c
[ 31%] Built target local_planning__rosidl_typesupport_introspection_cpp
[ 37%] Built target local_planning__rosidl_typesupport_c
[ 43%] Built target local_planning__rosidl_typesupport_fastrtps_cpp
[ 50%] Built target local_planning__rosidl_typesupport_cpp
[ 56%] Built target local_planning__rosidl_typesupport_fastrtps_c
[ 56%] Built target local_planning
[ 64%] Built target state_manager_node
[ 81%] Built target hybrid_astar_planner_node
[ 83%] Built target local_planning__py
[ 87%] Built target local_planning__rosidl_generator_py
[ 95%] Built target local_planning_s__rosidl_typesupport_introspection_c
[ 95%] Built target local_planning_s__rosidl_typesupport_c
[100%] Built target local_planning_s__rosidl_typesupport_fastrtps_c
running egg_info
writing local_planning.egg-info/PKG-INFO
writing dependency_links to local_planning.egg-info/dependency_links.txt
writing top-level names to local_planning.egg-info/top_level.txt
reading manifest file 'local_planning.egg-info/SOURCES.txt'
writing manifest file 'local_planning.egg-info/SOURCES.txt'
[100%] Built target ament_cmake_python_build_local_planning_egg
-- Install configuration: ""
-- Up-to-date: /home/rraina/wato_f1tenth/install/local_planning/share/ament_index/resource_index/rosidl_interfaces/local_planning
-- Up-to-date: /home/rraina/wato_f1tenth/install/local_planning/share/local_planning/action/PlanPath.json
-- Up-to-date: /home/rraina/wato_f1tenth/install/local_planning/include/local_planning/local_planning
-- Up-to-date: /home/rraina/wato_f1tenth/install/local_planning/include/local_planning/local_planning/action
-- Up-to-date: /home/rraina/wato_f1tenth/install/local_planning/include/local_planning/local_planning/action/plan_path.h
-- Up-to-date: /home/rraina/wato_f1tenth/install/local_planning/include/local_planning/local_planning/action/detail
-- Up-to-date: /home/rraina/wato_f1tenth/install/local_planning/include/local_planning/local_planning/action/detail/plan_path__functions.h
-- Up-to-date: /home/rraina/wato_f1tenth/install/local_planning/include/local_planning/local_planning/action/detail/plan_path__type_support.h
-- Up-to-date: /home/rraina/wato_f1tenth/install/local_planning/include/local_planning/local_planning/action/detail/plan_path__functions.c
-- Up-to-date: /home/rraina/wato_f1tenth/install/local_planning/include/local_planning/local_planning/action/detail/plan_path__struct.h
-- Installing: /home/rraina/wato_f1tenth/install/local_planning/include/local_planning/local_planning/action/detail/plan_path__type_support.c
-- Up-to-date: /home/rraina/wato_f1tenth/install/local_planning/include/local_planning/local_planning/action/detail/plan_path__description.c
-- Up-to-date: /home/rraina/wato_f1tenth/install/local_planning/include/local_planning/local_planning/msg
-- Up-to-date: /home/rraina/wato_f1tenth/install/local_planning/include/local_planning/local_planning/msg/rosidl_generator_c__visibility_control.h
-- Up-to-date: /home/rraina/wato_f1tenth/install/local_planning/share/local_planning/environment/library_path.sh
-- Up-to-date: /home/rraina/wato_f1tenth/install/local_planning/share/local_planning/environment/library_path.dsv
-- Up-to-date: /home/rraina/wato_f1tenth/install/local_planning/lib/liblocal_planning__rosidl_generator_c.so
-- Up-to-date: /home/rraina/wato_f1tenth/install/local_planning/include/local_planning/local_planning
-- Up-to-date: /home/rraina/wato_f1tenth/install/local_planning/include/local_planning/local_planning/action
-- Up-to-date: /home/rraina/wato_f1tenth/install/local_planning/include/local_planning/local_planning/action/detail
-- Up-to-date: /home/rraina/wato_f1tenth/install/local_planning/include/local_planning/local_planning/action/detail/plan_path__rosidl_typesupport_fastrtps_c.h
-- Up-to-date: /home/rraina/wato_f1tenth/install/local_planning/include/local_planning/local_planning/msg
-- Up-to-date: /home/rraina/wato_f1tenth/install/local_planning/include/local_planning/local_planning/msg/rosidl_typesupport_fastrtps_c__visibility_control.h
-- Up-to-date: /home/rraina/wato_f1tenth/install/local_planning/lib/liblocal_planning__rosidl_typesupport_fastrtps_c.so
-- Up-to-date: /home/rraina/wato_f1tenth/install/local_planning/include/local_planning/local_planning
-- Up-to-date: /home/rraina/wato_f1tenth/install/local_planning/include/local_planning/local_planning/action
-- Up-to-date: /home/rraina/wato_f1tenth/install/local_planning/include/local_planning/local_planning/action/detail
-- Up-to-date: /home/rraina/wato_f1tenth/install/local_planning/include/local_planning/local_planning/action/detail/plan_path__type_support.hpp
-- Up-to-date: /home/rraina/wato_f1tenth/install/local_planning/include/local_planning/local_planning/action/detail/plan_path__builder.hpp
-- Up-to-date: /home/rraina/wato_f1tenth/install/local_planning/include/local_planning/local_planning/action/detail/plan_path__traits.hpp
-- Up-to-date: /home/rraina/wato_f1tenth/install/local_planning/include/local_planning/local_planning/action/detail/plan_path__struct.hpp
-- Up-to-date: /home/rraina/wato_f1tenth/install/local_planning/include/local_planning/local_planning/action/plan_path.hpp
-- Up-to-date: /home/rraina/wato_f1tenth/install/local_planning/include/local_planning/local_planning/msg
-- Up-to-date: /home/rraina/wato_f1tenth/install/local_planning/include/local_planning/local_planning/msg/rosidl_generator_cpp__visibility_control.hpp
-- Up-to-date: /home/rraina/wato_f1tenth/install/local_planning/include/local_planning/local_planning
-- Up-to-date: /home/rraina/wato_f1tenth/install/local_planning/include/local_planning/local_planning/action
-- Up-to-date: /home/rraina/wato_f1tenth/install/local_planning/include/local_planning/local_planning/action/detail
-- Up-to-date: /home/rraina/wato_f1tenth/install/local_planning/include/local_planning/local_planning/action/detail/plan_path__rosidl_typesupport_fastrtps_cpp.hpp
-- Up-to-date: /home/rraina/wato_f1tenth/install/local_planning/include/local_planning/local_planning/action/detail/dds_fastrtps
-- Up-to-date: /home/rraina/wato_f1tenth/install/local_planning/include/local_planning/local_planning/msg
-- Up-to-date: /home/rraina/wato_f1tenth/install/local_planning/include/local_planning/local_planning/msg/rosidl_typesupport_fastrtps_cpp__visibility_control.h
-- Up-to-date: /home/rraina/wato_f1tenth/install/local_planning/lib/liblocal_planning__rosidl_typesupport_fastrtps_cpp.so
-- Up-to-date: /home/rraina/wato_f1tenth/install/local_planning/include/local_planning/local_planning
-- Up-to-date: /home/rraina/wato_f1tenth/install/local_planning/include/local_planning/local_planning/action
-- Up-to-date: /home/rraina/wato_f1tenth/install/local_planning/include/local_planning/local_planning/action/detail
-- Up-to-date: /home/rraina/wato_f1tenth/install/local_planning/include/local_planning/local_planning/action/detail/plan_path__rosidl_typesupport_introspection_c.h
-- Installing: /home/rraina/wato_f1tenth/install/local_planning/include/local_planning/local_planning/action/detail/plan_path__type_support.c
-- Up-to-date: /home/rraina/wato_f1tenth/install/local_planning/include/local_planning/local_planning/msg
-- Up-to-date: /home/rraina/wato_f1tenth/install/local_planning/include/local_planning/local_planning/msg/rosidl_typesupport_introspection_c__visibility_control.h
-- Up-to-date: /home/rraina/wato_f1tenth/install/local_planning/lib/liblocal_planning__rosidl_typesupport_introspection_c.so
-- Up-to-date: /home/rraina/wato_f1tenth/install/local_planning/lib/liblocal_planning__rosidl_typesupport_c.so
-- Up-to-date: /home/rraina/wato_f1tenth/install/local_planning/include/local_planning/local_planning
-- Up-to-date: /home/rraina/wato_f1tenth/install/local_planning/include/local_planning/local_planning/action
-- Up-to-date: /home/rraina/wato_f1tenth/install/local_planning/include/local_planning/local_planning/action/detail
-- Up-to-date: /home/rraina/wato_f1tenth/install/local_planning/include/local_planning/local_planning/action/detail/plan_path__rosidl_typesupport_introspection_cpp.hpp
-- Up-to-date: /home/rraina/wato_f1tenth/install/local_planning/include/local_planning/local_planning/action/detail/plan_path__type_support.cpp
-- Up-to-date: /home/rraina/wato_f1tenth/install/local_planning/lib/liblocal_planning__rosidl_typesupport_introspection_cpp.so
-- Up-to-date: /home/rraina/wato_f1tenth/install/local_planning/lib/liblocal_planning__rosidl_typesupport_cpp.so
-- Up-to-date: /home/rraina/wato_f1tenth/install/local_planning/share/local_planning/environment/pythonpath.sh
-- Up-to-date: /home/rraina/wato_f1tenth/install/local_planning/share/local_planning/environment/pythonpath.dsv
-- Up-to-date: /home/rraina/wato_f1tenth/install/local_planning/lib/python3.12/site-packages/local_planning-0.0.0-py3.12.egg-info
-- Installing: /home/rraina/wato_f1tenth/install/local_planning/lib/python3.12/site-packages/local_planning-0.0.0-py3.12.egg-info/top_level.txt
-- Installing: /home/rraina/wato_f1tenth/install/local_planning/lib/python3.12/site-packages/local_planning-0.0.0-py3.12.egg-info/dependency_links.txt
-- Installing: /home/rraina/wato_f1tenth/install/local_planning/lib/python3.12/site-packages/local_planning-0.0.0-py3.12.egg-info/PKG-INFO
-- Installing: /home/rraina/wato_f1tenth/install/local_planning/lib/python3.12/site-packages/local_planning-0.0.0-py3.12.egg-info/SOURCES.txt
-- Up-to-date: /home/rraina/wato_f1tenth/install/local_planning/lib/python3.12/site-packages/local_planning
-- Up-to-date: /home/rraina/wato_f1tenth/install/local_planning/lib/python3.12/site-packages/local_planning/_local_planning_s.ep.rosidl_typesupport_fastrtps_c.c
-- Up-to-date: /home/rraina/wato_f1tenth/install/local_planning/lib/python3.12/site-packages/local_planning/local_planning_s__rosidl_typesupport_c.so
-- Up-to-date: /home/rraina/wato_f1tenth/install/local_planning/lib/python3.12/site-packages/local_planning/_local_planning_s.ep.rosidl_typesupport_introspection_c.c
-- Up-to-date: /home/rraina/wato_f1tenth/install/local_planning/lib/python3.12/site-packages/local_planning/local_planning_s__rosidl_typesupport_fastrtps_c.so
-- Up-to-date: /home/rraina/wato_f1tenth/install/local_planning/lib/python3.12/site-packages/local_planning/_local_planning_s.ep.rosidl_typesupport_c.c
-- Up-to-date: /home/rraina/wato_f1tenth/install/local_planning/lib/python3.12/site-packages/local_planning/local_planning_s__rosidl_typesupport_introspection_c.so
-- Installing: /home/rraina/wato_f1tenth/install/local_planning/lib/python3.12/site-packages/local_planning/__init__.py
-- Up-to-date: /home/rraina/wato_f1tenth/install/local_planning/lib/python3.12/site-packages/local_planning/action
-- Up-to-date: /home/rraina/wato_f1tenth/install/local_planning/lib/python3.12/site-packages/local_planning/action/_plan_path_s.c
-- Up-to-date: /home/rraina/wato_f1tenth/install/local_planning/lib/python3.12/site-packages/local_planning/action/__init__.py
-- Up-to-date: /home/rraina/wato_f1tenth/install/local_planning/lib/python3.12/site-packages/local_planning/action/_plan_path.py
Listing '/home/rraina/wato_f1tenth/install/local_planning/lib/python3.12/site-packages/local_planning'...
Compiling '/home/rraina/wato_f1tenth/install/local_planning/lib/python3.12/site-packages/local_planning/__init__.py'...
Listing '/home/rraina/wato_f1tenth/install/local_planning/lib/python3.12/site-packages/local_planning/action'...
-- Up-to-date: /home/rraina/wato_f1tenth/install/local_planning/lib/python3.12/site-packages/local_planning/local_planning_s__rosidl_typesupport_fastrtps_c.so
-- Up-to-date: /home/rraina/wato_f1tenth/install/local_planning/lib/python3.12/site-packages/local_planning/local_planning_s__rosidl_typesupport_introspection_c.so
-- Up-to-date: /home/rraina/wato_f1tenth/install/local_planning/lib/python3.12/site-packages/local_planning/local_planning_s__rosidl_typesupport_c.so
-- Up-to-date: /home/rraina/wato_f1tenth/install/local_planning/lib/liblocal_planning__rosidl_generator_py.so
-- Up-to-date: /home/rraina/wato_f1tenth/install/local_planning/share/local_planning/action/PlanPath.idl
-- Up-to-date: /home/rraina/wato_f1tenth/install/local_planning/share/local_planning/action/PlanPath.action
-- Up-to-date: /home/rraina/wato_f1tenth/install/local_planning/lib/local_planning/state_manager_node
-- Up-to-date: /home/rraina/wato_f1tenth/install/local_planning/lib/local_planning/hybrid_astar_planner_node
-- Up-to-date: /home/rraina/wato_f1tenth/install/local_planning/lib/local_planning/occupancy_grid_frame_adapter_node
-- Up-to-date: /home/rraina/wato_f1tenth/install/local_planning/share/local_planning/config
-- Up-to-date: /home/rraina/wato_f1tenth/install/local_planning/share/local_planning/config/hybrid_astar_planner.yaml
-- Up-to-date: /home/rraina/wato_f1tenth/install/local_planning/share/ament_index/resource_index/package_run_dependencies/local_planning
-- Up-to-date: /home/rraina/wato_f1tenth/install/local_planning/share/ament_index/resource_index/parent_prefix_path/local_planning
-- Up-to-date: /home/rraina/wato_f1tenth/install/local_planning/share/local_planning/environment/ament_prefix_path.sh
-- Up-to-date: /home/rraina/wato_f1tenth/install/local_planning/share/local_planning/environment/ament_prefix_path.dsv
-- Up-to-date: /home/rraina/wato_f1tenth/install/local_planning/share/local_planning/environment/path.sh
-- Up-to-date: /home/rraina/wato_f1tenth/install/local_planning/share/local_planning/environment/path.dsv
-- Up-to-date: /home/rraina/wato_f1tenth/install/local_planning/share/local_planning/local_setup.bash
-- Up-to-date: /home/rraina/wato_f1tenth/install/local_planning/share/local_planning/local_setup.sh
-- Up-to-date: /home/rraina/wato_f1tenth/install/local_planning/share/local_planning/local_setup.zsh
-- Up-to-date: /home/rraina/wato_f1tenth/install/local_planning/share/local_planning/local_setup.dsv
-- Installing: /home/rraina/wato_f1tenth/install/local_planning/share/local_planning/package.dsv
-- Up-to-date: /home/rraina/wato_f1tenth/install/local_planning/share/ament_index/resource_index/packages/local_planning
-- Up-to-date: /home/rraina/wato_f1tenth/install/local_planning/share/local_planning/cmake/export_local_planning__rosidl_generator_cExport.cmake
-- Up-to-date: /home/rraina/wato_f1tenth/install/local_planning/share/local_planning/cmake/export_local_planning__rosidl_generator_cExport-noconfig.cmake
-- Up-to-date: /home/rraina/wato_f1tenth/install/local_planning/share/local_planning/cmake/export_local_planning__rosidl_typesupport_fastrtps_cExport.cmake
-- Up-to-date: /home/rraina/wato_f1tenth/install/local_planning/share/local_planning/cmake/export_local_planning__rosidl_typesupport_fastrtps_cExport-noconfig.cmake
-- Up-to-date: /home/rraina/wato_f1tenth/install/local_planning/share/local_planning/cmake/export_local_planning__rosidl_generator_cppExport.cmake
-- Up-to-date: /home/rraina/wato_f1tenth/install/local_planning/share/local_planning/cmake/export_local_planning__rosidl_typesupport_fastrtps_cppExport.cmake
-- Up-to-date: /home/rraina/wato_f1tenth/install/local_planning/share/local_planning/cmake/export_local_planning__rosidl_typesupport_fastrtps_cppExport-noconfig.cmake
-- Up-to-date: /home/rraina/wato_f1tenth/install/local_planning/share/local_planning/cmake/local_planning__rosidl_typesupport_introspection_cExport.cmake
-- Up-to-date: /home/rraina/wato_f1tenth/install/local_planning/share/local_planning/cmake/local_planning__rosidl_typesupport_introspection_cExport-noconfig.cmake
-- Up-to-date: /home/rraina/wato_f1tenth/install/local_planning/share/local_planning/cmake/local_planning__rosidl_typesupport_cExport.cmake
-- Up-to-date: /home/rraina/wato_f1tenth/install/local_planning/share/local_planning/cmake/local_planning__rosidl_typesupport_cExport-noconfig.cmake
-- Up-to-date: /home/rraina/wato_f1tenth/install/local_planning/share/local_planning/cmake/local_planning__rosidl_typesupport_introspection_cppExport.cmake
-- Up-to-date: /home/rraina/wato_f1tenth/install/local_planning/share/local_planning/cmake/local_planning__rosidl_typesupport_introspection_cppExport-noconfig.cmake
-- Up-to-date: /home/rraina/wato_f1tenth/install/local_planning/share/local_planning/cmake/local_planning__rosidl_typesupport_cppExport.cmake
-- Up-to-date: /home/rraina/wato_f1tenth/install/local_planning/share/local_planning/cmake/local_planning__rosidl_typesupport_cppExport-noconfig.cmake
-- Up-to-date: /home/rraina/wato_f1tenth/install/local_planning/share/local_planning/cmake/export_local_planning__rosidl_generator_pyExport.cmake
-- Up-to-date: /home/rraina/wato_f1tenth/install/local_planning/share/local_planning/cmake/export_local_planning__rosidl_generator_pyExport-noconfig.cmake
-- Up-to-date: /home/rraina/wato_f1tenth/install/local_planning/share/local_planning/cmake/rosidl_cmake-extras.cmake
-- Up-to-date: /home/rraina/wato_f1tenth/install/local_planning/share/local_planning/cmake/ament_cmake_export_dependencies-extras.cmake
-- Up-to-date: /home/rraina/wato_f1tenth/install/local_planning/share/local_planning/cmake/ament_cmake_export_include_directories-extras.cmake
-- Up-to-date: /home/rraina/wato_f1tenth/install/local_planning/share/local_planning/cmake/ament_cmake_export_libraries-extras.cmake
-- Up-to-date: /home/rraina/wato_f1tenth/install/local_planning/share/local_planning/cmake/ament_cmake_export_targets-extras.cmake
-- Up-to-date: /home/rraina/wato_f1tenth/install/local_planning/share/local_planning/cmake/rosidl_cmake_export_typesupport_targets-extras.cmake
-- Up-to-date: /home/rraina/wato_f1tenth/install/local_planning/share/local_planning/cmake/rosidl_cmake_export_typesupport_libraries-extras.cmake
-- Up-to-date: /home/rraina/wato_f1tenth/install/local_planning/share/local_planning/cmake/local_planningConfig.cmake
-- Up-to-date: /home/rraina/wato_f1tenth/install/local_planning/share/local_planning/cmake/local_planningConfig-version.cmake
-- Up-to-date: /home/rraina/wato_f1tenth/install/local_planning/share/local_planning/package.xml
