[0.022s] Invoking command in '/home/rraina/wato_f1tenth/build/gym_vis': CMAKE_PREFIX_PATH=${CMAKE_PREFIX_PATH}:/opt/ros/jazzy /usr/bin/cmake --build /home/rraina/wato_f1tenth/build/gym_vis -- -j22 -l22
[0.140s] [100%] Built target gym_vis_node
[0.150s] Invoked command in '/home/rraina/wato_f1tenth/build/gym_vis' returned '0': CMAKE_PREFIX_PATH=${CMAKE_PREFIX_PATH}:/opt/ros/jazzy /usr/bin/cmake --build /home/rraina/wato_f1tenth/build/gym_vis -- -j22 -l22
[0.159s] Invoking command in '/home/rraina/wato_f1tenth/build/gym_vis': CMAKE_PREFIX_PATH=${CMAKE_PREFIX_PATH}:/opt/ros/jazzy /usr/bin/cmake --install /home/rraina/wato_f1tenth/build/gym_vis
[0.169s] -- Install configuration: ""
[0.170s] -- Up-to-date: /home/rraina/wato_f1tenth/install/gym_vis/share/gym_vis/assets
[0.170s] -- Up-to-date: /home/rraina/wato_f1tenth/install/gym_vis/share/gym_vis/assets/f1tenth_car.stl
[0.172s] -- Up-to-date: /home/rraina/wato_f1tenth/install/gym_vis/lib/gym_vis/gym_vis_node
[0.177s] -- Up-to-date: /home/rraina/wato_f1tenth/install/gym_vis/share/ament_index/resource_index/package_run_dependencies/gym_vis
[0.177s] -- Up-to-date: /home/rraina/wato_f1tenth/install/gym_vis/share/ament_index/resource_index/parent_prefix_path/gym_vis
[0.177s] -- Up-to-date: /home/rraina/wato_f1tenth/install/gym_vis/share/gym_vis/environment/ament_prefix_path.sh
[0.178s] -- Up-to-date: /home/rraina/wato_f1tenth/install/gym_vis/share/gym_vis/environment/ament_prefix_path.dsv
[0.178s] -- Up-to-date: /home/rraina/wato_f1tenth/install/gym_vis/share/gym_vis/environment/path.sh
[0.178s] -- Up-to-date: /home/rraina/wato_f1tenth/install/gym_vis/share/gym_vis/environment/path.dsv
[0.179s] -- Up-to-date: /home/rraina/wato_f1tenth/install/gym_vis/share/gym_vis/local_setup.bash
[0.179s] -- Up-to-date: /home/rraina/wato_f1tenth/install/gym_vis/share/gym_vis/local_setup.sh
[0.179s] -- Up-to-date: /home/rraina/wato_f1tenth/install/gym_vis/share/gym_vis/local_setup.zsh
[0.179s] -- Up-to-date: /home/rraina/wato_f1tenth/install/gym_vis/share/gym_vis/local_setup.dsv
[0.179s] -- Installing: /home/rraina/wato_f1tenth/install/gym_vis/share/gym_vis/package.dsv
[0.180s] -- Up-to-date: /home/rraina/wato_f1tenth/install/gym_vis/share/ament_index/resource_index/packages/gym_vis
[0.180s] -- Up-to-date: /home/rraina/wato_f1tenth/install/gym_vis/share/gym_vis/cmake/gym_visConfig.cmake
[0.180s] -- Up-to-date: /home/rraina/wato_f1tenth/install/gym_vis/share/gym_vis/cmake/gym_visConfig-version.cmake
[0.180s] -- Up-to-date: /home/rraina/wato_f1tenth/install/gym_vis/share/gym_vis/package.xml
[0.207s] Invoked command in '/home/rraina/wato_f1tenth/build/gym_vis' returned '0': CMAKE_PREFIX_PATH=${CMAKE_PREFIX_PATH}:/opt/ros/jazzy /usr/bin/cmake --install /home/rraina/wato_f1tenth/build/gym_vis
