[0.017s] Invoking command in '/home/rraina/wato_f1tenth/build/local_planning': CMAKE_PREFIX_PATH=${CMAKE_PREFIX_PATH}:/opt/ros/jazzy /usr/bin/cmake --build /home/rraina/wato_f1tenth/build/local_planning -- -j22 -l22
[0.121s] [  2%] Built target local_planning__rosidl_generator_type_description
[0.129s] [  6%] Built target occupancy_grid_frame_adapter_node
[0.133s] [  6%] Built target ament_cmake_python_copy_local_planning
[0.149s] [ 18%] Built target local_planning__rosidl_generator_c
[0.150s] [ 14%] Built target local_planning__cpp
[0.213s] [ 35%] Built target local_planning__rosidl_typesupport_fastrtps_c
[0.214s] [ 39%] Built target local_planning__rosidl_typesupport_introspection_c
[0.214s] [ 39%] Built target local_planning__rosidl_typesupport_cpp
[0.214s] [ 43%] Built target local_planning__rosidl_typesupport_fastrtps_cpp
[0.214s] [ 50%] Built target local_planning__rosidl_typesupport_c
[0.214s] [ 56%] Built target local_planning__rosidl_typesupport_introspection_cpp
[0.214s] [ 56%] Built target local_planning
[0.214s] [ 72%] Built target state_manager_node
[0.214s] [ 81%] Built target hybrid_astar_planner_node
[0.217s] [ 83%] Built target local_planning__py
[0.239s] [ 87%] Built target local_planning__rosidl_generator_py
[0.261s] [ 91%] Built target local_planning_s__rosidl_typesupport_fastrtps_c
[0.261s] [100%] Built target local_planning_s__rosidl_typesupport_introspection_c
[0.262s] [100%] Built target local_planning_s__rosidl_typesupport_c
[0.358s] running egg_info
[0.358s] writing local_planning.egg-info/PKG-INFO
[0.358s] writing dependency_links to local_planning.egg-info/dependency_links.txt
[0.358s] writing top-level names to local_planning.egg-info/top_level.txt
[0.392s] reading manifest file 'local_planning.egg-info/SOURCES.txt'
[0.392s] writing manifest file 'local_planning.egg-info/SOURCES.txt'
[0.418s] [100%] Built target ament_cmake_python_build_local_planning_egg
[0.428s] Invoked command in '/home/rraina/wato_f1tenth/build/local_planning' returned '0': CMAKE_PREFIX_PATH=${CMAKE_PREFIX_PATH}:/opt/ros/jazzy /usr/bin/cmake --build /home/rraina/wato_f1tenth/build/local_planning -- -j22 -l22
[0.429s] Invoking command in '/home/rraina/wato_f1tenth/build/local_planning': CMAKE_PREFIX_PATH=${CMAKE_PREFIX_PATH}:/opt/ros/jazzy /usr/bin/cmake --install /home/rraina/wato_f1tenth/build/local_planning
[0.436s] -- Install configuration: ""
[0.436s] -- Up-to-date: /home/rraina/wato_f1tenth/install/local_planning/share/ament_index/resource_index/rosidl_interfaces/local_planning
[0.437s] -- Up-to-date: /home/rraina/wato_f1tenth/install/local_planning/share/local_planning/action/PlanPath.json
[0.438s] -- Up-to-date: /home/rraina/wato_f1tenth/install/local_planning/include/local_planning/local_planning
[0.438s] -- Up-to-date: /home/rraina/wato_f1tenth/install/local_planning/include/local_planning/local_planning/action
[0.438s] -- Up-to-date: /home/rraina/wato_f1tenth/install/local_planning/include/local_planning/local_planning/action/plan_path.h
[0.439s] -- Up-to-date: /home/rraina/wato_f1tenth/install/local_planning/include/local_planning/local_planning/action/detail
[0.439s] -- Up-to-date: /home/rraina/wato_f1tenth/install/local_planning/include/local_planning/local_planning/action/detail/plan_path__functions.h
[0.439s] -- Up-to-date: /home/rraina/wato_f1tenth/install/local_planning/include/local_planning/local_planning/action/detail/plan_path__type_support.h
[0.439s] -- Up-to-date: /home/rraina/wato_f1tenth/install/local_planning/include/local_planning/local_planning/action/detail/plan_path__functions.c
[0.440s] -- Up-to-date: /home/rraina/wato_f1tenth/install/local_planning/include/local_planning/local_planning/action/detail/plan_path__struct.h
[0.440s] -- Installing: /home/rraina/wato_f1tenth/install/local_planning/include/local_planning/local_planning/action/detail/plan_path__type_support.c
[0.441s] -- Up-to-date: /home/rraina/wato_f1tenth/install/local_planning/include/local_planning/local_planning/action/detail/plan_path__description.c
[0.441s] -- Up-to-date: /home/rraina/wato_f1tenth/install/local_planning/include/local_planning/local_planning/msg
[0.441s] -- Up-to-date: /home/rraina/wato_f1tenth/install/local_planning/include/local_planning/local_planning/msg/rosidl_generator_c__visibility_control.h
[0.441s] -- Up-to-date: /home/rraina/wato_f1tenth/install/local_planning/share/local_planning/environment/library_path.sh
[0.441s] -- Up-to-date: /home/rraina/wato_f1tenth/install/local_planning/share/local_planning/environment/library_path.dsv
[0.441s] -- Up-to-date: /home/rraina/wato_f1tenth/install/local_planning/lib/liblocal_planning__rosidl_generator_c.so
[0.441s] -- Up-to-date: /home/rraina/wato_f1tenth/install/local_planning/include/local_planning/local_planning
[0.441s] -- Up-to-date: /home/rraina/wato_f1tenth/install/local_planning/include/local_planning/local_planning/action
[0.441s] -- Up-to-date: /home/rraina/wato_f1tenth/install/local_planning/include/local_planning/local_planning/action/detail
[0.441s] -- Up-to-date: /home/rraina/wato_f1tenth/install/local_planning/include/local_planning/local_planning/action/detail/plan_path__rosidl_typesupport_fastrtps_c.h
[0.441s] -- Up-to-date: /home/rraina/wato_f1tenth/install/local_planning/include/local_planning/local_planning/msg
[0.441s] -- Up-to-date: /home/rraina/wato_f1tenth/install/local_planning/include/local_planning/local_planning/msg/rosidl_typesupport_fastrtps_c__visibility_control.h
[0.442s] -- Up-to-date: /home/rraina/wato_f1tenth/install/local_planning/lib/liblocal_planning__rosidl_typesupport_fastrtps_c.so
[0.442s] -- Up-to-date: /home/rraina/wato_f1tenth/install/local_planning/include/local_planning/local_planning
[0.442s] -- Up-to-date: /home/rraina/wato_f1tenth/install/local_planning/include/local_planning/local_planning/action
[0.442s] -- Up-to-date: /home/rraina/wato_f1tenth/install/local_planning/include/local_planning/local_planning/action/detail
[0.442s] -- Up-to-date: /home/rraina/wato_f1tenth/install/local_planning/include/local_planning/local_planning/action/detail/plan_path__type_support.hpp
[0.442s] -- Up-to-date: /home/rraina/wato_f1tenth/install/local_planning/include/local_planning/local_planning/action/detail/plan_path__builder.hpp
[0.442s] -- Up-to-date: /home/rraina/wato_f1tenth/install/local_planning/include/local_planning/local_planning/action/detail/plan_path__traits.hpp
[0.442s] -- Up-to-date: /home/rraina/wato_f1tenth/install/local_planning/include/local_planning/local_planning/action/detail/plan_path__struct.hpp
[0.442s] -- Up-to-date: /home/rraina/wato_f1tenth/install/local_planning/include/local_planning/local_planning/action/plan_path.hpp
[0.442s] -- Up-to-date: /home/rraina/wato_f1tenth/install/local_planning/include/local_planning/local_planning/msg
[0.442s] -- Up-to-date: /home/rraina/wato_f1tenth/install/local_planning/include/local_planning/local_planning/msg/rosidl_generator_cpp__visibility_control.hpp
[0.442s] -- Up-to-date: /home/rraina/wato_f1tenth/install/local_planning/include/local_planning/local_planning
[0.442s] -- Up-to-date: /home/rraina/wato_f1tenth/install/local_planning/include/local_planning/local_planning/action
[0.442s] -- Up-to-date: /home/rraina/wato_f1tenth/install/local_planning/include/local_planning/local_planning/action/detail
[0.442s] -- Up-to-date: /home/rraina/wato_f1tenth/install/local_planning/include/local_planning/local_planning/action/detail/plan_path__rosidl_typesupport_fastrtps_cpp.hpp
[0.442s] -- Up-to-date: /home/rraina/wato_f1tenth/install/local_planning/include/local_planning/local_planning/action/detail/dds_fastrtps
[0.443s] -- Up-to-date: /home/rraina/wato_f1tenth/install/local_planning/include/local_planning/local_planning/msg
[0.443s] -- Up-to-date: /home/rraina/wato_f1tenth/install/local_planning/include/local_planning/local_planning/msg/rosidl_typesupport_fastrtps_cpp__visibility_control.h
[0.443s] -- Up-to-date: /home/rraina/wato_f1tenth/install/local_planning/lib/liblocal_planning__rosidl_typesupport_fastrtps_cpp.so
[0.443s] -- Up-to-date: /home/rraina/wato_f1tenth/install/local_planning/include/local_planning/local_planning
[0.443s] -- Up-to-date: /home/rraina/wato_f1tenth/install/local_planning/include/local_planning/local_planning/action
[0.443s] -- Up-to-date: /home/rraina/wato_f1tenth/install/local_planning/include/local_planning/local_planning/action/detail
[0.443s] -- Up-to-date: /home/rraina/wato_f1tenth/install/local_planning/include/local_planning/local_planning/action/detail/plan_path__rosidl_typesupport_introspection_c.h
[0.443s] -- Installing: /home/rraina/wato_f1tenth/install/local_planning/include/local_planning/local_planning/action/detail/plan_path__type_support.c
[0.443s] -- Up-to-date: /home/rraina/wato_f1tenth/install/local_planning/include/local_planning/local_planning/msg
[0.443s] -- Up-to-date: /home/rraina/wato_f1tenth/install/local_planning/include/local_planning/local_planning/msg/rosidl_typesupport_introspection_c__visibility_control.h
[0.443s] -- Up-to-date: /home/rraina/wato_f1tenth/install/local_planning/lib/liblocal_planning__rosidl_typesupport_introspection_c.so
[0.443s] -- Up-to-date: /home/rraina/wato_f1tenth/install/local_planning/lib/liblocal_planning__rosidl_typesupport_c.so
[0.443s] -- Up-to-date: /home/rraina/wato_f1tenth/install/local_planning/include/local_planning/local_planning
[0.443s] -- Up-to-date: /home/rraina/wato_f1tenth/install/local_planning/include/local_planning/local_planning/action
[0.444s] -- Up-to-date: /home/rraina/wato_f1tenth/install/local_planning/include/local_planning/local_planning/action/detail
[0.444s] -- Up-to-date: /home/rraina/wato_f1tenth/install/local_planning/include/local_planning/local_planning/action/detail/plan_path__rosidl_typesupport_introspection_cpp.hpp
[0.444s] -- Up-to-date: /home/rraina/wato_f1tenth/install/local_planning/include/local_planning/local_planning/action/detail/plan_path__type_support.cpp
[0.444s] -- Up-to-date: /home/rraina/wato_f1tenth/install/local_planning/lib/liblocal_planning__rosidl_typesupport_introspection_cpp.so
[0.444s] -- Up-to-date: /home/rraina/wato_f1tenth/install/local_planning/lib/liblocal_planning__rosidl_typesupport_cpp.so
[0.444s] -- Up-to-date: /home/rraina/wato_f1tenth/install/local_planning/share/local_planning/environment/pythonpath.sh
[0.444s] -- Up-to-date: /home/rraina/wato_f1tenth/install/local_planning/share/local_planning/environment/pythonpath.dsv
[0.444s] -- Up-to-date: /home/rraina/wato_f1tenth/install/local_planning/lib/python3.12/site-packages/local_planning-0.0.0-py3.12.egg-info
[0.444s] -- Installing: /home/rraina/wato_f1tenth/install/local_planning/lib/python3.12/site-packages/local_planning-0.0.0-py3.12.egg-info/top_level.txt
[0.444s] -- Installing: /home/rraina/wato_f1tenth/install/local_planning/lib/python3.12/site-packages/local_planning-0.0.0-py3.12.egg-info/dependency_links.txt
[0.444s] -- Installing: /home/rraina/wato_f1tenth/install/local_planning/lib/python3.12/site-packages/local_planning-0.0.0-py3.12.egg-info/PKG-INFO
[0.444s] -- Installing: /home/rraina/wato_f1tenth/install/local_planning/lib/python3.12/site-packages/local_planning-0.0.0-py3.12.egg-info/SOURCES.txt
[0.444s] -- Up-to-date: /home/rraina/wato_f1tenth/install/local_planning/lib/python3.12/site-packages/local_planning
[0.445s] -- Up-to-date: /home/rraina/wato_f1tenth/install/local_planning/lib/python3.12/site-packages/local_planning/_local_planning_s.ep.rosidl_typesupport_fastrtps_c.c
[0.445s] -- Up-to-date: /home/rraina/wato_f1tenth/install/local_planning/lib/python3.12/site-packages/local_planning/local_planning_s__rosidl_typesupport_c.so
[0.445s] -- Up-to-date: /home/rraina/wato_f1tenth/install/local_planning/lib/python3.12/site-packages/local_planning/_local_planning_s.ep.rosidl_typesupport_introspection_c.c
[0.445s] -- Up-to-date: /home/rraina/wato_f1tenth/install/local_planning/lib/python3.12/site-packages/local_planning/local_planning_s__rosidl_typesupport_fastrtps_c.so
[0.445s] -- Up-to-date: /home/rraina/wato_f1tenth/install/local_planning/lib/python3.12/site-packages/local_planning/_local_planning_s.ep.rosidl_typesupport_c.c
[0.445s] -- Up-to-date: /home/rraina/wato_f1tenth/install/local_planning/lib/python3.12/site-packages/local_planning/local_planning_s__rosidl_typesupport_introspection_c.so
[0.445s] -- Up-to-date: /home/rraina/wato_f1tenth/install/local_planning/lib/python3.12/site-packages/local_planning/__init__.py
[0.445s] -- Up-to-date: /home/rraina/wato_f1tenth/install/local_planning/lib/python3.12/site-packages/local_planning/action
[0.445s] -- Up-to-date: /home/rraina/wato_f1tenth/install/local_planning/lib/python3.12/site-packages/local_planning/action/_plan_path_s.c
[0.445s] -- Up-to-date: /home/rraina/wato_f1tenth/install/local_planning/lib/python3.12/site-packages/local_planning/action/__init__.py
[0.445s] -- Up-to-date: /home/rraina/wato_f1tenth/install/local_planning/lib/python3.12/site-packages/local_planning/action/_plan_path.py
[0.469s] Listing '/home/rraina/wato_f1tenth/install/local_planning/lib/python3.12/site-packages/local_planning'...
[0.469s] Listing '/home/rraina/wato_f1tenth/install/local_planning/lib/python3.12/site-packages/local_planning/action'...
[0.474s] -- Up-to-date: /home/rraina/wato_f1tenth/install/local_planning/lib/python3.12/site-packages/local_planning/local_planning_s__rosidl_typesupport_fastrtps_c.so
[0.475s] -- Up-to-date: /home/rraina/wato_f1tenth/install/local_planning/lib/python3.12/site-packages/local_planning/local_planning_s__rosidl_typesupport_introspection_c.so
[0.475s] -- Up-to-date: /home/rraina/wato_f1tenth/install/local_planning/lib/python3.12/site-packages/local_planning/local_planning_s__rosidl_typesupport_c.so
[0.476s] -- Up-to-date: /home/rraina/wato_f1tenth/install/local_planning/lib/liblocal_planning__rosidl_generator_py.so
[0.477s] -- Up-to-date: /home/rraina/wato_f1tenth/install/local_planning/share/local_planning/action/PlanPath.idl
[0.477s] -- Up-to-date: /home/rraina/wato_f1tenth/install/local_planning/share/local_planning/action/PlanPath.action
[0.477s] -- Up-to-date: /home/rraina/wato_f1tenth/install/local_planning/lib/local_planning/state_manager_node
[0.477s] -- Up-to-date: /home/rraina/wato_f1tenth/install/local_planning/lib/local_planning/hybrid_astar_planner_node
[0.477s] -- Up-to-date: /home/rraina/wato_f1tenth/install/local_planning/lib/local_planning/occupancy_grid_frame_adapter_node
[0.478s] -- Up-to-date: /home/rraina/wato_f1tenth/install/local_planning/share/local_planning/config
[0.478s] -- Up-to-date: /home/rraina/wato_f1tenth/install/local_planning/share/local_planning/config/hybrid_astar_planner.yaml
[0.478s] -- Up-to-date: /home/rraina/wato_f1tenth/install/local_planning/share/ament_index/resource_index/package_run_dependencies/local_planning
[0.478s] -- Up-to-date: /home/rraina/wato_f1tenth/install/local_planning/share/ament_index/resource_index/parent_prefix_path/local_planning
[0.478s] -- Up-to-date: /home/rraina/wato_f1tenth/install/local_planning/share/local_planning/environment/ament_prefix_path.sh
[0.478s] -- Up-to-date: /home/rraina/wato_f1tenth/install/local_planning/share/local_planning/environment/ament_prefix_path.dsv
[0.478s] -- Up-to-date: /home/rraina/wato_f1tenth/install/local_planning/share/local_planning/environment/path.sh
[0.478s] -- Up-to-date: /home/rraina/wato_f1tenth/install/local_planning/share/local_planning/environment/path.dsv
[0.478s] -- Up-to-date: /home/rraina/wato_f1tenth/install/local_planning/share/local_planning/local_setup.bash
[0.478s] -- Up-to-date: /home/rraina/wato_f1tenth/install/local_planning/share/local_planning/local_setup.sh
[0.478s] -- Up-to-date: /home/rraina/wato_f1tenth/install/local_planning/share/local_planning/local_setup.zsh
[0.478s] -- Up-to-date: /home/rraina/wato_f1tenth/install/local_planning/share/local_planning/local_setup.dsv
[0.478s] -- Installing: /home/rraina/wato_f1tenth/install/local_planning/share/local_planning/package.dsv
[0.478s] -- Up-to-date: /home/rraina/wato_f1tenth/install/local_planning/share/ament_index/resource_index/packages/local_planning
[0.478s] -- Up-to-date: /home/rraina/wato_f1tenth/install/local_planning/share/local_planning/cmake/export_local_planning__rosidl_generator_cExport.cmake
[0.478s] -- Up-to-date: /home/rraina/wato_f1tenth/install/local_planning/share/local_planning/cmake/export_local_planning__rosidl_generator_cExport-noconfig.cmake
[0.478s] -- Up-to-date: /home/rraina/wato_f1tenth/install/local_planning/share/local_planning/cmake/export_local_planning__rosidl_typesupport_fastrtps_cExport.cmake
[0.479s] -- Up-to-date: /home/rraina/wato_f1tenth/install/local_planning/share/local_planning/cmake/export_local_planning__rosidl_typesupport_fastrtps_cExport-noconfig.cmake
[0.480s] -- Up-to-date: /home/rraina/wato_f1tenth/install/local_planning/share/local_planning/cmake/export_local_planning__rosidl_generator_cppExport.cmake
[0.480s] -- Up-to-date: /home/rraina/wato_f1tenth/install/local_planning/share/local_planning/cmake/export_local_planning__rosidl_typesupport_fastrtps_cppExport.cmake
[0.481s] -- Up-to-date: /home/rraina/wato_f1tenth/install/local_planning/share/local_planning/cmake/export_local_planning__rosidl_typesupport_fastrtps_cppExport-noconfig.cmake
[0.481s] -- Up-to-date: /home/rraina/wato_f1tenth/install/local_planning/share/local_planning/cmake/local_planning__rosidl_typesupport_introspection_cExport.cmake
[0.482s] -- Up-to-date: /home/rraina/wato_f1tenth/install/local_planning/share/local_planning/cmake/local_planning__rosidl_typesupport_introspection_cExport-noconfig.cmake
[0.482s] -- Up-to-date: /home/rraina/wato_f1tenth/install/local_planning/share/local_planning/cmake/local_planning__rosidl_typesupport_cExport.cmake
[0.482s] -- Up-to-date: /home/rraina/wato_f1tenth/install/local_planning/share/local_planning/cmake/local_planning__rosidl_typesupport_cExport-noconfig.cmake
[0.483s] -- Up-to-date: /home/rraina/wato_f1tenth/install/local_planning/share/local_planning/cmake/local_planning__rosidl_typesupport_introspection_cppExport.cmake
[0.483s] -- Up-to-date: /home/rraina/wato_f1tenth/install/local_planning/share/local_planning/cmake/local_planning__rosidl_typesupport_introspection_cppExport-noconfig.cmake
[0.483s] -- Up-to-date: /home/rraina/wato_f1tenth/install/local_planning/share/local_planning/cmake/local_planning__rosidl_typesupport_cppExport.cmake
[0.483s] -- Up-to-date: /home/rraina/wato_f1tenth/install/local_planning/share/local_planning/cmake/local_planning__rosidl_typesupport_cppExport-noconfig.cmake
[0.484s] -- Up-to-date: /home/rraina/wato_f1tenth/install/local_planning/share/local_planning/cmake/export_local_planning__rosidl_generator_pyExport.cmake
[0.484s] -- Up-to-date: /home/rraina/wato_f1tenth/install/local_planning/share/local_planning/cmake/export_local_planning__rosidl_generator_pyExport-noconfig.cmake
[0.484s] -- Up-to-date: /home/rraina/wato_f1tenth/install/local_planning/share/local_planning/cmake/rosidl_cmake-extras.cmake
[0.484s] -- Up-to-date: /home/rraina/wato_f1tenth/install/local_planning/share/local_planning/cmake/ament_cmake_export_dependencies-extras.cmake
[0.484s] -- Up-to-date: /home/rraina/wato_f1tenth/install/local_planning/share/local_planning/cmake/ament_cmake_export_include_directories-extras.cmake
[0.484s] -- Up-to-date: /home/rraina/wato_f1tenth/install/local_planning/share/local_planning/cmake/ament_cmake_export_libraries-extras.cmake
[0.484s] -- Up-to-date: /home/rraina/wato_f1tenth/install/local_planning/share/local_planning/cmake/ament_cmake_export_targets-extras.cmake
[0.485s] -- Up-to-date: /home/rraina/wato_f1tenth/install/local_planning/share/local_planning/cmake/rosidl_cmake_export_typesupport_targets-extras.cmake
[0.485s] -- Up-to-date: /home/rraina/wato_f1tenth/install/local_planning/share/local_planning/cmake/rosidl_cmake_export_typesupport_libraries-extras.cmake
[0.485s] -- Up-to-date: /home/rraina/wato_f1tenth/install/local_planning/share/local_planning/cmake/local_planningConfig.cmake
[0.485s] -- Up-to-date: /home/rraina/wato_f1tenth/install/local_planning/share/local_planning/cmake/local_planningConfig-version.cmake
[0.485s] -- Up-to-date: /home/rraina/wato_f1tenth/install/local_planning/share/local_planning/package.xml
[0.486s] Invoked command in '/home/rraina/wato_f1tenth/build/local_planning' returned '0': CMAKE_PREFIX_PATH=${CMAKE_PREFIX_PATH}:/opt/ros/jazzy /usr/bin/cmake --install /home/rraina/wato_f1tenth/build/local_planning
