[0.025s] Invoking command in '/home/bolty/ament_ws/src/build/gym_vis': CMAKE_PREFIX_PATH=${CMAKE_PREFIX_PATH}:/home/bolty/ament_ws/src/install/action:/opt/ros/humble /usr/bin/cmake --build /home/bolty/ament_ws/src/build/gym_vis -- -j16 -l16
[0.226s] [100%] Built target gym_vis_node
[0.233s] Invoked command in '/home/bolty/ament_ws/src/build/gym_vis' returned '0': CMAKE_PREFIX_PATH=${CMAKE_PREFIX_PATH}:/home/bolty/ament_ws/src/install/action:/opt/ros/humble /usr/bin/cmake --build /home/bolty/ament_ws/src/build/gym_vis -- -j16 -l16
[0.260s] Invoking command in '/home/bolty/ament_ws/src/build/gym_vis': CMAKE_PREFIX_PATH=${CMAKE_PREFIX_PATH}:/home/bolty/ament_ws/src/install/action:/opt/ros/humble /usr/bin/cmake --install /home/bolty/ament_ws/src/build/gym_vis
[0.268s] -- Install configuration: ""
[0.268s] -- Up-to-date: /home/bolty/ament_ws/src/install/gym_vis/share/gym_vis/assets
[0.268s] -- Up-to-date: /home/bolty/ament_ws/src/install/gym_vis/share/gym_vis/assets/f1tenth_car.stl
[0.268s] -- Up-to-date: /home/bolty/ament_ws/src/install/gym_vis/lib/gym_vis/gym_vis_node
[0.269s] -- Up-to-date: /home/bolty/ament_ws/src/install/gym_vis/share/ament_index/resource_index/package_run_dependencies/gym_vis
[0.269s] -- Up-to-date: /home/bolty/ament_ws/src/install/gym_vis/share/ament_index/resource_index/parent_prefix_path/gym_vis
[0.269s] -- Up-to-date: /home/bolty/ament_ws/src/install/gym_vis/share/gym_vis/environment/ament_prefix_path.sh
[0.269s] -- Up-to-date: /home/bolty/ament_ws/src/install/gym_vis/share/gym_vis/environment/ament_prefix_path.dsv
[0.269s] -- Up-to-date: /home/bolty/ament_ws/src/install/gym_vis/share/gym_vis/environment/path.sh
[0.269s] -- Up-to-date: /home/bolty/ament_ws/src/install/gym_vis/share/gym_vis/environment/path.dsv
[0.269s] -- Up-to-date: /home/bolty/ament_ws/src/install/gym_vis/share/gym_vis/local_setup.bash
[0.269s] -- Up-to-date: /home/bolty/ament_ws/src/install/gym_vis/share/gym_vis/local_setup.sh
[0.269s] -- Up-to-date: /home/bolty/ament_ws/src/install/gym_vis/share/gym_vis/local_setup.zsh
[0.270s] -- Up-to-date: /home/bolty/ament_ws/src/install/gym_vis/share/gym_vis/local_setup.dsv
[0.270s] -- Installing: /home/bolty/ament_ws/src/install/gym_vis/share/gym_vis/package.dsv
[0.270s] -- Up-to-date: /home/bolty/ament_ws/src/install/gym_vis/share/ament_index/resource_index/packages/gym_vis
[0.270s] -- Up-to-date: /home/bolty/ament_ws/src/install/gym_vis/share/gym_vis/cmake/gym_visConfig.cmake
[0.270s] -- Up-to-date: /home/bolty/ament_ws/src/install/gym_vis/share/gym_vis/cmake/gym_visConfig-version.cmake
[0.270s] -- Up-to-date: /home/bolty/ament_ws/src/install/gym_vis/share/gym_vis/package.xml
[0.272s] Invoked command in '/home/bolty/ament_ws/src/build/gym_vis' returned '0': CMAKE_PREFIX_PATH=${CMAKE_PREFIX_PATH}:/home/bolty/ament_ws/src/install/action:/opt/ros/humble /usr/bin/cmake --install /home/bolty/ament_ws/src/build/gym_vis
