[0.089s] DEBUG:colcon:Command line arguments: ['/usr/bin/colcon', 'build']
[0.089s] DEBUG:colcon:Parsed command line arguments: Namespace(log_base=None, log_level=None, verb_name='build', build_base='build', install_base='install', merge_install=False, symlink_install=False, test_result_base=None, continue_on_error=False, executor='parallel', parallel_workers=16, event_handlers=None, ignore_user_meta=False, metas=['./colcon.meta'], base_paths=['.'], packages_ignore=None, packages_ignore_regex=None, paths=None, packages_up_to=None, packages_up_to_regex=None, packages_above=None, packages_above_and_dependencies=None, packages_above_depth=None, packages_select_by_dep=None, packages_skip_by_dep=None, packages_skip_up_to=None, packages_select_build_failed=False, packages_skip_build_finished=False, packages_select_test_failures=False, packages_skip_test_passed=False, packages_select=None, packages_skip=None, packages_select_regex=None, packages_skip_regex=None, packages_start=None, packages_end=None, cmake_args=None, cmake_target=None, cmake_target_skip_unavailable=False, cmake_clean_cache=False, cmake_clean_first=False, cmake_force_configure=False, ament_cmake_args=None, catkin_cmake_args=None, catkin_skip_building_tests=False, mixin_files=None, mixin=None, verb_parser=<colcon_mixin.mixin.mixin_argument.MixinArgumentDecorator object at 0x755078012e00>, verb_extension=<colcon_core.verb.build.BuildVerb object at 0x755078012950>, main=<bound method BuildVerb.main of <colcon_core.verb.build.BuildVerb object at 0x755078012950>>, mixin_verb=('build',))
[0.170s] Level 1:colcon.colcon_core.package_discovery:discover_packages(colcon_meta) check parameters
[0.170s] INFO:colcon.colcon_metadata.package_discovery.colcon_meta:Using configuration from '/root/.colcon/metadata/default/Gazebo.meta'
[0.170s] INFO:colcon.colcon_metadata.package_discovery.colcon_meta:Using configuration from '/root/.colcon/metadata/default/fastrtps.meta'
[0.170s] Level 1:colcon.colcon_core.package_discovery:discover_packages(recursive) check parameters
[0.170s] Level 1:colcon.colcon_core.package_discovery:discover_packages(ignore) check parameters
[0.171s] Level 1:colcon.colcon_core.package_discovery:discover_packages(path) check parameters
[0.171s] Level 1:colcon.colcon_core.package_discovery:discover_packages(colcon_meta) discover
[0.171s] Level 1:colcon.colcon_core.package_discovery:discover_packages(recursive) discover
[0.171s] INFO:colcon.colcon_core.package_discovery:Crawling recursively for packages in '/home/bolty/ament_ws/src'
[0.171s] Level 1:colcon.colcon_core.package_identification:_identify(.) by extensions ['ignore', 'ignore_ament_install']
[0.171s] Level 1:colcon.colcon_core.package_identification:_identify(.) by extension 'ignore'
[0.171s] Level 1:colcon.colcon_core.package_identification:_identify(.) by extension 'ignore_ament_install'
[0.171s] Level 1:colcon.colcon_core.package_identification:_identify(.) by extensions ['colcon_pkg']
[0.171s] Level 1:colcon.colcon_core.package_identification:_identify(.) by extension 'colcon_pkg'
[0.171s] Level 1:colcon.colcon_core.package_identification:_identify(.) by extensions ['colcon_meta']
[0.171s] Level 1:colcon.colcon_core.package_identification:_identify(.) by extension 'colcon_meta'
[0.171s] Level 1:colcon.colcon_core.package_identification:_identify(.) by extensions ['ros']
[0.171s] Level 1:colcon.colcon_core.package_identification:_identify(.) by extension 'ros'
[0.178s] Level 1:colcon.colcon_core.package_identification:_identify(.) by extensions ['cmake', 'python']
[0.179s] Level 1:colcon.colcon_core.package_identification:_identify(.) by extension 'cmake'
[0.179s] Level 1:colcon.colcon_core.package_identification:_identify(.) by extension 'python'
[0.179s] Level 1:colcon.colcon_core.package_identification:_identify(.) by extensions ['python_setup_py']
[0.179s] Level 1:colcon.colcon_core.package_identification:_identify(.) by extension 'python_setup_py'
[0.179s] Level 1:colcon.colcon_core.package_identification:_identify(build) by extensions ['ignore', 'ignore_ament_install']
[0.179s] Level 1:colcon.colcon_core.package_identification:_identify(build) by extension 'ignore'
[0.179s] Level 1:colcon.colcon_core.package_identification:_identify(build) ignored
[0.179s] Level 1:colcon.colcon_core.package_identification:_identify(install) by extensions ['ignore', 'ignore_ament_install']
[0.179s] Level 1:colcon.colcon_core.package_identification:_identify(install) by extension 'ignore'
[0.179s] Level 1:colcon.colcon_core.package_identification:_identify(install) ignored
[0.179s] Level 1:colcon.colcon_core.package_identification:_identify(log) by extensions ['ignore', 'ignore_ament_install']
[0.179s] Level 1:colcon.colcon_core.package_identification:_identify(log) by extension 'ignore'
[0.179s] Level 1:colcon.colcon_core.package_identification:_identify(log) ignored
[0.179s] Level 1:colcon.colcon_core.package_identification:_identify(robot) by extensions ['ignore', 'ignore_ament_install']
[0.179s] Level 1:colcon.colcon_core.package_identification:_identify(robot) by extension 'ignore'
[0.179s] Level 1:colcon.colcon_core.package_identification:_identify(robot) by extension 'ignore_ament_install'
[0.179s] Level 1:colcon.colcon_core.package_identification:_identify(robot) by extensions ['colcon_pkg']
[0.179s] Level 1:colcon.colcon_core.package_identification:_identify(robot) by extension 'colcon_pkg'
[0.179s] Level 1:colcon.colcon_core.package_identification:_identify(robot) by extensions ['colcon_meta']
[0.179s] Level 1:colcon.colcon_core.package_identification:_identify(robot) by extension 'colcon_meta'
[0.179s] Level 1:colcon.colcon_core.package_identification:_identify(robot) by extensions ['ros']
[0.179s] Level 1:colcon.colcon_core.package_identification:_identify(robot) by extension 'ros'
[0.179s] Level 1:colcon.colcon_core.package_identification:_identify(robot) by extensions ['cmake', 'python']
[0.179s] Level 1:colcon.colcon_core.package_identification:_identify(robot) by extension 'cmake'
[0.179s] Level 1:colcon.colcon_core.package_identification:_identify(robot) by extension 'python'
[0.179s] Level 1:colcon.colcon_core.package_identification:_identify(robot) by extensions ['python_setup_py']
[0.179s] Level 1:colcon.colcon_core.package_identification:_identify(robot) by extension 'python_setup_py'
[0.179s] Level 1:colcon.colcon_core.package_identification:_identify(robot/action) by extensions ['ignore', 'ignore_ament_install']
[0.179s] Level 1:colcon.colcon_core.package_identification:_identify(robot/action) by extension 'ignore'
[0.180s] Level 1:colcon.colcon_core.package_identification:_identify(robot/action) by extension 'ignore_ament_install'
[0.180s] Level 1:colcon.colcon_core.package_identification:_identify(robot/action) by extensions ['colcon_pkg']
[0.180s] Level 1:colcon.colcon_core.package_identification:_identify(robot/action) by extension 'colcon_pkg'
[0.180s] Level 1:colcon.colcon_core.package_identification:_identify(robot/action) by extensions ['colcon_meta']
[0.180s] Level 1:colcon.colcon_core.package_identification:_identify(robot/action) by extension 'colcon_meta'
[0.180s] Level 1:colcon.colcon_core.package_identification:_identify(robot/action) by extensions ['ros']
[0.180s] Level 1:colcon.colcon_core.package_identification:_identify(robot/action) by extension 'ros'
[0.181s] DEBUG:colcon.colcon_core.package_identification:Package 'robot/action' with type 'ros.ament_python' and name 'action'
[0.181s] Level 1:colcon.colcon_core.package_identification:_identify(robot/bringup_robot) by extensions ['ignore', 'ignore_ament_install']
[0.181s] Level 1:colcon.colcon_core.package_identification:_identify(robot/bringup_robot) by extension 'ignore'
[0.181s] Level 1:colcon.colcon_core.package_identification:_identify(robot/bringup_robot) by extension 'ignore_ament_install'
[0.181s] Level 1:colcon.colcon_core.package_identification:_identify(robot/bringup_robot) by extensions ['colcon_pkg']
[0.181s] Level 1:colcon.colcon_core.package_identification:_identify(robot/bringup_robot) by extension 'colcon_pkg'
[0.181s] Level 1:colcon.colcon_core.package_identification:_identify(robot/bringup_robot) by extensions ['colcon_meta']
[0.181s] Level 1:colcon.colcon_core.package_identification:_identify(robot/bringup_robot) by extension 'colcon_meta'
[0.182s] Level 1:colcon.colcon_core.package_identification:_identify(robot/bringup_robot) by extensions ['ros']
[0.182s] Level 1:colcon.colcon_core.package_identification:_identify(robot/bringup_robot) by extension 'ros'
[0.182s] DEBUG:colcon.colcon_core.package_identification:Package 'robot/bringup_robot' with type 'ros.ament_cmake' and name 'bringup_robot'
[0.182s] Level 1:colcon.colcon_core.package_identification:_identify(robot/gym_vis) by extensions ['ignore', 'ignore_ament_install']
[0.182s] Level 1:colcon.colcon_core.package_identification:_identify(robot/gym_vis) by extension 'ignore'
[0.182s] Level 1:colcon.colcon_core.package_identification:_identify(robot/gym_vis) by extension 'ignore_ament_install'
[0.182s] Level 1:colcon.colcon_core.package_identification:_identify(robot/gym_vis) by extensions ['colcon_pkg']
[0.182s] Level 1:colcon.colcon_core.package_identification:_identify(robot/gym_vis) by extension 'colcon_pkg'
[0.182s] Level 1:colcon.colcon_core.package_identification:_identify(robot/gym_vis) by extensions ['colcon_meta']
[0.182s] Level 1:colcon.colcon_core.package_identification:_identify(robot/gym_vis) by extension 'colcon_meta'
[0.182s] Level 1:colcon.colcon_core.package_identification:_identify(robot/gym_vis) by extensions ['ros']
[0.182s] Level 1:colcon.colcon_core.package_identification:_identify(robot/gym_vis) by extension 'ros'
[0.183s] DEBUG:colcon.colcon_core.package_identification:Package 'robot/gym_vis' with type 'ros.ament_cmake' and name 'gym_vis'
[0.183s] Level 1:colcon.colcon_core.package_identification:_identify(robot/safety_system) by extensions ['ignore', 'ignore_ament_install']
[0.183s] Level 1:colcon.colcon_core.package_identification:_identify(robot/safety_system) by extension 'ignore'
[0.183s] Level 1:colcon.colcon_core.package_identification:_identify(robot/safety_system) by extension 'ignore_ament_install'
[0.183s] Level 1:colcon.colcon_core.package_identification:_identify(robot/safety_system) by extensions ['colcon_pkg']
[0.183s] Level 1:colcon.colcon_core.package_identification:_identify(robot/safety_system) by extension 'colcon_pkg'
[0.183s] Level 1:colcon.colcon_core.package_identification:_identify(robot/safety_system) by extensions ['colcon_meta']
[0.183s] Level 1:colcon.colcon_core.package_identification:_identify(robot/safety_system) by extension 'colcon_meta'
[0.183s] Level 1:colcon.colcon_core.package_identification:_identify(robot/safety_system) by extensions ['ros']
[0.183s] Level 1:colcon.colcon_core.package_identification:_identify(robot/safety_system) by extension 'ros'
[0.184s] DEBUG:colcon.colcon_core.package_identification:Package 'robot/safety_system' with type 'ros.ament_cmake' and name 'safety_node'
[0.184s] Level 1:colcon.colcon_core.package_identification:_identify(wato_msgs) by extensions ['ignore', 'ignore_ament_install']
[0.184s] Level 1:colcon.colcon_core.package_identification:_identify(wato_msgs) by extension 'ignore'
[0.184s] Level 1:colcon.colcon_core.package_identification:_identify(wato_msgs) by extension 'ignore_ament_install'
[0.184s] Level 1:colcon.colcon_core.package_identification:_identify(wato_msgs) by extensions ['colcon_pkg']
[0.184s] Level 1:colcon.colcon_core.package_identification:_identify(wato_msgs) by extension 'colcon_pkg'
[0.184s] Level 1:colcon.colcon_core.package_identification:_identify(wato_msgs) by extensions ['colcon_meta']
[0.184s] Level 1:colcon.colcon_core.package_identification:_identify(wato_msgs) by extension 'colcon_meta'
[0.184s] Level 1:colcon.colcon_core.package_identification:_identify(wato_msgs) by extensions ['ros']
[0.184s] Level 1:colcon.colcon_core.package_identification:_identify(wato_msgs) by extension 'ros'
[0.184s] Level 1:colcon.colcon_core.package_identification:_identify(wato_msgs) by extensions ['cmake', 'python']
[0.184s] Level 1:colcon.colcon_core.package_identification:_identify(wato_msgs) by extension 'cmake'
[0.184s] Level 1:colcon.colcon_core.package_identification:_identify(wato_msgs) by extension 'python'
[0.184s] Level 1:colcon.colcon_core.package_identification:_identify(wato_msgs) by extensions ['python_setup_py']
[0.184s] Level 1:colcon.colcon_core.package_identification:_identify(wato_msgs) by extension 'python_setup_py'
[0.184s] Level 1:colcon.colcon_core.package_identification:_identify(wato_msgs/foxglove_msgs) by extensions ['ignore', 'ignore_ament_install']
[0.184s] Level 1:colcon.colcon_core.package_identification:_identify(wato_msgs/foxglove_msgs) by extension 'ignore'
[0.184s] Level 1:colcon.colcon_core.package_identification:_identify(wato_msgs/foxglove_msgs) by extension 'ignore_ament_install'
[0.184s] Level 1:colcon.colcon_core.package_identification:_identify(wato_msgs/foxglove_msgs) by extensions ['colcon_pkg']
[0.184s] Level 1:colcon.colcon_core.package_identification:_identify(wato_msgs/foxglove_msgs) by extension 'colcon_pkg'
[0.184s] Level 1:colcon.colcon_core.package_identification:_identify(wato_msgs/foxglove_msgs) by extensions ['colcon_meta']
[0.184s] Level 1:colcon.colcon_core.package_identification:_identify(wato_msgs/foxglove_msgs) by extension 'colcon_meta'
[0.184s] Level 1:colcon.colcon_core.package_identification:_identify(wato_msgs/foxglove_msgs) by extensions ['ros']
[0.184s] Level 1:colcon.colcon_core.package_identification:_identify(wato_msgs/foxglove_msgs) by extension 'ros'
[0.185s] DEBUG:colcon.colcon_core.package_identification:Package 'wato_msgs/foxglove_msgs' with type 'ros.ament_cmake' and name 'foxglove_msgs'
[0.185s] Level 1:colcon.colcon_core.package_identification:_identify(wato_msgs/sample_msgs) by extensions ['ignore', 'ignore_ament_install']
[0.185s] Level 1:colcon.colcon_core.package_identification:_identify(wato_msgs/sample_msgs) by extension 'ignore'
[0.185s] Level 1:colcon.colcon_core.package_identification:_identify(wato_msgs/sample_msgs) by extension 'ignore_ament_install'
[0.185s] Level 1:colcon.colcon_core.package_identification:_identify(wato_msgs/sample_msgs) by extensions ['colcon_pkg']
[0.185s] Level 1:colcon.colcon_core.package_identification:_identify(wato_msgs/sample_msgs) by extension 'colcon_pkg'
[0.185s] Level 1:colcon.colcon_core.package_identification:_identify(wato_msgs/sample_msgs) by extensions ['colcon_meta']
[0.185s] Level 1:colcon.colcon_core.package_identification:_identify(wato_msgs/sample_msgs) by extension 'colcon_meta'
[0.185s] Level 1:colcon.colcon_core.package_identification:_identify(wato_msgs/sample_msgs) by extensions ['ros']
[0.185s] Level 1:colcon.colcon_core.package_identification:_identify(wato_msgs/sample_msgs) by extension 'ros'
[0.185s] DEBUG:colcon.colcon_core.package_identification:Package 'wato_msgs/sample_msgs' with type 'ros.ament_cmake' and name 'sample_msgs'
[0.185s] Level 1:colcon.colcon_core.package_discovery:discover_packages(recursive) using defaults
[0.185s] Level 1:colcon.colcon_core.package_discovery:discover_packages(ignore) discover
[0.185s] Level 1:colcon.colcon_core.package_discovery:discover_packages(ignore) using defaults
[0.185s] Level 1:colcon.colcon_core.package_discovery:discover_packages(path) discover
[0.185s] Level 1:colcon.colcon_core.package_discovery:discover_packages(path) using defaults
[0.208s] Level 5:colcon.colcon_core.verb:set package 'action' build argument 'cmake_args' from command line to 'None'
[0.208s] Level 5:colcon.colcon_core.verb:set package 'action' build argument 'cmake_target' from command line to 'None'
[0.208s] Level 5:colcon.colcon_core.verb:set package 'action' build argument 'cmake_target_skip_unavailable' from command line to 'False'
[0.208s] Level 5:colcon.colcon_core.verb:set package 'action' build argument 'cmake_clean_cache' from command line to 'False'
[0.208s] Level 5:colcon.colcon_core.verb:set package 'action' build argument 'cmake_clean_first' from command line to 'False'
[0.208s] Level 5:colcon.colcon_core.verb:set package 'action' build argument 'cmake_force_configure' from command line to 'False'
[0.208s] Level 5:colcon.colcon_core.verb:set package 'action' build argument 'ament_cmake_args' from command line to 'None'
[0.208s] Level 5:colcon.colcon_core.verb:set package 'action' build argument 'catkin_cmake_args' from command line to 'None'
[0.208s] Level 5:colcon.colcon_core.verb:set package 'action' build argument 'catkin_skip_building_tests' from command line to 'False'
[0.208s] DEBUG:colcon.colcon_core.verb:Building package 'action' with the following arguments: {'ament_cmake_args': None, 'build_base': '/home/bolty/ament_ws/src/build/action', 'catkin_cmake_args': None, 'catkin_skip_building_tests': False, 'cmake_args': None, 'cmake_clean_cache': False, 'cmake_clean_first': False, 'cmake_force_configure': False, 'cmake_target': None, 'cmake_target_skip_unavailable': False, 'install_base': '/home/bolty/ament_ws/src/install/action', 'merge_install': False, 'path': '/home/bolty/ament_ws/src/robot/action', 'symlink_install': False, 'test_result_base': None}
[0.208s] Level 5:colcon.colcon_core.verb:set package 'foxglove_msgs' build argument 'cmake_args' from command line to 'None'
[0.208s] Level 5:colcon.colcon_core.verb:set package 'foxglove_msgs' build argument 'cmake_target' from command line to 'None'
[0.208s] Level 5:colcon.colcon_core.verb:set package 'foxglove_msgs' build argument 'cmake_target_skip_unavailable' from command line to 'False'
[0.208s] Level 5:colcon.colcon_core.verb:set package 'foxglove_msgs' build argument 'cmake_clean_cache' from command line to 'False'
[0.208s] Level 5:colcon.colcon_core.verb:set package 'foxglove_msgs' build argument 'cmake_clean_first' from command line to 'False'
[0.208s] Level 5:colcon.colcon_core.verb:set package 'foxglove_msgs' build argument 'cmake_force_configure' from command line to 'False'
[0.208s] Level 5:colcon.colcon_core.verb:set package 'foxglove_msgs' build argument 'ament_cmake_args' from command line to 'None'
[0.208s] Level 5:colcon.colcon_core.verb:set package 'foxglove_msgs' build argument 'catkin_cmake_args' from command line to 'None'
[0.208s] Level 5:colcon.colcon_core.verb:set package 'foxglove_msgs' build argument 'catkin_skip_building_tests' from command line to 'False'
[0.208s] DEBUG:colcon.colcon_core.verb:Building package 'foxglove_msgs' with the following arguments: {'ament_cmake_args': None, 'build_base': '/home/bolty/ament_ws/src/build/foxglove_msgs', 'catkin_cmake_args': None, 'catkin_skip_building_tests': False, 'cmake_args': None, 'cmake_clean_cache': False, 'cmake_clean_first': False, 'cmake_force_configure': False, 'cmake_target': None, 'cmake_target_skip_unavailable': False, 'install_base': '/home/bolty/ament_ws/src/install/foxglove_msgs', 'merge_install': False, 'path': '/home/bolty/ament_ws/src/wato_msgs/foxglove_msgs', 'symlink_install': False, 'test_result_base': None}
[0.208s] Level 5:colcon.colcon_core.verb:set package 'gym_vis' build argument 'cmake_args' from command line to 'None'
[0.208s] Level 5:colcon.colcon_core.verb:set package 'gym_vis' build argument 'cmake_target' from command line to 'None'
[0.208s] Level 5:colcon.colcon_core.verb:set package 'gym_vis' build argument 'cmake_target_skip_unavailable' from command line to 'False'
[0.208s] Level 5:colcon.colcon_core.verb:set package 'gym_vis' build argument 'cmake_clean_cache' from command line to 'False'
[0.208s] Level 5:colcon.colcon_core.verb:set package 'gym_vis' build argument 'cmake_clean_first' from command line to 'False'
[0.208s] Level 5:colcon.colcon_core.verb:set package 'gym_vis' build argument 'cmake_force_configure' from command line to 'False'
[0.208s] Level 5:colcon.colcon_core.verb:set package 'gym_vis' build argument 'ament_cmake_args' from command line to 'None'
[0.208s] Level 5:colcon.colcon_core.verb:set package 'gym_vis' build argument 'catkin_cmake_args' from command line to 'None'
[0.208s] Level 5:colcon.colcon_core.verb:set package 'gym_vis' build argument 'catkin_skip_building_tests' from command line to 'False'
[0.208s] DEBUG:colcon.colcon_core.verb:Building package 'gym_vis' with the following arguments: {'ament_cmake_args': None, 'build_base': '/home/bolty/ament_ws/src/build/gym_vis', 'catkin_cmake_args': None, 'catkin_skip_building_tests': False, 'cmake_args': None, 'cmake_clean_cache': False, 'cmake_clean_first': False, 'cmake_force_configure': False, 'cmake_target': None, 'cmake_target_skip_unavailable': False, 'install_base': '/home/bolty/ament_ws/src/install/gym_vis', 'merge_install': False, 'path': '/home/bolty/ament_ws/src/robot/gym_vis', 'symlink_install': False, 'test_result_base': None}
[0.209s] Level 5:colcon.colcon_core.verb:set package 'safety_node' build argument 'cmake_args' from command line to 'None'
[0.209s] Level 5:colcon.colcon_core.verb:set package 'safety_node' build argument 'cmake_target' from command line to 'None'
[0.209s] Level 5:colcon.colcon_core.verb:set package 'safety_node' build argument 'cmake_target_skip_unavailable' from command line to 'False'
[0.209s] Level 5:colcon.colcon_core.verb:set package 'safety_node' build argument 'cmake_clean_cache' from command line to 'False'
[0.209s] Level 5:colcon.colcon_core.verb:set package 'safety_node' build argument 'cmake_clean_first' from command line to 'False'
[0.209s] Level 5:colcon.colcon_core.verb:set package 'safety_node' build argument 'cmake_force_configure' from command line to 'False'
[0.209s] Level 5:colcon.colcon_core.verb:set package 'safety_node' build argument 'ament_cmake_args' from command line to 'None'
[0.209s] Level 5:colcon.colcon_core.verb:set package 'safety_node' build argument 'catkin_cmake_args' from command line to 'None'
[0.209s] Level 5:colcon.colcon_core.verb:set package 'safety_node' build argument 'catkin_skip_building_tests' from command line to 'False'
[0.209s] DEBUG:colcon.colcon_core.verb:Building package 'safety_node' with the following arguments: {'ament_cmake_args': None, 'build_base': '/home/bolty/ament_ws/src/build/safety_node', 'catkin_cmake_args': None, 'catkin_skip_building_tests': False, 'cmake_args': None, 'cmake_clean_cache': False, 'cmake_clean_first': False, 'cmake_force_configure': False, 'cmake_target': None, 'cmake_target_skip_unavailable': False, 'install_base': '/home/bolty/ament_ws/src/install/safety_node', 'merge_install': False, 'path': '/home/bolty/ament_ws/src/robot/safety_system', 'symlink_install': False, 'test_result_base': None}
[0.209s] Level 5:colcon.colcon_core.verb:set package 'sample_msgs' build argument 'cmake_args' from command line to 'None'
[0.209s] Level 5:colcon.colcon_core.verb:set package 'sample_msgs' build argument 'cmake_target' from command line to 'None'
[0.209s] Level 5:colcon.colcon_core.verb:set package 'sample_msgs' build argument 'cmake_target_skip_unavailable' from command line to 'False'
[0.209s] Level 5:colcon.colcon_core.verb:set package 'sample_msgs' build argument 'cmake_clean_cache' from command line to 'False'
[0.209s] Level 5:colcon.colcon_core.verb:set package 'sample_msgs' build argument 'cmake_clean_first' from command line to 'False'
[0.209s] Level 5:colcon.colcon_core.verb:set package 'sample_msgs' build argument 'cmake_force_configure' from command line to 'False'
[0.209s] Level 5:colcon.colcon_core.verb:set package 'sample_msgs' build argument 'ament_cmake_args' from command line to 'None'
[0.209s] Level 5:colcon.colcon_core.verb:set package 'sample_msgs' build argument 'catkin_cmake_args' from command line to 'None'
[0.209s] Level 5:colcon.colcon_core.verb:set package 'sample_msgs' build argument 'catkin_skip_building_tests' from command line to 'False'
[0.209s] DEBUG:colcon.colcon_core.verb:Building package 'sample_msgs' with the following arguments: {'ament_cmake_args': None, 'build_base': '/home/bolty/ament_ws/src/build/sample_msgs', 'catkin_cmake_args': None, 'catkin_skip_building_tests': False, 'cmake_args': None, 'cmake_clean_cache': False, 'cmake_clean_first': False, 'cmake_force_configure': False, 'cmake_target': None, 'cmake_target_skip_unavailable': False, 'install_base': '/home/bolty/ament_ws/src/install/sample_msgs', 'merge_install': False, 'path': '/home/bolty/ament_ws/src/wato_msgs/sample_msgs', 'symlink_install': False, 'test_result_base': None}
[0.209s] Level 5:colcon.colcon_core.verb:set package 'bringup_robot' build argument 'cmake_args' from command line to 'None'
[0.209s] Level 5:colcon.colcon_core.verb:set package 'bringup_robot' build argument 'cmake_target' from command line to 'None'
[0.209s] Level 5:colcon.colcon_core.verb:set package 'bringup_robot' build argument 'cmake_target_skip_unavailable' from command line to 'False'
[0.209s] Level 5:colcon.colcon_core.verb:set package 'bringup_robot' build argument 'cmake_clean_cache' from command line to 'False'
[0.209s] Level 5:colcon.colcon_core.verb:set package 'bringup_robot' build argument 'cmake_clean_first' from command line to 'False'
[0.209s] Level 5:colcon.colcon_core.verb:set package 'bringup_robot' build argument 'cmake_force_configure' from command line to 'False'
[0.209s] Level 5:colcon.colcon_core.verb:set package 'bringup_robot' build argument 'ament_cmake_args' from command line to 'None'
[0.209s] Level 5:colcon.colcon_core.verb:set package 'bringup_robot' build argument 'catkin_cmake_args' from command line to 'None'
[0.209s] Level 5:colcon.colcon_core.verb:set package 'bringup_robot' build argument 'catkin_skip_building_tests' from command line to 'False'
[0.209s] DEBUG:colcon.colcon_core.verb:Building package 'bringup_robot' with the following arguments: {'ament_cmake_args': None, 'build_base': '/home/bolty/ament_ws/src/build/bringup_robot', 'catkin_cmake_args': None, 'catkin_skip_building_tests': False, 'cmake_args': None, 'cmake_clean_cache': False, 'cmake_clean_first': False, 'cmake_force_configure': False, 'cmake_target': None, 'cmake_target_skip_unavailable': False, 'install_base': '/home/bolty/ament_ws/src/install/bringup_robot', 'merge_install': False, 'path': '/home/bolty/ament_ws/src/robot/bringup_robot', 'symlink_install': False, 'test_result_base': None}
[0.209s] INFO:colcon.colcon_core.executor:Executing jobs using 'parallel' executor
[0.210s] DEBUG:colcon.colcon_parallel_executor.executor.parallel:run_until_complete
[0.211s] INFO:colcon.colcon_ros.task.ament_cmake.build:Building ROS package in '/home/bolty/ament_ws/src/robot/gym_vis' with build type 'ament_cmake'
[0.211s] INFO:colcon.colcon_cmake.task.cmake.build:Building CMake package in '/home/bolty/ament_ws/src/robot/gym_vis'
[0.214s] INFO:colcon.colcon_core.plugin_system:Skipping extension 'colcon_core.shell.bat': Not used on non-Windows systems
[0.214s] INFO:colcon.colcon_core.shell:Skip shell extension 'powershell' for command environment: Not usable outside of PowerShell
[0.214s] DEBUG:colcon.colcon_core.shell:Skip shell extension 'dsv' for command environment
[0.220s] INFO:colcon.colcon_ros.task.ament_python.build:Building ROS package in '/home/bolty/ament_ws/src/robot/action' with build type 'ament_python'
[0.220s] Level 1:colcon.colcon_core.shell:create_environment_hook('action', 'ament_prefix_path')
[0.221s] INFO:colcon.colcon_core.shell:Creating environment hook '/home/bolty/ament_ws/src/install/action/share/action/hook/ament_prefix_path.ps1'
[0.221s] INFO:colcon.colcon_core.shell:Creating environment descriptor '/home/bolty/ament_ws/src/install/action/share/action/hook/ament_prefix_path.dsv'
[0.222s] INFO:colcon.colcon_core.shell:Creating environment hook '/home/bolty/ament_ws/src/install/action/share/action/hook/ament_prefix_path.sh'
[0.223s] INFO:colcon.colcon_core.shell:Skip shell extension 'powershell' for command environment: Not usable outside of PowerShell
[0.223s] DEBUG:colcon.colcon_core.shell:Skip shell extension 'dsv' for command environment
[0.227s] INFO:colcon.colcon_ros.task.ament_cmake.build:Building ROS package in '/home/bolty/ament_ws/src/wato_msgs/foxglove_msgs' with build type 'ament_cmake'
[0.228s] INFO:colcon.colcon_cmake.task.cmake.build:Building CMake package in '/home/bolty/ament_ws/src/wato_msgs/foxglove_msgs'
[0.228s] INFO:colcon.colcon_core.shell:Skip shell extension 'powershell' for command environment: Not usable outside of PowerShell
[0.228s] DEBUG:colcon.colcon_core.shell:Skip shell extension 'dsv' for command environment
[0.233s] INFO:colcon.colcon_ros.task.ament_cmake.build:Building ROS package in '/home/bolty/ament_ws/src/robot/safety_system' with build type 'ament_cmake'
[0.233s] INFO:colcon.colcon_cmake.task.cmake.build:Building CMake package in '/home/bolty/ament_ws/src/robot/safety_system'
[0.234s] INFO:colcon.colcon_core.shell:Skip shell extension 'powershell' for command environment: Not usable outside of PowerShell
[0.234s] DEBUG:colcon.colcon_core.shell:Skip shell extension 'dsv' for command environment
[0.237s] INFO:colcon.colcon_ros.task.ament_cmake.build:Building ROS package in '/home/bolty/ament_ws/src/wato_msgs/sample_msgs' with build type 'ament_cmake'
[0.237s] INFO:colcon.colcon_cmake.task.cmake.build:Building CMake package in '/home/bolty/ament_ws/src/wato_msgs/sample_msgs'
[0.237s] INFO:colcon.colcon_core.shell:Skip shell extension 'powershell' for command environment: Not usable outside of PowerShell
[0.237s] DEBUG:colcon.colcon_core.shell:Skip shell extension 'dsv' for command environment
[0.247s] DEBUG:colcon.colcon_core.event_handler.log_command:Invoking command in '/home/bolty/ament_ws/src/build/gym_vis': CMAKE_PREFIX_PATH=${CMAKE_PREFIX_PATH}:/home/bolty/ament_ws/src/install/action:/opt/watonomous/action:/opt/ros/humble /usr/bin/cmake --build /home/bolty/ament_ws/src/build/gym_vis -- -j16 -l16
[0.418s] INFO:colcon.colcon_core.task.python.build:Building Python package in '/home/bolty/ament_ws/src/robot/action'
[0.418s] INFO:colcon.colcon_core.shell:Skip shell extension 'powershell' for command environment: Not usable outside of PowerShell
[0.418s] DEBUG:colcon.colcon_core.shell:Skip shell extension 'dsv' for command environment
[0.422s] DEBUG:colcon.colcon_core.event_handler.log_command:Invoking command in '/home/bolty/ament_ws/src/build/foxglove_msgs': CMAKE_PREFIX_PATH=${CMAKE_PREFIX_PATH}:/home/bolty/ament_ws/src/install/action:/opt/watonomous/action:/opt/ros/humble /usr/bin/cmake --build /home/bolty/ament_ws/src/build/foxglove_msgs -- -j16 -l16
[0.425s] DEBUG:colcon.colcon_core.event_handler.log_command:Invoking command in '/home/bolty/ament_ws/src/build/safety_node': CMAKE_PREFIX_PATH=${CMAKE_PREFIX_PATH}:/home/bolty/ament_ws/src/install/action:/opt/watonomous/action:/opt/ros/humble /usr/bin/cmake --build /home/bolty/ament_ws/src/build/safety_node -- -j16 -l16
[0.431s] DEBUG:colcon.colcon_core.event_handler.log_command:Invoking command in '/home/bolty/ament_ws/src/build/sample_msgs': CMAKE_PREFIX_PATH=${CMAKE_PREFIX_PATH}:/home/bolty/ament_ws/src/install/action:/opt/watonomous/action:/opt/ros/humble /usr/bin/cmake --build /home/bolty/ament_ws/src/build/sample_msgs -- -j16 -l16
[0.431s] DEBUG:colcon.colcon_core.event_handler.log_command:Invoked command in '/home/bolty/ament_ws/src/build/gym_vis' returned '0': CMAKE_PREFIX_PATH=${CMAKE_PREFIX_PATH}:/home/bolty/ament_ws/src/install/action:/opt/watonomous/action:/opt/ros/humble /usr/bin/cmake --build /home/bolty/ament_ws/src/build/gym_vis -- -j16 -l16
[0.456s] DEBUG:colcon.colcon_core.event_handler.log_command:Invoking command in '/home/bolty/ament_ws/src/build/gym_vis': CMAKE_PREFIX_PATH=${CMAKE_PREFIX_PATH}:/home/bolty/ament_ws/src/install/action:/opt/watonomous/action:/opt/ros/humble /usr/bin/cmake --install /home/bolty/ament_ws/src/build/gym_vis
[0.458s] DEBUG:colcon.colcon_core.event_handler.log_command:Invoked command in '/home/bolty/ament_ws/src/build/foxglove_msgs' returned '0': CMAKE_PREFIX_PATH=${CMAKE_PREFIX_PATH}:/home/bolty/ament_ws/src/install/action:/opt/watonomous/action:/opt/ros/humble /usr/bin/cmake --build /home/bolty/ament_ws/src/build/foxglove_msgs -- -j16 -l16
[0.465s] Level 1:colcon.colcon_core.environment:create_environment_scripts_only(gym_vis)
[0.467s] DEBUG:colcon.colcon_core.event_handler.log_command:Invoked command in '/home/bolty/ament_ws/src/build/gym_vis' returned '0': CMAKE_PREFIX_PATH=${CMAKE_PREFIX_PATH}:/home/bolty/ament_ws/src/install/action:/opt/watonomous/action:/opt/ros/humble /usr/bin/cmake --install /home/bolty/ament_ws/src/build/gym_vis
[0.470s] Level 1:colcon.colcon_core.environment:checking '/home/bolty/ament_ws/src/install/gym_vis' for CMake module files
[0.471s] Level 1:colcon.colcon_core.environment:checking '/home/bolty/ament_ws/src/install/gym_vis' for CMake config files
[0.471s] Level 1:colcon.colcon_core.shell:create_environment_hook('gym_vis', 'cmake_prefix_path')
[0.471s] INFO:colcon.colcon_core.shell:Creating environment hook '/home/bolty/ament_ws/src/install/gym_vis/share/gym_vis/hook/cmake_prefix_path.ps1'
[0.472s] INFO:colcon.colcon_core.shell:Creating environment descriptor '/home/bolty/ament_ws/src/install/gym_vis/share/gym_vis/hook/cmake_prefix_path.dsv'
[0.473s] INFO:colcon.colcon_core.shell:Creating environment hook '/home/bolty/ament_ws/src/install/gym_vis/share/gym_vis/hook/cmake_prefix_path.sh'
[0.474s] Level 1:colcon.colcon_core.environment:checking '/home/bolty/ament_ws/src/install/gym_vis/lib'
[0.474s] Level 1:colcon.colcon_core.environment:checking '/home/bolty/ament_ws/src/install/gym_vis/bin'
[0.474s] Level 1:colcon.colcon_core.environment:checking '/home/bolty/ament_ws/src/install/gym_vis/lib/pkgconfig/gym_vis.pc'
[0.475s] Level 1:colcon.colcon_core.environment:checking '/home/bolty/ament_ws/src/install/gym_vis/lib/python3.10/site-packages'
[0.475s] Level 1:colcon.colcon_core.environment:checking '/home/bolty/ament_ws/src/install/gym_vis/bin'
[0.475s] INFO:colcon.colcon_core.shell:Creating package script '/home/bolty/ament_ws/src/install/gym_vis/share/gym_vis/package.ps1'
[0.476s] INFO:colcon.colcon_core.shell:Creating package descriptor '/home/bolty/ament_ws/src/install/gym_vis/share/gym_vis/package.dsv'
[0.477s] INFO:colcon.colcon_core.shell:Creating package script '/home/bolty/ament_ws/src/install/gym_vis/share/gym_vis/package.sh'
[0.478s] INFO:colcon.colcon_core.shell:Creating package script '/home/bolty/ament_ws/src/install/gym_vis/share/gym_vis/package.bash'
[0.479s] INFO:colcon.colcon_core.shell:Creating package script '/home/bolty/ament_ws/src/install/gym_vis/share/gym_vis/package.zsh'
[0.481s] Level 1:colcon.colcon_core.environment:create_file_with_runtime_dependencies(/home/bolty/ament_ws/src/install/gym_vis/share/colcon-core/packages/gym_vis)
[0.489s] DEBUG:colcon.colcon_core.event_handler.log_command:Invoking command in '/home/bolty/ament_ws/src/build/foxglove_msgs': CMAKE_PREFIX_PATH=${CMAKE_PREFIX_PATH}:/home/bolty/ament_ws/src/install/action:/opt/watonomous/action:/opt/ros/humble /usr/bin/cmake --install /home/bolty/ament_ws/src/build/foxglove_msgs
[0.511s] Level 1:colcon.colcon_core.environment:create_environment_scripts_only(foxglove_msgs)
[0.511s] Level 1:colcon.colcon_core.environment:checking '/home/bolty/ament_ws/src/install/foxglove_msgs' for CMake module files
[0.512s] Level 1:colcon.colcon_core.environment:checking '/home/bolty/ament_ws/src/install/foxglove_msgs' for CMake config files
[0.512s] Level 1:colcon.colcon_core.shell:create_environment_hook('foxglove_msgs', 'cmake_prefix_path')
[0.513s] INFO:colcon.colcon_core.shell:Creating environment hook '/home/bolty/ament_ws/src/install/foxglove_msgs/share/foxglove_msgs/hook/cmake_prefix_path.ps1'
[0.513s] DEBUG:colcon.colcon_core.event_handler.log_command:Invoked command in '/home/bolty/ament_ws/src/build/foxglove_msgs' returned '0': CMAKE_PREFIX_PATH=${CMAKE_PREFIX_PATH}:/home/bolty/ament_ws/src/install/action:/opt/watonomous/action:/opt/ros/humble /usr/bin/cmake --install /home/bolty/ament_ws/src/build/foxglove_msgs
[0.514s] INFO:colcon.colcon_core.shell:Creating environment descriptor '/home/bolty/ament_ws/src/install/foxglove_msgs/share/foxglove_msgs/hook/cmake_prefix_path.dsv'
[0.514s] INFO:colcon.colcon_core.shell:Creating environment hook '/home/bolty/ament_ws/src/install/foxglove_msgs/share/foxglove_msgs/hook/cmake_prefix_path.sh'
[0.515s] Level 1:colcon.colcon_core.environment:checking '/home/bolty/ament_ws/src/install/foxglove_msgs/bin'
[0.515s] Level 1:colcon.colcon_core.environment:checking '/home/bolty/ament_ws/src/install/foxglove_msgs/lib/pkgconfig/foxglove_msgs.pc'
[0.516s] Level 1:colcon.colcon_core.environment:checking '/home/bolty/ament_ws/src/install/foxglove_msgs/lib/python3.10/site-packages'
[0.516s] Level 1:colcon.colcon_core.environment:checking '/home/bolty/ament_ws/src/install/foxglove_msgs/bin'
[0.517s] INFO:colcon.colcon_core.shell:Creating package script '/home/bolty/ament_ws/src/install/foxglove_msgs/share/foxglove_msgs/package.ps1'
[0.517s] INFO:colcon.colcon_core.shell:Creating package descriptor '/home/bolty/ament_ws/src/install/foxglove_msgs/share/foxglove_msgs/package.dsv'
[0.518s] INFO:colcon.colcon_core.shell:Creating package script '/home/bolty/ament_ws/src/install/foxglove_msgs/share/foxglove_msgs/package.sh'
[0.518s] INFO:colcon.colcon_core.shell:Creating package script '/home/bolty/ament_ws/src/install/foxglove_msgs/share/foxglove_msgs/package.bash'
[0.519s] INFO:colcon.colcon_core.shell:Creating package script '/home/bolty/ament_ws/src/install/foxglove_msgs/share/foxglove_msgs/package.zsh'
[0.519s] Level 1:colcon.colcon_core.environment:create_file_with_runtime_dependencies(/home/bolty/ament_ws/src/install/foxglove_msgs/share/colcon-core/packages/foxglove_msgs)
[0.520s] Level 1:colcon.colcon_core.environment:create_environment_scripts_only(gym_vis)
[0.521s] Level 1:colcon.colcon_core.environment:checking '/home/bolty/ament_ws/src/install/gym_vis' for CMake module files
[0.522s] Level 1:colcon.colcon_core.environment:checking '/home/bolty/ament_ws/src/install/gym_vis' for CMake config files
[0.522s] Level 1:colcon.colcon_core.shell:create_environment_hook('gym_vis', 'cmake_prefix_path')
[0.522s] INFO:colcon.colcon_core.shell:Creating environment hook '/home/bolty/ament_ws/src/install/gym_vis/share/gym_vis/hook/cmake_prefix_path.ps1'
[0.523s] INFO:colcon.colcon_core.shell:Creating environment descriptor '/home/bolty/ament_ws/src/install/gym_vis/share/gym_vis/hook/cmake_prefix_path.dsv'
[0.523s] INFO:colcon.colcon_core.shell:Creating environment hook '/home/bolty/ament_ws/src/install/gym_vis/share/gym_vis/hook/cmake_prefix_path.sh'
[0.524s] Level 1:colcon.colcon_core.environment:checking '/home/bolty/ament_ws/src/install/gym_vis/lib'
[0.524s] Level 1:colcon.colcon_core.environment:checking '/home/bolty/ament_ws/src/install/gym_vis/bin'
[0.524s] Level 1:colcon.colcon_core.environment:checking '/home/bolty/ament_ws/src/install/gym_vis/lib/pkgconfig/gym_vis.pc'
[0.525s] Level 1:colcon.colcon_core.environment:checking '/home/bolty/ament_ws/src/install/gym_vis/lib/python3.10/site-packages'
[0.525s] Level 1:colcon.colcon_core.environment:checking '/home/bolty/ament_ws/src/install/gym_vis/bin'
[0.525s] INFO:colcon.colcon_core.shell:Creating package script '/home/bolty/ament_ws/src/install/gym_vis/share/gym_vis/package.ps1'
[0.526s] INFO:colcon.colcon_core.shell:Creating package descriptor '/home/bolty/ament_ws/src/install/gym_vis/share/gym_vis/package.dsv'
[0.527s] INFO:colcon.colcon_core.shell:Creating package script '/home/bolty/ament_ws/src/install/gym_vis/share/gym_vis/package.sh'
[0.528s] INFO:colcon.colcon_core.shell:Creating package script '/home/bolty/ament_ws/src/install/gym_vis/share/gym_vis/package.bash'
[0.528s] INFO:colcon.colcon_core.shell:Creating package script '/home/bolty/ament_ws/src/install/gym_vis/share/gym_vis/package.zsh'
[0.529s] Level 1:colcon.colcon_core.environment:create_file_with_runtime_dependencies(/home/bolty/ament_ws/src/install/gym_vis/share/colcon-core/packages/gym_vis)
[0.530s] INFO:colcon.colcon_ros.task.ament_cmake.build:Building ROS package in '/home/bolty/ament_ws/src/robot/bringup_robot' with build type 'ament_cmake'
[0.530s] INFO:colcon.colcon_cmake.task.cmake.build:Building CMake package in '/home/bolty/ament_ws/src/robot/bringup_robot'
[0.530s] INFO:colcon.colcon_core.shell:Skip shell extension 'powershell' for command environment: Not usable outside of PowerShell
[0.530s] DEBUG:colcon.colcon_core.shell:Skip shell extension 'dsv' for command environment
[0.537s] Level 1:colcon.colcon_core.environment:create_environment_scripts_only(foxglove_msgs)
[0.538s] Level 1:colcon.colcon_core.environment:checking '/home/bolty/ament_ws/src/install/foxglove_msgs' for CMake module files
[0.538s] Level 1:colcon.colcon_core.environment:checking '/home/bolty/ament_ws/src/install/foxglove_msgs' for CMake config files
[0.538s] Level 1:colcon.colcon_core.shell:create_environment_hook('foxglove_msgs', 'cmake_prefix_path')
[0.539s] INFO:colcon.colcon_core.shell:Creating environment hook '/home/bolty/ament_ws/src/install/foxglove_msgs/share/foxglove_msgs/hook/cmake_prefix_path.ps1'
[0.539s] INFO:colcon.colcon_core.shell:Creating environment descriptor '/home/bolty/ament_ws/src/install/foxglove_msgs/share/foxglove_msgs/hook/cmake_prefix_path.dsv'
[0.540s] INFO:colcon.colcon_core.shell:Creating environment hook '/home/bolty/ament_ws/src/install/foxglove_msgs/share/foxglove_msgs/hook/cmake_prefix_path.sh'
[0.540s] Level 1:colcon.colcon_core.environment:checking '/home/bolty/ament_ws/src/install/foxglove_msgs/bin'
[0.540s] Level 1:colcon.colcon_core.environment:checking '/home/bolty/ament_ws/src/install/foxglove_msgs/lib/pkgconfig/foxglove_msgs.pc'
[0.540s] Level 1:colcon.colcon_core.environment:checking '/home/bolty/ament_ws/src/install/foxglove_msgs/lib/python3.10/site-packages'
[0.541s] Level 1:colcon.colcon_core.environment:checking '/home/bolty/ament_ws/src/install/foxglove_msgs/bin'
[0.541s] INFO:colcon.colcon_core.shell:Creating package script '/home/bolty/ament_ws/src/install/foxglove_msgs/share/foxglove_msgs/package.ps1'
[0.541s] INFO:colcon.colcon_core.shell:Creating package descriptor '/home/bolty/ament_ws/src/install/foxglove_msgs/share/foxglove_msgs/package.dsv'
[0.542s] INFO:colcon.colcon_core.shell:Creating package script '/home/bolty/ament_ws/src/install/foxglove_msgs/share/foxglove_msgs/package.sh'
[0.542s] INFO:colcon.colcon_core.shell:Creating package script '/home/bolty/ament_ws/src/install/foxglove_msgs/share/foxglove_msgs/package.bash'
[0.542s] INFO:colcon.colcon_core.shell:Creating package script '/home/bolty/ament_ws/src/install/foxglove_msgs/share/foxglove_msgs/package.zsh'
[0.542s] Level 1:colcon.colcon_core.environment:create_file_with_runtime_dependencies(/home/bolty/ament_ws/src/install/foxglove_msgs/share/colcon-core/packages/foxglove_msgs)
[0.545s] DEBUG:colcon.colcon_core.event_handler.log_command:Invoking command in '/home/bolty/ament_ws/src/build/bringup_robot': CMAKE_PREFIX_PATH=/home/bolty/ament_ws/src/install/gym_vis:/home/bolty/ament_ws/src/install/sample_msgs:/home/bolty/ament_ws/src/install/safety_node:/home/bolty/ament_ws/src/install/bringup_robot:/home/bolty/ament_ws/src/install/foxglove_msgs:/opt/watonomous/safety_node:/opt/watonomous/bringup_robot:/opt/watonomous/gym_vis:/home/bolty/ament_ws/src/install/action:/opt/watonomous/action:/opt/ros/humble /usr/bin/cmake --build /home/bolty/ament_ws/src/build/bringup_robot -- -j16 -l16
[0.581s] DEBUG:colcon.colcon_core.event_handler.log_command:Invoked command in '/home/bolty/ament_ws/src/build/bringup_robot' returned '0': CMAKE_PREFIX_PATH=/home/bolty/ament_ws/src/install/gym_vis:/home/bolty/ament_ws/src/install/sample_msgs:/home/bolty/ament_ws/src/install/safety_node:/home/bolty/ament_ws/src/install/bringup_robot:/home/bolty/ament_ws/src/install/foxglove_msgs:/opt/watonomous/safety_node:/opt/watonomous/bringup_robot:/opt/watonomous/gym_vis:/home/bolty/ament_ws/src/install/action:/opt/watonomous/action:/opt/ros/humble /usr/bin/cmake --build /home/bolty/ament_ws/src/build/bringup_robot -- -j16 -l16
[0.609s] DEBUG:colcon.colcon_core.event_handler.log_command:Invoking command in '/home/bolty/ament_ws/src/build/bringup_robot': CMAKE_PREFIX_PATH=/home/bolty/ament_ws/src/install/gym_vis:/home/bolty/ament_ws/src/install/sample_msgs:/home/bolty/ament_ws/src/install/safety_node:/home/bolty/ament_ws/src/install/bringup_robot:/home/bolty/ament_ws/src/install/foxglove_msgs:/opt/watonomous/safety_node:/opt/watonomous/bringup_robot:/opt/watonomous/gym_vis:/home/bolty/ament_ws/src/install/action:/opt/watonomous/action:/opt/ros/humble /usr/bin/cmake --install /home/bolty/ament_ws/src/build/bringup_robot
[0.618s] Level 1:colcon.colcon_core.environment:create_environment_scripts_only(bringup_robot)
[0.618s] Level 1:colcon.colcon_core.environment:checking '/home/bolty/ament_ws/src/install/bringup_robot' for CMake module files
[0.619s] DEBUG:colcon.colcon_core.event_handler.log_command:Invoked command in '/home/bolty/ament_ws/src/build/bringup_robot' returned '0': CMAKE_PREFIX_PATH=/home/bolty/ament_ws/src/install/gym_vis:/home/bolty/ament_ws/src/install/sample_msgs:/home/bolty/ament_ws/src/install/safety_node:/home/bolty/ament_ws/src/install/bringup_robot:/home/bolty/ament_ws/src/install/foxglove_msgs:/opt/watonomous/safety_node:/opt/watonomous/bringup_robot:/opt/watonomous/gym_vis:/home/bolty/ament_ws/src/install/action:/opt/watonomous/action:/opt/ros/humble /usr/bin/cmake --install /home/bolty/ament_ws/src/build/bringup_robot
[0.619s] Level 1:colcon.colcon_core.environment:checking '/home/bolty/ament_ws/src/install/bringup_robot' for CMake config files
[0.619s] Level 1:colcon.colcon_core.shell:create_environment_hook('bringup_robot', 'cmake_prefix_path')
[0.620s] INFO:colcon.colcon_core.shell:Creating environment hook '/home/bolty/ament_ws/src/install/bringup_robot/share/bringup_robot/hook/cmake_prefix_path.ps1'
[0.620s] INFO:colcon.colcon_core.shell:Creating environment descriptor '/home/bolty/ament_ws/src/install/bringup_robot/share/bringup_robot/hook/cmake_prefix_path.dsv'
[0.620s] INFO:colcon.colcon_core.shell:Creating environment hook '/home/bolty/ament_ws/src/install/bringup_robot/share/bringup_robot/hook/cmake_prefix_path.sh'
[0.621s] Level 1:colcon.colcon_core.environment:checking '/home/bolty/ament_ws/src/install/bringup_robot/bin'
[0.621s] Level 1:colcon.colcon_core.environment:checking '/home/bolty/ament_ws/src/install/bringup_robot/lib/pkgconfig/bringup_robot.pc'
[0.621s] Level 1:colcon.colcon_core.environment:checking '/home/bolty/ament_ws/src/install/bringup_robot/lib/python3.10/site-packages'
[0.621s] Level 1:colcon.colcon_core.environment:checking '/home/bolty/ament_ws/src/install/bringup_robot/bin'
[0.621s] INFO:colcon.colcon_core.shell:Creating package script '/home/bolty/ament_ws/src/install/bringup_robot/share/bringup_robot/package.ps1'
[0.622s] INFO:colcon.colcon_core.shell:Creating package descriptor '/home/bolty/ament_ws/src/install/bringup_robot/share/bringup_robot/package.dsv'
[0.622s] INFO:colcon.colcon_core.shell:Creating package script '/home/bolty/ament_ws/src/install/bringup_robot/share/bringup_robot/package.sh'
[0.623s] INFO:colcon.colcon_core.shell:Creating package script '/home/bolty/ament_ws/src/install/bringup_robot/share/bringup_robot/package.bash'
[0.623s] INFO:colcon.colcon_core.shell:Creating package script '/home/bolty/ament_ws/src/install/bringup_robot/share/bringup_robot/package.zsh'
[0.623s] Level 1:colcon.colcon_core.environment:create_file_with_runtime_dependencies(/home/bolty/ament_ws/src/install/bringup_robot/share/colcon-core/packages/bringup_robot)
[0.641s] Level 1:colcon.colcon_core.environment:create_environment_scripts_only(bringup_robot)
[0.641s] Level 1:colcon.colcon_core.environment:checking '/home/bolty/ament_ws/src/install/bringup_robot' for CMake module files
[0.642s] Level 1:colcon.colcon_core.environment:checking '/home/bolty/ament_ws/src/install/bringup_robot' for CMake config files
[0.642s] Level 1:colcon.colcon_core.shell:create_environment_hook('bringup_robot', 'cmake_prefix_path')
[0.642s] INFO:colcon.colcon_core.shell:Creating environment hook '/home/bolty/ament_ws/src/install/bringup_robot/share/bringup_robot/hook/cmake_prefix_path.ps1'
[0.643s] INFO:colcon.colcon_core.shell:Creating environment descriptor '/home/bolty/ament_ws/src/install/bringup_robot/share/bringup_robot/hook/cmake_prefix_path.dsv'
[0.643s] INFO:colcon.colcon_core.shell:Creating environment hook '/home/bolty/ament_ws/src/install/bringup_robot/share/bringup_robot/hook/cmake_prefix_path.sh'
[0.644s] Level 1:colcon.colcon_core.environment:checking '/home/bolty/ament_ws/src/install/bringup_robot/bin'
[0.644s] Level 1:colcon.colcon_core.environment:checking '/home/bolty/ament_ws/src/install/bringup_robot/lib/pkgconfig/bringup_robot.pc'
[0.644s] Level 1:colcon.colcon_core.environment:checking '/home/bolty/ament_ws/src/install/bringup_robot/lib/python3.10/site-packages'
[0.645s] Level 1:colcon.colcon_core.environment:checking '/home/bolty/ament_ws/src/install/bringup_robot/bin'
[0.645s] INFO:colcon.colcon_core.shell:Creating package script '/home/bolty/ament_ws/src/install/bringup_robot/share/bringup_robot/package.ps1'
[0.646s] INFO:colcon.colcon_core.shell:Creating package descriptor '/home/bolty/ament_ws/src/install/bringup_robot/share/bringup_robot/package.dsv'
[0.646s] INFO:colcon.colcon_core.shell:Creating package script '/home/bolty/ament_ws/src/install/bringup_robot/share/bringup_robot/package.sh'
[0.647s] INFO:colcon.colcon_core.shell:Creating package script '/home/bolty/ament_ws/src/install/bringup_robot/share/bringup_robot/package.bash'
[0.647s] INFO:colcon.colcon_core.shell:Creating package script '/home/bolty/ament_ws/src/install/bringup_robot/share/bringup_robot/package.zsh'
[0.648s] Level 1:colcon.colcon_core.environment:create_file_with_runtime_dependencies(/home/bolty/ament_ws/src/install/bringup_robot/share/colcon-core/packages/bringup_robot)
[0.720s] DEBUG:colcon.colcon_core.event_handler.log_command:Invoking command in '/home/bolty/ament_ws/src/robot/action': PYTHONPATH=/home/bolty/ament_ws/src/build/action/prefix_override:/usr/lib/python3/dist-packages/colcon_core/task/python/colcon_distutils_commands:/home/bolty/ament_ws/src/install/action/lib/python3.10/site-packages:${PYTHONPATH} /usr/bin/python3 -W ignore:setup.py install is deprecated setup.py egg_info --egg-base ../../build/action build --build-base /home/bolty/ament_ws/src/build/action/build install --record /home/bolty/ament_ws/src/build/action/install.log --single-version-externally-managed install_data
[0.721s] DEBUG:colcon.colcon_core.event_handler.log_command:Invoked command in '/home/bolty/ament_ws/src/build/sample_msgs' returned '0': CMAKE_PREFIX_PATH=${CMAKE_PREFIX_PATH}:/home/bolty/ament_ws/src/install/action:/opt/watonomous/action:/opt/ros/humble /usr/bin/cmake --build /home/bolty/ament_ws/src/build/sample_msgs -- -j16 -l16
[0.828s] DEBUG:colcon.colcon_core.event_handler.log_command:Invoking command in '/home/bolty/ament_ws/src/build/sample_msgs': CMAKE_PREFIX_PATH=${CMAKE_PREFIX_PATH}:/home/bolty/ament_ws/src/install/action:/opt/watonomous/action:/opt/ros/humble /usr/bin/cmake --install /home/bolty/ament_ws/src/build/sample_msgs
[0.888s] Level 1:colcon.colcon_core.environment:create_environment_scripts_only(sample_msgs)
[0.888s] Level 1:colcon.colcon_core.environment:checking '/home/bolty/ament_ws/src/install/sample_msgs' for CMake module files
[0.889s] DEBUG:colcon.colcon_core.event_handler.log_command:Invoked command in '/home/bolty/ament_ws/src/build/sample_msgs' returned '0': CMAKE_PREFIX_PATH=${CMAKE_PREFIX_PATH}:/home/bolty/ament_ws/src/install/action:/opt/watonomous/action:/opt/ros/humble /usr/bin/cmake --install /home/bolty/ament_ws/src/build/sample_msgs
[0.889s] Level 1:colcon.colcon_core.environment:checking '/home/bolty/ament_ws/src/install/sample_msgs' for CMake config files
[0.890s] Level 1:colcon.colcon_core.shell:create_environment_hook('sample_msgs', 'cmake_prefix_path')
[0.890s] INFO:colcon.colcon_core.shell:Creating environment hook '/home/bolty/ament_ws/src/install/sample_msgs/share/sample_msgs/hook/cmake_prefix_path.ps1'
[0.890s] INFO:colcon.colcon_core.shell:Creating environment descriptor '/home/bolty/ament_ws/src/install/sample_msgs/share/sample_msgs/hook/cmake_prefix_path.dsv'
[0.890s] INFO:colcon.colcon_core.shell:Creating environment hook '/home/bolty/ament_ws/src/install/sample_msgs/share/sample_msgs/hook/cmake_prefix_path.sh'
[0.891s] Level 1:colcon.colcon_core.environment:checking '/home/bolty/ament_ws/src/install/sample_msgs/lib'
[0.891s] Level 1:colcon.colcon_core.shell:create_environment_hook('sample_msgs', 'ld_library_path_lib')
[0.891s] INFO:colcon.colcon_core.shell:Creating environment hook '/home/bolty/ament_ws/src/install/sample_msgs/share/sample_msgs/hook/ld_library_path_lib.ps1'
[0.891s] INFO:colcon.colcon_core.shell:Creating environment descriptor '/home/bolty/ament_ws/src/install/sample_msgs/share/sample_msgs/hook/ld_library_path_lib.dsv'
[0.892s] INFO:colcon.colcon_core.shell:Creating environment hook '/home/bolty/ament_ws/src/install/sample_msgs/share/sample_msgs/hook/ld_library_path_lib.sh'
[0.892s] Level 1:colcon.colcon_core.environment:checking '/home/bolty/ament_ws/src/install/sample_msgs/bin'
[0.892s] Level 1:colcon.colcon_core.environment:checking '/home/bolty/ament_ws/src/install/sample_msgs/lib/pkgconfig/sample_msgs.pc'
[0.892s] Level 1:colcon.colcon_core.environment:checking '/home/bolty/ament_ws/src/install/sample_msgs/lib/python3.10/site-packages'
[0.892s] Level 1:colcon.colcon_core.environment:checking '/home/bolty/ament_ws/src/install/sample_msgs/bin'
[0.893s] INFO:colcon.colcon_core.shell:Creating package script '/home/bolty/ament_ws/src/install/sample_msgs/share/sample_msgs/package.ps1'
[0.893s] INFO:colcon.colcon_core.shell:Creating package descriptor '/home/bolty/ament_ws/src/install/sample_msgs/share/sample_msgs/package.dsv'
[0.893s] INFO:colcon.colcon_core.shell:Creating package script '/home/bolty/ament_ws/src/install/sample_msgs/share/sample_msgs/package.sh'
[0.893s] INFO:colcon.colcon_core.shell:Creating package script '/home/bolty/ament_ws/src/install/sample_msgs/share/sample_msgs/package.bash'
[0.894s] INFO:colcon.colcon_core.shell:Creating package script '/home/bolty/ament_ws/src/install/sample_msgs/share/sample_msgs/package.zsh'
[0.894s] Level 1:colcon.colcon_core.environment:create_file_with_runtime_dependencies(/home/bolty/ament_ws/src/install/sample_msgs/share/colcon-core/packages/sample_msgs)
[1.003s] Level 1:colcon.colcon_core.environment:create_environment_scripts_only(sample_msgs)
[1.004s] Level 1:colcon.colcon_core.environment:checking '/home/bolty/ament_ws/src/install/sample_msgs' for CMake module files
[1.005s] Level 1:colcon.colcon_core.environment:checking '/home/bolty/ament_ws/src/install/sample_msgs' for CMake config files
[1.006s] Level 1:colcon.colcon_core.shell:create_environment_hook('sample_msgs', 'cmake_prefix_path')
[1.006s] INFO:colcon.colcon_core.shell:Creating environment hook '/home/bolty/ament_ws/src/install/sample_msgs/share/sample_msgs/hook/cmake_prefix_path.ps1'
[1.007s] INFO:colcon.colcon_core.shell:Creating environment descriptor '/home/bolty/ament_ws/src/install/sample_msgs/share/sample_msgs/hook/cmake_prefix_path.dsv'
[1.008s] INFO:colcon.colcon_core.shell:Creating environment hook '/home/bolty/ament_ws/src/install/sample_msgs/share/sample_msgs/hook/cmake_prefix_path.sh'
[1.008s] Level 1:colcon.colcon_core.environment:checking '/home/bolty/ament_ws/src/install/sample_msgs/lib'
[1.009s] Level 1:colcon.colcon_core.shell:create_environment_hook('sample_msgs', 'ld_library_path_lib')
[1.009s] INFO:colcon.colcon_core.shell:Creating environment hook '/home/bolty/ament_ws/src/install/sample_msgs/share/sample_msgs/hook/ld_library_path_lib.ps1'
[1.009s] INFO:colcon.colcon_core.shell:Creating environment descriptor '/home/bolty/ament_ws/src/install/sample_msgs/share/sample_msgs/hook/ld_library_path_lib.dsv'
[1.010s] INFO:colcon.colcon_core.shell:Creating environment hook '/home/bolty/ament_ws/src/install/sample_msgs/share/sample_msgs/hook/ld_library_path_lib.sh'
[1.010s] Level 1:colcon.colcon_core.environment:checking '/home/bolty/ament_ws/src/install/sample_msgs/bin'
[1.010s] Level 1:colcon.colcon_core.environment:checking '/home/bolty/ament_ws/src/install/sample_msgs/lib/pkgconfig/sample_msgs.pc'
[1.011s] Level 1:colcon.colcon_core.environment:checking '/home/bolty/ament_ws/src/install/sample_msgs/lib/python3.10/site-packages'
[1.011s] Level 1:colcon.colcon_core.environment:checking '/home/bolty/ament_ws/src/install/sample_msgs/bin'
[1.011s] INFO:colcon.colcon_core.shell:Creating package script '/home/bolty/ament_ws/src/install/sample_msgs/share/sample_msgs/package.ps1'
[1.012s] INFO:colcon.colcon_core.shell:Creating package descriptor '/home/bolty/ament_ws/src/install/sample_msgs/share/sample_msgs/package.dsv'
[1.013s] INFO:colcon.colcon_core.shell:Creating package script '/home/bolty/ament_ws/src/install/sample_msgs/share/sample_msgs/package.sh'
[1.014s] INFO:colcon.colcon_core.shell:Creating package script '/home/bolty/ament_ws/src/install/sample_msgs/share/sample_msgs/package.bash'
[1.014s] INFO:colcon.colcon_core.shell:Creating package script '/home/bolty/ament_ws/src/install/sample_msgs/share/sample_msgs/package.zsh'
[1.015s] Level 1:colcon.colcon_core.environment:create_file_with_runtime_dependencies(/home/bolty/ament_ws/src/install/sample_msgs/share/colcon-core/packages/sample_msgs)
[1.022s] Level 1:colcon.colcon_core.environment:checking '/home/bolty/ament_ws/src/install/action' for CMake module files
[1.023s] DEBUG:colcon.colcon_core.event_handler.log_command:Invoked command in '/home/bolty/ament_ws/src/robot/action' returned '0': PYTHONPATH=/home/bolty/ament_ws/src/build/action/prefix_override:/usr/lib/python3/dist-packages/colcon_core/task/python/colcon_distutils_commands:/home/bolty/ament_ws/src/install/action/lib/python3.10/site-packages:${PYTHONPATH} /usr/bin/python3 -W ignore:setup.py install is deprecated setup.py egg_info --egg-base ../../build/action build --build-base /home/bolty/ament_ws/src/build/action/build install --record /home/bolty/ament_ws/src/build/action/install.log --single-version-externally-managed install_data
[1.023s] Level 1:colcon.colcon_core.environment:checking '/home/bolty/ament_ws/src/install/action' for CMake config files
[1.023s] Level 1:colcon.colcon_core.environment:checking '/home/bolty/ament_ws/src/install/action/lib'
[1.023s] Level 1:colcon.colcon_core.environment:checking '/home/bolty/ament_ws/src/install/action/bin'
[1.023s] Level 1:colcon.colcon_core.environment:checking '/home/bolty/ament_ws/src/install/action/lib/pkgconfig/action.pc'
[1.024s] Level 1:colcon.colcon_core.environment:checking '/home/bolty/ament_ws/src/install/action/lib/python3.10/site-packages'
[1.024s] Level 1:colcon.colcon_core.shell:create_environment_hook('action', 'pythonpath')
[1.024s] INFO:colcon.colcon_core.shell:Creating environment hook '/home/bolty/ament_ws/src/install/action/share/action/hook/pythonpath.ps1'
[1.024s] INFO:colcon.colcon_core.shell:Creating environment descriptor '/home/bolty/ament_ws/src/install/action/share/action/hook/pythonpath.dsv'
[1.024s] INFO:colcon.colcon_core.shell:Creating environment hook '/home/bolty/ament_ws/src/install/action/share/action/hook/pythonpath.sh'
[1.025s] Level 1:colcon.colcon_core.environment:checking '/home/bolty/ament_ws/src/install/action/bin'
[1.025s] Level 1:colcon.colcon_core.environment:create_environment_scripts_only(action)
[1.025s] INFO:colcon.colcon_core.shell:Creating package script '/home/bolty/ament_ws/src/install/action/share/action/package.ps1'
[1.025s] INFO:colcon.colcon_core.shell:Creating package descriptor '/home/bolty/ament_ws/src/install/action/share/action/package.dsv'
[1.026s] INFO:colcon.colcon_core.shell:Creating package script '/home/bolty/ament_ws/src/install/action/share/action/package.sh'
[1.026s] INFO:colcon.colcon_core.shell:Creating package script '/home/bolty/ament_ws/src/install/action/share/action/package.bash'
[1.026s] INFO:colcon.colcon_core.shell:Creating package script '/home/bolty/ament_ws/src/install/action/share/action/package.zsh'
[1.026s] Level 1:colcon.colcon_core.environment:create_file_with_runtime_dependencies(/home/bolty/ament_ws/src/install/action/share/colcon-core/packages/action)
[11.920s] DEBUG:colcon.colcon_core.event_handler.log_command:Invoked command in '/home/bolty/ament_ws/src/build/safety_node' returned '0': CMAKE_PREFIX_PATH=${CMAKE_PREFIX_PATH}:/home/bolty/ament_ws/src/install/action:/opt/watonomous/action:/opt/ros/humble /usr/bin/cmake --build /home/bolty/ament_ws/src/build/safety_node -- -j16 -l16
[11.940s] DEBUG:colcon.colcon_core.event_handler.log_command:Invoking command in '/home/bolty/ament_ws/src/build/safety_node': CMAKE_PREFIX_PATH=${CMAKE_PREFIX_PATH}:/home/bolty/ament_ws/src/install/action:/opt/watonomous/action:/opt/ros/humble /usr/bin/cmake --install /home/bolty/ament_ws/src/build/safety_node
[11.953s] Level 1:colcon.colcon_core.environment:create_environment_scripts_only(safety_node)
[11.953s] Level 1:colcon.colcon_core.environment:checking '/home/bolty/ament_ws/src/install/safety_node' for CMake module files
[11.953s] DEBUG:colcon.colcon_core.event_handler.log_command:Invoked command in '/home/bolty/ament_ws/src/build/safety_node' returned '0': CMAKE_PREFIX_PATH=${CMAKE_PREFIX_PATH}:/home/bolty/ament_ws/src/install/action:/opt/watonomous/action:/opt/ros/humble /usr/bin/cmake --install /home/bolty/ament_ws/src/build/safety_node
[11.954s] Level 1:colcon.colcon_core.environment:checking '/home/bolty/ament_ws/src/install/safety_node' for CMake config files
[11.954s] Level 1:colcon.colcon_core.shell:create_environment_hook('safety_node', 'cmake_prefix_path')
[11.955s] INFO:colcon.colcon_core.shell:Creating environment hook '/home/bolty/ament_ws/src/install/safety_node/share/safety_node/hook/cmake_prefix_path.ps1'
[11.955s] INFO:colcon.colcon_core.shell:Creating environment descriptor '/home/bolty/ament_ws/src/install/safety_node/share/safety_node/hook/cmake_prefix_path.dsv'
[11.956s] INFO:colcon.colcon_core.shell:Creating environment hook '/home/bolty/ament_ws/src/install/safety_node/share/safety_node/hook/cmake_prefix_path.sh'
[11.956s] Level 1:colcon.colcon_core.environment:checking '/home/bolty/ament_ws/src/install/safety_node/lib'
[11.957s] Level 1:colcon.colcon_core.environment:checking '/home/bolty/ament_ws/src/install/safety_node/bin'
[11.957s] Level 1:colcon.colcon_core.environment:checking '/home/bolty/ament_ws/src/install/safety_node/lib/pkgconfig/safety_node.pc'
[11.957s] Level 1:colcon.colcon_core.environment:checking '/home/bolty/ament_ws/src/install/safety_node/lib/python3.10/site-packages'
[11.957s] Level 1:colcon.colcon_core.environment:checking '/home/bolty/ament_ws/src/install/safety_node/bin'
[11.957s] INFO:colcon.colcon_core.shell:Creating package script '/home/bolty/ament_ws/src/install/safety_node/share/safety_node/package.ps1'
[11.958s] INFO:colcon.colcon_core.shell:Creating package descriptor '/home/bolty/ament_ws/src/install/safety_node/share/safety_node/package.dsv'
[11.958s] INFO:colcon.colcon_core.shell:Creating package script '/home/bolty/ament_ws/src/install/safety_node/share/safety_node/package.sh'
[11.959s] INFO:colcon.colcon_core.shell:Creating package script '/home/bolty/ament_ws/src/install/safety_node/share/safety_node/package.bash'
[11.959s] INFO:colcon.colcon_core.shell:Creating package script '/home/bolty/ament_ws/src/install/safety_node/share/safety_node/package.zsh'
[11.960s] Level 1:colcon.colcon_core.environment:create_file_with_runtime_dependencies(/home/bolty/ament_ws/src/install/safety_node/share/colcon-core/packages/safety_node)
[11.982s] Level 1:colcon.colcon_core.environment:create_environment_scripts_only(safety_node)
[11.982s] Level 1:colcon.colcon_core.environment:checking '/home/bolty/ament_ws/src/install/safety_node' for CMake module files
[11.982s] Level 1:colcon.colcon_core.environment:checking '/home/bolty/ament_ws/src/install/safety_node' for CMake config files
[11.982s] Level 1:colcon.colcon_core.shell:create_environment_hook('safety_node', 'cmake_prefix_path')
[11.983s] INFO:colcon.colcon_core.shell:Creating environment hook '/home/bolty/ament_ws/src/install/safety_node/share/safety_node/hook/cmake_prefix_path.ps1'
[11.983s] INFO:colcon.colcon_core.shell:Creating environment descriptor '/home/bolty/ament_ws/src/install/safety_node/share/safety_node/hook/cmake_prefix_path.dsv'
[11.983s] INFO:colcon.colcon_core.shell:Creating environment hook '/home/bolty/ament_ws/src/install/safety_node/share/safety_node/hook/cmake_prefix_path.sh'
[11.984s] Level 1:colcon.colcon_core.environment:checking '/home/bolty/ament_ws/src/install/safety_node/lib'
[11.984s] Level 1:colcon.colcon_core.environment:checking '/home/bolty/ament_ws/src/install/safety_node/bin'
[11.984s] Level 1:colcon.colcon_core.environment:checking '/home/bolty/ament_ws/src/install/safety_node/lib/pkgconfig/safety_node.pc'
[11.984s] Level 1:colcon.colcon_core.environment:checking '/home/bolty/ament_ws/src/install/safety_node/lib/python3.10/site-packages'
[11.984s] Level 1:colcon.colcon_core.environment:checking '/home/bolty/ament_ws/src/install/safety_node/bin'
[11.984s] INFO:colcon.colcon_core.shell:Creating package script '/home/bolty/ament_ws/src/install/safety_node/share/safety_node/package.ps1'
[11.985s] INFO:colcon.colcon_core.shell:Creating package descriptor '/home/bolty/ament_ws/src/install/safety_node/share/safety_node/package.dsv'
[11.985s] INFO:colcon.colcon_core.shell:Creating package script '/home/bolty/ament_ws/src/install/safety_node/share/safety_node/package.sh'
[11.985s] INFO:colcon.colcon_core.shell:Creating package script '/home/bolty/ament_ws/src/install/safety_node/share/safety_node/package.bash'
[11.986s] INFO:colcon.colcon_core.shell:Creating package script '/home/bolty/ament_ws/src/install/safety_node/share/safety_node/package.zsh'
[11.986s] Level 1:colcon.colcon_core.environment:create_file_with_runtime_dependencies(/home/bolty/ament_ws/src/install/safety_node/share/colcon-core/packages/safety_node)
[11.986s] DEBUG:colcon.colcon_parallel_executor.executor.parallel:closing loop
[11.986s] DEBUG:colcon.colcon_parallel_executor.executor.parallel:loop closed
[11.986s] DEBUG:colcon.colcon_parallel_executor.executor.parallel:run_until_complete finished with '0'
[11.987s] DEBUG:colcon.colcon_core.event_reactor:joining thread
[11.990s] INFO:colcon.colcon_core.plugin_system:Skipping extension 'colcon_notification.desktop_notification.notify_send': Could not find 'notify-send'
[11.991s] INFO:colcon.colcon_core.plugin_system:Skipping extension 'colcon_notification.desktop_notification.terminal_notifier': Not used on non-Darwin systems
[11.991s] INFO:colcon.colcon_core.plugin_system:Skipping extension 'colcon_notification.desktop_notification.win32': Not used on non-Windows systems
[11.991s] INFO:colcon.colcon_notification.desktop_notification:Sending desktop notification using 'notify2'
[11.993s] DEBUG:colcon.colcon_notification.desktop_notification.notify2:Failed to initialize notify2: org.freedesktop.DBus.Error.Spawn.ExecFailed: /usr/bin/dbus-launch terminated abnormally without any error message
[11.994s] DEBUG:colcon.colcon_core.event_reactor:joined thread
[11.994s] INFO:colcon.colcon_core.shell:Creating prefix script '/home/bolty/ament_ws/src/install/local_setup.ps1'
[11.995s] INFO:colcon.colcon_core.shell:Creating prefix util module '/home/bolty/ament_ws/src/install/_local_setup_util_ps1.py'
[11.996s] INFO:colcon.colcon_core.shell:Creating prefix chain script '/home/bolty/ament_ws/src/install/setup.ps1'
[11.997s] INFO:colcon.colcon_core.shell:Creating prefix script '/home/bolty/ament_ws/src/install/local_setup.sh'
[11.998s] INFO:colcon.colcon_core.shell:Creating prefix util module '/home/bolty/ament_ws/src/install/_local_setup_util_sh.py'
[11.998s] INFO:colcon.colcon_core.shell:Creating prefix chain script '/home/bolty/ament_ws/src/install/setup.sh'
[11.999s] INFO:colcon.colcon_core.shell:Creating prefix script '/home/bolty/ament_ws/src/install/local_setup.bash'
[12.000s] INFO:colcon.colcon_core.shell:Creating prefix chain script '/home/bolty/ament_ws/src/install/setup.bash'
[12.000s] INFO:colcon.colcon_core.shell:Creating prefix script '/home/bolty/ament_ws/src/install/local_setup.zsh'
[12.001s] INFO:colcon.colcon_core.shell:Creating prefix chain script '/home/bolty/ament_ws/src/install/setup.zsh'
