[100%] Built target gym_vis_node
-- Install configuration: ""
-- Installing: /home/rraina/wato_f1tenth/install/gym_vis/share/gym_vis/assets
-- Installing: /home/rraina/wato_f1tenth/install/gym_vis/share/gym_vis/assets/f1tenth_car.stl
-- Installing: /home/rraina/wato_f1tenth/install/gym_vis/lib/gym_vis/gym_vis_node
-- Set non-toolchain portion of runtime path of "/home/rraina/wato_f1tenth/install/gym_vis/lib/gym_vis/gym_vis_node" to ""
-- Installing: /home/rraina/wato_f1tenth/install/gym_vis/share/ament_index/resource_index/package_run_dependencies/gym_vis
-- Installing: /home/rraina/wato_f1tenth/install/gym_vis/share/ament_index/resource_index/parent_prefix_path/gym_vis
-- Installing: /home/rraina/wato_f1tenth/install/gym_vis/share/gym_vis/environment/ament_prefix_path.sh
-- Installing: /home/rraina/wato_f1tenth/install/gym_vis/share/gym_vis/environment/ament_prefix_path.dsv
-- Installing: /home/rraina/wato_f1tenth/install/gym_vis/share/gym_vis/environment/path.sh
-- Installing: /home/rraina/wato_f1tenth/install/gym_vis/share/gym_vis/environment/path.dsv
-- Installing: /home/rraina/wato_f1tenth/install/gym_vis/share/gym_vis/local_setup.bash
-- Installing: /home/rraina/wato_f1tenth/install/gym_vis/share/gym_vis/local_setup.sh
-- Installing: /home/rraina/wato_f1tenth/install/gym_vis/share/gym_vis/local_setup.zsh
-- Installing: /home/rraina/wato_f1tenth/install/gym_vis/share/gym_vis/local_setup.dsv
-- Installing: /home/rraina/wato_f1tenth/install/gym_vis/share/gym_vis/package.dsv
-- Installing: /home/rraina/wato_f1tenth/install/gym_vis/share/ament_index/resource_index/packages/gym_vis
-- Installing: /home/rraina/wato_f1tenth/install/gym_vis/share/gym_vis/cmake/gym_visConfig.cmake
-- Installing: /home/rraina/wato_f1tenth/install/gym_vis/share/gym_vis/cmake/gym_visConfig-version.cmake
-- Installing: /home/rraina/wato_f1tenth/install/gym_vis/share/gym_vis/package.xml
