[0.026s] Invoking command in '/home/rraina/wato_f1tenth/build/pure_persuit': CMAKE_PREFIX_PATH=${CMAKE_PREFIX_PATH}:/opt/ros/jazzy /usr/bin/cmake --build /home/rraina/wato_f1tenth/build/pure_persuit -- -j22 -l22
[0.223s] [100%] Built target pure_persuit_node
[0.245s] Invoked command in '/home/rraina/wato_f1tenth/build/pure_persuit' returned '0': CMAKE_PREFIX_PATH=${CMAKE_PREFIX_PATH}:/opt/ros/jazzy /usr/bin/cmake --build /home/rraina/wato_f1tenth/build/pure_persuit -- -j22 -l22
[0.267s] Invoking command in '/home/rraina/wato_f1tenth/build/pure_persuit': CMAKE_PREFIX_PATH=${CMAKE_PREFIX_PATH}:/opt/ros/jazzy /usr/bin/cmake --install /home/rraina/wato_f1tenth/build/pure_persuit
[0.283s] -- Install configuration: ""
[0.284s] -- Installing: /home/rraina/wato_f1tenth/install/pure_persuit/lib/pure_persuit/pure_persuit_node
[0.338s] -- Set non-toolchain portion of runtime path of "/home/rraina/wato_f1tenth/install/pure_persuit/lib/pure_persuit/pure_persuit_node" to ""
[0.341s] -- Installing: /home/rraina/wato_f1tenth/install/pure_persuit/share/ament_index/resource_index/package_run_dependencies/pure_persuit
[0.343s] -- Installing: /home/rraina/wato_f1tenth/install/pure_persuit/share/ament_index/resource_index/parent_prefix_path/pure_persuit
[0.344s] -- Installing: /home/rraina/wato_f1tenth/install/pure_persuit/share/pure_persuit/environment/ament_prefix_path.sh
[0.346s] -- Installing: /home/rraina/wato_f1tenth/install/pure_persuit/share/pure_persuit/environment/ament_prefix_path.dsv
[0.347s] -- Installing: /home/rraina/wato_f1tenth/install/pure_persuit/share/pure_persuit/environment/path.sh
[0.349s] -- Installing: /home/rraina/wato_f1tenth/install/pure_persuit/share/pure_persuit/environment/path.dsv
[0.350s] -- Installing: /home/rraina/wato_f1tenth/install/pure_persuit/share/pure_persuit/local_setup.bash
[0.351s] -- Installing: /home/rraina/wato_f1tenth/install/pure_persuit/share/pure_persuit/local_setup.sh
[0.352s] -- Installing: /home/rraina/wato_f1tenth/install/pure_persuit/share/pure_persuit/local_setup.zsh
[0.353s] -- Installing: /home/rraina/wato_f1tenth/install/pure_persuit/share/pure_persuit/local_setup.dsv
[0.353s] -- Installing: /home/rraina/wato_f1tenth/install/pure_persuit/share/pure_persuit/package.dsv
[0.354s] -- Installing: /home/rraina/wato_f1tenth/install/pure_persuit/share/ament_index/resource_index/packages/pure_persuit
[0.355s] -- Installing: /home/rraina/wato_f1tenth/install/pure_persuit/share/pure_persuit/cmake/pure_persuitConfig.cmake
[0.356s] -- Installing: /home/rraina/wato_f1tenth/install/pure_persuit/share/pure_persuit/cmake/pure_persuitConfig-version.cmake
[0.358s] -- Installing: /home/rraina/wato_f1tenth/install/pure_persuit/share/pure_persuit/package.xml
[0.407s] Invoked command in '/home/rraina/wato_f1tenth/build/pure_persuit' returned '0': CMAKE_PREFIX_PATH=${CMAKE_PREFIX_PATH}:/opt/ros/jazzy /usr/bin/cmake --install /home/rraina/wato_f1tenth/build/pure_persuit
