[0.493s] Invoking command in '/home/rraina/wato_f1tenth/build/transform_broadcast': CMAKE_PREFIX_PATH=${CMAKE_PREFIX_PATH}:/opt/ros/jazzy /usr/bin/cmake /home/rraina/wato_f1tenth/src/robot/transform_broadcast -DBUILD_TESTING=OFF -DCMAKE_INSTALL_PREFIX=/home/rraina/wato_f1tenth/install/transform_broadcast
[0.547s] -- Found ament_cmake: 2.5.5 (/opt/ros/jazzy/share/ament_cmake/cmake)
[0.811s] -- Found rclcpp: 28.1.16 (/opt/ros/jazzy/share/rclcpp/cmake)
[1.068s] -- Found rosidl_generator_c: 4.6.7 (/opt/ros/jazzy/share/rosidl_generator_c/cmake)
[1.083s] -- Found rosidl_generator_cpp: 4.6.7 (/opt/ros/jazzy/share/rosidl_generator_cpp/cmake)
[1.093s] -- Using all available rosidl_typesupport_c: rosidl_typesupport_fastrtps_c;rosidl_typesupport_introspection_c
[1.120s] -- Using all available rosidl_typesupport_cpp: rosidl_typesupport_fastrtps_cpp;rosidl_typesupport_introspection_cpp
[1.189s] -- Found rmw_implementation_cmake: 7.3.3 (/opt/ros/jazzy/share/rmw_implementation_cmake/cmake)
[1.191s] -- Found rmw_fastrtps_cpp: 8.4.3 (/opt/ros/jazzy/share/rmw_fastrtps_cpp/cmake)
[1.552s] -- Using RMW implementation 'rmw_fastrtps_cpp' as default
[1.811s] -- Found nav_msgs: 5.3.6 (/opt/ros/jazzy/share/nav_msgs/cmake)
[1.916s] -- Found tf2_ros: 0.36.19 (/opt/ros/jazzy/share/tf2_ros/cmake)
[2.070s] -- Found tf2_geometry_msgs: 0.36.19 (/opt/ros/jazzy/share/tf2_geometry_msgs/cmake)
[2.070s] -- Found eigen3_cmake_module: 0.3.0 (/opt/ros/jazzy/share/eigen3_cmake_module/cmake)
[2.071s] -- Ensuring Eigen3 include directory is part of orocos-kdl CMake target
[2.164s] -- Configuring done (1.7s)
[2.211s] -- Generating done (0.0s)
[2.212s] -- Build files have been written to: /home/rraina/wato_f1tenth/build/transform_broadcast
[2.219s] Invoked command in '/home/rraina/wato_f1tenth/build/transform_broadcast' returned '0': CMAKE_PREFIX_PATH=${CMAKE_PREFIX_PATH}:/opt/ros/jazzy /usr/bin/cmake /home/rraina/wato_f1tenth/src/robot/transform_broadcast -DBUILD_TESTING=OFF -DCMAKE_INSTALL_PREFIX=/home/rraina/wato_f1tenth/install/transform_broadcast
[2.220s] Invoking command in '/home/rraina/wato_f1tenth/build/transform_broadcast': CMAKE_PREFIX_PATH=${CMAKE_PREFIX_PATH}:/opt/ros/jazzy /usr/bin/cmake --build /home/rraina/wato_f1tenth/build/transform_broadcast -- -j22 -l22
[2.300s] [100%] Built target transform_broadcast_node
[2.316s] Invoked command in '/home/rraina/wato_f1tenth/build/transform_broadcast' returned '0': CMAKE_PREFIX_PATH=${CMAKE_PREFIX_PATH}:/opt/ros/jazzy /usr/bin/cmake --build /home/rraina/wato_f1tenth/build/transform_broadcast -- -j22 -l22
[2.318s] Invoking command in '/home/rraina/wato_f1tenth/build/transform_broadcast': CMAKE_PREFIX_PATH=${CMAKE_PREFIX_PATH}:/opt/ros/jazzy /usr/bin/cmake --install /home/rraina/wato_f1tenth/build/transform_broadcast
[2.326s] -- Install configuration: ""
[2.328s] -- Up-to-date: /home/rraina/wato_f1tenth/install/transform_broadcast/lib/transform_broadcast/transform_broadcast_node
[2.329s] -- Up-to-date: /home/rraina/wato_f1tenth/install/transform_broadcast/share/ament_index/resource_index/package_run_dependencies/transform_broadcast
[2.330s] -- Up-to-date: /home/rraina/wato_f1tenth/install/transform_broadcast/share/ament_index/resource_index/parent_prefix_path/transform_broadcast
[2.330s] -- Up-to-date: /home/rraina/wato_f1tenth/install/transform_broadcast/share/transform_broadcast/environment/ament_prefix_path.sh
[2.331s] -- Up-to-date: /home/rraina/wato_f1tenth/install/transform_broadcast/share/transform_broadcast/environment/ament_prefix_path.dsv
[2.332s] -- Up-to-date: /home/rraina/wato_f1tenth/install/transform_broadcast/share/transform_broadcast/environment/path.sh
[2.333s] -- Up-to-date: /home/rraina/wato_f1tenth/install/transform_broadcast/share/transform_broadcast/environment/path.dsv
[2.333s] -- Up-to-date: /home/rraina/wato_f1tenth/install/transform_broadcast/share/transform_broadcast/local_setup.bash
[2.333s] -- Up-to-date: /home/rraina/wato_f1tenth/install/transform_broadcast/share/transform_broadcast/local_setup.sh
[2.334s] -- Up-to-date: /home/rraina/wato_f1tenth/install/transform_broadcast/share/transform_broadcast/local_setup.zsh
[2.335s] -- Up-to-date: /home/rraina/wato_f1tenth/install/transform_broadcast/share/transform_broadcast/local_setup.dsv
[2.336s] -- Installing: /home/rraina/wato_f1tenth/install/transform_broadcast/share/transform_broadcast/package.dsv
[2.340s] -- Up-to-date: /home/rraina/wato_f1tenth/install/transform_broadcast/share/ament_index/resource_index/packages/transform_broadcast
[2.340s] -- Up-to-date: /home/rraina/wato_f1tenth/install/transform_broadcast/share/transform_broadcast/cmake/transform_broadcastConfig.cmake
[2.340s] -- Up-to-date: /home/rraina/wato_f1tenth/install/transform_broadcast/share/transform_broadcast/cmake/transform_broadcastConfig-version.cmake
[2.340s] -- Up-to-date: /home/rraina/wato_f1tenth/install/transform_broadcast/share/transform_broadcast/package.xml
[2.342s] Invoked command in '/home/rraina/wato_f1tenth/build/transform_broadcast' returned '0': CMAKE_PREFIX_PATH=${CMAKE_PREFIX_PATH}:/opt/ros/jazzy /usr/bin/cmake --install /home/rraina/wato_f1tenth/build/transform_broadcast
