running egg_info
creating ../../build/action/action.egg-info
writing ../../build/action/action.egg-info/PKG-INFO
writing dependency_links to ../../build/action/action.egg-info/dependency_links.txt
writing entry points to ../../build/action/action.egg-info/entry_points.txt
writing requirements to ../../build/action/action.egg-info/requires.txt
writing top-level names to ../../build/action/action.egg-info/top_level.txt
writing manifest file '../../build/action/action.egg-info/SOURCES.txt'
reading manifest file '../../build/action/action.egg-info/SOURCES.txt'
adding license file 'LICENSE'
writing manifest file '../../build/action/action.egg-info/SOURCES.txt'
running build
running build_py
creating /home/bolty/ament_ws/src/build/action/build
creating /home/bolty/ament_ws/src/build/action/build/lib
creating /home/bolty/ament_ws/src/build/action/build/lib/action
copying action/__init__.py -> /home/bolty/ament_ws/src/build/action/build/lib/action
running install
running install_lib
creating /home/bolty/ament_ws/src/install/action/lib/python3.10/site-packages/action
copying /home/bolty/ament_ws/src/build/action/build/lib/action/__init__.py -> /home/bolty/ament_ws/src/install/action/lib/python3.10/site-packages/action
byte-compiling /home/bolty/ament_ws/src/install/action/lib/python3.10/site-packages/action/__init__.py to __init__.cpython-310.pyc
running install_data
creating /home/bolty/ament_ws/src/install/action/share/ament_index
creating /home/bolty/ament_ws/src/install/action/share/ament_index/resource_index
creating /home/bolty/ament_ws/src/install/action/share/ament_index/resource_index/packages
copying resource/action -> /home/bolty/ament_ws/src/install/action/share/ament_index/resource_index/packages
copying package.xml -> /home/bolty/ament_ws/src/install/action/share/action
running install_egg_info
Copying ../../build/action/action.egg-info to /home/bolty/ament_ws/src/install/action/lib/python3.10/site-packages/action-0.0.0-py3.10.egg-info
running install_scripts
writing list of installed files to '/home/bolty/ament_ws/src/build/action/install.log'
