[0.722s] Invoking command in '/home/bolty/ament_ws/src/robot/action': PYTHONPATH=/home/bolty/ament_ws/src/build/action/prefix_override:/usr/lib/python3/dist-packages/colcon_core/task/python/colcon_distutils_commands:/home/bolty/ament_ws/src/install/action/lib/python3.10/site-packages:${PYTHONPATH} /usr/bin/python3 -W ignore:setup.py install is deprecated setup.py egg_info --egg-base ../../build/action build --build-base /home/bolty/ament_ws/src/build/action/build install --record /home/bolty/ament_ws/src/build/action/install.log --single-version-externally-managed install_data
[0.998s] running egg_info
[0.999s] creating ../../build/action/action.egg-info
[0.999s] writing ../../build/action/action.egg-info/PKG-INFO
[0.999s] writing dependency_links to ../../build/action/action.egg-info/dependency_links.txt
[0.999s] writing entry points to ../../build/action/action.egg-info/entry_points.txt
[0.999s] writing requirements to ../../build/action/action.egg-info/requires.txt
[1.000s] writing top-level names to ../../build/action/action.egg-info/top_level.txt
[1.000s] writing manifest file '../../build/action/action.egg-info/SOURCES.txt'
[1.001s] reading manifest file '../../build/action/action.egg-info/SOURCES.txt'
[1.001s] adding license file 'LICENSE'
[1.002s] writing manifest file '../../build/action/action.egg-info/SOURCES.txt'
[1.002s] running build
[1.002s] running build_py
[1.003s] creating /home/bolty/ament_ws/src/build/action/build
[1.003s] creating /home/bolty/ament_ws/src/build/action/build/lib
[1.003s] creating /home/bolty/ament_ws/src/build/action/build/lib/action
[1.003s] copying action/__init__.py -> /home/bolty/ament_ws/src/build/action/build/lib/action
[1.003s] running install
[1.003s] running install_lib
[1.004s] creating /home/bolty/ament_ws/src/install/action/lib/python3.10/site-packages/action
[1.004s] copying /home/bolty/ament_ws/src/build/action/build/lib/action/__init__.py -> /home/bolty/ament_ws/src/install/action/lib/python3.10/site-packages/action
[1.006s] byte-compiling /home/bolty/ament_ws/src/install/action/lib/python3.10/site-packages/action/__init__.py to __init__.cpython-310.pyc
[1.006s] running install_data
[1.006s] creating /home/bolty/ament_ws/src/install/action/share/ament_index
[1.006s] creating /home/bolty/ament_ws/src/install/action/share/ament_index/resource_index
[1.006s] creating /home/bolty/ament_ws/src/install/action/share/ament_index/resource_index/packages
[1.007s] copying resource/action -> /home/bolty/ament_ws/src/install/action/share/ament_index/resource_index/packages
[1.007s] copying package.xml -> /home/bolty/ament_ws/src/install/action/share/action
[1.007s] running install_egg_info
[1.009s] Copying ../../build/action/action.egg-info to /home/bolty/ament_ws/src/install/action/lib/python3.10/site-packages/action-0.0.0-py3.10.egg-info
[1.010s] running install_scripts
[1.039s] writing list of installed files to '/home/bolty/ament_ws/src/build/action/install.log'
[1.077s] Invoked command in '/home/bolty/ament_ws/src/robot/action' returned '0': PYTHONPATH=/home/bolty/ament_ws/src/build/action/prefix_override:/usr/lib/python3/dist-packages/colcon_core/task/python/colcon_distutils_commands:/home/bolty/ament_ws/src/install/action/lib/python3.10/site-packages:${PYTHONPATH} /usr/bin/python3 -W ignore:setup.py install is deprecated setup.py egg_info --egg-base ../../build/action build --build-base /home/bolty/ament_ws/src/build/action/build install --record /home/bolty/ament_ws/src/build/action/install.log --single-version-externally-managed install_data
