[0.108s] Invoking command in '/home/rraina/wato_f1tenth/build/bringup_robot': AMENT_PREFIX_PATH=/home/rraina/wato_f1tenth/install/gym_vis:${AMENT_PREFIX_PATH} CMAKE_PREFIX_PATH=/home/rraina/wato_f1tenth/install/gym_vis:/opt/ros/jazzy/opt/gz_sim_vendor:/opt/ros/jazzy/opt/gz_sensors_vendor:/opt/ros/jazzy/opt/gz_physics_vendor:/opt/ros/jazzy/opt/sdformat_vendor:/opt/ros/jazzy/opt/gz_gui_vendor:/opt/ros/jazzy/opt/gz_transport_vendor:/opt/ros/jazzy/opt/gz_rendering_vendor:/opt/ros/jazzy/opt/gz_plugin_vendor:/opt/ros/jazzy/opt/gz_fuel_tools_vendor:/opt/ros/jazzy/opt/gz_msgs_vendor:/opt/ros/jazzy/opt/gz_common_vendor:/opt/ros/jazzy/opt/gz_math_vendor:/opt/ros/jazzy/opt/gz_utils_vendor:/opt/ros/jazzy/opt/gz_tools_vendor:/opt/ros/jazzy/opt/gz_ogre_next_vendor:/opt/ros/jazzy/opt/gz_dartsim_vendor:/opt/ros/jazzy/opt/gz_cmake_vendor:/opt/ros/jazzy /usr/bin/cmake /home/rraina/wato_f1tenth/src/robot/bringup_robot -DBUILD_TESTING=OFF -DCMAKE_INSTALL_PREFIX=/home/rraina/wato_f1tenth/install/bringup_robot
[0.125s] -- Found ament_cmake: 2.5.5 (/opt/ros/jazzy/share/ament_cmake/cmake)
[0.500s] -- Configuring done (0.4s)
[0.509s] -- Generating done (0.0s)
[0.512s] -- Build files have been written to: /home/rraina/wato_f1tenth/build/bringup_robot
[0.514s] Invoked command in '/home/rraina/wato_f1tenth/build/bringup_robot' returned '0': AMENT_PREFIX_PATH=/home/rraina/wato_f1tenth/install/gym_vis:${AMENT_PREFIX_PATH} CMAKE_PREFIX_PATH=/home/rraina/wato_f1tenth/install/gym_vis:/opt/ros/jazzy/opt/gz_sim_vendor:/opt/ros/jazzy/opt/gz_sensors_vendor:/opt/ros/jazzy/opt/gz_physics_vendor:/opt/ros/jazzy/opt/sdformat_vendor:/opt/ros/jazzy/opt/gz_gui_vendor:/opt/ros/jazzy/opt/gz_transport_vendor:/opt/ros/jazzy/opt/gz_rendering_vendor:/opt/ros/jazzy/opt/gz_plugin_vendor:/opt/ros/jazzy/opt/gz_fuel_tools_vendor:/opt/ros/jazzy/opt/gz_msgs_vendor:/opt/ros/jazzy/opt/gz_common_vendor:/opt/ros/jazzy/opt/gz_math_vendor:/opt/ros/jazzy/opt/gz_utils_vendor:/opt/ros/jazzy/opt/gz_tools_vendor:/opt/ros/jazzy/opt/gz_ogre_next_vendor:/opt/ros/jazzy/opt/gz_dartsim_vendor:/opt/ros/jazzy/opt/gz_cmake_vendor:/opt/ros/jazzy /usr/bin/cmake /home/rraina/wato_f1tenth/src/robot/bringup_robot -DBUILD_TESTING=OFF -DCMAKE_INSTALL_PREFIX=/home/rraina/wato_f1tenth/install/bringup_robot
[0.515s] Invoking command in '/home/rraina/wato_f1tenth/build/bringup_robot': AMENT_PREFIX_PATH=/home/rraina/wato_f1tenth/install/gym_vis:${AMENT_PREFIX_PATH} CMAKE_PREFIX_PATH=/home/rraina/wato_f1tenth/install/gym_vis:/opt/ros/jazzy/opt/gz_sim_vendor:/opt/ros/jazzy/opt/gz_sensors_vendor:/opt/ros/jazzy/opt/gz_physics_vendor:/opt/ros/jazzy/opt/sdformat_vendor:/opt/ros/jazzy/opt/gz_gui_vendor:/opt/ros/jazzy/opt/gz_transport_vendor:/opt/ros/jazzy/opt/gz_rendering_vendor:/opt/ros/jazzy/opt/gz_plugin_vendor:/opt/ros/jazzy/opt/gz_fuel_tools_vendor:/opt/ros/jazzy/opt/gz_msgs_vendor:/opt/ros/jazzy/opt/gz_common_vendor:/opt/ros/jazzy/opt/gz_math_vendor:/opt/ros/jazzy/opt/gz_utils_vendor:/opt/ros/jazzy/opt/gz_tools_vendor:/opt/ros/jazzy/opt/gz_ogre_next_vendor:/opt/ros/jazzy/opt/gz_dartsim_vendor:/opt/ros/jazzy/opt/gz_cmake_vendor:/opt/ros/jazzy /usr/bin/cmake --build /home/rraina/wato_f1tenth/build/bringup_robot -- -j22 -l22
[0.553s] Invoked command in '/home/rraina/wato_f1tenth/build/bringup_robot' returned '0': AMENT_PREFIX_PATH=/home/rraina/wato_f1tenth/install/gym_vis:${AMENT_PREFIX_PATH} CMAKE_PREFIX_PATH=/home/rraina/wato_f1tenth/install/gym_vis:/opt/ros/jazzy/opt/gz_sim_vendor:/opt/ros/jazzy/opt/gz_sensors_vendor:/opt/ros/jazzy/opt/gz_physics_vendor:/opt/ros/jazzy/opt/sdformat_vendor:/opt/ros/jazzy/opt/gz_gui_vendor:/opt/ros/jazzy/opt/gz_transport_vendor:/opt/ros/jazzy/opt/gz_rendering_vendor:/opt/ros/jazzy/opt/gz_plugin_vendor:/opt/ros/jazzy/opt/gz_fuel_tools_vendor:/opt/ros/jazzy/opt/gz_msgs_vendor:/opt/ros/jazzy/opt/gz_common_vendor:/opt/ros/jazzy/opt/gz_math_vendor:/opt/ros/jazzy/opt/gz_utils_vendor:/opt/ros/jazzy/opt/gz_tools_vendor:/opt/ros/jazzy/opt/gz_ogre_next_vendor:/opt/ros/jazzy/opt/gz_dartsim_vendor:/opt/ros/jazzy/opt/gz_cmake_vendor:/opt/ros/jazzy /usr/bin/cmake --build /home/rraina/wato_f1tenth/build/bringup_robot -- -j22 -l22
[0.554s] Invoking command in '/home/rraina/wato_f1tenth/build/bringup_robot': AMENT_PREFIX_PATH=/home/rraina/wato_f1tenth/install/gym_vis:${AMENT_PREFIX_PATH} CMAKE_PREFIX_PATH=/home/rraina/wato_f1tenth/install/gym_vis:/opt/ros/jazzy/opt/gz_sim_vendor:/opt/ros/jazzy/opt/gz_sensors_vendor:/opt/ros/jazzy/opt/gz_physics_vendor:/opt/ros/jazzy/opt/sdformat_vendor:/opt/ros/jazzy/opt/gz_gui_vendor:/opt/ros/jazzy/opt/gz_transport_vendor:/opt/ros/jazzy/opt/gz_rendering_vendor:/opt/ros/jazzy/opt/gz_plugin_vendor:/opt/ros/jazzy/opt/gz_fuel_tools_vendor:/opt/ros/jazzy/opt/gz_msgs_vendor:/opt/ros/jazzy/opt/gz_common_vendor:/opt/ros/jazzy/opt/gz_math_vendor:/opt/ros/jazzy/opt/gz_utils_vendor:/opt/ros/jazzy/opt/gz_tools_vendor:/opt/ros/jazzy/opt/gz_ogre_next_vendor:/opt/ros/jazzy/opt/gz_dartsim_vendor:/opt/ros/jazzy/opt/gz_cmake_vendor:/opt/ros/jazzy /usr/bin/cmake --install /home/rraina/wato_f1tenth/build/bringup_robot
[0.563s] -- Install configuration: ""
[0.563s] -- Up-to-date: /home/rraina/wato_f1tenth/install/bringup_robot/share/bringup_robot/launch
[0.564s] -- Up-to-date: /home/rraina/wato_f1tenth/install/bringup_robot/share/bringup_robot/launch/jetson_pf.launch.py
[0.564s] -- Up-to-date: /home/rraina/wato_f1tenth/install/bringup_robot/share/bringup_robot/launch/jetson_mapping.launch.py
[0.565s] -- Up-to-date: /home/rraina/wato_f1tenth/install/bringup_robot/share/bringup_robot/launch/jetson_up.launch.py
[0.565s] -- Up-to-date: /home/rraina/wato_f1tenth/install/bringup_robot/share/bringup_robot/launch/joypad.launch.py
[0.565s] -- Up-to-date: /home/rraina/wato_f1tenth/install/bringup_robot/share/bringup_robot/launch/car_up.launch.py
[0.565s] -- Up-to-date: /home/rraina/wato_f1tenth/install/bringup_robot/share/bringup_robot/launch/__pycache__
[0.565s] -- Up-to-date: /home/rraina/wato_f1tenth/install/bringup_robot/share/bringup_robot/launch/__pycache__/jetson_up.launch.cpython-312.pyc
[0.565s] -- Up-to-date: /home/rraina/wato_f1tenth/install/bringup_robot/share/bringup_robot/launch/__pycache__/pure_persuit.launch.cpython-312.pyc
[0.565s] -- Up-to-date: /home/rraina/wato_f1tenth/install/bringup_robot/share/bringup_robot/launch/__pycache__/jetson_pf.launch.cpython-312.pyc
[0.565s] -- Up-to-date: /home/rraina/wato_f1tenth/install/bringup_robot/share/bringup_robot/launch/pure_persuit.launch.py
[0.565s] -- Up-to-date: /home/rraina/wato_f1tenth/install/bringup_robot/share/bringup_robot/maps
[0.565s] -- Up-to-date: /home/rraina/wato_f1tenth/install/bringup_robot/share/bringup_robot/maps/wato1.yaml
[0.565s] -- Up-to-date: /home/rraina/wato_f1tenth/install/bringup_robot/share/bringup_robot/maps/e7_fifth_v3.yaml
[0.565s] -- Up-to-date: /home/rraina/wato_f1tenth/install/bringup_robot/share/bringup_robot/maps/e7_fifth_v3.pgm
[0.565s] -- Up-to-date: /home/rraina/wato_f1tenth/install/bringup_robot/share/bringup_robot/maps/wato1.pgm
[0.566s] -- Up-to-date: /home/rraina/wato_f1tenth/install/bringup_robot/share/bringup_robot/config
[0.566s] -- Up-to-date: /home/rraina/wato_f1tenth/install/bringup_robot/share/bringup_robot/config/pure_persuit
[0.566s] -- Up-to-date: /home/rraina/wato_f1tenth/install/bringup_robot/share/bringup_robot/config/pure_persuit/pure_persuit.yaml
[0.566s] -- Up-to-date: /home/rraina/wato_f1tenth/install/bringup_robot/share/bringup_robot/config/sensors.yaml
[0.566s] -- Up-to-date: /home/rraina/wato_f1tenth/install/bringup_robot/share/bringup_robot/config/joy_teleop.yaml
[0.566s] -- Up-to-date: /home/rraina/wato_f1tenth/install/bringup_robot/share/bringup_robot/config/mux.yaml
[0.567s] -- Up-to-date: /home/rraina/wato_f1tenth/install/bringup_robot/share/bringup_robot/config/rviz
[0.568s] -- Up-to-date: /home/rraina/wato_f1tenth/install/bringup_robot/share/bringup_robot/config/rviz/localize.rviz
[0.568s] -- Up-to-date: /home/rraina/wato_f1tenth/install/bringup_robot/share/bringup_robot/config/rviz/mapping.rviz
[0.568s] -- Up-to-date: /home/rraina/wato_f1tenth/install/bringup_robot/share/bringup_robot/config/rviz/mylocalize.rviz
[0.569s] -- Up-to-date: /home/rraina/wato_f1tenth/install/bringup_robot/share/bringup_robot/config/vesc.yaml
[0.569s] -- Up-to-date: /home/rraina/wato_f1tenth/install/bringup_robot/share/bringup_robot/config/simulator
[0.569s] -- Up-to-date: /home/rraina/wato_f1tenth/install/bringup_robot/share/bringup_robot/config/simulator/ekf.yaml
[0.570s] -- Up-to-date: /home/rraina/wato_f1tenth/install/bringup_robot/share/bringup_robot/config/simulator/localize.yaml
[0.570s] -- Up-to-date: /home/rraina/wato_f1tenth/install/bringup_robot/share/bringup_robot/config/simulator/perception.yaml
[0.570s] -- Up-to-date: /home/rraina/wato_f1tenth/install/bringup_robot/share/bringup_robot/config/simulator/amcl.yaml
[0.570s] -- Up-to-date: /home/rraina/wato_f1tenth/install/bringup_robot/share/bringup_robot/bags
[0.570s] -- Up-to-date: /home/rraina/wato_f1tenth/install/bringup_robot/share/bringup_robot/bags/frames_2025-08-02_20.22.56.gv
[0.571s] -- Up-to-date: /home/rraina/wato_f1tenth/install/bringup_robot/share/bringup_robot/bags/ekf_testdata_fast_lap
[0.571s] -- Up-to-date: /home/rraina/wato_f1tenth/install/bringup_robot/share/bringup_robot/bags/ekf_testdata_fast_lap/metadata.yaml
[0.571s] -- Up-to-date: /home/rraina/wato_f1tenth/install/bringup_robot/share/bringup_robot/bags/ekf_testdata_fast_lap/ekf_testdata_fast_lap_0.db3
[0.571s] -- Up-to-date: /home/rraina/wato_f1tenth/install/bringup_robot/share/bringup_robot/bags/frames_2025-08-02_20.22.27.pdf
[0.571s] -- Up-to-date: /home/rraina/wato_f1tenth/install/bringup_robot/share/bringup_robot/bags/frames_2025-08-02_20.22.56.pdf
[0.572s] -- Up-to-date: /home/rraina/wato_f1tenth/install/bringup_robot/share/bringup_robot/bags/frames_2025-08-02_20.22.27.gv
[0.572s] -- Up-to-date: /home/rraina/wato_f1tenth/install/bringup_robot/share/bringup_robot/bags/ekf_testdata_steady_lap
[0.572s] -- Up-to-date: /home/rraina/wato_f1tenth/install/bringup_robot/share/bringup_robot/bags/ekf_testdata_steady_lap/ekf_testdata_steady_lap_0.db3
[0.572s] -- Up-to-date: /home/rraina/wato_f1tenth/install/bringup_robot/share/bringup_robot/bags/ekf_testdata_steady_lap/metadata.yaml
[0.572s] -- Up-to-date: /home/rraina/wato_f1tenth/install/bringup_robot/share/ament_index/resource_index/package_run_dependencies/bringup_robot
[0.572s] -- Up-to-date: /home/rraina/wato_f1tenth/install/bringup_robot/share/ament_index/resource_index/parent_prefix_path/bringup_robot
[0.572s] -- Up-to-date: /home/rraina/wato_f1tenth/install/bringup_robot/share/bringup_robot/environment/ament_prefix_path.sh
[0.572s] -- Up-to-date: /home/rraina/wato_f1tenth/install/bringup_robot/share/bringup_robot/environment/ament_prefix_path.dsv
[0.572s] -- Up-to-date: /home/rraina/wato_f1tenth/install/bringup_robot/share/bringup_robot/environment/path.sh
[0.572s] -- Up-to-date: /home/rraina/wato_f1tenth/install/bringup_robot/share/bringup_robot/environment/path.dsv
[0.572s] -- Up-to-date: /home/rraina/wato_f1tenth/install/bringup_robot/share/bringup_robot/local_setup.bash
[0.572s] -- Up-to-date: /home/rraina/wato_f1tenth/install/bringup_robot/share/bringup_robot/local_setup.sh
[0.572s] -- Up-to-date: /home/rraina/wato_f1tenth/install/bringup_robot/share/bringup_robot/local_setup.zsh
[0.572s] -- Up-to-date: /home/rraina/wato_f1tenth/install/bringup_robot/share/bringup_robot/local_setup.dsv
[0.573s] -- Installing: /home/rraina/wato_f1tenth/install/bringup_robot/share/bringup_robot/package.dsv
[0.573s] -- Up-to-date: /home/rraina/wato_f1tenth/install/bringup_robot/share/ament_index/resource_index/packages/bringup_robot
[0.573s] -- Up-to-date: /home/rraina/wato_f1tenth/install/bringup_robot/share/bringup_robot/cmake/bringup_robotConfig.cmake
[0.573s] -- Up-to-date: /home/rraina/wato_f1tenth/install/bringup_robot/share/bringup_robot/cmake/bringup_robotConfig-version.cmake
[0.573s] -- Up-to-date: /home/rraina/wato_f1tenth/install/bringup_robot/share/bringup_robot/package.xml
[0.574s] Invoked command in '/home/rraina/wato_f1tenth/build/bringup_robot' returned '0': AMENT_PREFIX_PATH=/home/rraina/wato_f1tenth/install/gym_vis:${AMENT_PREFIX_PATH} CMAKE_PREFIX_PATH=/home/rraina/wato_f1tenth/install/gym_vis:/opt/ros/jazzy/opt/gz_sim_vendor:/opt/ros/jazzy/opt/gz_sensors_vendor:/opt/ros/jazzy/opt/gz_physics_vendor:/opt/ros/jazzy/opt/sdformat_vendor:/opt/ros/jazzy/opt/gz_gui_vendor:/opt/ros/jazzy/opt/gz_transport_vendor:/opt/ros/jazzy/opt/gz_rendering_vendor:/opt/ros/jazzy/opt/gz_plugin_vendor:/opt/ros/jazzy/opt/gz_fuel_tools_vendor:/opt/ros/jazzy/opt/gz_msgs_vendor:/opt/ros/jazzy/opt/gz_common_vendor:/opt/ros/jazzy/opt/gz_math_vendor:/opt/ros/jazzy/opt/gz_utils_vendor:/opt/ros/jazzy/opt/gz_tools_vendor:/opt/ros/jazzy/opt/gz_ogre_next_vendor:/opt/ros/jazzy/opt/gz_dartsim_vendor:/opt/ros/jazzy/opt/gz_cmake_vendor:/opt/ros/jazzy /usr/bin/cmake --install /home/rraina/wato_f1tenth/build/bringup_robot
