[0.034s] Invoking command in '/home/bolty/ament_ws/src/build/gym_vis': CMAKE_PREFIX_PATH=/opt/ros/humble /usr/bin/cmake --build /home/bolty/ament_ws/src/build/gym_vis -- -j16 -l16
[0.310s] [100%] Built target gym_vis_node
[0.315s] Invoked command in '/home/bolty/ament_ws/src/build/gym_vis' returned '0': CMAKE_PREFIX_PATH=/opt/ros/humble /usr/bin/cmake --build /home/bolty/ament_ws/src/build/gym_vis -- -j16 -l16
[0.346s] Invoking command in '/home/bolty/ament_ws/src/build/gym_vis': CMAKE_PREFIX_PATH=/opt/ros/humble /usr/bin/cmake --install /home/bolty/ament_ws/src/build/gym_vis
[0.354s] -- Install configuration: ""
[0.354s] -- Up-to-date: /home/bolty/ament_ws/src/install/gym_vis/share/gym_vis/assets
[0.355s] -- Up-to-date: /home/bolty/ament_ws/src/install/gym_vis/share/gym_vis/assets/f1tenth_car.stl
[0.355s] -- Up-to-date: /home/bolty/ament_ws/src/install/gym_vis/lib/gym_vis/gym_vis_node
[0.355s] -- Up-to-date: /home/bolty/ament_ws/src/install/gym_vis/share/ament_index/resource_index/package_run_dependencies/gym_vis
[0.355s] -- Up-to-date: /home/bolty/ament_ws/src/install/gym_vis/share/ament_index/resource_index/parent_prefix_path/gym_vis
[0.355s] -- Up-to-date: /home/bolty/ament_ws/src/install/gym_vis/share/gym_vis/environment/ament_prefix_path.sh
[0.356s] -- Up-to-date: /home/bolty/ament_ws/src/install/gym_vis/share/gym_vis/environment/ament_prefix_path.dsv
[0.356s] -- Up-to-date: /home/bolty/ament_ws/src/install/gym_vis/share/gym_vis/environment/path.sh
[0.356s] -- Up-to-date: /home/bolty/ament_ws/src/install/gym_vis/share/gym_vis/environment/path.dsv
[0.356s] -- Up-to-date: /home/bolty/ament_ws/src/install/gym_vis/share/gym_vis/local_setup.bash
[0.356s] -- Up-to-date: /home/bolty/ament_ws/src/install/gym_vis/share/gym_vis/local_setup.sh
[0.357s] -- Up-to-date: /home/bolty/ament_ws/src/install/gym_vis/share/gym_vis/local_setup.zsh
[0.357s] -- Up-to-date: /home/bolty/ament_ws/src/install/gym_vis/share/gym_vis/local_setup.dsv
[0.357s] -- Installing: /home/bolty/ament_ws/src/install/gym_vis/share/gym_vis/package.dsv
[0.357s] -- Up-to-date: /home/bolty/ament_ws/src/install/gym_vis/share/ament_index/resource_index/packages/gym_vis
[0.357s] -- Up-to-date: /home/bolty/ament_ws/src/install/gym_vis/share/gym_vis/cmake/gym_visConfig.cmake
[0.357s] -- Up-to-date: /home/bolty/ament_ws/src/install/gym_vis/share/gym_vis/cmake/gym_visConfig-version.cmake
[0.357s] -- Up-to-date: /home/bolty/ament_ws/src/install/gym_vis/share/gym_vis/package.xml
[0.359s] Invoked command in '/home/bolty/ament_ws/src/build/gym_vis' returned '0': CMAKE_PREFIX_PATH=/opt/ros/humble /usr/bin/cmake --install /home/bolty/ament_ws/src/build/gym_vis
