-- Found ament_cmake: 2.5.5 (/opt/ros/jazzy/share/ament_cmake/cmake)
-- Found rclcpp: 28.1.16 (/opt/ros/jazzy/share/rclcpp/cmake)
-- Found rosidl_generator_c: 4.6.7 (/opt/ros/jazzy/share/rosidl_generator_c/cmake)
-- Found rosidl_generator_cpp: 4.6.7 (/opt/ros/jazzy/share/rosidl_generator_cpp/cmake)
-- Using all available rosidl_typesupport_c: rosidl_typesupport_fastrtps_c;rosidl_typesupport_introspection_c
-- Using all available rosidl_typesupport_cpp: rosidl_typesupport_fastrtps_cpp;rosidl_typesupport_introspection_cpp
-- Found rmw_implementation_cmake: 7.3.3 (/opt/ros/jazzy/share/rmw_implementation_cmake/cmake)
-- Found rmw_fastrtps_cpp: 8.4.3 (/opt/ros/jazzy/share/rmw_fastrtps_cpp/cmake)
-- Using RMW implementation 'rmw_fastrtps_cpp' as default
-- Found std_msgs: 5.3.6 (/opt/ros/jazzy/share/std_msgs/cmake)
-- Found ackermann_msgs: 2.0.2 (/opt/ros/jazzy/share/ackermann_msgs/cmake)
-- Found geometry_msgs: 5.3.6 (/opt/ros/jazzy/share/geometry_msgs/cmake)
-- Found nav_msgs: 5.3.6 (/opt/ros/jazzy/share/nav_msgs/cmake)
-- Found tf2_ros: 0.36.19 (/opt/ros/jazzy/share/tf2_ros/cmake)
-- Configuring done (1.5s)
-- Generating done (0.0s)
-- Build files have been written to: /home/rraina/wato_f1tenth/build/pure_persuit
[100%] Built target pure_persuit_node
-- Install configuration: ""
-- Up-to-date: /home/rraina/wato_f1tenth/install/pure_persuit/lib/pure_persuit/pure_persuit_node
-- Up-to-date: /home/rraina/wato_f1tenth/install/pure_persuit/share/ament_index/resource_index/package_run_dependencies/pure_persuit
-- Up-to-date: /home/rraina/wato_f1tenth/install/pure_persuit/share/ament_index/resource_index/parent_prefix_path/pure_persuit
-- Up-to-date: /home/rraina/wato_f1tenth/install/pure_persuit/share/pure_persuit/environment/ament_prefix_path.sh
-- Up-to-date: /home/rraina/wato_f1tenth/install/pure_persuit/share/pure_persuit/environment/ament_prefix_path.dsv
-- Up-to-date: /home/rraina/wato_f1tenth/install/pure_persuit/share/pure_persuit/environment/path.sh
-- Up-to-date: /home/rraina/wato_f1tenth/install/pure_persuit/share/pure_persuit/environment/path.dsv
-- Up-to-date: /home/rraina/wato_f1tenth/install/pure_persuit/share/pure_persuit/local_setup.bash
-- Up-to-date: /home/rraina/wato_f1tenth/install/pure_persuit/share/pure_persuit/local_setup.sh
-- Up-to-date: /home/rraina/wato_f1tenth/install/pure_persuit/share/pure_persuit/local_setup.zsh
-- Up-to-date: /home/rraina/wato_f1tenth/install/pure_persuit/share/pure_persuit/local_setup.dsv
-- Installing: /home/rraina/wato_f1tenth/install/pure_persuit/share/pure_persuit/package.dsv
-- Up-to-date: /home/rraina/wato_f1tenth/install/pure_persuit/share/ament_index/resource_index/packages/pure_persuit
-- Up-to-date: /home/rraina/wato_f1tenth/install/pure_persuit/share/pure_persuit/cmake/pure_persuitConfig.cmake
-- Up-to-date: /home/rraina/wato_f1tenth/install/pure_persuit/share/pure_persuit/cmake/pure_persuitConfig-version.cmake
-- Up-to-date: /home/rraina/wato_f1tenth/install/pure_persuit/share/pure_persuit/package.xml
