[0.015s] Invoking command in '/home/rraina/wato_f1tenth/build/pure_persuit': CMAKE_PREFIX_PATH=${CMAKE_PREFIX_PATH}:/opt/ros/jazzy /usr/bin/cmake /home/rraina/wato_f1tenth/src/robot/pure-persuit -DCMAKE_INSTALL_PREFIX=/home/rraina/wato_f1tenth/install/pure_persuit
[0.087s] -- Found ament_cmake: 2.5.5 (/opt/ros/jazzy/share/ament_cmake/cmake)
[0.332s] -- Found rclcpp: 28.1.16 (/opt/ros/jazzy/share/rclcpp/cmake)
[0.550s] -- Found rosidl_generator_c: 4.6.7 (/opt/ros/jazzy/share/rosidl_generator_c/cmake)
[0.565s] -- Found rosidl_generator_cpp: 4.6.7 (/opt/ros/jazzy/share/rosidl_generator_cpp/cmake)
[0.587s] -- Using all available rosidl_typesupport_c: rosidl_typesupport_fastrtps_c;rosidl_typesupport_introspection_c
[0.610s] -- Using all available rosidl_typesupport_cpp: rosidl_typesupport_fastrtps_cpp;rosidl_typesupport_introspection_cpp
[0.710s] -- Found rmw_implementation_cmake: 7.3.3 (/opt/ros/jazzy/share/rmw_implementation_cmake/cmake)
[0.714s] -- Found rmw_fastrtps_cpp: 8.4.3 (/opt/ros/jazzy/share/rmw_fastrtps_cpp/cmake)
[0.994s] -- Using RMW implementation 'rmw_fastrtps_cpp' as default
[1.235s] -- Found std_msgs: 5.3.6 (/opt/ros/jazzy/share/std_msgs/cmake)
[1.258s] -- Found ackermann_msgs: 2.0.2 (/opt/ros/jazzy/share/ackermann_msgs/cmake)
[1.285s] -- Found geometry_msgs: 5.3.6 (/opt/ros/jazzy/share/geometry_msgs/cmake)
[1.302s] -- Found nav_msgs: 5.3.6 (/opt/ros/jazzy/share/nav_msgs/cmake)
[1.331s] -- Found tf2_ros: 0.36.19 (/opt/ros/jazzy/share/tf2_ros/cmake)
[1.622s] -- Configuring done (1.5s)
[1.644s] -- Generating done (0.0s)
[1.653s] -- Build files have been written to: /home/rraina/wato_f1tenth/build/pure_persuit
[1.668s] Invoked command in '/home/rraina/wato_f1tenth/build/pure_persuit' returned '0': CMAKE_PREFIX_PATH=${CMAKE_PREFIX_PATH}:/opt/ros/jazzy /usr/bin/cmake /home/rraina/wato_f1tenth/src/robot/pure-persuit -DCMAKE_INSTALL_PREFIX=/home/rraina/wato_f1tenth/install/pure_persuit
[1.669s] Invoking command in '/home/rraina/wato_f1tenth/build/pure_persuit': CMAKE_PREFIX_PATH=${CMAKE_PREFIX_PATH}:/opt/ros/jazzy /usr/bin/cmake --build /home/rraina/wato_f1tenth/build/pure_persuit -- -j22 -l22
[1.747s] [100%] Built target pure_persuit_node
[1.776s] Invoked command in '/home/rraina/wato_f1tenth/build/pure_persuit' returned '0': CMAKE_PREFIX_PATH=${CMAKE_PREFIX_PATH}:/opt/ros/jazzy /usr/bin/cmake --build /home/rraina/wato_f1tenth/build/pure_persuit -- -j22 -l22
[1.777s] Invoking command in '/home/rraina/wato_f1tenth/build/pure_persuit': CMAKE_PREFIX_PATH=${CMAKE_PREFIX_PATH}:/opt/ros/jazzy /usr/bin/cmake --install /home/rraina/wato_f1tenth/build/pure_persuit
[1.793s] -- Install configuration: ""
[1.793s] -- Up-to-date: /home/rraina/wato_f1tenth/install/pure_persuit/lib/pure_persuit/pure_persuit_node
[1.793s] -- Up-to-date: /home/rraina/wato_f1tenth/install/pure_persuit/share/ament_index/resource_index/package_run_dependencies/pure_persuit
[1.822s] -- Up-to-date: /home/rraina/wato_f1tenth/install/pure_persuit/share/ament_index/resource_index/parent_prefix_path/pure_persuit
[1.822s] -- Up-to-date: /home/rraina/wato_f1tenth/install/pure_persuit/share/pure_persuit/environment/ament_prefix_path.sh
[1.824s] -- Up-to-date: /home/rraina/wato_f1tenth/install/pure_persuit/share/pure_persuit/environment/ament_prefix_path.dsv
[1.824s] -- Up-to-date: /home/rraina/wato_f1tenth/install/pure_persuit/share/pure_persuit/environment/path.sh
[1.825s] -- Up-to-date: /home/rraina/wato_f1tenth/install/pure_persuit/share/pure_persuit/environment/path.dsv
[1.826s] -- Up-to-date: /home/rraina/wato_f1tenth/install/pure_persuit/share/pure_persuit/local_setup.bash
[1.826s] -- Up-to-date: /home/rraina/wato_f1tenth/install/pure_persuit/share/pure_persuit/local_setup.sh
[1.827s] -- Up-to-date: /home/rraina/wato_f1tenth/install/pure_persuit/share/pure_persuit/local_setup.zsh
[1.828s] -- Up-to-date: /home/rraina/wato_f1tenth/install/pure_persuit/share/pure_persuit/local_setup.dsv
[1.829s] -- Installing: /home/rraina/wato_f1tenth/install/pure_persuit/share/pure_persuit/package.dsv
[1.829s] -- Up-to-date: /home/rraina/wato_f1tenth/install/pure_persuit/share/ament_index/resource_index/packages/pure_persuit
[1.829s] -- Up-to-date: /home/rraina/wato_f1tenth/install/pure_persuit/share/pure_persuit/cmake/pure_persuitConfig.cmake
[1.830s] -- Up-to-date: /home/rraina/wato_f1tenth/install/pure_persuit/share/pure_persuit/cmake/pure_persuitConfig-version.cmake
[1.831s] -- Up-to-date: /home/rraina/wato_f1tenth/install/pure_persuit/share/pure_persuit/package.xml
[1.833s] Invoked command in '/home/rraina/wato_f1tenth/build/pure_persuit' returned '0': CMAKE_PREFIX_PATH=${CMAKE_PREFIX_PATH}:/opt/ros/jazzy /usr/bin/cmake --install /home/rraina/wato_f1tenth/build/pure_persuit
