[0.129s] DEBUG:colcon:Command line arguments: ['/usr/bin/colcon', 'build']
[0.129s] DEBUG:colcon:Parsed command line arguments: Namespace(log_base=None, log_level=None, verb_name='build', build_base='build', install_base='install', merge_install=False, symlink_install=False, test_result_base=None, continue_on_error=False, executor='parallel', parallel_workers=16, event_handlers=None, ignore_user_meta=False, metas=['./colcon.meta'], base_paths=['.'], packages_ignore=None, packages_ignore_regex=None, paths=None, packages_up_to=None, packages_up_to_regex=None, packages_above=None, packages_above_and_dependencies=None, packages_above_depth=None, packages_select_by_dep=None, packages_skip_by_dep=None, packages_skip_up_to=None, packages_select_build_failed=False, packages_skip_build_finished=False, packages_select_test_failures=False, packages_skip_test_passed=False, packages_select=None, packages_skip=None, packages_select_regex=None, packages_skip_regex=None, packages_start=None, packages_end=None, cmake_args=None, cmake_target=None, cmake_target_skip_unavailable=False, cmake_clean_cache=False, cmake_clean_first=False, cmake_force_configure=False, ament_cmake_args=None, catkin_cmake_args=None, catkin_skip_building_tests=False, mixin_files=None, mixin=None, verb_parser=<colcon_mixin.mixin.mixin_argument.MixinArgumentDecorator object at 0x7d6d6753ac20>, verb_extension=<colcon_core.verb.build.BuildVerb object at 0x7d6d6753a800>, main=<bound method BuildVerb.main of <colcon_core.verb.build.BuildVerb object at 0x7d6d6753a800>>, mixin_verb=('build',))
[0.321s] Level 1:colcon.colcon_core.package_discovery:discover_packages(colcon_meta) check parameters
[0.322s] INFO:colcon.colcon_metadata.package_discovery.colcon_meta:Using configuration from '/root/.colcon/metadata/default/Gazebo.meta'
[0.323s] INFO:colcon.colcon_metadata.package_discovery.colcon_meta:Using configuration from '/root/.colcon/metadata/default/fastrtps.meta'
[0.323s] Level 1:colcon.colcon_core.package_discovery:discover_packages(recursive) check parameters
[0.323s] Level 1:colcon.colcon_core.package_discovery:discover_packages(ignore) check parameters
[0.323s] Level 1:colcon.colcon_core.package_discovery:discover_packages(path) check parameters
[0.323s] Level 1:colcon.colcon_core.package_discovery:discover_packages(colcon_meta) discover
[0.323s] Level 1:colcon.colcon_core.package_discovery:discover_packages(recursive) discover
[0.323s] INFO:colcon.colcon_core.package_discovery:Crawling recursively for packages in '/home/bolty/ament_ws/src'
[0.323s] Level 1:colcon.colcon_core.package_identification:_identify(.) by extensions ['ignore', 'ignore_ament_install']
[0.323s] Level 1:colcon.colcon_core.package_identification:_identify(.) by extension 'ignore'
[0.323s] Level 1:colcon.colcon_core.package_identification:_identify(.) by extension 'ignore_ament_install'
[0.323s] Level 1:colcon.colcon_core.package_identification:_identify(.) by extensions ['colcon_pkg']
[0.323s] Level 1:colcon.colcon_core.package_identification:_identify(.) by extension 'colcon_pkg'
[0.323s] Level 1:colcon.colcon_core.package_identification:_identify(.) by extensions ['colcon_meta']
[0.323s] Level 1:colcon.colcon_core.package_identification:_identify(.) by extension 'colcon_meta'
[0.323s] Level 1:colcon.colcon_core.package_identification:_identify(.) by extensions ['ros']
[0.323s] Level 1:colcon.colcon_core.package_identification:_identify(.) by extension 'ros'
[0.338s] Level 1:colcon.colcon_core.package_identification:_identify(.) by extensions ['cmake', 'python']
[0.338s] Level 1:colcon.colcon_core.package_identification:_identify(.) by extension 'cmake'
[0.338s] Level 1:colcon.colcon_core.package_identification:_identify(.) by extension 'python'
[0.338s] Level 1:colcon.colcon_core.package_identification:_identify(.) by extensions ['python_setup_py']
[0.338s] Level 1:colcon.colcon_core.package_identification:_identify(.) by extension 'python_setup_py'
[0.339s] Level 1:colcon.colcon_core.package_identification:_identify(build) by extensions ['ignore', 'ignore_ament_install']
[0.339s] Level 1:colcon.colcon_core.package_identification:_identify(build) by extension 'ignore'
[0.339s] Level 1:colcon.colcon_core.package_identification:_identify(build) ignored
[0.339s] Level 1:colcon.colcon_core.package_identification:_identify(install) by extensions ['ignore', 'ignore_ament_install']
[0.339s] Level 1:colcon.colcon_core.package_identification:_identify(install) by extension 'ignore'
[0.339s] Level 1:colcon.colcon_core.package_identification:_identify(install) ignored
[0.339s] Level 1:colcon.colcon_core.package_identification:_identify(log) by extensions ['ignore', 'ignore_ament_install']
[0.339s] Level 1:colcon.colcon_core.package_identification:_identify(log) by extension 'ignore'
[0.339s] Level 1:colcon.colcon_core.package_identification:_identify(log) ignored
[0.339s] Level 1:colcon.colcon_core.package_identification:_identify(robot) by extensions ['ignore', 'ignore_ament_install']
[0.339s] Level 1:colcon.colcon_core.package_identification:_identify(robot) by extension 'ignore'
[0.339s] Level 1:colcon.colcon_core.package_identification:_identify(robot) by extension 'ignore_ament_install'
[0.339s] Level 1:colcon.colcon_core.package_identification:_identify(robot) by extensions ['colcon_pkg']
[0.339s] Level 1:colcon.colcon_core.package_identification:_identify(robot) by extension 'colcon_pkg'
[0.339s] Level 1:colcon.colcon_core.package_identification:_identify(robot) by extensions ['colcon_meta']
[0.339s] Level 1:colcon.colcon_core.package_identification:_identify(robot) by extension 'colcon_meta'
[0.339s] Level 1:colcon.colcon_core.package_identification:_identify(robot) by extensions ['ros']
[0.339s] Level 1:colcon.colcon_core.package_identification:_identify(robot) by extension 'ros'
[0.339s] Level 1:colcon.colcon_core.package_identification:_identify(robot) by extensions ['cmake', 'python']
[0.339s] Level 1:colcon.colcon_core.package_identification:_identify(robot) by extension 'cmake'
[0.339s] Level 1:colcon.colcon_core.package_identification:_identify(robot) by extension 'python'
[0.339s] Level 1:colcon.colcon_core.package_identification:_identify(robot) by extensions ['python_setup_py']
[0.340s] Level 1:colcon.colcon_core.package_identification:_identify(robot) by extension 'python_setup_py'
[0.340s] Level 1:colcon.colcon_core.package_identification:_identify(robot/action) by extensions ['ignore', 'ignore_ament_install']
[0.340s] Level 1:colcon.colcon_core.package_identification:_identify(robot/action) by extension 'ignore'
[0.340s] Level 1:colcon.colcon_core.package_identification:_identify(robot/action) by extension 'ignore_ament_install'
[0.340s] Level 1:colcon.colcon_core.package_identification:_identify(robot/action) by extensions ['colcon_pkg']
[0.340s] Level 1:colcon.colcon_core.package_identification:_identify(robot/action) by extension 'colcon_pkg'
[0.340s] Level 1:colcon.colcon_core.package_identification:_identify(robot/action) by extensions ['colcon_meta']
[0.340s] Level 1:colcon.colcon_core.package_identification:_identify(robot/action) by extension 'colcon_meta'
[0.340s] Level 1:colcon.colcon_core.package_identification:_identify(robot/action) by extensions ['ros']
[0.340s] Level 1:colcon.colcon_core.package_identification:_identify(robot/action) by extension 'ros'
[0.343s] DEBUG:colcon.colcon_core.package_identification:Package 'robot/action' with type 'ros.ament_python' and name 'action'
[0.343s] Level 1:colcon.colcon_core.package_identification:_identify(robot/bringup_robot) by extensions ['ignore', 'ignore_ament_install']
[0.343s] Level 1:colcon.colcon_core.package_identification:_identify(robot/bringup_robot) by extension 'ignore'
[0.343s] Level 1:colcon.colcon_core.package_identification:_identify(robot/bringup_robot) by extension 'ignore_ament_install'
[0.343s] Level 1:colcon.colcon_core.package_identification:_identify(robot/bringup_robot) by extensions ['colcon_pkg']
[0.343s] Level 1:colcon.colcon_core.package_identification:_identify(robot/bringup_robot) by extension 'colcon_pkg'
[0.343s] Level 1:colcon.colcon_core.package_identification:_identify(robot/bringup_robot) by extensions ['colcon_meta']
[0.343s] Level 1:colcon.colcon_core.package_identification:_identify(robot/bringup_robot) by extension 'colcon_meta'
[0.343s] Level 1:colcon.colcon_core.package_identification:_identify(robot/bringup_robot) by extensions ['ros']
[0.343s] Level 1:colcon.colcon_core.package_identification:_identify(robot/bringup_robot) by extension 'ros'
[0.344s] DEBUG:colcon.colcon_core.package_identification:Package 'robot/bringup_robot' with type 'ros.ament_cmake' and name 'bringup_robot'
[0.344s] Level 1:colcon.colcon_core.package_identification:_identify(robot/gym_vis) by extensions ['ignore', 'ignore_ament_install']
[0.344s] Level 1:colcon.colcon_core.package_identification:_identify(robot/gym_vis) by extension 'ignore'
[0.344s] Level 1:colcon.colcon_core.package_identification:_identify(robot/gym_vis) by extension 'ignore_ament_install'
[0.344s] Level 1:colcon.colcon_core.package_identification:_identify(robot/gym_vis) by extensions ['colcon_pkg']
[0.344s] Level 1:colcon.colcon_core.package_identification:_identify(robot/gym_vis) by extension 'colcon_pkg'
[0.344s] Level 1:colcon.colcon_core.package_identification:_identify(robot/gym_vis) by extensions ['colcon_meta']
[0.344s] Level 1:colcon.colcon_core.package_identification:_identify(robot/gym_vis) by extension 'colcon_meta'
[0.344s] Level 1:colcon.colcon_core.package_identification:_identify(robot/gym_vis) by extensions ['ros']
[0.344s] Level 1:colcon.colcon_core.package_identification:_identify(robot/gym_vis) by extension 'ros'
[0.345s] DEBUG:colcon.colcon_core.package_identification:Package 'robot/gym_vis' with type 'ros.ament_cmake' and name 'gym_vis'
[0.346s] Level 1:colcon.colcon_core.package_identification:_identify(robot/safety_system) by extensions ['ignore', 'ignore_ament_install']
[0.346s] Level 1:colcon.colcon_core.package_identification:_identify(robot/safety_system) by extension 'ignore'
[0.346s] Level 1:colcon.colcon_core.package_identification:_identify(robot/safety_system) by extension 'ignore_ament_install'
[0.346s] Level 1:colcon.colcon_core.package_identification:_identify(robot/safety_system) by extensions ['colcon_pkg']
[0.346s] Level 1:colcon.colcon_core.package_identification:_identify(robot/safety_system) by extension 'colcon_pkg'
[0.346s] Level 1:colcon.colcon_core.package_identification:_identify(robot/safety_system) by extensions ['colcon_meta']
[0.346s] Level 1:colcon.colcon_core.package_identification:_identify(robot/safety_system) by extension 'colcon_meta'
[0.346s] Level 1:colcon.colcon_core.package_identification:_identify(robot/safety_system) by extensions ['ros']
[0.346s] Level 1:colcon.colcon_core.package_identification:_identify(robot/safety_system) by extension 'ros'
[0.347s] DEBUG:colcon.colcon_core.package_identification:Package 'robot/safety_system' with type 'ros.ament_cmake' and name 'safety_node'
[0.347s] Level 1:colcon.colcon_core.package_identification:_identify(wato_msgs) by extensions ['ignore', 'ignore_ament_install']
[0.347s] Level 1:colcon.colcon_core.package_identification:_identify(wato_msgs) by extension 'ignore'
[0.347s] Level 1:colcon.colcon_core.package_identification:_identify(wato_msgs) by extension 'ignore_ament_install'
[0.347s] Level 1:colcon.colcon_core.package_identification:_identify(wato_msgs) by extensions ['colcon_pkg']
[0.347s] Level 1:colcon.colcon_core.package_identification:_identify(wato_msgs) by extension 'colcon_pkg'
[0.347s] Level 1:colcon.colcon_core.package_identification:_identify(wato_msgs) by extensions ['colcon_meta']
[0.347s] Level 1:colcon.colcon_core.package_identification:_identify(wato_msgs) by extension 'colcon_meta'
[0.347s] Level 1:colcon.colcon_core.package_identification:_identify(wato_msgs) by extensions ['ros']
[0.347s] Level 1:colcon.colcon_core.package_identification:_identify(wato_msgs) by extension 'ros'
[0.347s] Level 1:colcon.colcon_core.package_identification:_identify(wato_msgs) by extensions ['cmake', 'python']
[0.347s] Level 1:colcon.colcon_core.package_identification:_identify(wato_msgs) by extension 'cmake'
[0.347s] Level 1:colcon.colcon_core.package_identification:_identify(wato_msgs) by extension 'python'
[0.347s] Level 1:colcon.colcon_core.package_identification:_identify(wato_msgs) by extensions ['python_setup_py']
[0.348s] Level 1:colcon.colcon_core.package_identification:_identify(wato_msgs) by extension 'python_setup_py'
[0.348s] Level 1:colcon.colcon_core.package_identification:_identify(wato_msgs/foxglove_msgs) by extensions ['ignore', 'ignore_ament_install']
[0.348s] Level 1:colcon.colcon_core.package_identification:_identify(wato_msgs/foxglove_msgs) by extension 'ignore'
[0.348s] Level 1:colcon.colcon_core.package_identification:_identify(wato_msgs/foxglove_msgs) by extension 'ignore_ament_install'
[0.348s] Level 1:colcon.colcon_core.package_identification:_identify(wato_msgs/foxglove_msgs) by extensions ['colcon_pkg']
[0.348s] Level 1:colcon.colcon_core.package_identification:_identify(wato_msgs/foxglove_msgs) by extension 'colcon_pkg'
[0.348s] Level 1:colcon.colcon_core.package_identification:_identify(wato_msgs/foxglove_msgs) by extensions ['colcon_meta']
[0.348s] Level 1:colcon.colcon_core.package_identification:_identify(wato_msgs/foxglove_msgs) by extension 'colcon_meta'
[0.348s] Level 1:colcon.colcon_core.package_identification:_identify(wato_msgs/foxglove_msgs) by extensions ['ros']
[0.348s] Level 1:colcon.colcon_core.package_identification:_identify(wato_msgs/foxglove_msgs) by extension 'ros'
[0.348s] DEBUG:colcon.colcon_core.package_identification:Package 'wato_msgs/foxglove_msgs' with type 'ros.ament_cmake' and name 'foxglove_msgs'
[0.349s] Level 1:colcon.colcon_core.package_identification:_identify(wato_msgs/sample_msgs) by extensions ['ignore', 'ignore_ament_install']
[0.349s] Level 1:colcon.colcon_core.package_identification:_identify(wato_msgs/sample_msgs) by extension 'ignore'
[0.349s] Level 1:colcon.colcon_core.package_identification:_identify(wato_msgs/sample_msgs) by extension 'ignore_ament_install'
[0.349s] Level 1:colcon.colcon_core.package_identification:_identify(wato_msgs/sample_msgs) by extensions ['colcon_pkg']
[0.349s] Level 1:colcon.colcon_core.package_identification:_identify(wato_msgs/sample_msgs) by extension 'colcon_pkg'
[0.349s] Level 1:colcon.colcon_core.package_identification:_identify(wato_msgs/sample_msgs) by extensions ['colcon_meta']
[0.349s] Level 1:colcon.colcon_core.package_identification:_identify(wato_msgs/sample_msgs) by extension 'colcon_meta'
[0.349s] Level 1:colcon.colcon_core.package_identification:_identify(wato_msgs/sample_msgs) by extensions ['ros']
[0.349s] Level 1:colcon.colcon_core.package_identification:_identify(wato_msgs/sample_msgs) by extension 'ros'
[0.349s] DEBUG:colcon.colcon_core.package_identification:Package 'wato_msgs/sample_msgs' with type 'ros.ament_cmake' and name 'sample_msgs'
[0.350s] Level 1:colcon.colcon_core.package_discovery:discover_packages(recursive) using defaults
[0.350s] Level 1:colcon.colcon_core.package_discovery:discover_packages(ignore) discover
[0.350s] Level 1:colcon.colcon_core.package_discovery:discover_packages(ignore) using defaults
[0.350s] Level 1:colcon.colcon_core.package_discovery:discover_packages(path) discover
[0.350s] Level 1:colcon.colcon_core.package_discovery:discover_packages(path) using defaults
[0.380s] Level 5:colcon.colcon_core.verb:set package 'action' build argument 'cmake_args' from command line to 'None'
[0.381s] Level 5:colcon.colcon_core.verb:set package 'action' build argument 'cmake_target' from command line to 'None'
[0.381s] Level 5:colcon.colcon_core.verb:set package 'action' build argument 'cmake_target_skip_unavailable' from command line to 'False'
[0.381s] Level 5:colcon.colcon_core.verb:set package 'action' build argument 'cmake_clean_cache' from command line to 'False'
[0.381s] Level 5:colcon.colcon_core.verb:set package 'action' build argument 'cmake_clean_first' from command line to 'False'
[0.381s] Level 5:colcon.colcon_core.verb:set package 'action' build argument 'cmake_force_configure' from command line to 'False'
[0.381s] Level 5:colcon.colcon_core.verb:set package 'action' build argument 'ament_cmake_args' from command line to 'None'
[0.381s] Level 5:colcon.colcon_core.verb:set package 'action' build argument 'catkin_cmake_args' from command line to 'None'
[0.381s] Level 5:colcon.colcon_core.verb:set package 'action' build argument 'catkin_skip_building_tests' from command line to 'False'
[0.381s] DEBUG:colcon.colcon_core.verb:Building package 'action' with the following arguments: {'ament_cmake_args': None, 'build_base': '/home/bolty/ament_ws/src/build/action', 'catkin_cmake_args': None, 'catkin_skip_building_tests': False, 'cmake_args': None, 'cmake_clean_cache': False, 'cmake_clean_first': False, 'cmake_force_configure': False, 'cmake_target': None, 'cmake_target_skip_unavailable': False, 'install_base': '/home/bolty/ament_ws/src/install/action', 'merge_install': False, 'path': '/home/bolty/ament_ws/src/robot/action', 'symlink_install': False, 'test_result_base': None}
[0.381s] Level 5:colcon.colcon_core.verb:set package 'foxglove_msgs' build argument 'cmake_args' from command line to 'None'
[0.381s] Level 5:colcon.colcon_core.verb:set package 'foxglove_msgs' build argument 'cmake_target' from command line to 'None'
[0.381s] Level 5:colcon.colcon_core.verb:set package 'foxglove_msgs' build argument 'cmake_target_skip_unavailable' from command line to 'False'
[0.381s] Level 5:colcon.colcon_core.verb:set package 'foxglove_msgs' build argument 'cmake_clean_cache' from command line to 'False'
[0.381s] Level 5:colcon.colcon_core.verb:set package 'foxglove_msgs' build argument 'cmake_clean_first' from command line to 'False'
[0.381s] Level 5:colcon.colcon_core.verb:set package 'foxglove_msgs' build argument 'cmake_force_configure' from command line to 'False'
[0.381s] Level 5:colcon.colcon_core.verb:set package 'foxglove_msgs' build argument 'ament_cmake_args' from command line to 'None'
[0.381s] Level 5:colcon.colcon_core.verb:set package 'foxglove_msgs' build argument 'catkin_cmake_args' from command line to 'None'
[0.381s] Level 5:colcon.colcon_core.verb:set package 'foxglove_msgs' build argument 'catkin_skip_building_tests' from command line to 'False'
[0.381s] DEBUG:colcon.colcon_core.verb:Building package 'foxglove_msgs' with the following arguments: {'ament_cmake_args': None, 'build_base': '/home/bolty/ament_ws/src/build/foxglove_msgs', 'catkin_cmake_args': None, 'catkin_skip_building_tests': False, 'cmake_args': None, 'cmake_clean_cache': False, 'cmake_clean_first': False, 'cmake_force_configure': False, 'cmake_target': None, 'cmake_target_skip_unavailable': False, 'install_base': '/home/bolty/ament_ws/src/install/foxglove_msgs', 'merge_install': False, 'path': '/home/bolty/ament_ws/src/wato_msgs/foxglove_msgs', 'symlink_install': False, 'test_result_base': None}
[0.382s] Level 5:colcon.colcon_core.verb:set package 'gym_vis' build argument 'cmake_args' from command line to 'None'
[0.382s] Level 5:colcon.colcon_core.verb:set package 'gym_vis' build argument 'cmake_target' from command line to 'None'
[0.382s] Level 5:colcon.colcon_core.verb:set package 'gym_vis' build argument 'cmake_target_skip_unavailable' from command line to 'False'
[0.382s] Level 5:colcon.colcon_core.verb:set package 'gym_vis' build argument 'cmake_clean_cache' from command line to 'False'
[0.382s] Level 5:colcon.colcon_core.verb:set package 'gym_vis' build argument 'cmake_clean_first' from command line to 'False'
[0.382s] Level 5:colcon.colcon_core.verb:set package 'gym_vis' build argument 'cmake_force_configure' from command line to 'False'
[0.382s] Level 5:colcon.colcon_core.verb:set package 'gym_vis' build argument 'ament_cmake_args' from command line to 'None'
[0.382s] Level 5:colcon.colcon_core.verb:set package 'gym_vis' build argument 'catkin_cmake_args' from command line to 'None'
[0.382s] Level 5:colcon.colcon_core.verb:set package 'gym_vis' build argument 'catkin_skip_building_tests' from command line to 'False'
[0.382s] DEBUG:colcon.colcon_core.verb:Building package 'gym_vis' with the following arguments: {'ament_cmake_args': None, 'build_base': '/home/bolty/ament_ws/src/build/gym_vis', 'catkin_cmake_args': None, 'catkin_skip_building_tests': False, 'cmake_args': None, 'cmake_clean_cache': False, 'cmake_clean_first': False, 'cmake_force_configure': False, 'cmake_target': None, 'cmake_target_skip_unavailable': False, 'install_base': '/home/bolty/ament_ws/src/install/gym_vis', 'merge_install': False, 'path': '/home/bolty/ament_ws/src/robot/gym_vis', 'symlink_install': False, 'test_result_base': None}
[0.382s] Level 5:colcon.colcon_core.verb:set package 'safety_node' build argument 'cmake_args' from command line to 'None'
[0.382s] Level 5:colcon.colcon_core.verb:set package 'safety_node' build argument 'cmake_target' from command line to 'None'
[0.382s] Level 5:colcon.colcon_core.verb:set package 'safety_node' build argument 'cmake_target_skip_unavailable' from command line to 'False'
[0.382s] Level 5:colcon.colcon_core.verb:set package 'safety_node' build argument 'cmake_clean_cache' from command line to 'False'
[0.382s] Level 5:colcon.colcon_core.verb:set package 'safety_node' build argument 'cmake_clean_first' from command line to 'False'
[0.382s] Level 5:colcon.colcon_core.verb:set package 'safety_node' build argument 'cmake_force_configure' from command line to 'False'
[0.382s] Level 5:colcon.colcon_core.verb:set package 'safety_node' build argument 'ament_cmake_args' from command line to 'None'
[0.382s] Level 5:colcon.colcon_core.verb:set package 'safety_node' build argument 'catkin_cmake_args' from command line to 'None'
[0.382s] Level 5:colcon.colcon_core.verb:set package 'safety_node' build argument 'catkin_skip_building_tests' from command line to 'False'
[0.382s] DEBUG:colcon.colcon_core.verb:Building package 'safety_node' with the following arguments: {'ament_cmake_args': None, 'build_base': '/home/bolty/ament_ws/src/build/safety_node', 'catkin_cmake_args': None, 'catkin_skip_building_tests': False, 'cmake_args': None, 'cmake_clean_cache': False, 'cmake_clean_first': False, 'cmake_force_configure': False, 'cmake_target': None, 'cmake_target_skip_unavailable': False, 'install_base': '/home/bolty/ament_ws/src/install/safety_node', 'merge_install': False, 'path': '/home/bolty/ament_ws/src/robot/safety_system', 'symlink_install': False, 'test_result_base': None}
[0.383s] Level 5:colcon.colcon_core.verb:set package 'sample_msgs' build argument 'cmake_args' from command line to 'None'
[0.383s] Level 5:colcon.colcon_core.verb:set package 'sample_msgs' build argument 'cmake_target' from command line to 'None'
[0.383s] Level 5:colcon.colcon_core.verb:set package 'sample_msgs' build argument 'cmake_target_skip_unavailable' from command line to 'False'
[0.383s] Level 5:colcon.colcon_core.verb:set package 'sample_msgs' build argument 'cmake_clean_cache' from command line to 'False'
[0.383s] Level 5:colcon.colcon_core.verb:set package 'sample_msgs' build argument 'cmake_clean_first' from command line to 'False'
[0.383s] Level 5:colcon.colcon_core.verb:set package 'sample_msgs' build argument 'cmake_force_configure' from command line to 'False'
[0.383s] Level 5:colcon.colcon_core.verb:set package 'sample_msgs' build argument 'ament_cmake_args' from command line to 'None'
[0.383s] Level 5:colcon.colcon_core.verb:set package 'sample_msgs' build argument 'catkin_cmake_args' from command line to 'None'
[0.383s] Level 5:colcon.colcon_core.verb:set package 'sample_msgs' build argument 'catkin_skip_building_tests' from command line to 'False'
[0.383s] DEBUG:colcon.colcon_core.verb:Building package 'sample_msgs' with the following arguments: {'ament_cmake_args': None, 'build_base': '/home/bolty/ament_ws/src/build/sample_msgs', 'catkin_cmake_args': None, 'catkin_skip_building_tests': False, 'cmake_args': None, 'cmake_clean_cache': False, 'cmake_clean_first': False, 'cmake_force_configure': False, 'cmake_target': None, 'cmake_target_skip_unavailable': False, 'install_base': '/home/bolty/ament_ws/src/install/sample_msgs', 'merge_install': False, 'path': '/home/bolty/ament_ws/src/wato_msgs/sample_msgs', 'symlink_install': False, 'test_result_base': None}
[0.383s] Level 5:colcon.colcon_core.verb:set package 'bringup_robot' build argument 'cmake_args' from command line to 'None'
[0.383s] Level 5:colcon.colcon_core.verb:set package 'bringup_robot' build argument 'cmake_target' from command line to 'None'
[0.383s] Level 5:colcon.colcon_core.verb:set package 'bringup_robot' build argument 'cmake_target_skip_unavailable' from command line to 'False'
[0.383s] Level 5:colcon.colcon_core.verb:set package 'bringup_robot' build argument 'cmake_clean_cache' from command line to 'False'
[0.383s] Level 5:colcon.colcon_core.verb:set package 'bringup_robot' build argument 'cmake_clean_first' from command line to 'False'
[0.383s] Level 5:colcon.colcon_core.verb:set package 'bringup_robot' build argument 'cmake_force_configure' from command line to 'False'
[0.383s] Level 5:colcon.colcon_core.verb:set package 'bringup_robot' build argument 'ament_cmake_args' from command line to 'None'
[0.383s] Level 5:colcon.colcon_core.verb:set package 'bringup_robot' build argument 'catkin_cmake_args' from command line to 'None'
[0.383s] Level 5:colcon.colcon_core.verb:set package 'bringup_robot' build argument 'catkin_skip_building_tests' from command line to 'False'
[0.383s] DEBUG:colcon.colcon_core.verb:Building package 'bringup_robot' with the following arguments: {'ament_cmake_args': None, 'build_base': '/home/bolty/ament_ws/src/build/bringup_robot', 'catkin_cmake_args': None, 'catkin_skip_building_tests': False, 'cmake_args': None, 'cmake_clean_cache': False, 'cmake_clean_first': False, 'cmake_force_configure': False, 'cmake_target': None, 'cmake_target_skip_unavailable': False, 'install_base': '/home/bolty/ament_ws/src/install/bringup_robot', 'merge_install': False, 'path': '/home/bolty/ament_ws/src/robot/bringup_robot', 'symlink_install': False, 'test_result_base': None}
[0.384s] INFO:colcon.colcon_core.executor:Executing jobs using 'parallel' executor
[0.385s] DEBUG:colcon.colcon_parallel_executor.executor.parallel:run_until_complete
[0.385s] INFO:colcon.colcon_ros.task.ament_cmake.build:Building ROS package in '/home/bolty/ament_ws/src/robot/gym_vis' with build type 'ament_cmake'
[0.385s] INFO:colcon.colcon_cmake.task.cmake.build:Building CMake package in '/home/bolty/ament_ws/src/robot/gym_vis'
[0.389s] INFO:colcon.colcon_core.plugin_system:Skipping extension 'colcon_core.shell.bat': Not used on non-Windows systems
[0.389s] INFO:colcon.colcon_core.shell:Skip shell extension 'powershell' for command environment: Not usable outside of PowerShell
[0.390s] DEBUG:colcon.colcon_core.shell:Skip shell extension 'dsv' for command environment
[0.397s] INFO:colcon.colcon_ros.task.ament_python.build:Building ROS package in '/home/bolty/ament_ws/src/robot/action' with build type 'ament_python'
[0.397s] Level 1:colcon.colcon_core.shell:create_environment_hook('action', 'ament_prefix_path')
[0.397s] INFO:colcon.colcon_core.shell:Creating environment hook '/home/bolty/ament_ws/src/install/action/share/action/hook/ament_prefix_path.ps1'
[0.398s] INFO:colcon.colcon_core.shell:Creating environment descriptor '/home/bolty/ament_ws/src/install/action/share/action/hook/ament_prefix_path.dsv'
[0.398s] INFO:colcon.colcon_core.shell:Creating environment hook '/home/bolty/ament_ws/src/install/action/share/action/hook/ament_prefix_path.sh'
[0.399s] INFO:colcon.colcon_core.shell:Skip shell extension 'powershell' for command environment: Not usable outside of PowerShell
[0.399s] DEBUG:colcon.colcon_core.shell:Skip shell extension 'dsv' for command environment
[0.403s] INFO:colcon.colcon_ros.task.ament_cmake.build:Building ROS package in '/home/bolty/ament_ws/src/wato_msgs/foxglove_msgs' with build type 'ament_cmake'
[0.403s] INFO:colcon.colcon_cmake.task.cmake.build:Building CMake package in '/home/bolty/ament_ws/src/wato_msgs/foxglove_msgs'
[0.403s] INFO:colcon.colcon_core.shell:Skip shell extension 'powershell' for command environment: Not usable outside of PowerShell
[0.403s] DEBUG:colcon.colcon_core.shell:Skip shell extension 'dsv' for command environment
[0.406s] INFO:colcon.colcon_ros.task.ament_cmake.build:Building ROS package in '/home/bolty/ament_ws/src/robot/safety_system' with build type 'ament_cmake'
[0.406s] INFO:colcon.colcon_cmake.task.cmake.build:Building CMake package in '/home/bolty/ament_ws/src/robot/safety_system'
[0.407s] INFO:colcon.colcon_core.shell:Skip shell extension 'powershell' for command environment: Not usable outside of PowerShell
[0.407s] DEBUG:colcon.colcon_core.shell:Skip shell extension 'dsv' for command environment
[0.410s] INFO:colcon.colcon_ros.task.ament_cmake.build:Building ROS package in '/home/bolty/ament_ws/src/wato_msgs/sample_msgs' with build type 'ament_cmake'
[0.410s] INFO:colcon.colcon_cmake.task.cmake.build:Building CMake package in '/home/bolty/ament_ws/src/wato_msgs/sample_msgs'
[0.410s] INFO:colcon.colcon_core.shell:Skip shell extension 'powershell' for command environment: Not usable outside of PowerShell
[0.410s] DEBUG:colcon.colcon_core.shell:Skip shell extension 'dsv' for command environment
[0.416s] DEBUG:colcon.colcon_core.event_handler.log_command:Invoking command in '/home/bolty/ament_ws/src/build/gym_vis': CMAKE_PREFIX_PATH=${CMAKE_PREFIX_PATH}:/opt/watonomous/action:/opt/ros/humble /usr/bin/cmake /home/bolty/ament_ws/src/robot/gym_vis -DCMAKE_INSTALL_PREFIX=/home/bolty/ament_ws/src/install/gym_vis
[0.670s] INFO:colcon.colcon_core.task.python.build:Building Python package in '/home/bolty/ament_ws/src/robot/action'
[0.670s] INFO:colcon.colcon_core.shell:Skip shell extension 'powershell' for command environment: Not usable outside of PowerShell
[0.670s] DEBUG:colcon.colcon_core.shell:Skip shell extension 'dsv' for command environment
[0.678s] DEBUG:colcon.colcon_core.event_handler.log_command:Invoking command in '/home/bolty/ament_ws/src/build/foxglove_msgs': CMAKE_PREFIX_PATH=${CMAKE_PREFIX_PATH}:/opt/watonomous/action:/opt/ros/humble /usr/bin/cmake /home/bolty/ament_ws/src/wato_msgs/foxglove_msgs -DCMAKE_INSTALL_PREFIX=/home/bolty/ament_ws/src/install/foxglove_msgs
[0.679s] DEBUG:colcon.colcon_core.event_handler.log_command:Invoking command in '/home/bolty/ament_ws/src/build/safety_node': CMAKE_PREFIX_PATH=${CMAKE_PREFIX_PATH}:/opt/watonomous/action:/opt/ros/humble /usr/bin/cmake /home/bolty/ament_ws/src/robot/safety_system -DCMAKE_INSTALL_PREFIX=/home/bolty/ament_ws/src/install/safety_node
[0.689s] DEBUG:colcon.colcon_core.event_handler.log_command:Invoking command in '/home/bolty/ament_ws/src/build/sample_msgs': CMAKE_PREFIX_PATH=${CMAKE_PREFIX_PATH}:/opt/watonomous/action:/opt/ros/humble /usr/bin/cmake /home/bolty/ament_ws/src/wato_msgs/sample_msgs -DCMAKE_INSTALL_PREFIX=/home/bolty/ament_ws/src/install/sample_msgs
[1.120s] DEBUG:colcon.colcon_core.event_handler.log_command:Invoking command in '/home/bolty/ament_ws/src/robot/action': PYTHONPATH=/home/bolty/ament_ws/src/build/action/prefix_override:/usr/lib/python3/dist-packages/colcon_core/task/python/colcon_distutils_commands:/home/bolty/ament_ws/src/install/action/lib/python3.10/site-packages:${PYTHONPATH} /usr/bin/python3 -W ignore:setup.py install is deprecated setup.py egg_info --egg-base ../../build/action build --build-base /home/bolty/ament_ws/src/build/action/build install --record /home/bolty/ament_ws/src/build/action/install.log --single-version-externally-managed install_data
[1.475s] DEBUG:colcon.colcon_core.event_handler.log_command:Invoked command in '/home/bolty/ament_ws/src/robot/action' returned '0': PYTHONPATH=/home/bolty/ament_ws/src/build/action/prefix_override:/usr/lib/python3/dist-packages/colcon_core/task/python/colcon_distutils_commands:/home/bolty/ament_ws/src/install/action/lib/python3.10/site-packages:${PYTHONPATH} /usr/bin/python3 -W ignore:setup.py install is deprecated setup.py egg_info --egg-base ../../build/action build --build-base /home/bolty/ament_ws/src/build/action/build install --record /home/bolty/ament_ws/src/build/action/install.log --single-version-externally-managed install_data
[1.482s] Level 1:colcon.colcon_core.environment:checking '/home/bolty/ament_ws/src/install/action' for CMake module files
[1.483s] Level 1:colcon.colcon_core.environment:checking '/home/bolty/ament_ws/src/install/action' for CMake config files
[1.484s] Level 1:colcon.colcon_core.environment:checking '/home/bolty/ament_ws/src/install/action/lib'
[1.484s] Level 1:colcon.colcon_core.environment:checking '/home/bolty/ament_ws/src/install/action/bin'
[1.484s] Level 1:colcon.colcon_core.environment:checking '/home/bolty/ament_ws/src/install/action/lib/pkgconfig/action.pc'
[1.484s] Level 1:colcon.colcon_core.environment:checking '/home/bolty/ament_ws/src/install/action/lib/python3.10/site-packages'
[1.485s] Level 1:colcon.colcon_core.shell:create_environment_hook('action', 'pythonpath')
[1.485s] INFO:colcon.colcon_core.shell:Creating environment hook '/home/bolty/ament_ws/src/install/action/share/action/hook/pythonpath.ps1'
[1.486s] INFO:colcon.colcon_core.shell:Creating environment descriptor '/home/bolty/ament_ws/src/install/action/share/action/hook/pythonpath.dsv'
[1.486s] INFO:colcon.colcon_core.shell:Creating environment hook '/home/bolty/ament_ws/src/install/action/share/action/hook/pythonpath.sh'
[1.488s] Level 1:colcon.colcon_core.environment:checking '/home/bolty/ament_ws/src/install/action/bin'
[1.488s] Level 1:colcon.colcon_core.environment:create_environment_scripts_only(action)
[1.488s] INFO:colcon.colcon_core.shell:Creating package script '/home/bolty/ament_ws/src/install/action/share/action/package.ps1'
[1.490s] INFO:colcon.colcon_core.shell:Creating package descriptor '/home/bolty/ament_ws/src/install/action/share/action/package.dsv'
[1.491s] INFO:colcon.colcon_core.shell:Creating package script '/home/bolty/ament_ws/src/install/action/share/action/package.sh'
[1.491s] INFO:colcon.colcon_core.shell:Creating package script '/home/bolty/ament_ws/src/install/action/share/action/package.bash'
[1.492s] INFO:colcon.colcon_core.shell:Creating package script '/home/bolty/ament_ws/src/install/action/share/action/package.zsh'
[1.493s] Level 1:colcon.colcon_core.environment:create_file_with_runtime_dependencies(/home/bolty/ament_ws/src/install/action/share/colcon-core/packages/action)
[1.705s] DEBUG:colcon.colcon_core.event_handler.log_command:Invoked command in '/home/bolty/ament_ws/src/build/foxglove_msgs' returned '0': CMAKE_PREFIX_PATH=${CMAKE_PREFIX_PATH}:/opt/watonomous/action:/opt/ros/humble /usr/bin/cmake /home/bolty/ament_ws/src/wato_msgs/foxglove_msgs -DCMAKE_INSTALL_PREFIX=/home/bolty/ament_ws/src/install/foxglove_msgs
[1.707s] DEBUG:colcon.colcon_core.event_handler.log_command:Invoking command in '/home/bolty/ament_ws/src/build/foxglove_msgs': CMAKE_PREFIX_PATH=${CMAKE_PREFIX_PATH}:/opt/watonomous/action:/opt/ros/humble /usr/bin/cmake --build /home/bolty/ament_ws/src/build/foxglove_msgs -- -j16 -l16
[1.749s] DEBUG:colcon.colcon_core.event_handler.log_command:Invoked command in '/home/bolty/ament_ws/src/build/foxglove_msgs' returned '0': CMAKE_PREFIX_PATH=${CMAKE_PREFIX_PATH}:/opt/watonomous/action:/opt/ros/humble /usr/bin/cmake --build /home/bolty/ament_ws/src/build/foxglove_msgs -- -j16 -l16
[1.780s] DEBUG:colcon.colcon_core.event_handler.log_command:Invoking command in '/home/bolty/ament_ws/src/build/foxglove_msgs': CMAKE_PREFIX_PATH=${CMAKE_PREFIX_PATH}:/opt/watonomous/action:/opt/ros/humble /usr/bin/cmake --install /home/bolty/ament_ws/src/build/foxglove_msgs
[1.792s] Level 1:colcon.colcon_core.environment:create_environment_scripts_only(foxglove_msgs)
[1.792s] Level 1:colcon.colcon_core.environment:checking '/home/bolty/ament_ws/src/install/foxglove_msgs' for CMake module files
[1.793s] DEBUG:colcon.colcon_core.event_handler.log_command:Invoked command in '/home/bolty/ament_ws/src/build/foxglove_msgs' returned '0': CMAKE_PREFIX_PATH=${CMAKE_PREFIX_PATH}:/opt/watonomous/action:/opt/ros/humble /usr/bin/cmake --install /home/bolty/ament_ws/src/build/foxglove_msgs
[1.794s] Level 1:colcon.colcon_core.environment:checking '/home/bolty/ament_ws/src/install/foxglove_msgs' for CMake config files
[1.794s] Level 1:colcon.colcon_core.shell:create_environment_hook('foxglove_msgs', 'cmake_prefix_path')
[1.795s] INFO:colcon.colcon_core.shell:Creating environment hook '/home/bolty/ament_ws/src/install/foxglove_msgs/share/foxglove_msgs/hook/cmake_prefix_path.ps1'
[1.795s] INFO:colcon.colcon_core.shell:Creating environment descriptor '/home/bolty/ament_ws/src/install/foxglove_msgs/share/foxglove_msgs/hook/cmake_prefix_path.dsv'
[1.796s] INFO:colcon.colcon_core.shell:Creating environment hook '/home/bolty/ament_ws/src/install/foxglove_msgs/share/foxglove_msgs/hook/cmake_prefix_path.sh'
[1.797s] Level 1:colcon.colcon_core.environment:checking '/home/bolty/ament_ws/src/install/foxglove_msgs/bin'
[1.797s] Level 1:colcon.colcon_core.environment:checking '/home/bolty/ament_ws/src/install/foxglove_msgs/lib/pkgconfig/foxglove_msgs.pc'
[1.798s] Level 1:colcon.colcon_core.environment:checking '/home/bolty/ament_ws/src/install/foxglove_msgs/lib/python3.10/site-packages'
[1.798s] Level 1:colcon.colcon_core.environment:checking '/home/bolty/ament_ws/src/install/foxglove_msgs/bin'
[1.799s] INFO:colcon.colcon_core.shell:Creating package script '/home/bolty/ament_ws/src/install/foxglove_msgs/share/foxglove_msgs/package.ps1'
[1.800s] INFO:colcon.colcon_core.shell:Creating package descriptor '/home/bolty/ament_ws/src/install/foxglove_msgs/share/foxglove_msgs/package.dsv'
[1.800s] INFO:colcon.colcon_core.shell:Creating package script '/home/bolty/ament_ws/src/install/foxglove_msgs/share/foxglove_msgs/package.sh'
[1.801s] INFO:colcon.colcon_core.shell:Creating package script '/home/bolty/ament_ws/src/install/foxglove_msgs/share/foxglove_msgs/package.bash'
[1.802s] INFO:colcon.colcon_core.shell:Creating package script '/home/bolty/ament_ws/src/install/foxglove_msgs/share/foxglove_msgs/package.zsh'
[1.803s] Level 1:colcon.colcon_core.environment:create_file_with_runtime_dependencies(/home/bolty/ament_ws/src/install/foxglove_msgs/share/colcon-core/packages/foxglove_msgs)
[1.831s] Level 1:colcon.colcon_core.environment:create_environment_scripts_only(foxglove_msgs)
[1.831s] Level 1:colcon.colcon_core.environment:checking '/home/bolty/ament_ws/src/install/foxglove_msgs' for CMake module files
[1.832s] Level 1:colcon.colcon_core.environment:checking '/home/bolty/ament_ws/src/install/foxglove_msgs' for CMake config files
[1.832s] Level 1:colcon.colcon_core.shell:create_environment_hook('foxglove_msgs', 'cmake_prefix_path')
[1.832s] INFO:colcon.colcon_core.shell:Creating environment hook '/home/bolty/ament_ws/src/install/foxglove_msgs/share/foxglove_msgs/hook/cmake_prefix_path.ps1'
[1.833s] INFO:colcon.colcon_core.shell:Creating environment descriptor '/home/bolty/ament_ws/src/install/foxglove_msgs/share/foxglove_msgs/hook/cmake_prefix_path.dsv'
[1.834s] INFO:colcon.colcon_core.shell:Creating environment hook '/home/bolty/ament_ws/src/install/foxglove_msgs/share/foxglove_msgs/hook/cmake_prefix_path.sh'
[1.835s] Level 1:colcon.colcon_core.environment:checking '/home/bolty/ament_ws/src/install/foxglove_msgs/bin'
[1.835s] Level 1:colcon.colcon_core.environment:checking '/home/bolty/ament_ws/src/install/foxglove_msgs/lib/pkgconfig/foxglove_msgs.pc'
[1.835s] Level 1:colcon.colcon_core.environment:checking '/home/bolty/ament_ws/src/install/foxglove_msgs/lib/python3.10/site-packages'
[1.836s] Level 1:colcon.colcon_core.environment:checking '/home/bolty/ament_ws/src/install/foxglove_msgs/bin'
[1.836s] INFO:colcon.colcon_core.shell:Creating package script '/home/bolty/ament_ws/src/install/foxglove_msgs/share/foxglove_msgs/package.ps1'
[1.837s] INFO:colcon.colcon_core.shell:Creating package descriptor '/home/bolty/ament_ws/src/install/foxglove_msgs/share/foxglove_msgs/package.dsv'
[1.838s] INFO:colcon.colcon_core.shell:Creating package script '/home/bolty/ament_ws/src/install/foxglove_msgs/share/foxglove_msgs/package.sh'
[1.839s] INFO:colcon.colcon_core.shell:Creating package script '/home/bolty/ament_ws/src/install/foxglove_msgs/share/foxglove_msgs/package.bash'
[1.839s] INFO:colcon.colcon_core.shell:Creating package script '/home/bolty/ament_ws/src/install/foxglove_msgs/share/foxglove_msgs/package.zsh'
[1.840s] Level 1:colcon.colcon_core.environment:create_file_with_runtime_dependencies(/home/bolty/ament_ws/src/install/foxglove_msgs/share/colcon-core/packages/foxglove_msgs)
[2.422s] DEBUG:colcon.colcon_core.event_handler.log_command:Invoked command in '/home/bolty/ament_ws/src/build/gym_vis' returned '0': CMAKE_PREFIX_PATH=${CMAKE_PREFIX_PATH}:/opt/watonomous/action:/opt/ros/humble /usr/bin/cmake /home/bolty/ament_ws/src/robot/gym_vis -DCMAKE_INSTALL_PREFIX=/home/bolty/ament_ws/src/install/gym_vis
[2.424s] DEBUG:colcon.colcon_core.event_handler.log_command:Invoking command in '/home/bolty/ament_ws/src/build/gym_vis': CMAKE_PREFIX_PATH=${CMAKE_PREFIX_PATH}:/opt/watonomous/action:/opt/ros/humble /usr/bin/cmake --build /home/bolty/ament_ws/src/build/gym_vis -- -j16 -l16
[2.433s] DEBUG:colcon.colcon_core.event_handler.log_command:Invoked command in '/home/bolty/ament_ws/src/build/safety_node' returned '0': CMAKE_PREFIX_PATH=${CMAKE_PREFIX_PATH}:/opt/watonomous/action:/opt/ros/humble /usr/bin/cmake /home/bolty/ament_ws/src/robot/safety_system -DCMAKE_INSTALL_PREFIX=/home/bolty/ament_ws/src/install/safety_node
[2.435s] DEBUG:colcon.colcon_core.event_handler.log_command:Invoking command in '/home/bolty/ament_ws/src/build/safety_node': CMAKE_PREFIX_PATH=${CMAKE_PREFIX_PATH}:/opt/watonomous/action:/opt/ros/humble /usr/bin/cmake --build /home/bolty/ament_ws/src/build/safety_node -- -j16 -l16
[2.753s] DEBUG:colcon.colcon_core.event_handler.log_command:Invoked command in '/home/bolty/ament_ws/src/build/sample_msgs' returned '0': CMAKE_PREFIX_PATH=${CMAKE_PREFIX_PATH}:/opt/watonomous/action:/opt/ros/humble /usr/bin/cmake /home/bolty/ament_ws/src/wato_msgs/sample_msgs -DCMAKE_INSTALL_PREFIX=/home/bolty/ament_ws/src/install/sample_msgs
[2.754s] DEBUG:colcon.colcon_core.event_handler.log_command:Invoking command in '/home/bolty/ament_ws/src/build/sample_msgs': CMAKE_PREFIX_PATH=${CMAKE_PREFIX_PATH}:/opt/watonomous/action:/opt/ros/humble /usr/bin/cmake --build /home/bolty/ament_ws/src/build/sample_msgs -- -j16 -l16
[6.581s] DEBUG:colcon.colcon_core.event_handler.log_command:Invoked command in '/home/bolty/ament_ws/src/build/sample_msgs' returned '0': CMAKE_PREFIX_PATH=${CMAKE_PREFIX_PATH}:/opt/watonomous/action:/opt/ros/humble /usr/bin/cmake --build /home/bolty/ament_ws/src/build/sample_msgs -- -j16 -l16
[6.726s] DEBUG:colcon.colcon_core.event_handler.log_command:Invoking command in '/home/bolty/ament_ws/src/build/sample_msgs': CMAKE_PREFIX_PATH=${CMAKE_PREFIX_PATH}:/opt/watonomous/action:/opt/ros/humble /usr/bin/cmake --install /home/bolty/ament_ws/src/build/sample_msgs
[6.829s] Level 1:colcon.colcon_core.environment:create_environment_scripts_only(sample_msgs)
[6.829s] Level 1:colcon.colcon_core.environment:checking '/home/bolty/ament_ws/src/install/sample_msgs' for CMake module files
[6.830s] DEBUG:colcon.colcon_core.event_handler.log_command:Invoked command in '/home/bolty/ament_ws/src/build/sample_msgs' returned '0': CMAKE_PREFIX_PATH=${CMAKE_PREFIX_PATH}:/opt/watonomous/action:/opt/ros/humble /usr/bin/cmake --install /home/bolty/ament_ws/src/build/sample_msgs
[6.830s] Level 1:colcon.colcon_core.environment:checking '/home/bolty/ament_ws/src/install/sample_msgs' for CMake config files
[6.831s] Level 1:colcon.colcon_core.shell:create_environment_hook('sample_msgs', 'cmake_prefix_path')
[6.831s] INFO:colcon.colcon_core.shell:Creating environment hook '/home/bolty/ament_ws/src/install/sample_msgs/share/sample_msgs/hook/cmake_prefix_path.ps1'
[6.831s] INFO:colcon.colcon_core.shell:Creating environment descriptor '/home/bolty/ament_ws/src/install/sample_msgs/share/sample_msgs/hook/cmake_prefix_path.dsv'
[6.832s] INFO:colcon.colcon_core.shell:Creating environment hook '/home/bolty/ament_ws/src/install/sample_msgs/share/sample_msgs/hook/cmake_prefix_path.sh'
[6.832s] Level 1:colcon.colcon_core.environment:checking '/home/bolty/ament_ws/src/install/sample_msgs/lib'
[6.832s] Level 1:colcon.colcon_core.shell:create_environment_hook('sample_msgs', 'ld_library_path_lib')
[6.833s] INFO:colcon.colcon_core.shell:Creating environment hook '/home/bolty/ament_ws/src/install/sample_msgs/share/sample_msgs/hook/ld_library_path_lib.ps1'
[6.833s] INFO:colcon.colcon_core.shell:Creating environment descriptor '/home/bolty/ament_ws/src/install/sample_msgs/share/sample_msgs/hook/ld_library_path_lib.dsv'
[6.833s] INFO:colcon.colcon_core.shell:Creating environment hook '/home/bolty/ament_ws/src/install/sample_msgs/share/sample_msgs/hook/ld_library_path_lib.sh'
[6.833s] Level 1:colcon.colcon_core.environment:checking '/home/bolty/ament_ws/src/install/sample_msgs/bin'
[6.834s] Level 1:colcon.colcon_core.environment:checking '/home/bolty/ament_ws/src/install/sample_msgs/lib/pkgconfig/sample_msgs.pc'
[6.834s] Level 1:colcon.colcon_core.environment:checking '/home/bolty/ament_ws/src/install/sample_msgs/lib/python3.10/site-packages'
[6.834s] Level 1:colcon.colcon_core.environment:checking '/home/bolty/ament_ws/src/install/sample_msgs/bin'
[6.834s] INFO:colcon.colcon_core.shell:Creating package script '/home/bolty/ament_ws/src/install/sample_msgs/share/sample_msgs/package.ps1'
[6.835s] INFO:colcon.colcon_core.shell:Creating package descriptor '/home/bolty/ament_ws/src/install/sample_msgs/share/sample_msgs/package.dsv'
[6.835s] INFO:colcon.colcon_core.shell:Creating package script '/home/bolty/ament_ws/src/install/sample_msgs/share/sample_msgs/package.sh'
[6.835s] INFO:colcon.colcon_core.shell:Creating package script '/home/bolty/ament_ws/src/install/sample_msgs/share/sample_msgs/package.bash'
[6.836s] INFO:colcon.colcon_core.shell:Creating package script '/home/bolty/ament_ws/src/install/sample_msgs/share/sample_msgs/package.zsh'
[6.836s] Level 1:colcon.colcon_core.environment:create_file_with_runtime_dependencies(/home/bolty/ament_ws/src/install/sample_msgs/share/colcon-core/packages/sample_msgs)
[6.985s] Level 1:colcon.colcon_core.environment:create_environment_scripts_only(sample_msgs)
[6.985s] Level 1:colcon.colcon_core.environment:checking '/home/bolty/ament_ws/src/install/sample_msgs' for CMake module files
[6.986s] Level 1:colcon.colcon_core.environment:checking '/home/bolty/ament_ws/src/install/sample_msgs' for CMake config files
[6.987s] Level 1:colcon.colcon_core.shell:create_environment_hook('sample_msgs', 'cmake_prefix_path')
[6.987s] INFO:colcon.colcon_core.shell:Creating environment hook '/home/bolty/ament_ws/src/install/sample_msgs/share/sample_msgs/hook/cmake_prefix_path.ps1'
[6.988s] INFO:colcon.colcon_core.shell:Creating environment descriptor '/home/bolty/ament_ws/src/install/sample_msgs/share/sample_msgs/hook/cmake_prefix_path.dsv'
[6.988s] INFO:colcon.colcon_core.shell:Creating environment hook '/home/bolty/ament_ws/src/install/sample_msgs/share/sample_msgs/hook/cmake_prefix_path.sh'
[6.989s] Level 1:colcon.colcon_core.environment:checking '/home/bolty/ament_ws/src/install/sample_msgs/lib'
[6.989s] Level 1:colcon.colcon_core.shell:create_environment_hook('sample_msgs', 'ld_library_path_lib')
[6.989s] INFO:colcon.colcon_core.shell:Creating environment hook '/home/bolty/ament_ws/src/install/sample_msgs/share/sample_msgs/hook/ld_library_path_lib.ps1'
[6.990s] INFO:colcon.colcon_core.shell:Creating environment descriptor '/home/bolty/ament_ws/src/install/sample_msgs/share/sample_msgs/hook/ld_library_path_lib.dsv'
[6.990s] INFO:colcon.colcon_core.shell:Creating environment hook '/home/bolty/ament_ws/src/install/sample_msgs/share/sample_msgs/hook/ld_library_path_lib.sh'
[6.990s] Level 1:colcon.colcon_core.environment:checking '/home/bolty/ament_ws/src/install/sample_msgs/bin'
[6.990s] Level 1:colcon.colcon_core.environment:checking '/home/bolty/ament_ws/src/install/sample_msgs/lib/pkgconfig/sample_msgs.pc'
[6.991s] Level 1:colcon.colcon_core.environment:checking '/home/bolty/ament_ws/src/install/sample_msgs/lib/python3.10/site-packages'
[6.991s] Level 1:colcon.colcon_core.environment:checking '/home/bolty/ament_ws/src/install/sample_msgs/bin'
[6.991s] INFO:colcon.colcon_core.shell:Creating package script '/home/bolty/ament_ws/src/install/sample_msgs/share/sample_msgs/package.ps1'
[6.992s] INFO:colcon.colcon_core.shell:Creating package descriptor '/home/bolty/ament_ws/src/install/sample_msgs/share/sample_msgs/package.dsv'
[6.992s] INFO:colcon.colcon_core.shell:Creating package script '/home/bolty/ament_ws/src/install/sample_msgs/share/sample_msgs/package.sh'
[6.993s] INFO:colcon.colcon_core.shell:Creating package script '/home/bolty/ament_ws/src/install/sample_msgs/share/sample_msgs/package.bash'
[6.993s] INFO:colcon.colcon_core.shell:Creating package script '/home/bolty/ament_ws/src/install/sample_msgs/share/sample_msgs/package.zsh'
[6.994s] Level 1:colcon.colcon_core.environment:create_file_with_runtime_dependencies(/home/bolty/ament_ws/src/install/sample_msgs/share/colcon-core/packages/sample_msgs)
[18.446s] DEBUG:colcon.colcon_core.event_handler.log_command:Invoked command in '/home/bolty/ament_ws/src/build/gym_vis' returned '0': CMAKE_PREFIX_PATH=${CMAKE_PREFIX_PATH}:/opt/watonomous/action:/opt/ros/humble /usr/bin/cmake --build /home/bolty/ament_ws/src/build/gym_vis -- -j16 -l16
[18.478s] DEBUG:colcon.colcon_core.event_handler.log_command:Invoking command in '/home/bolty/ament_ws/src/build/gym_vis': CMAKE_PREFIX_PATH=${CMAKE_PREFIX_PATH}:/opt/watonomous/action:/opt/ros/humble /usr/bin/cmake --install /home/bolty/ament_ws/src/build/gym_vis
[18.504s] Level 1:colcon.colcon_core.environment:create_environment_scripts_only(gym_vis)
[18.505s] Level 1:colcon.colcon_core.environment:checking '/home/bolty/ament_ws/src/install/gym_vis' for CMake module files
[18.505s] DEBUG:colcon.colcon_core.event_handler.log_command:Invoked command in '/home/bolty/ament_ws/src/build/gym_vis' returned '0': CMAKE_PREFIX_PATH=${CMAKE_PREFIX_PATH}:/opt/watonomous/action:/opt/ros/humble /usr/bin/cmake --install /home/bolty/ament_ws/src/build/gym_vis
[18.506s] Level 1:colcon.colcon_core.environment:checking '/home/bolty/ament_ws/src/install/gym_vis' for CMake config files
[18.506s] Level 1:colcon.colcon_core.shell:create_environment_hook('gym_vis', 'cmake_prefix_path')
[18.507s] INFO:colcon.colcon_core.shell:Creating environment hook '/home/bolty/ament_ws/src/install/gym_vis/share/gym_vis/hook/cmake_prefix_path.ps1'
[18.507s] INFO:colcon.colcon_core.shell:Creating environment descriptor '/home/bolty/ament_ws/src/install/gym_vis/share/gym_vis/hook/cmake_prefix_path.dsv'
[18.508s] INFO:colcon.colcon_core.shell:Creating environment hook '/home/bolty/ament_ws/src/install/gym_vis/share/gym_vis/hook/cmake_prefix_path.sh'
[18.509s] Level 1:colcon.colcon_core.environment:checking '/home/bolty/ament_ws/src/install/gym_vis/lib'
[18.509s] Level 1:colcon.colcon_core.environment:checking '/home/bolty/ament_ws/src/install/gym_vis/bin'
[18.509s] Level 1:colcon.colcon_core.environment:checking '/home/bolty/ament_ws/src/install/gym_vis/lib/pkgconfig/gym_vis.pc'
[18.509s] Level 1:colcon.colcon_core.environment:checking '/home/bolty/ament_ws/src/install/gym_vis/lib/python3.10/site-packages'
[18.509s] Level 1:colcon.colcon_core.environment:checking '/home/bolty/ament_ws/src/install/gym_vis/bin'
[18.510s] INFO:colcon.colcon_core.shell:Creating package script '/home/bolty/ament_ws/src/install/gym_vis/share/gym_vis/package.ps1'
[18.510s] INFO:colcon.colcon_core.shell:Creating package descriptor '/home/bolty/ament_ws/src/install/gym_vis/share/gym_vis/package.dsv'
[18.511s] INFO:colcon.colcon_core.shell:Creating package script '/home/bolty/ament_ws/src/install/gym_vis/share/gym_vis/package.sh'
[18.511s] INFO:colcon.colcon_core.shell:Creating package script '/home/bolty/ament_ws/src/install/gym_vis/share/gym_vis/package.bash'
[18.512s] INFO:colcon.colcon_core.shell:Creating package script '/home/bolty/ament_ws/src/install/gym_vis/share/gym_vis/package.zsh'
[18.512s] Level 1:colcon.colcon_core.environment:create_file_with_runtime_dependencies(/home/bolty/ament_ws/src/install/gym_vis/share/colcon-core/packages/gym_vis)
[18.542s] Level 1:colcon.colcon_core.environment:create_environment_scripts_only(gym_vis)
[18.542s] Level 1:colcon.colcon_core.environment:checking '/home/bolty/ament_ws/src/install/gym_vis' for CMake module files
[18.543s] Level 1:colcon.colcon_core.environment:checking '/home/bolty/ament_ws/src/install/gym_vis' for CMake config files
[18.543s] Level 1:colcon.colcon_core.shell:create_environment_hook('gym_vis', 'cmake_prefix_path')
[18.543s] INFO:colcon.colcon_core.shell:Creating environment hook '/home/bolty/ament_ws/src/install/gym_vis/share/gym_vis/hook/cmake_prefix_path.ps1'
[18.544s] INFO:colcon.colcon_core.shell:Creating environment descriptor '/home/bolty/ament_ws/src/install/gym_vis/share/gym_vis/hook/cmake_prefix_path.dsv'
[18.544s] INFO:colcon.colcon_core.shell:Creating environment hook '/home/bolty/ament_ws/src/install/gym_vis/share/gym_vis/hook/cmake_prefix_path.sh'
[18.545s] Level 1:colcon.colcon_core.environment:checking '/home/bolty/ament_ws/src/install/gym_vis/lib'
[18.545s] Level 1:colcon.colcon_core.environment:checking '/home/bolty/ament_ws/src/install/gym_vis/bin'
[18.545s] Level 1:colcon.colcon_core.environment:checking '/home/bolty/ament_ws/src/install/gym_vis/lib/pkgconfig/gym_vis.pc'
[18.545s] Level 1:colcon.colcon_core.environment:checking '/home/bolty/ament_ws/src/install/gym_vis/lib/python3.10/site-packages'
[18.545s] Level 1:colcon.colcon_core.environment:checking '/home/bolty/ament_ws/src/install/gym_vis/bin'
[18.546s] INFO:colcon.colcon_core.shell:Creating package script '/home/bolty/ament_ws/src/install/gym_vis/share/gym_vis/package.ps1'
[18.546s] INFO:colcon.colcon_core.shell:Creating package descriptor '/home/bolty/ament_ws/src/install/gym_vis/share/gym_vis/package.dsv'
[18.547s] INFO:colcon.colcon_core.shell:Creating package script '/home/bolty/ament_ws/src/install/gym_vis/share/gym_vis/package.sh'
[18.547s] INFO:colcon.colcon_core.shell:Creating package script '/home/bolty/ament_ws/src/install/gym_vis/share/gym_vis/package.bash'
[18.548s] INFO:colcon.colcon_core.shell:Creating package script '/home/bolty/ament_ws/src/install/gym_vis/share/gym_vis/package.zsh'
[18.549s] Level 1:colcon.colcon_core.environment:create_file_with_runtime_dependencies(/home/bolty/ament_ws/src/install/gym_vis/share/colcon-core/packages/gym_vis)
[18.549s] INFO:colcon.colcon_ros.task.ament_cmake.build:Building ROS package in '/home/bolty/ament_ws/src/robot/bringup_robot' with build type 'ament_cmake'
[18.549s] INFO:colcon.colcon_cmake.task.cmake.build:Building CMake package in '/home/bolty/ament_ws/src/robot/bringup_robot'
[18.550s] INFO:colcon.colcon_core.shell:Skip shell extension 'powershell' for command environment: Not usable outside of PowerShell
[18.550s] DEBUG:colcon.colcon_core.shell:Skip shell extension 'dsv' for command environment
[18.563s] DEBUG:colcon.colcon_core.event_handler.log_command:Invoking command in '/home/bolty/ament_ws/src/build/bringup_robot': AMENT_PREFIX_PATH=/home/bolty/ament_ws/src/install/gym_vis:${AMENT_PREFIX_PATH} CMAKE_PREFIX_PATH=/home/bolty/ament_ws/src/install/gym_vis:/opt/watonomous/safety_node:/opt/watonomous/bringup_robot:/opt/watonomous/gym_vis:/opt/watonomous/action:/opt/ros/humble /usr/bin/cmake /home/bolty/ament_ws/src/robot/bringup_robot -DCMAKE_INSTALL_PREFIX=/home/bolty/ament_ws/src/install/bringup_robot
[19.325s] DEBUG:colcon.colcon_core.event_handler.log_command:Invoked command in '/home/bolty/ament_ws/src/build/bringup_robot' returned '0': AMENT_PREFIX_PATH=/home/bolty/ament_ws/src/install/gym_vis:${AMENT_PREFIX_PATH} CMAKE_PREFIX_PATH=/home/bolty/ament_ws/src/install/gym_vis:/opt/watonomous/safety_node:/opt/watonomous/bringup_robot:/opt/watonomous/gym_vis:/opt/watonomous/action:/opt/ros/humble /usr/bin/cmake /home/bolty/ament_ws/src/robot/bringup_robot -DCMAKE_INSTALL_PREFIX=/home/bolty/ament_ws/src/install/bringup_robot
[19.326s] DEBUG:colcon.colcon_core.event_handler.log_command:Invoking command in '/home/bolty/ament_ws/src/build/bringup_robot': AMENT_PREFIX_PATH=/home/bolty/ament_ws/src/install/gym_vis:${AMENT_PREFIX_PATH} CMAKE_PREFIX_PATH=/home/bolty/ament_ws/src/install/gym_vis:/opt/watonomous/safety_node:/opt/watonomous/bringup_robot:/opt/watonomous/gym_vis:/opt/watonomous/action:/opt/ros/humble /usr/bin/cmake --build /home/bolty/ament_ws/src/build/bringup_robot -- -j16 -l16
[19.374s] DEBUG:colcon.colcon_core.event_handler.log_command:Invoked command in '/home/bolty/ament_ws/src/build/bringup_robot' returned '0': AMENT_PREFIX_PATH=/home/bolty/ament_ws/src/install/gym_vis:${AMENT_PREFIX_PATH} CMAKE_PREFIX_PATH=/home/bolty/ament_ws/src/install/gym_vis:/opt/watonomous/safety_node:/opt/watonomous/bringup_robot:/opt/watonomous/gym_vis:/opt/watonomous/action:/opt/ros/humble /usr/bin/cmake --build /home/bolty/ament_ws/src/build/bringup_robot -- -j16 -l16
[19.403s] DEBUG:colcon.colcon_core.event_handler.log_command:Invoking command in '/home/bolty/ament_ws/src/build/bringup_robot': AMENT_PREFIX_PATH=/home/bolty/ament_ws/src/install/gym_vis:${AMENT_PREFIX_PATH} CMAKE_PREFIX_PATH=/home/bolty/ament_ws/src/install/gym_vis:/opt/watonomous/safety_node:/opt/watonomous/bringup_robot:/opt/watonomous/gym_vis:/opt/watonomous/action:/opt/ros/humble /usr/bin/cmake --install /home/bolty/ament_ws/src/build/bringup_robot
[19.415s] Level 1:colcon.colcon_core.environment:create_environment_scripts_only(bringup_robot)
[19.415s] DEBUG:colcon.colcon_core.event_handler.log_command:Invoked command in '/home/bolty/ament_ws/src/build/bringup_robot' returned '0': AMENT_PREFIX_PATH=/home/bolty/ament_ws/src/install/gym_vis:${AMENT_PREFIX_PATH} CMAKE_PREFIX_PATH=/home/bolty/ament_ws/src/install/gym_vis:/opt/watonomous/safety_node:/opt/watonomous/bringup_robot:/opt/watonomous/gym_vis:/opt/watonomous/action:/opt/ros/humble /usr/bin/cmake --install /home/bolty/ament_ws/src/build/bringup_robot
[19.415s] Level 1:colcon.colcon_core.environment:checking '/home/bolty/ament_ws/src/install/bringup_robot' for CMake module files
[19.416s] Level 1:colcon.colcon_core.environment:checking '/home/bolty/ament_ws/src/install/bringup_robot' for CMake config files
[19.416s] Level 1:colcon.colcon_core.shell:create_environment_hook('bringup_robot', 'cmake_prefix_path')
[19.416s] INFO:colcon.colcon_core.shell:Creating environment hook '/home/bolty/ament_ws/src/install/bringup_robot/share/bringup_robot/hook/cmake_prefix_path.ps1'
[19.417s] INFO:colcon.colcon_core.shell:Creating environment descriptor '/home/bolty/ament_ws/src/install/bringup_robot/share/bringup_robot/hook/cmake_prefix_path.dsv'
[19.417s] INFO:colcon.colcon_core.shell:Creating environment hook '/home/bolty/ament_ws/src/install/bringup_robot/share/bringup_robot/hook/cmake_prefix_path.sh'
[19.417s] Level 1:colcon.colcon_core.environment:checking '/home/bolty/ament_ws/src/install/bringup_robot/bin'
[19.418s] Level 1:colcon.colcon_core.environment:checking '/home/bolty/ament_ws/src/install/bringup_robot/lib/pkgconfig/bringup_robot.pc'
[19.418s] Level 1:colcon.colcon_core.environment:checking '/home/bolty/ament_ws/src/install/bringup_robot/lib/python3.10/site-packages'
[19.418s] Level 1:colcon.colcon_core.environment:checking '/home/bolty/ament_ws/src/install/bringup_robot/bin'
[19.418s] INFO:colcon.colcon_core.shell:Creating package script '/home/bolty/ament_ws/src/install/bringup_robot/share/bringup_robot/package.ps1'
[19.419s] INFO:colcon.colcon_core.shell:Creating package descriptor '/home/bolty/ament_ws/src/install/bringup_robot/share/bringup_robot/package.dsv'
[19.420s] INFO:colcon.colcon_core.shell:Creating package script '/home/bolty/ament_ws/src/install/bringup_robot/share/bringup_robot/package.sh'
[19.420s] INFO:colcon.colcon_core.shell:Creating package script '/home/bolty/ament_ws/src/install/bringup_robot/share/bringup_robot/package.bash'
[19.421s] INFO:colcon.colcon_core.shell:Creating package script '/home/bolty/ament_ws/src/install/bringup_robot/share/bringup_robot/package.zsh'
[19.421s] Level 1:colcon.colcon_core.environment:create_file_with_runtime_dependencies(/home/bolty/ament_ws/src/install/bringup_robot/share/colcon-core/packages/bringup_robot)
[19.450s] Level 1:colcon.colcon_core.environment:create_environment_scripts_only(bringup_robot)
[19.450s] Level 1:colcon.colcon_core.environment:checking '/home/bolty/ament_ws/src/install/bringup_robot' for CMake module files
[19.451s] Level 1:colcon.colcon_core.environment:checking '/home/bolty/ament_ws/src/install/bringup_robot' for CMake config files
[19.452s] Level 1:colcon.colcon_core.shell:create_environment_hook('bringup_robot', 'cmake_prefix_path')
[19.452s] INFO:colcon.colcon_core.shell:Creating environment hook '/home/bolty/ament_ws/src/install/bringup_robot/share/bringup_robot/hook/cmake_prefix_path.ps1'
[19.453s] INFO:colcon.colcon_core.shell:Creating environment descriptor '/home/bolty/ament_ws/src/install/bringup_robot/share/bringup_robot/hook/cmake_prefix_path.dsv'
[19.454s] INFO:colcon.colcon_core.shell:Creating environment hook '/home/bolty/ament_ws/src/install/bringup_robot/share/bringup_robot/hook/cmake_prefix_path.sh'
[19.455s] Level 1:colcon.colcon_core.environment:checking '/home/bolty/ament_ws/src/install/bringup_robot/bin'
[19.455s] Level 1:colcon.colcon_core.environment:checking '/home/bolty/ament_ws/src/install/bringup_robot/lib/pkgconfig/bringup_robot.pc'
[19.455s] Level 1:colcon.colcon_core.environment:checking '/home/bolty/ament_ws/src/install/bringup_robot/lib/python3.10/site-packages'
[19.455s] Level 1:colcon.colcon_core.environment:checking '/home/bolty/ament_ws/src/install/bringup_robot/bin'
[19.456s] INFO:colcon.colcon_core.shell:Creating package script '/home/bolty/ament_ws/src/install/bringup_robot/share/bringup_robot/package.ps1'
[19.457s] INFO:colcon.colcon_core.shell:Creating package descriptor '/home/bolty/ament_ws/src/install/bringup_robot/share/bringup_robot/package.dsv'
[19.457s] INFO:colcon.colcon_core.shell:Creating package script '/home/bolty/ament_ws/src/install/bringup_robot/share/bringup_robot/package.sh'
[19.457s] INFO:colcon.colcon_core.shell:Creating package script '/home/bolty/ament_ws/src/install/bringup_robot/share/bringup_robot/package.bash'
[19.458s] INFO:colcon.colcon_core.shell:Creating package script '/home/bolty/ament_ws/src/install/bringup_robot/share/bringup_robot/package.zsh'
[19.458s] Level 1:colcon.colcon_core.environment:create_file_with_runtime_dependencies(/home/bolty/ament_ws/src/install/bringup_robot/share/colcon-core/packages/bringup_robot)
[20.435s] DEBUG:colcon.colcon_core.event_handler.log_command:Invoked command in '/home/bolty/ament_ws/src/build/safety_node' returned '0': CMAKE_PREFIX_PATH=${CMAKE_PREFIX_PATH}:/opt/watonomous/action:/opt/ros/humble /usr/bin/cmake --build /home/bolty/ament_ws/src/build/safety_node -- -j16 -l16
[20.462s] DEBUG:colcon.colcon_core.event_handler.log_command:Invoking command in '/home/bolty/ament_ws/src/build/safety_node': CMAKE_PREFIX_PATH=${CMAKE_PREFIX_PATH}:/opt/watonomous/action:/opt/ros/humble /usr/bin/cmake --install /home/bolty/ament_ws/src/build/safety_node
[20.481s] Level 1:colcon.colcon_core.environment:create_environment_scripts_only(safety_node)
[20.482s] Level 1:colcon.colcon_core.environment:checking '/home/bolty/ament_ws/src/install/safety_node' for CMake module files
[20.482s] DEBUG:colcon.colcon_core.event_handler.log_command:Invoked command in '/home/bolty/ament_ws/src/build/safety_node' returned '0': CMAKE_PREFIX_PATH=${CMAKE_PREFIX_PATH}:/opt/watonomous/action:/opt/ros/humble /usr/bin/cmake --install /home/bolty/ament_ws/src/build/safety_node
[20.482s] Level 1:colcon.colcon_core.environment:checking '/home/bolty/ament_ws/src/install/safety_node' for CMake config files
[20.482s] Level 1:colcon.colcon_core.shell:create_environment_hook('safety_node', 'cmake_prefix_path')
[20.483s] INFO:colcon.colcon_core.shell:Creating environment hook '/home/bolty/ament_ws/src/install/safety_node/share/safety_node/hook/cmake_prefix_path.ps1'
[20.483s] INFO:colcon.colcon_core.shell:Creating environment descriptor '/home/bolty/ament_ws/src/install/safety_node/share/safety_node/hook/cmake_prefix_path.dsv'
[20.484s] INFO:colcon.colcon_core.shell:Creating environment hook '/home/bolty/ament_ws/src/install/safety_node/share/safety_node/hook/cmake_prefix_path.sh'
[20.484s] Level 1:colcon.colcon_core.environment:checking '/home/bolty/ament_ws/src/install/safety_node/lib'
[20.484s] Level 1:colcon.colcon_core.environment:checking '/home/bolty/ament_ws/src/install/safety_node/bin'
[20.484s] Level 1:colcon.colcon_core.environment:checking '/home/bolty/ament_ws/src/install/safety_node/lib/pkgconfig/safety_node.pc'
[20.485s] Level 1:colcon.colcon_core.environment:checking '/home/bolty/ament_ws/src/install/safety_node/lib/python3.10/site-packages'
[20.485s] Level 1:colcon.colcon_core.environment:checking '/home/bolty/ament_ws/src/install/safety_node/bin'
[20.485s] INFO:colcon.colcon_core.shell:Creating package script '/home/bolty/ament_ws/src/install/safety_node/share/safety_node/package.ps1'
[20.486s] INFO:colcon.colcon_core.shell:Creating package descriptor '/home/bolty/ament_ws/src/install/safety_node/share/safety_node/package.dsv'
[20.486s] INFO:colcon.colcon_core.shell:Creating package script '/home/bolty/ament_ws/src/install/safety_node/share/safety_node/package.sh'
[20.486s] INFO:colcon.colcon_core.shell:Creating package script '/home/bolty/ament_ws/src/install/safety_node/share/safety_node/package.bash'
[20.487s] INFO:colcon.colcon_core.shell:Creating package script '/home/bolty/ament_ws/src/install/safety_node/share/safety_node/package.zsh'
[20.487s] Level 1:colcon.colcon_core.environment:create_file_with_runtime_dependencies(/home/bolty/ament_ws/src/install/safety_node/share/colcon-core/packages/safety_node)
[20.519s] Level 1:colcon.colcon_core.environment:create_environment_scripts_only(safety_node)
[20.519s] Level 1:colcon.colcon_core.environment:checking '/home/bolty/ament_ws/src/install/safety_node' for CMake module files
[20.520s] Level 1:colcon.colcon_core.environment:checking '/home/bolty/ament_ws/src/install/safety_node' for CMake config files
[20.520s] Level 1:colcon.colcon_core.shell:create_environment_hook('safety_node', 'cmake_prefix_path')
[20.520s] INFO:colcon.colcon_core.shell:Creating environment hook '/home/bolty/ament_ws/src/install/safety_node/share/safety_node/hook/cmake_prefix_path.ps1'
[20.521s] INFO:colcon.colcon_core.shell:Creating environment descriptor '/home/bolty/ament_ws/src/install/safety_node/share/safety_node/hook/cmake_prefix_path.dsv'
[20.521s] INFO:colcon.colcon_core.shell:Creating environment hook '/home/bolty/ament_ws/src/install/safety_node/share/safety_node/hook/cmake_prefix_path.sh'
[20.522s] Level 1:colcon.colcon_core.environment:checking '/home/bolty/ament_ws/src/install/safety_node/lib'
[20.522s] Level 1:colcon.colcon_core.environment:checking '/home/bolty/ament_ws/src/install/safety_node/bin'
[20.522s] Level 1:colcon.colcon_core.environment:checking '/home/bolty/ament_ws/src/install/safety_node/lib/pkgconfig/safety_node.pc'
[20.522s] Level 1:colcon.colcon_core.environment:checking '/home/bolty/ament_ws/src/install/safety_node/lib/python3.10/site-packages'
[20.523s] Level 1:colcon.colcon_core.environment:checking '/home/bolty/ament_ws/src/install/safety_node/bin'
[20.523s] INFO:colcon.colcon_core.shell:Creating package script '/home/bolty/ament_ws/src/install/safety_node/share/safety_node/package.ps1'
[20.523s] INFO:colcon.colcon_core.shell:Creating package descriptor '/home/bolty/ament_ws/src/install/safety_node/share/safety_node/package.dsv'
[20.524s] INFO:colcon.colcon_core.shell:Creating package script '/home/bolty/ament_ws/src/install/safety_node/share/safety_node/package.sh'
[20.524s] INFO:colcon.colcon_core.shell:Creating package script '/home/bolty/ament_ws/src/install/safety_node/share/safety_node/package.bash'
[20.525s] INFO:colcon.colcon_core.shell:Creating package script '/home/bolty/ament_ws/src/install/safety_node/share/safety_node/package.zsh'
[20.525s] Level 1:colcon.colcon_core.environment:create_file_with_runtime_dependencies(/home/bolty/ament_ws/src/install/safety_node/share/colcon-core/packages/safety_node)
[20.526s] DEBUG:colcon.colcon_parallel_executor.executor.parallel:closing loop
[20.526s] DEBUG:colcon.colcon_parallel_executor.executor.parallel:loop closed
[20.526s] DEBUG:colcon.colcon_parallel_executor.executor.parallel:run_until_complete finished with '0'
[20.526s] DEBUG:colcon.colcon_core.event_reactor:joining thread
[20.542s] INFO:colcon.colcon_core.plugin_system:Skipping extension 'colcon_notification.desktop_notification.notify_send': Could not find 'notify-send'
[20.542s] INFO:colcon.colcon_core.plugin_system:Skipping extension 'colcon_notification.desktop_notification.terminal_notifier': Not used on non-Darwin systems
[20.542s] INFO:colcon.colcon_core.plugin_system:Skipping extension 'colcon_notification.desktop_notification.win32': Not used on non-Windows systems
[20.542s] INFO:colcon.colcon_notification.desktop_notification:Sending desktop notification using 'notify2'
[20.548s] DEBUG:colcon.colcon_notification.desktop_notification.notify2:Failed to initialize notify2: org.freedesktop.DBus.Error.Spawn.ExecFailed: /usr/bin/dbus-launch terminated abnormally without any error message
[20.548s] DEBUG:colcon.colcon_core.event_reactor:joined thread
[20.549s] INFO:colcon.colcon_core.shell:Creating prefix script '/home/bolty/ament_ws/src/install/local_setup.ps1'
[20.551s] INFO:colcon.colcon_core.shell:Creating prefix util module '/home/bolty/ament_ws/src/install/_local_setup_util_ps1.py'
[20.553s] INFO:colcon.colcon_core.shell:Creating prefix chain script '/home/bolty/ament_ws/src/install/setup.ps1'
[20.555s] INFO:colcon.colcon_core.shell:Creating prefix script '/home/bolty/ament_ws/src/install/local_setup.sh'
[20.555s] INFO:colcon.colcon_core.shell:Creating prefix util module '/home/bolty/ament_ws/src/install/_local_setup_util_sh.py'
[20.556s] INFO:colcon.colcon_core.shell:Creating prefix chain script '/home/bolty/ament_ws/src/install/setup.sh'
[20.557s] INFO:colcon.colcon_core.shell:Creating prefix script '/home/bolty/ament_ws/src/install/local_setup.bash'
[20.558s] INFO:colcon.colcon_core.shell:Creating prefix chain script '/home/bolty/ament_ws/src/install/setup.bash'
[20.559s] INFO:colcon.colcon_core.shell:Creating prefix script '/home/bolty/ament_ws/src/install/local_setup.zsh'
[20.560s] INFO:colcon.colcon_core.shell:Creating prefix chain script '/home/bolty/ament_ws/src/install/setup.zsh'
