-- Found ament_cmake: 2.5.5 (/opt/ros/jazzy/share/ament_cmake/cmake)
-- Found rclcpp: 28.1.16 (/opt/ros/jazzy/share/rclcpp/cmake)
-- Found rosidl_generator_c: 4.6.7 (/opt/ros/jazzy/share/rosidl_generator_c/cmake)
-- Found rosidl_generator_cpp: 4.6.7 (/opt/ros/jazzy/share/rosidl_generator_cpp/cmake)
-- Using all available rosidl_typesupport_c: rosidl_typesupport_fastrtps_c;rosidl_typesupport_introspection_c
-- Using all available rosidl_typesupport_cpp: rosidl_typesupport_fastrtps_cpp;rosidl_typesupport_introspection_cpp
-- Found rmw_implementation_cmake: 7.3.3 (/opt/ros/jazzy/share/rmw_implementation_cmake/cmake)
-- Found rmw_fastrtps_cpp: 8.4.3 (/opt/ros/jazzy/share/rmw_fastrtps_cpp/cmake)
-- Using RMW implementation 'rmw_fastrtps_cpp' as default
-- Found std_msgs: 5.3.6 (/opt/ros/jazzy/share/std_msgs/cmake)
-- Found nav_msgs: 5.3.6 (/opt/ros/jazzy/share/nav_msgs/cmake)
-- Configuring done (1.5s)
-- Generating done (0.0s)
-- Build files have been written to: /home/rraina/wato_f1tenth/build/global_planner
[100%] Built target global_planner_node
-- Install configuration: ""
-- Up-to-date: /home/rraina/wato_f1tenth/install/global_planner/share/global_planner/assets
-- Up-to-date: /home/rraina/wato_f1tenth/install/global_planner/share/global_planner/assets/autoDriveRaceline_with_vel.csv
-- Up-to-date: /home/rraina/wato_f1tenth/install/global_planner/share/global_planner/assets/MexicoCity_centerline.csv
-- Up-to-date: /home/rraina/wato_f1tenth/install/global_planner/share/global_planner/assets/e7_fifth_v3_centerline.csv
-- Up-to-date: /home/rraina/wato_f1tenth/install/global_planner/share/global_planner/assets/e7_fifth_v3_optimal.csv
-- Up-to-date: /home/rraina/wato_f1tenth/install/global_planner/share/global_planner/assets/MexicoCity_raceline.csv
-- Up-to-date: /home/rraina/wato_f1tenth/install/global_planner/share/global_planner/assets/optmial_clean_map.csv
-- Up-to-date: /home/rraina/wato_f1tenth/install/global_planner/share/global_planner/assets/autodrive.csv
-- Up-to-date: /home/rraina/wato_f1tenth/install/global_planner/share/global_planner/assets/my_map_clean.csv
-- Up-to-date: /home/rraina/wato_f1tenth/install/global_planner/lib/global_planner/global_planner_node
-- Up-to-date: /home/rraina/wato_f1tenth/install/global_planner/share/ament_index/resource_index/package_run_dependencies/global_planner
-- Up-to-date: /home/rraina/wato_f1tenth/install/global_planner/share/ament_index/resource_index/parent_prefix_path/global_planner
-- Up-to-date: /home/rraina/wato_f1tenth/install/global_planner/share/global_planner/environment/ament_prefix_path.sh
-- Up-to-date: /home/rraina/wato_f1tenth/install/global_planner/share/global_planner/environment/ament_prefix_path.dsv
-- Up-to-date: /home/rraina/wato_f1tenth/install/global_planner/share/global_planner/environment/path.sh
-- Up-to-date: /home/rraina/wato_f1tenth/install/global_planner/share/global_planner/environment/path.dsv
-- Up-to-date: /home/rraina/wato_f1tenth/install/global_planner/share/global_planner/local_setup.bash
-- Up-to-date: /home/rraina/wato_f1tenth/install/global_planner/share/global_planner/local_setup.sh
-- Up-to-date: /home/rraina/wato_f1tenth/install/global_planner/share/global_planner/local_setup.zsh
-- Up-to-date: /home/rraina/wato_f1tenth/install/global_planner/share/global_planner/local_setup.dsv
-- Installing: /home/rraina/wato_f1tenth/install/global_planner/share/global_planner/package.dsv
-- Up-to-date: /home/rraina/wato_f1tenth/install/global_planner/share/ament_index/resource_index/packages/global_planner
-- Up-to-date: /home/rraina/wato_f1tenth/install/global_planner/share/global_planner/cmake/global_plannerConfig.cmake
-- Up-to-date: /home/rraina/wato_f1tenth/install/global_planner/share/global_planner/cmake/global_plannerConfig-version.cmake
-- Up-to-date: /home/rraina/wato_f1tenth/install/global_planner/share/global_planner/package.xml
