[0.519s] Invoking command in '/home/rraina/wato_f1tenth/build/foxglove_msgs': CMAKE_PREFIX_PATH=${CMAKE_PREFIX_PATH}:/opt/ros/jazzy /usr/bin/cmake --build /home/rraina/wato_f1tenth/build/foxglove_msgs -- -j22 -l22
[1.032s] Invoked command in '/home/rraina/wato_f1tenth/build/foxglove_msgs' returned '0': CMAKE_PREFIX_PATH=${CMAKE_PREFIX_PATH}:/opt/ros/jazzy /usr/bin/cmake --build /home/rraina/wato_f1tenth/build/foxglove_msgs -- -j22 -l22
[1.038s] Invoking command in '/home/rraina/wato_f1tenth/build/foxglove_msgs': CMAKE_PREFIX_PATH=${CMAKE_PREFIX_PATH}:/opt/ros/jazzy /usr/bin/cmake --install /home/rraina/wato_f1tenth/build/foxglove_msgs
[1.126s] -- Install configuration: ""
[1.127s] -- Up-to-date: /home/rraina/wato_f1tenth/install/foxglove_msgs/share/ament_index/resource_index/package_run_dependencies/foxglove_msgs
[1.128s] -- Up-to-date: /home/rraina/wato_f1tenth/install/foxglove_msgs/share/ament_index/resource_index/parent_prefix_path/foxglove_msgs
[1.128s] -- Up-to-date: /home/rraina/wato_f1tenth/install/foxglove_msgs/share/foxglove_msgs/environment/ament_prefix_path.sh
[1.129s] -- Up-to-date: /home/rraina/wato_f1tenth/install/foxglove_msgs/share/foxglove_msgs/environment/ament_prefix_path.dsv
[1.129s] -- Up-to-date: /home/rraina/wato_f1tenth/install/foxglove_msgs/share/foxglove_msgs/environment/path.sh
[1.130s] -- Up-to-date: /home/rraina/wato_f1tenth/install/foxglove_msgs/share/foxglove_msgs/environment/path.dsv
[1.130s] -- Up-to-date: /home/rraina/wato_f1tenth/install/foxglove_msgs/share/foxglove_msgs/local_setup.bash
[1.130s] -- Up-to-date: /home/rraina/wato_f1tenth/install/foxglove_msgs/share/foxglove_msgs/local_setup.sh
[1.131s] -- Up-to-date: /home/rraina/wato_f1tenth/install/foxglove_msgs/share/foxglove_msgs/local_setup.zsh
[1.131s] -- Up-to-date: /home/rraina/wato_f1tenth/install/foxglove_msgs/share/foxglove_msgs/local_setup.dsv
[1.133s] -- Up-to-date: /home/rraina/wato_f1tenth/install/foxglove_msgs/share/foxglove_msgs/package.dsv
[1.133s] -- Up-to-date: /home/rraina/wato_f1tenth/install/foxglove_msgs/share/ament_index/resource_index/packages/foxglove_msgs
[1.133s] -- Up-to-date: /home/rraina/wato_f1tenth/install/foxglove_msgs/share/foxglove_msgs/cmake/foxglove_msgsConfig.cmake
[1.137s] -- Up-to-date: /home/rraina/wato_f1tenth/install/foxglove_msgs/share/foxglove_msgs/cmake/foxglove_msgsConfig-version.cmake
[1.137s] -- Up-to-date: /home/rraina/wato_f1tenth/install/foxglove_msgs/share/foxglove_msgs/package.xml
[1.215s] Invoked command in '/home/rraina/wato_f1tenth/build/foxglove_msgs' returned '0': CMAKE_PREFIX_PATH=${CMAKE_PREFIX_PATH}:/opt/ros/jazzy /usr/bin/cmake --install /home/rraina/wato_f1tenth/build/foxglove_msgs
