[0.495s] Invoking command in '/home/rraina/wato_f1tenth/build/costmap': CMAKE_PREFIX_PATH=${CMAKE_PREFIX_PATH}:/opt/ros/jazzy /usr/bin/cmake --build /home/rraina/wato_f1tenth/build/costmap -- -j22 -l22
[0.988s] [100%] Built target costmap_node
[1.031s] Invoked command in '/home/rraina/wato_f1tenth/build/costmap' returned '0': CMAKE_PREFIX_PATH=${CMAKE_PREFIX_PATH}:/opt/ros/jazzy /usr/bin/cmake --build /home/rraina/wato_f1tenth/build/costmap -- -j22 -l22
[1.038s] Invoking command in '/home/rraina/wato_f1tenth/build/costmap': CMAKE_PREFIX_PATH=${CMAKE_PREFIX_PATH}:/opt/ros/jazzy /usr/bin/cmake --install /home/rraina/wato_f1tenth/build/costmap
[1.119s] -- Install configuration: ""
[1.119s] -- Up-to-date: /home/rraina/wato_f1tenth/install/costmap/share/costmap/config
[1.120s] -- Up-to-date: /home/rraina/wato_f1tenth/install/costmap/share/costmap/config/params.yaml
[1.120s] -- Up-to-date: /home/rraina/wato_f1tenth/install/costmap/lib/costmap/costmap_node
[1.120s] -- Up-to-date: /home/rraina/wato_f1tenth/install/costmap/share/ament_index/resource_index/package_run_dependencies/costmap
[1.120s] -- Up-to-date: /home/rraina/wato_f1tenth/install/costmap/share/ament_index/resource_index/parent_prefix_path/costmap
[1.120s] -- Up-to-date: /home/rraina/wato_f1tenth/install/costmap/share/costmap/environment/ament_prefix_path.sh
[1.121s] -- Up-to-date: /home/rraina/wato_f1tenth/install/costmap/share/costmap/environment/ament_prefix_path.dsv
[1.121s] -- Up-to-date: /home/rraina/wato_f1tenth/install/costmap/share/costmap/environment/path.sh
[1.121s] -- Up-to-date: /home/rraina/wato_f1tenth/install/costmap/share/costmap/environment/path.dsv
[1.121s] -- Up-to-date: /home/rraina/wato_f1tenth/install/costmap/share/costmap/local_setup.bash
[1.121s] -- Up-to-date: /home/rraina/wato_f1tenth/install/costmap/share/costmap/local_setup.sh
[1.121s] -- Up-to-date: /home/rraina/wato_f1tenth/install/costmap/share/costmap/local_setup.zsh
[1.124s] -- Up-to-date: /home/rraina/wato_f1tenth/install/costmap/share/costmap/local_setup.dsv
[1.126s] -- Installing: /home/rraina/wato_f1tenth/install/costmap/share/costmap/package.dsv
[1.127s] -- Up-to-date: /home/rraina/wato_f1tenth/install/costmap/share/ament_index/resource_index/packages/costmap
[1.129s] -- Up-to-date: /home/rraina/wato_f1tenth/install/costmap/share/costmap/cmake/costmapConfig.cmake
[1.130s] -- Up-to-date: /home/rraina/wato_f1tenth/install/costmap/share/costmap/cmake/costmapConfig-version.cmake
[1.132s] -- Up-to-date: /home/rraina/wato_f1tenth/install/costmap/share/costmap/package.xml
[1.475s] Invoked command in '/home/rraina/wato_f1tenth/build/costmap' returned '0': CMAKE_PREFIX_PATH=${CMAKE_PREFIX_PATH}:/opt/ros/jazzy /usr/bin/cmake --install /home/rraina/wato_f1tenth/build/costmap
