[0.030s] Invoking command in '/home/bolty/ament_ws/src/build/gym_vis': CMAKE_PREFIX_PATH=${CMAKE_PREFIX_PATH}:/opt/watonomous/action:/opt/ros/humble /usr/bin/cmake /home/bolty/ament_ws/src/robot/gym_vis -DCMAKE_INSTALL_PREFIX=/home/bolty/ament_ws/src/install/gym_vis
[0.295s] -- The C compiler identification is GNU 11.4.0
[0.296s] -- The CXX compiler identification is GNU 11.4.0
[0.296s] -- Detecting C compiler ABI info
[0.297s] -- Detecting C compiler ABI info - done
[0.297s] -- Check for working C compiler: /usr/bin/cc - skipped
[0.297s] -- Detecting C compile features
[0.297s] -- Detecting C compile features - done
[0.298s] -- Detecting CXX compiler ABI info
[0.412s] -- Detecting CXX compiler ABI info - done
[0.424s] -- Check for working CXX compiler: /usr/bin/c++ - skipped
[0.426s] -- Detecting CXX compile features
[0.426s] -- Detecting CXX compile features - done
[0.431s] -- Found ament_cmake: 1.3.10 (/opt/ros/humble/share/ament_cmake/cmake)
[0.619s] -- Found Python3: /usr/bin/python3 (found version "3.10.12") found components: Interpreter 
[0.773s] -- Found rclcpp: 16.0.10 (/opt/ros/humble/share/rclcpp/cmake)
[0.839s] -- Found rosidl_generator_c: 3.1.5 (/opt/ros/humble/share/rosidl_generator_c/cmake)
[0.850s] -- Found rosidl_adapter: 3.1.5 (/opt/ros/humble/share/rosidl_adapter/cmake)
[0.870s] -- Found rosidl_generator_cpp: 3.1.5 (/opt/ros/humble/share/rosidl_generator_cpp/cmake)
[0.896s] -- Using all available rosidl_typesupport_c: rosidl_typesupport_fastrtps_c;rosidl_typesupport_introspection_c
[0.933s] -- Using all available rosidl_typesupport_cpp: rosidl_typesupport_fastrtps_cpp;rosidl_typesupport_introspection_cpp
[1.022s] -- Found rmw_implementation_cmake: 6.1.2 (/opt/ros/humble/share/rmw_implementation_cmake/cmake)
[1.029s] -- Found rmw_fastrtps_cpp: 6.2.7 (/opt/ros/humble/share/rmw_fastrtps_cpp/cmake)
[1.165s] -- Found OpenSSL: /usr/lib/x86_64-linux-gnu/libcrypto.so (found version "3.0.2")  
[1.194s] -- Found FastRTPS: /opt/ros/humble/include  
[1.246s] -- Using RMW implementation 'rmw_fastrtps_cpp' as default
[1.258s] -- Looking for pthread.h
[1.351s] -- Looking for pthread.h - found
[1.352s] -- Performing Test CMAKE_HAVE_LIBC_PTHREAD
[1.440s] -- Performing Test CMAKE_HAVE_LIBC_PTHREAD - Success
[1.441s] -- Found Threads: TRUE  
[1.536s] -- Found nav_msgs: 4.2.4 (/opt/ros/humble/share/nav_msgs/cmake)
[1.576s] -- Found visualization_msgs: 4.2.4 (/opt/ros/humble/share/visualization_msgs/cmake)
[1.630s] -- Found ackermann_msgs: 2.0.2 (/opt/ros/humble/share/ackermann_msgs/cmake)
[1.655s] -- Found tf2_ros: 0.25.8 (/opt/ros/humble/share/tf2_ros/cmake)
[1.841s] -- Found tf2_geometry_msgs: 0.25.8 (/opt/ros/humble/share/tf2_geometry_msgs/cmake)
[1.851s] -- Found eigen3_cmake_module: 0.1.1 (/opt/ros/humble/share/eigen3_cmake_module/cmake)
[1.852s] -- Found Eigen3: TRUE (found version "3.4.0") 
[1.852s] -- Ensuring Eigen3 include directory is part of orocos-kdl CMake target
[1.855s] -- Found ament_lint_auto: 0.12.11 (/opt/ros/humble/share/ament_lint_auto/cmake)
[2.002s] -- Added test 'cppcheck' to perform static code analysis on C / C++ code
[2.002s] -- Configured cppcheck include dirs: /home/bolty/ament_ws/src/robot/gym_vis/include
[2.002s] -- Configured cppcheck exclude dirs and/or files: 
[2.003s] -- Added test 'lint_cmake' to check CMake code style
[2.005s] -- Added test 'uncrustify' to check C / C++ code style
[2.005s] -- Configured uncrustify additional arguments: 
[2.006s] -- Added test 'xmllint' to check XML markup files
[2.008s] -- Configuring done
[2.025s] -- Generating done
[2.027s] -- Build files have been written to: /home/bolty/ament_ws/src/build/gym_vis
[2.036s] Invoked command in '/home/bolty/ament_ws/src/build/gym_vis' returned '0': CMAKE_PREFIX_PATH=${CMAKE_PREFIX_PATH}:/opt/watonomous/action:/opt/ros/humble /usr/bin/cmake /home/bolty/ament_ws/src/robot/gym_vis -DCMAKE_INSTALL_PREFIX=/home/bolty/ament_ws/src/install/gym_vis
[2.038s] Invoking command in '/home/bolty/ament_ws/src/build/gym_vis': CMAKE_PREFIX_PATH=${CMAKE_PREFIX_PATH}:/opt/watonomous/action:/opt/ros/humble /usr/bin/cmake --build /home/bolty/ament_ws/src/build/gym_vis -- -j16 -l16
[2.102s] [ 50%] [32mBuilding CXX object CMakeFiles/gym_vis_node.dir/src/gym_vis.cpp.o[0m
[17.164s] [100%] [32m[1mLinking CXX executable gym_vis_node[0m
[18.047s] [100%] Built target gym_vis_node
[18.060s] Invoked command in '/home/bolty/ament_ws/src/build/gym_vis' returned '0': CMAKE_PREFIX_PATH=${CMAKE_PREFIX_PATH}:/opt/watonomous/action:/opt/ros/humble /usr/bin/cmake --build /home/bolty/ament_ws/src/build/gym_vis -- -j16 -l16
[18.092s] Invoking command in '/home/bolty/ament_ws/src/build/gym_vis': CMAKE_PREFIX_PATH=${CMAKE_PREFIX_PATH}:/opt/watonomous/action:/opt/ros/humble /usr/bin/cmake --install /home/bolty/ament_ws/src/build/gym_vis
[18.100s] -- Install configuration: ""
[18.101s] -- Installing: /home/bolty/ament_ws/src/install/gym_vis/share/gym_vis/assets
[18.101s] -- Installing: /home/bolty/ament_ws/src/install/gym_vis/share/gym_vis/assets/f1tenth_car.stl
[18.111s] -- Installing: /home/bolty/ament_ws/src/install/gym_vis/lib/gym_vis/gym_vis_node
[18.115s] -- Set runtime path of "/home/bolty/ament_ws/src/install/gym_vis/lib/gym_vis/gym_vis_node" to ""
[18.115s] -- Installing: /home/bolty/ament_ws/src/install/gym_vis/share/ament_index/resource_index/package_run_dependencies/gym_vis
[18.115s] -- Installing: /home/bolty/ament_ws/src/install/gym_vis/share/ament_index/resource_index/parent_prefix_path/gym_vis
[18.115s] -- Installing: /home/bolty/ament_ws/src/install/gym_vis/share/gym_vis/environment/ament_prefix_path.sh
[18.116s] -- Installing: /home/bolty/ament_ws/src/install/gym_vis/share/gym_vis/environment/ament_prefix_path.dsv
[18.116s] -- Installing: /home/bolty/ament_ws/src/install/gym_vis/share/gym_vis/environment/path.sh
[18.116s] -- Installing: /home/bolty/ament_ws/src/install/gym_vis/share/gym_vis/environment/path.dsv
[18.116s] -- Installing: /home/bolty/ament_ws/src/install/gym_vis/share/gym_vis/local_setup.bash
[18.116s] -- Installing: /home/bolty/ament_ws/src/install/gym_vis/share/gym_vis/local_setup.sh
[18.116s] -- Installing: /home/bolty/ament_ws/src/install/gym_vis/share/gym_vis/local_setup.zsh
[18.116s] -- Installing: /home/bolty/ament_ws/src/install/gym_vis/share/gym_vis/local_setup.dsv
[18.116s] -- Installing: /home/bolty/ament_ws/src/install/gym_vis/share/gym_vis/package.dsv
[18.116s] -- Installing: /home/bolty/ament_ws/src/install/gym_vis/share/ament_index/resource_index/packages/gym_vis
[18.117s] -- Installing: /home/bolty/ament_ws/src/install/gym_vis/share/gym_vis/cmake/gym_visConfig.cmake
[18.117s] -- Installing: /home/bolty/ament_ws/src/install/gym_vis/share/gym_vis/cmake/gym_visConfig-version.cmake
[18.117s] -- Installing: /home/bolty/ament_ws/src/install/gym_vis/share/gym_vis/package.xml
[18.119s] Invoked command in '/home/bolty/ament_ws/src/build/gym_vis' returned '0': CMAKE_PREFIX_PATH=${CMAKE_PREFIX_PATH}:/opt/watonomous/action:/opt/ros/humble /usr/bin/cmake --install /home/bolty/ament_ws/src/build/gym_vis
