[0.490s] Invoking command in '/home/rraina/wato_f1tenth/build/safety_node': CMAKE_PREFIX_PATH=${CMAKE_PREFIX_PATH}:/opt/ros/jazzy /usr/bin/cmake /home/rraina/wato_f1tenth/src/robot/safety_system -DBUILD_TESTING=OFF -DCMAKE_INSTALL_PREFIX=/home/rraina/wato_f1tenth/install/safety_node
[0.515s] -- Found ament_cmake: 2.5.5 (/opt/ros/jazzy/share/ament_cmake/cmake)
[0.798s] -- Found rclcpp: 28.1.16 (/opt/ros/jazzy/share/rclcpp/cmake)
[1.029s] -- Found rosidl_generator_c: 4.6.7 (/opt/ros/jazzy/share/rosidl_generator_c/cmake)
[1.039s] -- Found rosidl_generator_cpp: 4.6.7 (/opt/ros/jazzy/share/rosidl_generator_cpp/cmake)
[1.051s] -- Using all available rosidl_typesupport_c: rosidl_typesupport_fastrtps_c;rosidl_typesupport_introspection_c
[1.069s] -- Using all available rosidl_typesupport_cpp: rosidl_typesupport_fastrtps_cpp;rosidl_typesupport_introspection_cpp
[1.151s] -- Found rmw_implementation_cmake: 7.3.3 (/opt/ros/jazzy/share/rmw_implementation_cmake/cmake)
[1.152s] -- Found rmw_fastrtps_cpp: 8.4.3 (/opt/ros/jazzy/share/rmw_fastrtps_cpp/cmake)
[1.489s] -- Using RMW implementation 'rmw_fastrtps_cpp' as default
[1.759s] -- Found std_msgs: 5.3.6 (/opt/ros/jazzy/share/std_msgs/cmake)
[1.769s] -- Found nav_msgs: 5.3.6 (/opt/ros/jazzy/share/nav_msgs/cmake)
[1.825s] -- Found visualization_msgs: 5.3.6 (/opt/ros/jazzy/share/visualization_msgs/cmake)
[1.911s] -- Found ackermann_msgs: 2.0.2 (/opt/ros/jazzy/share/ackermann_msgs/cmake)
[1.928s] -- Found tf2_ros: 0.36.19 (/opt/ros/jazzy/share/tf2_ros/cmake)
[2.056s] -- Found tf2_geometry_msgs: 0.36.19 (/opt/ros/jazzy/share/tf2_geometry_msgs/cmake)
[2.080s] -- Found eigen3_cmake_module: 0.3.0 (/opt/ros/jazzy/share/eigen3_cmake_module/cmake)
[2.080s] -- Ensuring Eigen3 include directory is part of orocos-kdl CMake target
[2.182s] -- Configuring done (1.7s)
[2.228s] -- Generating done (0.0s)
[2.241s] -- Build files have been written to: /home/rraina/wato_f1tenth/build/safety_node
[2.256s] Invoked command in '/home/rraina/wato_f1tenth/build/safety_node' returned '0': CMAKE_PREFIX_PATH=${CMAKE_PREFIX_PATH}:/opt/ros/jazzy /usr/bin/cmake /home/rraina/wato_f1tenth/src/robot/safety_system -DBUILD_TESTING=OFF -DCMAKE_INSTALL_PREFIX=/home/rraina/wato_f1tenth/install/safety_node
[2.258s] Invoking command in '/home/rraina/wato_f1tenth/build/safety_node': CMAKE_PREFIX_PATH=${CMAKE_PREFIX_PATH}:/opt/ros/jazzy /usr/bin/cmake --build /home/rraina/wato_f1tenth/build/safety_node -- -j22 -l22
[2.367s] [ 50%] Built target safety_node
[2.368s] [100%] Built target ebreak
[2.381s] Invoked command in '/home/rraina/wato_f1tenth/build/safety_node' returned '0': CMAKE_PREFIX_PATH=${CMAKE_PREFIX_PATH}:/opt/ros/jazzy /usr/bin/cmake --build /home/rraina/wato_f1tenth/build/safety_node -- -j22 -l22
[2.382s] Invoking command in '/home/rraina/wato_f1tenth/build/safety_node': CMAKE_PREFIX_PATH=${CMAKE_PREFIX_PATH}:/opt/ros/jazzy /usr/bin/cmake --install /home/rraina/wato_f1tenth/build/safety_node
[2.390s] -- Install configuration: ""
[2.392s] -- Up-to-date: /home/rraina/wato_f1tenth/install/safety_node/lib/safety_node/ebreak
[2.393s] -- Up-to-date: /home/rraina/wato_f1tenth/install/safety_node/lib/safety_node/safety_node
[2.393s] -- Up-to-date: /home/rraina/wato_f1tenth/install/safety_node/share/ament_index/resource_index/package_run_dependencies/safety_node
[2.393s] -- Up-to-date: /home/rraina/wato_f1tenth/install/safety_node/share/ament_index/resource_index/parent_prefix_path/safety_node
[2.393s] -- Up-to-date: /home/rraina/wato_f1tenth/install/safety_node/share/safety_node/environment/ament_prefix_path.sh
[2.393s] -- Up-to-date: /home/rraina/wato_f1tenth/install/safety_node/share/safety_node/environment/ament_prefix_path.dsv
[2.393s] -- Up-to-date: /home/rraina/wato_f1tenth/install/safety_node/share/safety_node/environment/path.sh
[2.393s] -- Up-to-date: /home/rraina/wato_f1tenth/install/safety_node/share/safety_node/environment/path.dsv
[2.393s] -- Up-to-date: /home/rraina/wato_f1tenth/install/safety_node/share/safety_node/local_setup.bash
[2.394s] -- Up-to-date: /home/rraina/wato_f1tenth/install/safety_node/share/safety_node/local_setup.sh
[2.394s] -- Up-to-date: /home/rraina/wato_f1tenth/install/safety_node/share/safety_node/local_setup.zsh
[2.394s] -- Up-to-date: /home/rraina/wato_f1tenth/install/safety_node/share/safety_node/local_setup.dsv
[2.394s] -- Installing: /home/rraina/wato_f1tenth/install/safety_node/share/safety_node/package.dsv
[2.394s] -- Up-to-date: /home/rraina/wato_f1tenth/install/safety_node/share/ament_index/resource_index/packages/safety_node
[2.394s] -- Up-to-date: /home/rraina/wato_f1tenth/install/safety_node/share/safety_node/cmake/safety_nodeConfig.cmake
[2.395s] -- Up-to-date: /home/rraina/wato_f1tenth/install/safety_node/share/safety_node/cmake/safety_nodeConfig-version.cmake
[2.396s] -- Up-to-date: /home/rraina/wato_f1tenth/install/safety_node/share/safety_node/package.xml
[2.397s] Invoked command in '/home/rraina/wato_f1tenth/build/safety_node' returned '0': CMAKE_PREFIX_PATH=${CMAKE_PREFIX_PATH}:/opt/ros/jazzy /usr/bin/cmake --install /home/rraina/wato_f1tenth/build/safety_node
