[0.051s] Invoking command in '/home/rraina/wato_f1tenth/build/gym_vis': CMAKE_PREFIX_PATH=${CMAKE_PREFIX_PATH}:/opt/ros/jazzy /usr/bin/cmake /home/rraina/wato_f1tenth/src/robot/gym_vis -DBUILD_TESTING=OFF -DCMAKE_INSTALL_PREFIX=/home/rraina/wato_f1tenth/install/gym_vis
[0.538s] -- Found ament_cmake: 2.5.5 (/opt/ros/jazzy/share/ament_cmake/cmake)
[0.538s] -- Found rclcpp: 28.1.16 (/opt/ros/jazzy/share/rclcpp/cmake)
[0.586s] -- Found rosidl_generator_c: 4.6.7 (/opt/ros/jazzy/share/rosidl_generator_c/cmake)
[0.586s] -- Found rosidl_generator_cpp: 4.6.7 (/opt/ros/jazzy/share/rosidl_generator_cpp/cmake)
[0.587s] -- Using all available rosidl_typesupport_c: rosidl_typesupport_fastrtps_c;rosidl_typesupport_introspection_c
[0.607s] -- Using all available rosidl_typesupport_cpp: rosidl_typesupport_fastrtps_cpp;rosidl_typesupport_introspection_cpp
[0.718s] -- Found rmw_implementation_cmake: 7.3.3 (/opt/ros/jazzy/share/rmw_implementation_cmake/cmake)
[0.722s] -- Found rmw_fastrtps_cpp: 8.4.3 (/opt/ros/jazzy/share/rmw_fastrtps_cpp/cmake)
[1.084s] -- Using RMW implementation 'rmw_fastrtps_cpp' as default
[1.381s] -- Found std_msgs: 5.3.6 (/opt/ros/jazzy/share/std_msgs/cmake)
[1.395s] -- Found nav_msgs: 5.3.6 (/opt/ros/jazzy/share/nav_msgs/cmake)
[1.440s] -- Found visualization_msgs: 5.3.6 (/opt/ros/jazzy/share/visualization_msgs/cmake)
[1.525s] -- Found ackermann_msgs: 2.0.2 (/opt/ros/jazzy/share/ackermann_msgs/cmake)
[1.541s] -- Found tf2_ros: 0.36.19 (/opt/ros/jazzy/share/tf2_ros/cmake)
[1.698s] -- Found tf2_geometry_msgs: 0.36.19 (/opt/ros/jazzy/share/tf2_geometry_msgs/cmake)
[1.708s] -- Found eigen3_cmake_module: 0.3.0 (/opt/ros/jazzy/share/eigen3_cmake_module/cmake)
[1.708s] -- Ensuring Eigen3 include directory is part of orocos-kdl CMake target
[1.828s] -- Configuring done (1.7s)
[1.866s] -- Generating done (0.0s)
[1.874s] -- Build files have been written to: /home/rraina/wato_f1tenth/build/gym_vis
[1.887s] Invoked command in '/home/rraina/wato_f1tenth/build/gym_vis' returned '0': CMAKE_PREFIX_PATH=${CMAKE_PREFIX_PATH}:/opt/ros/jazzy /usr/bin/cmake /home/rraina/wato_f1tenth/src/robot/gym_vis -DBUILD_TESTING=OFF -DCMAKE_INSTALL_PREFIX=/home/rraina/wato_f1tenth/install/gym_vis
[1.888s] Invoking command in '/home/rraina/wato_f1tenth/build/gym_vis': CMAKE_PREFIX_PATH=${CMAKE_PREFIX_PATH}:/opt/ros/jazzy /usr/bin/cmake --build /home/rraina/wato_f1tenth/build/gym_vis -- -j22 -l22
[1.978s] [100%] Built target gym_vis_node
[1.992s] Invoked command in '/home/rraina/wato_f1tenth/build/gym_vis' returned '0': CMAKE_PREFIX_PATH=${CMAKE_PREFIX_PATH}:/opt/ros/jazzy /usr/bin/cmake --build /home/rraina/wato_f1tenth/build/gym_vis -- -j22 -l22
[1.994s] Invoking command in '/home/rraina/wato_f1tenth/build/gym_vis': CMAKE_PREFIX_PATH=${CMAKE_PREFIX_PATH}:/opt/ros/jazzy /usr/bin/cmake --install /home/rraina/wato_f1tenth/build/gym_vis
[2.003s] -- Install configuration: ""
[2.004s] -- Up-to-date: /home/rraina/wato_f1tenth/install/gym_vis/share/gym_vis/assets
[2.004s] -- Up-to-date: /home/rraina/wato_f1tenth/install/gym_vis/share/gym_vis/assets/f1tenth_car.stl
[2.004s] -- Up-to-date: /home/rraina/wato_f1tenth/install/gym_vis/lib/gym_vis/gym_vis_node
[2.005s] -- Up-to-date: /home/rraina/wato_f1tenth/install/gym_vis/share/ament_index/resource_index/package_run_dependencies/gym_vis
[2.006s] -- Up-to-date: /home/rraina/wato_f1tenth/install/gym_vis/share/ament_index/resource_index/parent_prefix_path/gym_vis
[2.006s] -- Up-to-date: /home/rraina/wato_f1tenth/install/gym_vis/share/gym_vis/environment/ament_prefix_path.sh
[2.006s] -- Up-to-date: /home/rraina/wato_f1tenth/install/gym_vis/share/gym_vis/environment/ament_prefix_path.dsv
[2.007s] -- Up-to-date: /home/rraina/wato_f1tenth/install/gym_vis/share/gym_vis/environment/path.sh
[2.007s] -- Up-to-date: /home/rraina/wato_f1tenth/install/gym_vis/share/gym_vis/environment/path.dsv
[2.007s] -- Up-to-date: /home/rraina/wato_f1tenth/install/gym_vis/share/gym_vis/local_setup.bash
[2.007s] -- Up-to-date: /home/rraina/wato_f1tenth/install/gym_vis/share/gym_vis/local_setup.sh
[2.007s] -- Up-to-date: /home/rraina/wato_f1tenth/install/gym_vis/share/gym_vis/local_setup.zsh
[2.008s] -- Up-to-date: /home/rraina/wato_f1tenth/install/gym_vis/share/gym_vis/local_setup.dsv
[2.008s] -- Installing: /home/rraina/wato_f1tenth/install/gym_vis/share/gym_vis/package.dsv
[2.008s] -- Up-to-date: /home/rraina/wato_f1tenth/install/gym_vis/share/ament_index/resource_index/packages/gym_vis
[2.009s] -- Up-to-date: /home/rraina/wato_f1tenth/install/gym_vis/share/gym_vis/cmake/gym_visConfig.cmake
[2.010s] -- Up-to-date: /home/rraina/wato_f1tenth/install/gym_vis/share/gym_vis/cmake/gym_visConfig-version.cmake
[2.010s] -- Up-to-date: /home/rraina/wato_f1tenth/install/gym_vis/share/gym_vis/package.xml
[2.011s] Invoked command in '/home/rraina/wato_f1tenth/build/gym_vis' returned '0': CMAKE_PREFIX_PATH=${CMAKE_PREFIX_PATH}:/opt/ros/jazzy /usr/bin/cmake --install /home/rraina/wato_f1tenth/build/gym_vis
