[0.897s] Invoking command in '/home/rraina/wato_f1tenth/build/teleop_utils': CMAKE_PREFIX_PATH=${CMAKE_PREFIX_PATH}:/opt/ros/jazzy /usr/bin/cmake /home/rraina/wato_f1tenth/src/robot/teleop_utils -DCMAKE_INSTALL_PREFIX=/home/rraina/wato_f1tenth/install/teleop_utils
[1.183s] -- The C compiler identification is GNU 13.3.0
[2.581s] -- The CXX compiler identification is GNU 13.3.0
[3.829s] -- Detecting C compiler ABI info
[4.331s] -- Detecting C compiler ABI info - done
[4.348s] -- Check for working C compiler: /usr/bin/cc - skipped
[4.348s] -- Detecting C compile features
[4.351s] -- Detecting C compile features - done
[4.563s] -- Detecting CXX compiler ABI info
[5.255s] -- Detecting CXX compiler ABI info - done
[5.274s] -- Check for working CXX compiler: /usr/bin/c++ - skipped
[5.274s] -- Detecting CXX compile features
[5.275s] -- Detecting CXX compile features - done
[5.284s] -- Found ament_cmake: 2.5.5 (/opt/ros/jazzy/share/ament_cmake/cmake)
[5.603s] -- Found Python3: /usr/bin/python3 (found version "3.12.3") found components: Interpreter 
[5.863s] -- Found rclcpp: 28.1.16 (/opt/ros/jazzy/share/rclcpp/cmake)
[6.337s] -- Found rosidl_generator_c: 4.6.7 (/opt/ros/jazzy/share/rosidl_generator_c/cmake)
[6.369s] -- Found rosidl_generator_cpp: 4.6.7 (/opt/ros/jazzy/share/rosidl_generator_cpp/cmake)
[6.407s] -- Using all available rosidl_typesupport_c: rosidl_typesupport_fastrtps_c;rosidl_typesupport_introspection_c
[6.447s] -- Using all available rosidl_typesupport_cpp: rosidl_typesupport_fastrtps_cpp;rosidl_typesupport_introspection_cpp
[6.600s] -- Found rmw_implementation_cmake: 7.3.3 (/opt/ros/jazzy/share/rmw_implementation_cmake/cmake)
[6.607s] -- Found rmw_fastrtps_cpp: 8.4.3 (/opt/ros/jazzy/share/rmw_fastrtps_cpp/cmake)
[6.779s] -- Found OpenSSL: /usr/lib/x86_64-linux-gnu/libcrypto.so (found version "3.0.13")  
[7.151s] -- Found FastRTPS: /opt/ros/jazzy/include (Required is at least version "2.13") 
[7.363s] -- Using RMW implementation 'rmw_fastrtps_cpp' as default
[7.845s] -- Found std_msgs: 5.3.6 (/opt/ros/jazzy/share/std_msgs/cmake)
[7.880s] -- Found sensor_msgs: 5.3.6 (/opt/ros/jazzy/share/sensor_msgs/cmake)
[7.964s] -- Found ackermann_msgs: 2.0.2 (/opt/ros/jazzy/share/ackermann_msgs/cmake)
[8.001s] -- Found ament_lint_auto: 0.17.4 (/opt/ros/jazzy/share/ament_lint_auto/cmake)
[8.244s] -- Added test 'cppcheck' to perform static code analysis on C / C++ code
[8.245s] -- Configured cppcheck include dirs: /home/rraina/wato_f1tenth/src/robot/teleop_utils/include
[8.245s] -- Configured cppcheck exclude dirs and/or files: 
[8.246s] -- Added test 'flake8' to check Python code syntax and style conventions
[8.246s] -- Configured 'flake8' exclude dirs and/or files: 
[8.250s] -- Added test 'lint_cmake' to check CMake code style
[8.252s] -- Added test 'pep257' to check Python code against some of the docstring style conventions in PEP 257
[8.256s] -- Added test 'uncrustify' to check C / C++ code style
[8.256s] -- Configured uncrustify additional arguments: 
[8.258s] -- Added test 'xmllint' to check XML markup files
[8.265s] -- Configuring done (7.4s)
[8.308s] -- Generating done (0.0s)
[8.325s] -- Build files have been written to: /home/rraina/wato_f1tenth/build/teleop_utils
[8.344s] Invoked command in '/home/rraina/wato_f1tenth/build/teleop_utils' returned '0': CMAKE_PREFIX_PATH=${CMAKE_PREFIX_PATH}:/opt/ros/jazzy /usr/bin/cmake /home/rraina/wato_f1tenth/src/robot/teleop_utils -DCMAKE_INSTALL_PREFIX=/home/rraina/wato_f1tenth/install/teleop_utils
[8.346s] Invoking command in '/home/rraina/wato_f1tenth/build/teleop_utils': CMAKE_PREFIX_PATH=${CMAKE_PREFIX_PATH}:/opt/ros/jazzy /usr/bin/cmake --build /home/rraina/wato_f1tenth/build/teleop_utils -- -j22 -l22
[8.446s] [ 25%] [32mBuilding CXX object CMakeFiles/keyboard_converter.dir/src/keyboard_converter.cpp.o[0m
[8.447s] [ 50%] [32mBuilding CXX object CMakeFiles/joypad_node.dir/src/joypad_teleop.cpp.o[0m
[42.427s] [ 75%] [32m[1mLinking CXX executable keyboard_converter[0m
[44.031s] [ 75%] Built target keyboard_converter
[45.890s] [100%] [32m[1mLinking CXX executable joypad_node[0m
[47.027s] [100%] Built target joypad_node
