[0.916s] Invoking command in '/home/rraina/wato_f1tenth/build/sample_msgs': CMAKE_PREFIX_PATH=${CMAKE_PREFIX_PATH}:/opt/ros/jazzy /usr/bin/cmake --build /home/rraina/wato_f1tenth/build/sample_msgs -- -j22 -l22
[1.379s] [  1%] Built target sample_msgs__rosidl_generator_type_description
[1.379s] [  1%] Built target ament_cmake_python_copy_sample_msgs
[1.380s] [  3%] Built target sample_msgs__cpp
[1.381s] [ 25%] Built target sample_msgs__rosidl_generator_c
[1.382s] [ 34%] Built target sample_msgs__rosidl_typesupport_c
[1.383s] [ 53%] Built target sample_msgs__rosidl_typesupport_introspection_cpp
[1.384s] [ 48%] Built target sample_msgs__rosidl_typesupport_fastrtps_c
[1.385s] [ 75%] Built target sample_msgs__rosidl_typesupport_cpp
[1.386s] [ 81%] Built target sample_msgs__rosidl_typesupport_introspection_c
[1.387s] [ 81%] Built target sample_msgs__rosidl_typesupport_fastrtps_cpp
[1.544s] [ 81%] Built target sample_msgs
[1.545s] [ 82%] Built target sample_msgs__py
[1.546s] [ 90%] Built target sample_msgs__rosidl_generator_py
[1.546s] [100%] Built target sample_msgs_s__rosidl_typesupport_introspection_c
[1.547s] [100%] Built target sample_msgs_s__rosidl_typesupport_fastrtps_c
[1.547s] [100%] Built target sample_msgs_s__rosidl_typesupport_c
[1.733s] running egg_info
[1.768s] writing sample_msgs.egg-info/PKG-INFO
[1.769s] writing dependency_links to sample_msgs.egg-info/dependency_links.txt
[1.770s] writing top-level names to sample_msgs.egg-info/top_level.txt
[1.848s] reading manifest file 'sample_msgs.egg-info/SOURCES.txt'
[1.848s] writing manifest file 'sample_msgs.egg-info/SOURCES.txt'
[1.906s] [100%] Built target ament_cmake_python_build_sample_msgs_egg
[1.911s] Invoked command in '/home/rraina/wato_f1tenth/build/sample_msgs' returned '0': CMAKE_PREFIX_PATH=${CMAKE_PREFIX_PATH}:/opt/ros/jazzy /usr/bin/cmake --build /home/rraina/wato_f1tenth/build/sample_msgs -- -j22 -l22
[1.914s] Invoking command in '/home/rraina/wato_f1tenth/build/sample_msgs': CMAKE_PREFIX_PATH=${CMAKE_PREFIX_PATH}:/opt/ros/jazzy /usr/bin/cmake --install /home/rraina/wato_f1tenth/build/sample_msgs
[1.933s] -- Install configuration: ""
[1.933s] -- Up-to-date: /home/rraina/wato_f1tenth/install/sample_msgs/share/ament_index/resource_index/rosidl_interfaces/sample_msgs
[1.933s] -- Up-to-date: /home/rraina/wato_f1tenth/install/sample_msgs/share/sample_msgs/msg/Filtered.json
[1.934s] -- Up-to-date: /home/rraina/wato_f1tenth/install/sample_msgs/share/sample_msgs/msg/FilteredArray.json
[1.935s] -- Up-to-date: /home/rraina/wato_f1tenth/install/sample_msgs/share/sample_msgs/msg/Unfiltered.json
[1.935s] -- Up-to-date: /home/rraina/wato_f1tenth/install/sample_msgs/share/sample_msgs/msg/Metadata.json
[1.936s] -- Up-to-date: /home/rraina/wato_f1tenth/install/sample_msgs/include/sample_msgs/sample_msgs
[1.937s] -- Up-to-date: /home/rraina/wato_f1tenth/install/sample_msgs/include/sample_msgs/sample_msgs/msg
[1.937s] -- Up-to-date: /home/rraina/wato_f1tenth/install/sample_msgs/include/sample_msgs/sample_msgs/msg/filtered.h
[1.938s] -- Up-to-date: /home/rraina/wato_f1tenth/install/sample_msgs/include/sample_msgs/sample_msgs/msg/unfiltered.h
[1.938s] -- Up-to-date: /home/rraina/wato_f1tenth/install/sample_msgs/include/sample_msgs/sample_msgs/msg/filtered_array.h
[1.939s] -- Up-to-date: /home/rraina/wato_f1tenth/install/sample_msgs/include/sample_msgs/sample_msgs/msg/detail
[1.939s] -- Up-to-date: /home/rraina/wato_f1tenth/install/sample_msgs/include/sample_msgs/sample_msgs/msg/detail/unfiltered__description.c
[1.941s] -- Up-to-date: /home/rraina/wato_f1tenth/install/sample_msgs/include/sample_msgs/sample_msgs/msg/detail/filtered_array__functions.h
[1.941s] -- Up-to-date: /home/rraina/wato_f1tenth/install/sample_msgs/include/sample_msgs/sample_msgs/msg/detail/metadata__description.c
[1.942s] -- Installing: /home/rraina/wato_f1tenth/install/sample_msgs/include/sample_msgs/sample_msgs/msg/detail/unfiltered__type_support.c
[1.943s] -- Installing: /home/rraina/wato_f1tenth/install/sample_msgs/include/sample_msgs/sample_msgs/msg/detail/metadata__type_support.c
[1.943s] -- Up-to-date: /home/rraina/wato_f1tenth/install/sample_msgs/include/sample_msgs/sample_msgs/msg/detail/filtered__type_support.h
[1.943s] -- Up-to-date: /home/rraina/wato_f1tenth/install/sample_msgs/include/sample_msgs/sample_msgs/msg/detail/filtered__description.c
[1.943s] -- Installing: /home/rraina/wato_f1tenth/install/sample_msgs/include/sample_msgs/sample_msgs/msg/detail/filtered_array__type_support.c
[1.943s] -- Up-to-date: /home/rraina/wato_f1tenth/install/sample_msgs/include/sample_msgs/sample_msgs/msg/detail/unfiltered__functions.h
[1.944s] -- Up-to-date: /home/rraina/wato_f1tenth/install/sample_msgs/include/sample_msgs/sample_msgs/msg/detail/filtered__functions.c
[1.944s] -- Up-to-date: /home/rraina/wato_f1tenth/install/sample_msgs/include/sample_msgs/sample_msgs/msg/detail/metadata__functions.h
[1.945s] -- Up-to-date: /home/rraina/wato_f1tenth/install/sample_msgs/include/sample_msgs/sample_msgs/msg/detail/filtered_array__description.c
[1.946s] -- Up-to-date: /home/rraina/wato_f1tenth/install/sample_msgs/include/sample_msgs/sample_msgs/msg/detail/filtered_array__struct.h
[1.947s] -- Up-to-date: /home/rraina/wato_f1tenth/install/sample_msgs/include/sample_msgs/sample_msgs/msg/detail/unfiltered__functions.c
[1.947s] -- Up-to-date: /home/rraina/wato_f1tenth/install/sample_msgs/include/sample_msgs/sample_msgs/msg/detail/metadata__type_support.h
[1.947s] -- Up-to-date: /home/rraina/wato_f1tenth/install/sample_msgs/include/sample_msgs/sample_msgs/msg/detail/metadata__functions.c
[1.948s] -- Up-to-date: /home/rraina/wato_f1tenth/install/sample_msgs/include/sample_msgs/sample_msgs/msg/detail/unfiltered__type_support.h
[1.948s] -- Up-to-date: /home/rraina/wato_f1tenth/install/sample_msgs/include/sample_msgs/sample_msgs/msg/detail/filtered__struct.h
[1.949s] -- Up-to-date: /home/rraina/wato_f1tenth/install/sample_msgs/include/sample_msgs/sample_msgs/msg/detail/unfiltered__struct.h
[1.950s] -- Up-to-date: /home/rraina/wato_f1tenth/install/sample_msgs/include/sample_msgs/sample_msgs/msg/detail/filtered__functions.h
[1.951s] -- Up-to-date: /home/rraina/wato_f1tenth/install/sample_msgs/include/sample_msgs/sample_msgs/msg/detail/metadata__struct.h
[1.951s] -- Up-to-date: /home/rraina/wato_f1tenth/install/sample_msgs/include/sample_msgs/sample_msgs/msg/detail/filtered_array__type_support.h
[1.952s] -- Installing: /home/rraina/wato_f1tenth/install/sample_msgs/include/sample_msgs/sample_msgs/msg/detail/filtered__type_support.c
[1.952s] -- Up-to-date: /home/rraina/wato_f1tenth/install/sample_msgs/include/sample_msgs/sample_msgs/msg/detail/filtered_array__functions.c
[1.952s] -- Up-to-date: /home/rraina/wato_f1tenth/install/sample_msgs/include/sample_msgs/sample_msgs/msg/metadata.h
[1.953s] -- Up-to-date: /home/rraina/wato_f1tenth/install/sample_msgs/include/sample_msgs/sample_msgs/msg/rosidl_generator_c__visibility_control.h
[1.953s] -- Up-to-date: /home/rraina/wato_f1tenth/install/sample_msgs/share/sample_msgs/environment/library_path.sh
[1.953s] -- Up-to-date: /home/rraina/wato_f1tenth/install/sample_msgs/share/sample_msgs/environment/library_path.dsv
[1.954s] -- Up-to-date: /home/rraina/wato_f1tenth/install/sample_msgs/lib/libsample_msgs__rosidl_generator_c.so
[1.954s] -- Up-to-date: /home/rraina/wato_f1tenth/install/sample_msgs/include/sample_msgs/sample_msgs
[1.954s] -- Up-to-date: /home/rraina/wato_f1tenth/install/sample_msgs/include/sample_msgs/sample_msgs/msg
[1.954s] -- Up-to-date: /home/rraina/wato_f1tenth/install/sample_msgs/include/sample_msgs/sample_msgs/msg/rosidl_typesupport_fastrtps_c__visibility_control.h
[1.955s] -- Up-to-date: /home/rraina/wato_f1tenth/install/sample_msgs/include/sample_msgs/sample_msgs/msg/detail
[1.955s] -- Up-to-date: /home/rraina/wato_f1tenth/install/sample_msgs/include/sample_msgs/sample_msgs/msg/detail/filtered_array__rosidl_typesupport_fastrtps_c.h
[1.955s] -- Up-to-date: /home/rraina/wato_f1tenth/install/sample_msgs/include/sample_msgs/sample_msgs/msg/detail/unfiltered__rosidl_typesupport_fastrtps_c.h
[1.957s] -- Up-to-date: /home/rraina/wato_f1tenth/install/sample_msgs/include/sample_msgs/sample_msgs/msg/detail/metadata__rosidl_typesupport_fastrtps_c.h
[1.957s] -- Up-to-date: /home/rraina/wato_f1tenth/install/sample_msgs/include/sample_msgs/sample_msgs/msg/detail/filtered__rosidl_typesupport_fastrtps_c.h
[1.958s] -- Up-to-date: /home/rraina/wato_f1tenth/install/sample_msgs/lib/libsample_msgs__rosidl_typesupport_fastrtps_c.so
[1.958s] -- Up-to-date: /home/rraina/wato_f1tenth/install/sample_msgs/include/sample_msgs/sample_msgs
[1.959s] -- Up-to-date: /home/rraina/wato_f1tenth/install/sample_msgs/include/sample_msgs/sample_msgs/msg
[1.960s] -- Up-to-date: /home/rraina/wato_f1tenth/install/sample_msgs/include/sample_msgs/sample_msgs/msg/detail
[1.961s] -- Up-to-date: /home/rraina/wato_f1tenth/install/sample_msgs/include/sample_msgs/sample_msgs/msg/detail/unfiltered__rosidl_typesupport_introspection_c.h
[1.962s] -- Installing: /home/rraina/wato_f1tenth/install/sample_msgs/include/sample_msgs/sample_msgs/msg/detail/unfiltered__type_support.c
[1.962s] -- Installing: /home/rraina/wato_f1tenth/install/sample_msgs/include/sample_msgs/sample_msgs/msg/detail/metadata__type_support.c
[1.963s] -- Up-to-date: /home/rraina/wato_f1tenth/install/sample_msgs/include/sample_msgs/sample_msgs/msg/detail/metadata__rosidl_typesupport_introspection_c.h
[1.964s] -- Installing: /home/rraina/wato_f1tenth/install/sample_msgs/include/sample_msgs/sample_msgs/msg/detail/filtered_array__type_support.c
[1.965s] -- Up-to-date: /home/rraina/wato_f1tenth/install/sample_msgs/include/sample_msgs/sample_msgs/msg/detail/filtered__rosidl_typesupport_introspection_c.h
[1.966s] -- Up-to-date: /home/rraina/wato_f1tenth/install/sample_msgs/include/sample_msgs/sample_msgs/msg/detail/filtered_array__rosidl_typesupport_introspection_c.h
[1.966s] -- Installing: /home/rraina/wato_f1tenth/install/sample_msgs/include/sample_msgs/sample_msgs/msg/detail/filtered__type_support.c
[1.967s] -- Up-to-date: /home/rraina/wato_f1tenth/install/sample_msgs/include/sample_msgs/sample_msgs/msg/rosidl_typesupport_introspection_c__visibility_control.h
[1.968s] -- Up-to-date: /home/rraina/wato_f1tenth/install/sample_msgs/lib/libsample_msgs__rosidl_typesupport_introspection_c.so
[1.968s] -- Up-to-date: /home/rraina/wato_f1tenth/install/sample_msgs/lib/libsample_msgs__rosidl_typesupport_c.so
[1.969s] -- Up-to-date: /home/rraina/wato_f1tenth/install/sample_msgs/include/sample_msgs/sample_msgs
[1.969s] -- Up-to-date: /home/rraina/wato_f1tenth/install/sample_msgs/include/sample_msgs/sample_msgs/msg
[1.969s] -- Up-to-date: /home/rraina/wato_f1tenth/install/sample_msgs/include/sample_msgs/sample_msgs/msg/unfiltered.hpp
[1.969s] -- Up-to-date: /home/rraina/wato_f1tenth/install/sample_msgs/include/sample_msgs/sample_msgs/msg/detail
[1.970s] -- Up-to-date: /home/rraina/wato_f1tenth/install/sample_msgs/include/sample_msgs/sample_msgs/msg/detail/filtered__builder.hpp
[1.970s] -- Up-to-date: /home/rraina/wato_f1tenth/install/sample_msgs/include/sample_msgs/sample_msgs/msg/detail/metadata__traits.hpp
[1.970s] -- Up-to-date: /home/rraina/wato_f1tenth/install/sample_msgs/include/sample_msgs/sample_msgs/msg/detail/unfiltered__struct.hpp
[1.971s] -- Up-to-date: /home/rraina/wato_f1tenth/install/sample_msgs/include/sample_msgs/sample_msgs/msg/detail/metadata__builder.hpp
[1.971s] -- Up-to-date: /home/rraina/wato_f1tenth/install/sample_msgs/include/sample_msgs/sample_msgs/msg/detail/filtered_array__builder.hpp
[1.971s] -- Up-to-date: /home/rraina/wato_f1tenth/install/sample_msgs/include/sample_msgs/sample_msgs/msg/detail/filtered__traits.hpp
[1.971s] -- Up-to-date: /home/rraina/wato_f1tenth/install/sample_msgs/include/sample_msgs/sample_msgs/msg/detail/metadata__type_support.hpp
[1.972s] -- Up-to-date: /home/rraina/wato_f1tenth/install/sample_msgs/include/sample_msgs/sample_msgs/msg/detail/filtered_array__traits.hpp
[1.972s] -- Up-to-date: /home/rraina/wato_f1tenth/install/sample_msgs/include/sample_msgs/sample_msgs/msg/detail/unfiltered__type_support.hpp
[1.973s] -- Up-to-date: /home/rraina/wato_f1tenth/install/sample_msgs/include/sample_msgs/sample_msgs/msg/detail/unfiltered__traits.hpp
[1.973s] -- Up-to-date: /home/rraina/wato_f1tenth/install/sample_msgs/include/sample_msgs/sample_msgs/msg/detail/unfiltered__builder.hpp
[1.974s] -- Up-to-date: /home/rraina/wato_f1tenth/install/sample_msgs/include/sample_msgs/sample_msgs/msg/detail/filtered_array__type_support.hpp
[1.974s] -- Up-to-date: /home/rraina/wato_f1tenth/install/sample_msgs/include/sample_msgs/sample_msgs/msg/detail/filtered_array__struct.hpp
[1.975s] -- Up-to-date: /home/rraina/wato_f1tenth/install/sample_msgs/include/sample_msgs/sample_msgs/msg/detail/filtered__struct.hpp
[1.977s] -- Up-to-date: /home/rraina/wato_f1tenth/install/sample_msgs/include/sample_msgs/sample_msgs/msg/detail/filtered__type_support.hpp
[1.977s] -- Up-to-date: /home/rraina/wato_f1tenth/install/sample_msgs/include/sample_msgs/sample_msgs/msg/detail/metadata__struct.hpp
[1.977s] -- Up-to-date: /home/rraina/wato_f1tenth/install/sample_msgs/include/sample_msgs/sample_msgs/msg/filtered.hpp
[1.977s] -- Up-to-date: /home/rraina/wato_f1tenth/install/sample_msgs/include/sample_msgs/sample_msgs/msg/filtered_array.hpp
[1.977s] -- Up-to-date: /home/rraina/wato_f1tenth/install/sample_msgs/include/sample_msgs/sample_msgs/msg/metadata.hpp
[1.978s] -- Up-to-date: /home/rraina/wato_f1tenth/install/sample_msgs/include/sample_msgs/sample_msgs/msg/rosidl_generator_cpp__visibility_control.hpp
[1.978s] -- Up-to-date: /home/rraina/wato_f1tenth/install/sample_msgs/include/sample_msgs/sample_msgs
[1.978s] -- Up-to-date: /home/rraina/wato_f1tenth/install/sample_msgs/include/sample_msgs/sample_msgs/msg
[1.978s] -- Up-to-date: /home/rraina/wato_f1tenth/install/sample_msgs/include/sample_msgs/sample_msgs/msg/rosidl_typesupport_fastrtps_cpp__visibility_control.h
[1.979s] -- Up-to-date: /home/rraina/wato_f1tenth/install/sample_msgs/include/sample_msgs/sample_msgs/msg/detail
[1.979s] -- Up-to-date: /home/rraina/wato_f1tenth/install/sample_msgs/include/sample_msgs/sample_msgs/msg/detail/filtered_array__rosidl_typesupport_fastrtps_cpp.hpp
[1.980s] -- Up-to-date: /home/rraina/wato_f1tenth/install/sample_msgs/include/sample_msgs/sample_msgs/msg/detail/filtered__rosidl_typesupport_fastrtps_cpp.hpp
[1.981s] -- Up-to-date: /home/rraina/wato_f1tenth/install/sample_msgs/include/sample_msgs/sample_msgs/msg/detail/dds_fastrtps
[1.981s] -- Up-to-date: /home/rraina/wato_f1tenth/install/sample_msgs/include/sample_msgs/sample_msgs/msg/detail/unfiltered__rosidl_typesupport_fastrtps_cpp.hpp
[1.981s] -- Up-to-date: /home/rraina/wato_f1tenth/install/sample_msgs/include/sample_msgs/sample_msgs/msg/detail/metadata__rosidl_typesupport_fastrtps_cpp.hpp
[1.981s] -- Up-to-date: /home/rraina/wato_f1tenth/install/sample_msgs/lib/libsample_msgs__rosidl_typesupport_fastrtps_cpp.so
[1.982s] -- Up-to-date: /home/rraina/wato_f1tenth/install/sample_msgs/include/sample_msgs/sample_msgs
[1.983s] -- Up-to-date: /home/rraina/wato_f1tenth/install/sample_msgs/include/sample_msgs/sample_msgs/msg
[1.983s] -- Up-to-date: /home/rraina/wato_f1tenth/install/sample_msgs/include/sample_msgs/sample_msgs/msg/detail
[1.984s] -- Up-to-date: /home/rraina/wato_f1tenth/install/sample_msgs/include/sample_msgs/sample_msgs/msg/detail/unfiltered__type_support.cpp
[1.984s] -- Up-to-date: /home/rraina/wato_f1tenth/install/sample_msgs/include/sample_msgs/sample_msgs/msg/detail/unfiltered__rosidl_typesupport_introspection_cpp.hpp
[1.984s] -- Up-to-date: /home/rraina/wato_f1tenth/install/sample_msgs/include/sample_msgs/sample_msgs/msg/detail/metadata__type_support.cpp
[1.984s] -- Up-to-date: /home/rraina/wato_f1tenth/install/sample_msgs/include/sample_msgs/sample_msgs/msg/detail/filtered__rosidl_typesupport_introspection_cpp.hpp
[1.985s] -- Up-to-date: /home/rraina/wato_f1tenth/install/sample_msgs/include/sample_msgs/sample_msgs/msg/detail/filtered_array__type_support.cpp
[1.985s] -- Up-to-date: /home/rraina/wato_f1tenth/install/sample_msgs/include/sample_msgs/sample_msgs/msg/detail/filtered_array__rosidl_typesupport_introspection_cpp.hpp
[1.986s] -- Up-to-date: /home/rraina/wato_f1tenth/install/sample_msgs/include/sample_msgs/sample_msgs/msg/detail/filtered__type_support.cpp
[1.986s] -- Up-to-date: /home/rraina/wato_f1tenth/install/sample_msgs/include/sample_msgs/sample_msgs/msg/detail/metadata__rosidl_typesupport_introspection_cpp.hpp
[1.986s] -- Up-to-date: /home/rraina/wato_f1tenth/install/sample_msgs/lib/libsample_msgs__rosidl_typesupport_introspection_cpp.so
[1.987s] -- Up-to-date: /home/rraina/wato_f1tenth/install/sample_msgs/lib/libsample_msgs__rosidl_typesupport_cpp.so
[1.987s] -- Up-to-date: /home/rraina/wato_f1tenth/install/sample_msgs/share/sample_msgs/environment/pythonpath.sh
[1.988s] -- Up-to-date: /home/rraina/wato_f1tenth/install/sample_msgs/share/sample_msgs/environment/pythonpath.dsv
[1.988s] -- Up-to-date: /home/rraina/wato_f1tenth/install/sample_msgs/lib/python3.12/site-packages/sample_msgs-0.0.0-py3.12.egg-info
[1.989s] -- Installing: /home/rraina/wato_f1tenth/install/sample_msgs/lib/python3.12/site-packages/sample_msgs-0.0.0-py3.12.egg-info/top_level.txt
[1.989s] -- Installing: /home/rraina/wato_f1tenth/install/sample_msgs/lib/python3.12/site-packages/sample_msgs-0.0.0-py3.12.egg-info/dependency_links.txt
[1.990s] -- Installing: /home/rraina/wato_f1tenth/install/sample_msgs/lib/python3.12/site-packages/sample_msgs-0.0.0-py3.12.egg-info/PKG-INFO
[1.990s] -- Installing: /home/rraina/wato_f1tenth/install/sample_msgs/lib/python3.12/site-packages/sample_msgs-0.0.0-py3.12.egg-info/SOURCES.txt
[1.990s] -- Up-to-date: /home/rraina/wato_f1tenth/install/sample_msgs/lib/python3.12/site-packages/sample_msgs
[1.990s] -- Up-to-date: /home/rraina/wato_f1tenth/install/sample_msgs/lib/python3.12/site-packages/sample_msgs/_sample_msgs_s.ep.rosidl_typesupport_c.c
[1.991s] -- Up-to-date: /home/rraina/wato_f1tenth/install/sample_msgs/lib/python3.12/site-packages/sample_msgs/_sample_msgs_s.ep.rosidl_typesupport_introspection_c.c
[1.991s] -- Up-to-date: /home/rraina/wato_f1tenth/install/sample_msgs/lib/python3.12/site-packages/sample_msgs/_sample_msgs_s.ep.rosidl_typesupport_fastrtps_c.c
[1.991s] -- Up-to-date: /home/rraina/wato_f1tenth/install/sample_msgs/lib/python3.12/site-packages/sample_msgs/sample_msgs_s__rosidl_typesupport_fastrtps_c.so
[1.991s] -- Up-to-date: /home/rraina/wato_f1tenth/install/sample_msgs/lib/python3.12/site-packages/sample_msgs/sample_msgs_s__rosidl_typesupport_c.so
[1.992s] -- Up-to-date: /home/rraina/wato_f1tenth/install/sample_msgs/lib/python3.12/site-packages/sample_msgs/sample_msgs_s__rosidl_typesupport_introspection_c.so
[1.992s] -- Up-to-date: /home/rraina/wato_f1tenth/install/sample_msgs/lib/python3.12/site-packages/sample_msgs/__init__.py
[1.992s] -- Up-to-date: /home/rraina/wato_f1tenth/install/sample_msgs/lib/python3.12/site-packages/sample_msgs/msg
[1.992s] -- Up-to-date: /home/rraina/wato_f1tenth/install/sample_msgs/lib/python3.12/site-packages/sample_msgs/msg/_metadata_s.c
[1.993s] -- Up-to-date: /home/rraina/wato_f1tenth/install/sample_msgs/lib/python3.12/site-packages/sample_msgs/msg/_unfiltered.py
[1.993s] -- Up-to-date: /home/rraina/wato_f1tenth/install/sample_msgs/lib/python3.12/site-packages/sample_msgs/msg/_filtered_array_s.c
[1.993s] -- Up-to-date: /home/rraina/wato_f1tenth/install/sample_msgs/lib/python3.12/site-packages/sample_msgs/msg/_filtered.py
[1.993s] -- Up-to-date: /home/rraina/wato_f1tenth/install/sample_msgs/lib/python3.12/site-packages/sample_msgs/msg/_unfiltered_s.c
[1.993s] -- Up-to-date: /home/rraina/wato_f1tenth/install/sample_msgs/lib/python3.12/site-packages/sample_msgs/msg/_filtered_s.c
[1.993s] -- Up-to-date: /home/rraina/wato_f1tenth/install/sample_msgs/lib/python3.12/site-packages/sample_msgs/msg/_metadata.py
[1.994s] -- Up-to-date: /home/rraina/wato_f1tenth/install/sample_msgs/lib/python3.12/site-packages/sample_msgs/msg/__init__.py
[1.994s] -- Up-to-date: /home/rraina/wato_f1tenth/install/sample_msgs/lib/python3.12/site-packages/sample_msgs/msg/_filtered_array.py
[2.051s] Listing '/home/rraina/wato_f1tenth/install/sample_msgs/lib/python3.12/site-packages/sample_msgs'...
[2.052s] Listing '/home/rraina/wato_f1tenth/install/sample_msgs/lib/python3.12/site-packages/sample_msgs/msg'...
[2.062s] -- Up-to-date: /home/rraina/wato_f1tenth/install/sample_msgs/lib/python3.12/site-packages/sample_msgs/sample_msgs_s__rosidl_typesupport_fastrtps_c.so
[2.063s] -- Up-to-date: /home/rraina/wato_f1tenth/install/sample_msgs/lib/python3.12/site-packages/sample_msgs/sample_msgs_s__rosidl_typesupport_introspection_c.so
[2.065s] -- Up-to-date: /home/rraina/wato_f1tenth/install/sample_msgs/lib/python3.12/site-packages/sample_msgs/sample_msgs_s__rosidl_typesupport_c.so
[2.066s] -- Up-to-date: /home/rraina/wato_f1tenth/install/sample_msgs/lib/libsample_msgs__rosidl_generator_py.so
[2.068s] -- Up-to-date: /home/rraina/wato_f1tenth/install/sample_msgs/share/sample_msgs/msg/Filtered.idl
[2.068s] -- Up-to-date: /home/rraina/wato_f1tenth/install/sample_msgs/share/sample_msgs/msg/FilteredArray.idl
[2.069s] -- Up-to-date: /home/rraina/wato_f1tenth/install/sample_msgs/share/sample_msgs/msg/Unfiltered.idl
[2.069s] -- Up-to-date: /home/rraina/wato_f1tenth/install/sample_msgs/share/sample_msgs/msg/Metadata.idl
[2.069s] -- Up-to-date: /home/rraina/wato_f1tenth/install/sample_msgs/share/sample_msgs/msg/Filtered.msg
[2.070s] -- Up-to-date: /home/rraina/wato_f1tenth/install/sample_msgs/share/sample_msgs/msg/FilteredArray.msg
[2.070s] -- Up-to-date: /home/rraina/wato_f1tenth/install/sample_msgs/share/sample_msgs/msg/Unfiltered.msg
[2.071s] -- Up-to-date: /home/rraina/wato_f1tenth/install/sample_msgs/share/sample_msgs/msg/Metadata.msg
[2.071s] -- Up-to-date: /home/rraina/wato_f1tenth/install/sample_msgs/share/ament_index/resource_index/package_run_dependencies/sample_msgs
[2.072s] -- Up-to-date: /home/rraina/wato_f1tenth/install/sample_msgs/share/ament_index/resource_index/parent_prefix_path/sample_msgs
[2.072s] -- Up-to-date: /home/rraina/wato_f1tenth/install/sample_msgs/share/sample_msgs/environment/ament_prefix_path.sh
[2.072s] -- Up-to-date: /home/rraina/wato_f1tenth/install/sample_msgs/share/sample_msgs/environment/ament_prefix_path.dsv
[2.073s] -- Up-to-date: /home/rraina/wato_f1tenth/install/sample_msgs/share/sample_msgs/environment/path.sh
[2.073s] -- Up-to-date: /home/rraina/wato_f1tenth/install/sample_msgs/share/sample_msgs/environment/path.dsv
[2.073s] -- Up-to-date: /home/rraina/wato_f1tenth/install/sample_msgs/share/sample_msgs/local_setup.bash
[2.074s] -- Up-to-date: /home/rraina/wato_f1tenth/install/sample_msgs/share/sample_msgs/local_setup.sh
[2.074s] -- Up-to-date: /home/rraina/wato_f1tenth/install/sample_msgs/share/sample_msgs/local_setup.zsh
[2.074s] -- Up-to-date: /home/rraina/wato_f1tenth/install/sample_msgs/share/sample_msgs/local_setup.dsv
[2.074s] -- Installing: /home/rraina/wato_f1tenth/install/sample_msgs/share/sample_msgs/package.dsv
[2.074s] -- Up-to-date: /home/rraina/wato_f1tenth/install/sample_msgs/share/ament_index/resource_index/packages/sample_msgs
[2.075s] -- Up-to-date: /home/rraina/wato_f1tenth/install/sample_msgs/share/sample_msgs/cmake/export_sample_msgs__rosidl_generator_cExport.cmake
[2.075s] -- Up-to-date: /home/rraina/wato_f1tenth/install/sample_msgs/share/sample_msgs/cmake/export_sample_msgs__rosidl_generator_cExport-noconfig.cmake
[2.075s] -- Up-to-date: /home/rraina/wato_f1tenth/install/sample_msgs/share/sample_msgs/cmake/export_sample_msgs__rosidl_typesupport_fastrtps_cExport.cmake
[2.075s] -- Up-to-date: /home/rraina/wato_f1tenth/install/sample_msgs/share/sample_msgs/cmake/export_sample_msgs__rosidl_typesupport_fastrtps_cExport-noconfig.cmake
[2.075s] -- Up-to-date: /home/rraina/wato_f1tenth/install/sample_msgs/share/sample_msgs/cmake/sample_msgs__rosidl_typesupport_introspection_cExport.cmake
[2.075s] -- Up-to-date: /home/rraina/wato_f1tenth/install/sample_msgs/share/sample_msgs/cmake/sample_msgs__rosidl_typesupport_introspection_cExport-noconfig.cmake
[2.075s] -- Up-to-date: /home/rraina/wato_f1tenth/install/sample_msgs/share/sample_msgs/cmake/sample_msgs__rosidl_typesupport_cExport.cmake
[2.076s] -- Up-to-date: /home/rraina/wato_f1tenth/install/sample_msgs/share/sample_msgs/cmake/sample_msgs__rosidl_typesupport_cExport-noconfig.cmake
[2.077s] -- Up-to-date: /home/rraina/wato_f1tenth/install/sample_msgs/share/sample_msgs/cmake/export_sample_msgs__rosidl_generator_cppExport.cmake
[2.077s] -- Up-to-date: /home/rraina/wato_f1tenth/install/sample_msgs/share/sample_msgs/cmake/export_sample_msgs__rosidl_typesupport_fastrtps_cppExport.cmake
[2.077s] -- Up-to-date: /home/rraina/wato_f1tenth/install/sample_msgs/share/sample_msgs/cmake/export_sample_msgs__rosidl_typesupport_fastrtps_cppExport-noconfig.cmake
[2.078s] -- Up-to-date: /home/rraina/wato_f1tenth/install/sample_msgs/share/sample_msgs/cmake/sample_msgs__rosidl_typesupport_introspection_cppExport.cmake
[2.079s] -- Up-to-date: /home/rraina/wato_f1tenth/install/sample_msgs/share/sample_msgs/cmake/sample_msgs__rosidl_typesupport_introspection_cppExport-noconfig.cmake
[2.080s] -- Up-to-date: /home/rraina/wato_f1tenth/install/sample_msgs/share/sample_msgs/cmake/sample_msgs__rosidl_typesupport_cppExport.cmake
[2.081s] -- Up-to-date: /home/rraina/wato_f1tenth/install/sample_msgs/share/sample_msgs/cmake/sample_msgs__rosidl_typesupport_cppExport-noconfig.cmake
[2.082s] -- Up-to-date: /home/rraina/wato_f1tenth/install/sample_msgs/share/sample_msgs/cmake/export_sample_msgs__rosidl_generator_pyExport.cmake
[2.083s] -- Up-to-date: /home/rraina/wato_f1tenth/install/sample_msgs/share/sample_msgs/cmake/export_sample_msgs__rosidl_generator_pyExport-noconfig.cmake
[2.083s] -- Up-to-date: /home/rraina/wato_f1tenth/install/sample_msgs/share/sample_msgs/cmake/rosidl_cmake-extras.cmake
[2.083s] -- Up-to-date: /home/rraina/wato_f1tenth/install/sample_msgs/share/sample_msgs/cmake/ament_cmake_export_dependencies-extras.cmake
[2.084s] -- Up-to-date: /home/rraina/wato_f1tenth/install/sample_msgs/share/sample_msgs/cmake/ament_cmake_export_include_directories-extras.cmake
[2.084s] -- Up-to-date: /home/rraina/wato_f1tenth/install/sample_msgs/share/sample_msgs/cmake/ament_cmake_export_libraries-extras.cmake
[2.084s] -- Up-to-date: /home/rraina/wato_f1tenth/install/sample_msgs/share/sample_msgs/cmake/ament_cmake_export_targets-extras.cmake
[2.084s] -- Up-to-date: /home/rraina/wato_f1tenth/install/sample_msgs/share/sample_msgs/cmake/rosidl_cmake_export_typesupport_targets-extras.cmake
[2.085s] -- Up-to-date: /home/rraina/wato_f1tenth/install/sample_msgs/share/sample_msgs/cmake/rosidl_cmake_export_typesupport_libraries-extras.cmake
[2.085s] -- Up-to-date: /home/rraina/wato_f1tenth/install/sample_msgs/share/sample_msgs/cmake/sample_msgsConfig.cmake
[2.085s] -- Up-to-date: /home/rraina/wato_f1tenth/install/sample_msgs/share/sample_msgs/cmake/sample_msgsConfig-version.cmake
[2.085s] -- Up-to-date: /home/rraina/wato_f1tenth/install/sample_msgs/share/sample_msgs/package.xml
[2.088s] Invoked command in '/home/rraina/wato_f1tenth/build/sample_msgs' returned '0': CMAKE_PREFIX_PATH=${CMAKE_PREFIX_PATH}:/opt/ros/jazzy /usr/bin/cmake --install /home/rraina/wato_f1tenth/build/sample_msgs
