[0.536s] Invoking command in '/home/bolty/ament_ws/src/robot/action': PYTHONPATH=/home/bolty/ament_ws/src/build/action/prefix_override:/usr/lib/python3/dist-packages/colcon_core/task/python/colcon_distutils_commands:/home/bolty/ament_ws/src/install/action/lib/python3.10/site-packages:${PYTHONPATH} /usr/bin/python3 -W ignore:setup.py install is deprecated setup.py egg_info --egg-base ../../build/action build --build-base /home/bolty/ament_ws/src/build/action/build install --record /home/bolty/ament_ws/src/build/action/install.log --single-version-externally-managed install_data
[0.717s] running egg_info
[0.718s] writing ../../build/action/action.egg-info/PKG-INFO
[0.719s] writing dependency_links to ../../build/action/action.egg-info/dependency_links.txt
[0.719s] writing entry points to ../../build/action/action.egg-info/entry_points.txt
[0.719s] writing requirements to ../../build/action/action.egg-info/requires.txt
[0.719s] writing top-level names to ../../build/action/action.egg-info/top_level.txt
[0.720s] reading manifest file '../../build/action/action.egg-info/SOURCES.txt'
[0.721s] adding license file 'LICENSE'
[0.721s] writing manifest file '../../build/action/action.egg-info/SOURCES.txt'
[0.721s] running build
[0.721s] running build_py
[0.722s] running install
[0.722s] running install_lib
[0.723s] running install_data
[0.723s] running install_egg_info
[0.724s] removing '/home/bolty/ament_ws/src/install/action/lib/python3.10/site-packages/action-0.0.0-py3.10.egg-info' (and everything under it)
[0.725s] Copying ../../build/action/action.egg-info to /home/bolty/ament_ws/src/install/action/lib/python3.10/site-packages/action-0.0.0-py3.10.egg-info
[0.725s] running install_scripts
[0.748s] writing list of installed files to '/home/bolty/ament_ws/src/build/action/install.log'
[0.782s] Invoked command in '/home/bolty/ament_ws/src/robot/action' returned '0': PYTHONPATH=/home/bolty/ament_ws/src/build/action/prefix_override:/usr/lib/python3/dist-packages/colcon_core/task/python/colcon_distutils_commands:/home/bolty/ament_ws/src/install/action/lib/python3.10/site-packages:${PYTHONPATH} /usr/bin/python3 -W ignore:setup.py install is deprecated setup.py egg_info --egg-base ../../build/action build --build-base /home/bolty/ament_ws/src/build/action/build install --record /home/bolty/ament_ws/src/build/action/install.log --single-version-externally-managed install_data
