[0.017s] Invoking command in '/home/rraina/wato_f1tenth/build/costmap': CMAKE_PREFIX_PATH=${CMAKE_PREFIX_PATH}:/opt/ros/jazzy /usr/bin/cmake --build /home/rraina/wato_f1tenth/build/costmap -- -j22 -l22
[0.132s] [100%] Built target costmap_node
[0.154s] Invoked command in '/home/rraina/wato_f1tenth/build/costmap' returned '0': CMAKE_PREFIX_PATH=${CMAKE_PREFIX_PATH}:/opt/ros/jazzy /usr/bin/cmake --build /home/rraina/wato_f1tenth/build/costmap -- -j22 -l22
[0.155s] Invoking command in '/home/rraina/wato_f1tenth/build/costmap': CMAKE_PREFIX_PATH=${CMAKE_PREFIX_PATH}:/opt/ros/jazzy /usr/bin/cmake --install /home/rraina/wato_f1tenth/build/costmap
[0.162s] -- Install configuration: ""
[0.162s] -- Up-to-date: /home/rraina/wato_f1tenth/install/costmap/share/costmap/config
[0.162s] -- Up-to-date: /home/rraina/wato_f1tenth/install/costmap/share/costmap/config/params.yaml
[0.163s] -- Up-to-date: /home/rraina/wato_f1tenth/install/costmap/lib/costmap/costmap_node
[0.164s] -- Up-to-date: /home/rraina/wato_f1tenth/install/costmap/share/ament_index/resource_index/package_run_dependencies/costmap
[0.164s] -- Up-to-date: /home/rraina/wato_f1tenth/install/costmap/share/ament_index/resource_index/parent_prefix_path/costmap
[0.164s] -- Up-to-date: /home/rraina/wato_f1tenth/install/costmap/share/costmap/environment/ament_prefix_path.sh
[0.165s] -- Up-to-date: /home/rraina/wato_f1tenth/install/costmap/share/costmap/environment/ament_prefix_path.dsv
[0.165s] -- Up-to-date: /home/rraina/wato_f1tenth/install/costmap/share/costmap/environment/path.sh
[0.165s] -- Up-to-date: /home/rraina/wato_f1tenth/install/costmap/share/costmap/environment/path.dsv
[0.165s] -- Up-to-date: /home/rraina/wato_f1tenth/install/costmap/share/costmap/local_setup.bash
[0.165s] -- Up-to-date: /home/rraina/wato_f1tenth/install/costmap/share/costmap/local_setup.sh
[0.166s] -- Up-to-date: /home/rraina/wato_f1tenth/install/costmap/share/costmap/local_setup.zsh
[0.166s] -- Up-to-date: /home/rraina/wato_f1tenth/install/costmap/share/costmap/local_setup.dsv
[0.166s] -- Installing: /home/rraina/wato_f1tenth/install/costmap/share/costmap/package.dsv
[0.172s] -- Up-to-date: /home/rraina/wato_f1tenth/install/costmap/share/ament_index/resource_index/packages/costmap
[0.172s] -- Up-to-date: /home/rraina/wato_f1tenth/install/costmap/share/costmap/cmake/costmapConfig.cmake
[0.172s] -- Up-to-date: /home/rraina/wato_f1tenth/install/costmap/share/costmap/cmake/costmapConfig-version.cmake
[0.172s] -- Up-to-date: /home/rraina/wato_f1tenth/install/costmap/share/costmap/package.xml
[0.173s] Invoked command in '/home/rraina/wato_f1tenth/build/costmap' returned '0': CMAKE_PREFIX_PATH=${CMAKE_PREFIX_PATH}:/opt/ros/jazzy /usr/bin/cmake --install /home/rraina/wato_f1tenth/build/costmap
