[0.030s] Invoking command in '/home/rraina/wato_f1tenth/build/local_planning': CMAKE_PREFIX_PATH=${CMAKE_PREFIX_PATH}:/opt/ros/jazzy /usr/bin/cmake --build /home/rraina/wato_f1tenth/build/local_planning -- -j22 -l22
[0.212s] [  2%] Built target local_planning__rosidl_generator_type_description
[0.241s] [  6%] Built target occupancy_grid_frame_adapter_node
[0.247s] [  6%] Built target ament_cmake_python_copy_local_planning
[0.277s] [  8%] Built target local_planning__cpp
[0.277s] [ 18%] Built target local_planning__rosidl_generator_c
[0.322s] [ 27%] Built target local_planning__rosidl_typesupport_introspection_c
[0.324s] [ 31%] Built target local_planning__rosidl_typesupport_c
[0.325s] [ 37%] Built target local_planning__rosidl_typesupport_cpp
[0.329s] [ 43%] Built target local_planning__rosidl_typesupport_introspection_cpp
[0.333s] [ 50%] Built target local_planning__rosidl_typesupport_fastrtps_cpp
[0.338s] [ 56%] Built target local_planning__rosidl_typesupport_fastrtps_c
[0.413s] [ 56%] Built target local_planning
[0.414s] [ 64%] Built target state_manager_node
[0.414s] [ 81%] Built target hybrid_astar_planner_node
[0.446s] [ 83%] Built target local_planning__py
[0.484s] [ 87%] Built target local_planning__rosidl_generator_py
[0.531s] [ 91%] Built target local_planning_s__rosidl_typesupport_introspection_c
[0.533s] [ 95%] Built target local_planning_s__rosidl_typesupport_fastrtps_c
[0.533s] [100%] Built target local_planning_s__rosidl_typesupport_c
[0.654s] running egg_info
[0.681s] writing local_planning.egg-info/PKG-INFO
[0.682s] writing dependency_links to local_planning.egg-info/dependency_links.txt
[0.682s] writing top-level names to local_planning.egg-info/top_level.txt
[0.754s] reading manifest file 'local_planning.egg-info/SOURCES.txt'
[0.755s] writing manifest file 'local_planning.egg-info/SOURCES.txt'
[0.798s] [100%] Built target ament_cmake_python_build_local_planning_egg
[0.815s] Invoked command in '/home/rraina/wato_f1tenth/build/local_planning' returned '0': CMAKE_PREFIX_PATH=${CMAKE_PREFIX_PATH}:/opt/ros/jazzy /usr/bin/cmake --build /home/rraina/wato_f1tenth/build/local_planning -- -j22 -l22
[0.818s] Invoking command in '/home/rraina/wato_f1tenth/build/local_planning': CMAKE_PREFIX_PATH=${CMAKE_PREFIX_PATH}:/opt/ros/jazzy /usr/bin/cmake --install /home/rraina/wato_f1tenth/build/local_planning
[0.837s] -- Install configuration: ""
[0.842s] -- Installing: /home/rraina/wato_f1tenth/install/local_planning/share/ament_index/resource_index/rosidl_interfaces/local_planning
[0.844s] -- Installing: /home/rraina/wato_f1tenth/install/local_planning/share/local_planning/action/PlanPath.json
[0.846s] -- Installing: /home/rraina/wato_f1tenth/install/local_planning/include/local_planning/local_planning
[0.847s] -- Installing: /home/rraina/wato_f1tenth/install/local_planning/include/local_planning/local_planning/action
[0.847s] -- Installing: /home/rraina/wato_f1tenth/install/local_planning/include/local_planning/local_planning/action/plan_path.h
[0.848s] -- Installing: /home/rraina/wato_f1tenth/install/local_planning/include/local_planning/local_planning/action/detail
[0.848s] -- Installing: /home/rraina/wato_f1tenth/install/local_planning/include/local_planning/local_planning/action/detail/plan_path__functions.h
[0.849s] -- Installing: /home/rraina/wato_f1tenth/install/local_planning/include/local_planning/local_planning/action/detail/plan_path__type_support.h
[0.850s] -- Installing: /home/rraina/wato_f1tenth/install/local_planning/include/local_planning/local_planning/action/detail/plan_path__functions.c
[0.852s] -- Installing: /home/rraina/wato_f1tenth/install/local_planning/include/local_planning/local_planning/action/detail/plan_path__struct.h
[0.852s] -- Installing: /home/rraina/wato_f1tenth/install/local_planning/include/local_planning/local_planning/action/detail/plan_path__type_support.c
[0.853s] -- Installing: /home/rraina/wato_f1tenth/install/local_planning/include/local_planning/local_planning/action/detail/plan_path__description.c
[0.855s] -- Installing: /home/rraina/wato_f1tenth/install/local_planning/include/local_planning/local_planning/msg
[0.855s] -- Installing: /home/rraina/wato_f1tenth/install/local_planning/include/local_planning/local_planning/msg/rosidl_generator_c__visibility_control.h
[0.857s] -- Installing: /home/rraina/wato_f1tenth/install/local_planning/share/local_planning/environment/library_path.sh
[0.858s] -- Installing: /home/rraina/wato_f1tenth/install/local_planning/share/local_planning/environment/library_path.dsv
[0.860s] -- Installing: /home/rraina/wato_f1tenth/install/local_planning/lib/liblocal_planning__rosidl_generator_c.so
[0.864s] -- Set non-toolchain portion of runtime path of "/home/rraina/wato_f1tenth/install/local_planning/lib/liblocal_planning__rosidl_generator_c.so" to ""
[0.865s] -- Up-to-date: /home/rraina/wato_f1tenth/install/local_planning/include/local_planning/local_planning
[0.865s] -- Up-to-date: /home/rraina/wato_f1tenth/install/local_planning/include/local_planning/local_planning/action
[0.866s] -- Up-to-date: /home/rraina/wato_f1tenth/install/local_planning/include/local_planning/local_planning/action/detail
[0.866s] -- Installing: /home/rraina/wato_f1tenth/install/local_planning/include/local_planning/local_planning/action/detail/plan_path__rosidl_typesupport_fastrtps_c.h
[0.867s] -- Up-to-date: /home/rraina/wato_f1tenth/install/local_planning/include/local_planning/local_planning/msg
[0.867s] -- Installing: /home/rraina/wato_f1tenth/install/local_planning/include/local_planning/local_planning/msg/rosidl_typesupport_fastrtps_c__visibility_control.h
[0.868s] -- Installing: /home/rraina/wato_f1tenth/install/local_planning/lib/liblocal_planning__rosidl_typesupport_fastrtps_c.so
[0.871s] -- Set non-toolchain portion of runtime path of "/home/rraina/wato_f1tenth/install/local_planning/lib/liblocal_planning__rosidl_typesupport_fastrtps_c.so" to ""
[0.871s] -- Up-to-date: /home/rraina/wato_f1tenth/install/local_planning/include/local_planning/local_planning
[0.873s] -- Up-to-date: /home/rraina/wato_f1tenth/install/local_planning/include/local_planning/local_planning/action
[0.873s] -- Up-to-date: /home/rraina/wato_f1tenth/install/local_planning/include/local_planning/local_planning/action/detail
[0.873s] -- Installing: /home/rraina/wato_f1tenth/install/local_planning/include/local_planning/local_planning/action/detail/plan_path__type_support.hpp
[0.873s] -- Installing: /home/rraina/wato_f1tenth/install/local_planning/include/local_planning/local_planning/action/detail/plan_path__builder.hpp
[0.874s] -- Installing: /home/rraina/wato_f1tenth/install/local_planning/include/local_planning/local_planning/action/detail/plan_path__traits.hpp
[0.878s] -- Installing: /home/rraina/wato_f1tenth/install/local_planning/include/local_planning/local_planning/action/detail/plan_path__struct.hpp
[0.879s] -- Installing: /home/rraina/wato_f1tenth/install/local_planning/include/local_planning/local_planning/action/plan_path.hpp
[0.880s] -- Up-to-date: /home/rraina/wato_f1tenth/install/local_planning/include/local_planning/local_planning/msg
[0.881s] -- Installing: /home/rraina/wato_f1tenth/install/local_planning/include/local_planning/local_planning/msg/rosidl_generator_cpp__visibility_control.hpp
[0.881s] -- Up-to-date: /home/rraina/wato_f1tenth/install/local_planning/include/local_planning/local_planning
[0.881s] -- Up-to-date: /home/rraina/wato_f1tenth/install/local_planning/include/local_planning/local_planning/action
[0.881s] -- Up-to-date: /home/rraina/wato_f1tenth/install/local_planning/include/local_planning/local_planning/action/detail
[0.882s] -- Installing: /home/rraina/wato_f1tenth/install/local_planning/include/local_planning/local_planning/action/detail/plan_path__rosidl_typesupport_fastrtps_cpp.hpp
[0.883s] -- Installing: /home/rraina/wato_f1tenth/install/local_planning/include/local_planning/local_planning/action/detail/dds_fastrtps
[0.884s] -- Up-to-date: /home/rraina/wato_f1tenth/install/local_planning/include/local_planning/local_planning/msg
[0.884s] -- Installing: /home/rraina/wato_f1tenth/install/local_planning/include/local_planning/local_planning/msg/rosidl_typesupport_fastrtps_cpp__visibility_control.h
[0.884s] -- Installing: /home/rraina/wato_f1tenth/install/local_planning/lib/liblocal_planning__rosidl_typesupport_fastrtps_cpp.so
[0.888s] -- Set non-toolchain portion of runtime path of "/home/rraina/wato_f1tenth/install/local_planning/lib/liblocal_planning__rosidl_typesupport_fastrtps_cpp.so" to ""
[0.888s] -- Up-to-date: /home/rraina/wato_f1tenth/install/local_planning/include/local_planning/local_planning
[0.888s] -- Up-to-date: /home/rraina/wato_f1tenth/install/local_planning/include/local_planning/local_planning/action
[0.889s] -- Up-to-date: /home/rraina/wato_f1tenth/install/local_planning/include/local_planning/local_planning/action/detail
[0.889s] -- Installing: /home/rraina/wato_f1tenth/install/local_planning/include/local_planning/local_planning/action/detail/plan_path__rosidl_typesupport_introspection_c.h
[0.889s] -- Installing: /home/rraina/wato_f1tenth/install/local_planning/include/local_planning/local_planning/action/detail/plan_path__type_support.c
[0.890s] -- Up-to-date: /home/rraina/wato_f1tenth/install/local_planning/include/local_planning/local_planning/msg
[0.891s] -- Installing: /home/rraina/wato_f1tenth/install/local_planning/include/local_planning/local_planning/msg/rosidl_typesupport_introspection_c__visibility_control.h
[0.891s] -- Installing: /home/rraina/wato_f1tenth/install/local_planning/lib/liblocal_planning__rosidl_typesupport_introspection_c.so
[0.893s] -- Set non-toolchain portion of runtime path of "/home/rraina/wato_f1tenth/install/local_planning/lib/liblocal_planning__rosidl_typesupport_introspection_c.so" to ""
[0.894s] -- Installing: /home/rraina/wato_f1tenth/install/local_planning/lib/liblocal_planning__rosidl_typesupport_c.so
[0.895s] -- Set non-toolchain portion of runtime path of "/home/rraina/wato_f1tenth/install/local_planning/lib/liblocal_planning__rosidl_typesupport_c.so" to ""
[0.895s] -- Up-to-date: /home/rraina/wato_f1tenth/install/local_planning/include/local_planning/local_planning
[0.895s] -- Up-to-date: /home/rraina/wato_f1tenth/install/local_planning/include/local_planning/local_planning/action
[0.897s] -- Up-to-date: /home/rraina/wato_f1tenth/install/local_planning/include/local_planning/local_planning/action/detail
[0.897s] -- Installing: /home/rraina/wato_f1tenth/install/local_planning/include/local_planning/local_planning/action/detail/plan_path__rosidl_typesupport_introspection_cpp.hpp
[0.897s] -- Installing: /home/rraina/wato_f1tenth/install/local_planning/include/local_planning/local_planning/action/detail/plan_path__type_support.cpp
[0.898s] -- Installing: /home/rraina/wato_f1tenth/install/local_planning/lib/liblocal_planning__rosidl_typesupport_introspection_cpp.so
[0.902s] -- Set non-toolchain portion of runtime path of "/home/rraina/wato_f1tenth/install/local_planning/lib/liblocal_planning__rosidl_typesupport_introspection_cpp.so" to ""
[0.902s] -- Installing: /home/rraina/wato_f1tenth/install/local_planning/lib/liblocal_planning__rosidl_typesupport_cpp.so
[0.906s] -- Set non-toolchain portion of runtime path of "/home/rraina/wato_f1tenth/install/local_planning/lib/liblocal_planning__rosidl_typesupport_cpp.so" to ""
[0.907s] -- Installing: /home/rraina/wato_f1tenth/install/local_planning/share/local_planning/environment/pythonpath.sh
[0.909s] -- Installing: /home/rraina/wato_f1tenth/install/local_planning/share/local_planning/environment/pythonpath.dsv
[0.909s] -- Installing: /home/rraina/wato_f1tenth/install/local_planning/lib/python3.12/site-packages/local_planning-0.0.0-py3.12.egg-info
[0.910s] -- Installing: /home/rraina/wato_f1tenth/install/local_planning/lib/python3.12/site-packages/local_planning-0.0.0-py3.12.egg-info/top_level.txt
[0.911s] -- Installing: /home/rraina/wato_f1tenth/install/local_planning/lib/python3.12/site-packages/local_planning-0.0.0-py3.12.egg-info/dependency_links.txt
[0.913s] -- Installing: /home/rraina/wato_f1tenth/install/local_planning/lib/python3.12/site-packages/local_planning-0.0.0-py3.12.egg-info/PKG-INFO
[0.914s] -- Installing: /home/rraina/wato_f1tenth/install/local_planning/lib/python3.12/site-packages/local_planning-0.0.0-py3.12.egg-info/SOURCES.txt
[0.914s] -- Installing: /home/rraina/wato_f1tenth/install/local_planning/lib/python3.12/site-packages/local_planning
[0.914s] -- Installing: /home/rraina/wato_f1tenth/install/local_planning/lib/python3.12/site-packages/local_planning/_local_planning_s.ep.rosidl_typesupport_fastrtps_c.c
[0.915s] -- Installing: /home/rraina/wato_f1tenth/install/local_planning/lib/python3.12/site-packages/local_planning/local_planning_s__rosidl_typesupport_c.so
[0.915s] -- Installing: /home/rraina/wato_f1tenth/install/local_planning/lib/python3.12/site-packages/local_planning/_local_planning_s.ep.rosidl_typesupport_introspection_c.c
[0.915s] -- Installing: /home/rraina/wato_f1tenth/install/local_planning/lib/python3.12/site-packages/local_planning/local_planning_s__rosidl_typesupport_fastrtps_c.so
[0.915s] -- Installing: /home/rraina/wato_f1tenth/install/local_planning/lib/python3.12/site-packages/local_planning/_local_planning_s.ep.rosidl_typesupport_c.c
[0.915s] -- Installing: /home/rraina/wato_f1tenth/install/local_planning/lib/python3.12/site-packages/local_planning/local_planning_s__rosidl_typesupport_introspection_c.so
[0.915s] -- Installing: /home/rraina/wato_f1tenth/install/local_planning/lib/python3.12/site-packages/local_planning/__init__.py
[0.915s] -- Installing: /home/rraina/wato_f1tenth/install/local_planning/lib/python3.12/site-packages/local_planning/action
[0.916s] -- Installing: /home/rraina/wato_f1tenth/install/local_planning/lib/python3.12/site-packages/local_planning/action/_plan_path_s.c
[0.916s] -- Installing: /home/rraina/wato_f1tenth/install/local_planning/lib/python3.12/site-packages/local_planning/action/__init__.py
[0.916s] -- Installing: /home/rraina/wato_f1tenth/install/local_planning/lib/python3.12/site-packages/local_planning/action/_plan_path.py
[1.001s] Listing '/home/rraina/wato_f1tenth/install/local_planning/lib/python3.12/site-packages/local_planning'...
[1.001s] Compiling '/home/rraina/wato_f1tenth/install/local_planning/lib/python3.12/site-packages/local_planning/__init__.py'...
[1.001s] Listing '/home/rraina/wato_f1tenth/install/local_planning/lib/python3.12/site-packages/local_planning/action'...
[1.001s] Compiling '/home/rraina/wato_f1tenth/install/local_planning/lib/python3.12/site-packages/local_planning/action/__init__.py'...
[1.001s] Compiling '/home/rraina/wato_f1tenth/install/local_planning/lib/python3.12/site-packages/local_planning/action/_plan_path.py'...
[1.011s] -- Installing: /home/rraina/wato_f1tenth/install/local_planning/lib/python3.12/site-packages/local_planning/local_planning_s__rosidl_typesupport_fastrtps_c.so
[1.012s] -- Set non-toolchain portion of runtime path of "/home/rraina/wato_f1tenth/install/local_planning/lib/python3.12/site-packages/local_planning/local_planning_s__rosidl_typesupport_fastrtps_c.so" to ""
[1.013s] -- Installing: /home/rraina/wato_f1tenth/install/local_planning/lib/python3.12/site-packages/local_planning/local_planning_s__rosidl_typesupport_introspection_c.so
[1.014s] -- Set non-toolchain portion of runtime path of "/home/rraina/wato_f1tenth/install/local_planning/lib/python3.12/site-packages/local_planning/local_planning_s__rosidl_typesupport_introspection_c.so" to ""
[1.014s] -- Installing: /home/rraina/wato_f1tenth/install/local_planning/lib/python3.12/site-packages/local_planning/local_planning_s__rosidl_typesupport_c.so
[1.015s] -- Set non-toolchain portion of runtime path of "/home/rraina/wato_f1tenth/install/local_planning/lib/python3.12/site-packages/local_planning/local_planning_s__rosidl_typesupport_c.so" to ""
[1.015s] -- Installing: /home/rraina/wato_f1tenth/install/local_planning/lib/liblocal_planning__rosidl_generator_py.so
[1.015s] -- Set non-toolchain portion of runtime path of "/home/rraina/wato_f1tenth/install/local_planning/lib/liblocal_planning__rosidl_generator_py.so" to ""
[1.015s] -- Installing: /home/rraina/wato_f1tenth/install/local_planning/share/local_planning/action/PlanPath.idl
[1.017s] -- Installing: /home/rraina/wato_f1tenth/install/local_planning/share/local_planning/action/PlanPath.action
[1.017s] -- Installing: /home/rraina/wato_f1tenth/install/local_planning/lib/local_planning/state_manager_node
[1.051s] -- Set non-toolchain portion of runtime path of "/home/rraina/wato_f1tenth/install/local_planning/lib/local_planning/state_manager_node" to ""
[1.051s] -- Installing: /home/rraina/wato_f1tenth/install/local_planning/lib/local_planning/hybrid_astar_planner_node
[1.090s] -- Set non-toolchain portion of runtime path of "/home/rraina/wato_f1tenth/install/local_planning/lib/local_planning/hybrid_astar_planner_node" to ""
[1.090s] -- Installing: /home/rraina/wato_f1tenth/install/local_planning/lib/local_planning/occupancy_grid_frame_adapter_node
[1.110s] -- Set non-toolchain portion of runtime path of "/home/rraina/wato_f1tenth/install/local_planning/lib/local_planning/occupancy_grid_frame_adapter_node" to ""
[1.111s] -- Installing: /home/rraina/wato_f1tenth/install/local_planning/share/local_planning/config
[1.111s] -- Installing: /home/rraina/wato_f1tenth/install/local_planning/share/local_planning/config/hybrid_astar_planner.yaml
[1.112s] -- Installing: /home/rraina/wato_f1tenth/install/local_planning/share/ament_index/resource_index/package_run_dependencies/local_planning
[1.113s] -- Installing: /home/rraina/wato_f1tenth/install/local_planning/share/ament_index/resource_index/parent_prefix_path/local_planning
[1.114s] -- Installing: /home/rraina/wato_f1tenth/install/local_planning/share/local_planning/environment/ament_prefix_path.sh
[1.114s] -- Installing: /home/rraina/wato_f1tenth/install/local_planning/share/local_planning/environment/ament_prefix_path.dsv
[1.115s] -- Installing: /home/rraina/wato_f1tenth/install/local_planning/share/local_planning/environment/path.sh
[1.115s] -- Installing: /home/rraina/wato_f1tenth/install/local_planning/share/local_planning/environment/path.dsv
[1.115s] -- Installing: /home/rraina/wato_f1tenth/install/local_planning/share/local_planning/local_setup.bash
[1.117s] -- Installing: /home/rraina/wato_f1tenth/install/local_planning/share/local_planning/local_setup.sh
[1.118s] -- Installing: /home/rraina/wato_f1tenth/install/local_planning/share/local_planning/local_setup.zsh
[1.119s] -- Installing: /home/rraina/wato_f1tenth/install/local_planning/share/local_planning/local_setup.dsv
[1.120s] -- Installing: /home/rraina/wato_f1tenth/install/local_planning/share/local_planning/package.dsv
[1.122s] -- Installing: /home/rraina/wato_f1tenth/install/local_planning/share/ament_index/resource_index/packages/local_planning
[1.124s] -- Installing: /home/rraina/wato_f1tenth/install/local_planning/share/local_planning/cmake/export_local_planning__rosidl_generator_cExport.cmake
[1.125s] -- Installing: /home/rraina/wato_f1tenth/install/local_planning/share/local_planning/cmake/export_local_planning__rosidl_generator_cExport-noconfig.cmake
[1.125s] -- Installing: /home/rraina/wato_f1tenth/install/local_planning/share/local_planning/cmake/export_local_planning__rosidl_typesupport_fastrtps_cExport.cmake
[1.126s] -- Installing: /home/rraina/wato_f1tenth/install/local_planning/share/local_planning/cmake/export_local_planning__rosidl_typesupport_fastrtps_cExport-noconfig.cmake
[1.127s] -- Installing: /home/rraina/wato_f1tenth/install/local_planning/share/local_planning/cmake/export_local_planning__rosidl_generator_cppExport.cmake
[1.128s] -- Installing: /home/rraina/wato_f1tenth/install/local_planning/share/local_planning/cmake/export_local_planning__rosidl_typesupport_fastrtps_cppExport.cmake
[1.129s] -- Installing: /home/rraina/wato_f1tenth/install/local_planning/share/local_planning/cmake/export_local_planning__rosidl_typesupport_fastrtps_cppExport-noconfig.cmake
[1.130s] -- Installing: /home/rraina/wato_f1tenth/install/local_planning/share/local_planning/cmake/local_planning__rosidl_typesupport_introspection_cExport.cmake
[1.130s] -- Installing: /home/rraina/wato_f1tenth/install/local_planning/share/local_planning/cmake/local_planning__rosidl_typesupport_introspection_cExport-noconfig.cmake
[1.131s] -- Installing: /home/rraina/wato_f1tenth/install/local_planning/share/local_planning/cmake/local_planning__rosidl_typesupport_cExport.cmake
[1.133s] -- Installing: /home/rraina/wato_f1tenth/install/local_planning/share/local_planning/cmake/local_planning__rosidl_typesupport_cExport-noconfig.cmake
[1.133s] -- Installing: /home/rraina/wato_f1tenth/install/local_planning/share/local_planning/cmake/local_planning__rosidl_typesupport_introspection_cppExport.cmake
[1.134s] -- Installing: /home/rraina/wato_f1tenth/install/local_planning/share/local_planning/cmake/local_planning__rosidl_typesupport_introspection_cppExport-noconfig.cmake
[1.135s] -- Installing: /home/rraina/wato_f1tenth/install/local_planning/share/local_planning/cmake/local_planning__rosidl_typesupport_cppExport.cmake
[1.135s] -- Installing: /home/rraina/wato_f1tenth/install/local_planning/share/local_planning/cmake/local_planning__rosidl_typesupport_cppExport-noconfig.cmake
[1.137s] -- Installing: /home/rraina/wato_f1tenth/install/local_planning/share/local_planning/cmake/export_local_planning__rosidl_generator_pyExport.cmake
[1.138s] -- Installing: /home/rraina/wato_f1tenth/install/local_planning/share/local_planning/cmake/export_local_planning__rosidl_generator_pyExport-noconfig.cmake
[1.138s] -- Installing: /home/rraina/wato_f1tenth/install/local_planning/share/local_planning/cmake/rosidl_cmake-extras.cmake
[1.139s] -- Installing: /home/rraina/wato_f1tenth/install/local_planning/share/local_planning/cmake/ament_cmake_export_dependencies-extras.cmake
[1.141s] -- Installing: /home/rraina/wato_f1tenth/install/local_planning/share/local_planning/cmake/ament_cmake_export_include_directories-extras.cmake
[1.142s] -- Installing: /home/rraina/wato_f1tenth/install/local_planning/share/local_planning/cmake/ament_cmake_export_libraries-extras.cmake
[1.142s] -- Installing: /home/rraina/wato_f1tenth/install/local_planning/share/local_planning/cmake/ament_cmake_export_targets-extras.cmake
[1.144s] -- Installing: /home/rraina/wato_f1tenth/install/local_planning/share/local_planning/cmake/rosidl_cmake_export_typesupport_targets-extras.cmake
[1.145s] -- Installing: /home/rraina/wato_f1tenth/install/local_planning/share/local_planning/cmake/rosidl_cmake_export_typesupport_libraries-extras.cmake
[1.146s] -- Installing: /home/rraina/wato_f1tenth/install/local_planning/share/local_planning/cmake/local_planningConfig.cmake
[1.146s] -- Installing: /home/rraina/wato_f1tenth/install/local_planning/share/local_planning/cmake/local_planningConfig-version.cmake
[1.148s] -- Installing: /home/rraina/wato_f1tenth/install/local_planning/share/local_planning/package.xml
[1.152s] Invoked command in '/home/rraina/wato_f1tenth/build/local_planning' returned '0': CMAKE_PREFIX_PATH=${CMAKE_PREFIX_PATH}:/opt/ros/jazzy /usr/bin/cmake --install /home/rraina/wato_f1tenth/build/local_planning
