[100%] Built target ekf_node
[100%] Built target ekf
-- Install configuration: ""
-- Installing: /home/rraina/wato_f1tenth/install/ackermann_ekf/lib/ackermann_ekf/ekf_node
-- Set non-toolchain portion of runtime path of "/home/rraina/wato_f1tenth/install/ackermann_ekf/lib/ackermann_ekf/ekf_node" to ""
-- Installing: /home/rraina/wato_f1tenth/install/ackermann_ekf/lib/ackermann_ekf/ekf
-- Set non-toolchain portion of runtime path of "/home/rraina/wato_f1tenth/install/ackermann_ekf/lib/ackermann_ekf/ekf" to ""
-- Installing: /home/rraina/wato_f1tenth/install/ackermann_ekf/share/ament_index/resource_index/package_run_dependencies/ackermann_ekf
-- Installing: /home/rraina/wato_f1tenth/install/ackermann_ekf/share/ament_index/resource_index/parent_prefix_path/ackermann_ekf
-- Installing: /home/rraina/wato_f1tenth/install/ackermann_ekf/share/ackermann_ekf/environment/ament_prefix_path.sh
-- Installing: /home/rraina/wato_f1tenth/install/ackermann_ekf/share/ackermann_ekf/environment/ament_prefix_path.dsv
-- Installing: /home/rraina/wato_f1tenth/install/ackermann_ekf/share/ackermann_ekf/environment/path.sh
-- Installing: /home/rraina/wato_f1tenth/install/ackermann_ekf/share/ackermann_ekf/environment/path.dsv
-- Installing: /home/rraina/wato_f1tenth/install/ackermann_ekf/share/ackermann_ekf/local_setup.bash
-- Installing: /home/rraina/wato_f1tenth/install/ackermann_ekf/share/ackermann_ekf/local_setup.sh
-- Installing: /home/rraina/wato_f1tenth/install/ackermann_ekf/share/ackermann_ekf/local_setup.zsh
-- Installing: /home/rraina/wato_f1tenth/install/ackermann_ekf/share/ackermann_ekf/local_setup.dsv
-- Installing: /home/rraina/wato_f1tenth/install/ackermann_ekf/share/ackermann_ekf/package.dsv
-- Installing: /home/rraina/wato_f1tenth/install/ackermann_ekf/share/ament_index/resource_index/packages/ackermann_ekf
-- Installing: /home/rraina/wato_f1tenth/install/ackermann_ekf/share/ackermann_ekf/cmake/ackermann_ekfConfig.cmake
-- Installing: /home/rraina/wato_f1tenth/install/ackermann_ekf/share/ackermann_ekf/cmake/ackermann_ekfConfig-version.cmake
-- Installing: /home/rraina/wato_f1tenth/install/ackermann_ekf/share/ackermann_ekf/package.xml
