[0.110s] Invoking command in '/home/rraina/wato_f1tenth/build/ackermann_ekf': CMAKE_PREFIX_PATH=${CMAKE_PREFIX_PATH}:/opt/ros/jazzy /usr/bin/cmake --build /home/rraina/wato_f1tenth/build/ackermann_ekf -- -j22 -l22
[1.012s] [100%] Built target ekf_node
[1.012s] [100%] Built target ekf
[1.045s] Invoked command in '/home/rraina/wato_f1tenth/build/ackermann_ekf' returned '0': CMAKE_PREFIX_PATH=${CMAKE_PREFIX_PATH}:/opt/ros/jazzy /usr/bin/cmake --build /home/rraina/wato_f1tenth/build/ackermann_ekf -- -j22 -l22
[1.049s] Invoking command in '/home/rraina/wato_f1tenth/build/ackermann_ekf': CMAKE_PREFIX_PATH=${CMAKE_PREFIX_PATH}:/opt/ros/jazzy /usr/bin/cmake --install /home/rraina/wato_f1tenth/build/ackermann_ekf
[1.143s] -- Install configuration: ""
[1.143s] -- Installing: /home/rraina/wato_f1tenth/install/ackermann_ekf/lib/ackermann_ekf/ekf_node
[1.488s] -- Set non-toolchain portion of runtime path of "/home/rraina/wato_f1tenth/install/ackermann_ekf/lib/ackermann_ekf/ekf_node" to ""
[1.489s] -- Installing: /home/rraina/wato_f1tenth/install/ackermann_ekf/lib/ackermann_ekf/ekf
[1.490s] -- Set non-toolchain portion of runtime path of "/home/rraina/wato_f1tenth/install/ackermann_ekf/lib/ackermann_ekf/ekf" to ""
[1.490s] -- Installing: /home/rraina/wato_f1tenth/install/ackermann_ekf/share/ament_index/resource_index/package_run_dependencies/ackermann_ekf
[1.492s] -- Installing: /home/rraina/wato_f1tenth/install/ackermann_ekf/share/ament_index/resource_index/parent_prefix_path/ackermann_ekf
[1.492s] -- Installing: /home/rraina/wato_f1tenth/install/ackermann_ekf/share/ackermann_ekf/environment/ament_prefix_path.sh
[1.492s] -- Installing: /home/rraina/wato_f1tenth/install/ackermann_ekf/share/ackermann_ekf/environment/ament_prefix_path.dsv
[1.493s] -- Installing: /home/rraina/wato_f1tenth/install/ackermann_ekf/share/ackermann_ekf/environment/path.sh
[1.494s] -- Installing: /home/rraina/wato_f1tenth/install/ackermann_ekf/share/ackermann_ekf/environment/path.dsv
[1.494s] -- Installing: /home/rraina/wato_f1tenth/install/ackermann_ekf/share/ackermann_ekf/local_setup.bash
[1.495s] -- Installing: /home/rraina/wato_f1tenth/install/ackermann_ekf/share/ackermann_ekf/local_setup.sh
[1.496s] -- Installing: /home/rraina/wato_f1tenth/install/ackermann_ekf/share/ackermann_ekf/local_setup.zsh
[1.496s] -- Installing: /home/rraina/wato_f1tenth/install/ackermann_ekf/share/ackermann_ekf/local_setup.dsv
[1.497s] -- Installing: /home/rraina/wato_f1tenth/install/ackermann_ekf/share/ackermann_ekf/package.dsv
[1.497s] -- Installing: /home/rraina/wato_f1tenth/install/ackermann_ekf/share/ament_index/resource_index/packages/ackermann_ekf
[1.497s] -- Installing: /home/rraina/wato_f1tenth/install/ackermann_ekf/share/ackermann_ekf/cmake/ackermann_ekfConfig.cmake
[1.498s] -- Installing: /home/rraina/wato_f1tenth/install/ackermann_ekf/share/ackermann_ekf/cmake/ackermann_ekfConfig-version.cmake
[1.498s] -- Installing: /home/rraina/wato_f1tenth/install/ackermann_ekf/share/ackermann_ekf/package.xml
[1.566s] Invoked command in '/home/rraina/wato_f1tenth/build/ackermann_ekf' returned '0': CMAKE_PREFIX_PATH=${CMAKE_PREFIX_PATH}:/opt/ros/jazzy /usr/bin/cmake --install /home/rraina/wato_f1tenth/build/ackermann_ekf
