[0.115s] Invoking command in '/home/rraina/wato_f1tenth/build/vesc_msgs': CMAKE_PREFIX_PATH=${CMAKE_PREFIX_PATH}:/opt/ros/jazzy /usr/bin/cmake --build /home/rraina/wato_f1tenth/build/vesc_msgs -- -j22 -l22
[1.018s] [  1%] Built target vesc_msgs__rosidl_generator_type_description
[1.019s] [  1%] Built target ament_cmake_python_copy_vesc_msgs
[1.019s] [  3%] Built target vesc_msgs__cpp
[1.020s] [ 25%] Built target vesc_msgs__rosidl_generator_c
[1.020s] [ 34%] Built target vesc_msgs__rosidl_typesupport_introspection_c
[1.021s] [ 43%] Built target vesc_msgs__rosidl_typesupport_c
[1.021s] [ 57%] Built target vesc_msgs__rosidl_typesupport_fastrtps_cpp
[1.022s] [ 62%] Built target vesc_msgs__rosidl_typesupport_cpp
[1.022s] [ 71%] Built target vesc_msgs__rosidl_typesupport_fastrtps_c
[1.022s] [ 81%] Built target vesc_msgs__rosidl_typesupport_introspection_cpp
[1.022s] [ 81%] Built target vesc_msgs
[1.023s] [ 82%] Built target vesc_msgs__py
[1.023s] [ 90%] Built target vesc_msgs__rosidl_generator_py
[1.023s] [ 96%] Built target vesc_msgs_s__rosidl_typesupport_introspection_c
[1.023s] [ 96%] Built target vesc_msgs_s__rosidl_typesupport_c
[1.024s] [100%] Built target vesc_msgs_s__rosidl_typesupport_fastrtps_c
[1.024s] running egg_info
[1.024s] writing vesc_msgs.egg-info/PKG-INFO
[1.024s] writing dependency_links to vesc_msgs.egg-info/dependency_links.txt
[1.024s] writing top-level names to vesc_msgs.egg-info/top_level.txt
[1.025s] reading manifest file 'vesc_msgs.egg-info/SOURCES.txt'
[1.025s] writing manifest file 'vesc_msgs.egg-info/SOURCES.txt'
[1.025s] [100%] Built target ament_cmake_python_build_vesc_msgs_egg
[1.046s] Invoked command in '/home/rraina/wato_f1tenth/build/vesc_msgs' returned '0': CMAKE_PREFIX_PATH=${CMAKE_PREFIX_PATH}:/opt/ros/jazzy /usr/bin/cmake --build /home/rraina/wato_f1tenth/build/vesc_msgs -- -j22 -l22
[1.049s] Invoking command in '/home/rraina/wato_f1tenth/build/vesc_msgs': CMAKE_PREFIX_PATH=${CMAKE_PREFIX_PATH}:/opt/ros/jazzy /usr/bin/cmake --install /home/rraina/wato_f1tenth/build/vesc_msgs
[1.118s] -- Install configuration: ""
[1.118s] -- Up-to-date: /home/rraina/wato_f1tenth/install/vesc_msgs/share/ament_index/resource_index/rosidl_interfaces/vesc_msgs
[1.118s] -- Up-to-date: /home/rraina/wato_f1tenth/install/vesc_msgs/share/vesc_msgs/msg/VescState.json
[1.119s] -- Up-to-date: /home/rraina/wato_f1tenth/install/vesc_msgs/share/vesc_msgs/msg/VescStateStamped.json
[1.120s] -- Up-to-date: /home/rraina/wato_f1tenth/install/vesc_msgs/share/vesc_msgs/msg/VescImu.json
[1.120s] -- Up-to-date: /home/rraina/wato_f1tenth/install/vesc_msgs/share/vesc_msgs/msg/VescImuStamped.json
[1.120s] -- Up-to-date: /home/rraina/wato_f1tenth/install/vesc_msgs/include/vesc_msgs/vesc_msgs
[1.121s] -- Up-to-date: /home/rraina/wato_f1tenth/install/vesc_msgs/include/vesc_msgs/vesc_msgs/msg
[1.122s] -- Up-to-date: /home/rraina/wato_f1tenth/install/vesc_msgs/include/vesc_msgs/vesc_msgs/msg/vesc_state.h
[1.123s] -- Up-to-date: /home/rraina/wato_f1tenth/install/vesc_msgs/include/vesc_msgs/vesc_msgs/msg/vesc_imu.h
[1.123s] -- Up-to-date: /home/rraina/wato_f1tenth/install/vesc_msgs/include/vesc_msgs/vesc_msgs/msg/vesc_imu_stamped.h
[1.123s] -- Up-to-date: /home/rraina/wato_f1tenth/install/vesc_msgs/include/vesc_msgs/vesc_msgs/msg/detail
[1.123s] -- Installing: /home/rraina/wato_f1tenth/install/vesc_msgs/include/vesc_msgs/vesc_msgs/msg/detail/vesc_imu__type_support.c
[1.123s] -- Up-to-date: /home/rraina/wato_f1tenth/install/vesc_msgs/include/vesc_msgs/vesc_msgs/msg/detail/vesc_imu_stamped__functions.h
[1.123s] -- Up-to-date: /home/rraina/wato_f1tenth/install/vesc_msgs/include/vesc_msgs/vesc_msgs/msg/detail/vesc_state_stamped__functions.h
[1.123s] -- Up-to-date: /home/rraina/wato_f1tenth/install/vesc_msgs/include/vesc_msgs/vesc_msgs/msg/detail/vesc_state__struct.h
[1.124s] -- Up-to-date: /home/rraina/wato_f1tenth/install/vesc_msgs/include/vesc_msgs/vesc_msgs/msg/detail/vesc_imu__struct.h
[1.124s] -- Up-to-date: /home/rraina/wato_f1tenth/install/vesc_msgs/include/vesc_msgs/vesc_msgs/msg/detail/vesc_imu_stamped__functions.c
[1.124s] -- Installing: /home/rraina/wato_f1tenth/install/vesc_msgs/include/vesc_msgs/vesc_msgs/msg/detail/vesc_state__type_support.c
[1.124s] -- Up-to-date: /home/rraina/wato_f1tenth/install/vesc_msgs/include/vesc_msgs/vesc_msgs/msg/detail/vesc_state__type_support.h
[1.124s] -- Up-to-date: /home/rraina/wato_f1tenth/install/vesc_msgs/include/vesc_msgs/vesc_msgs/msg/detail/vesc_imu_stamped__description.c
[1.124s] -- Up-to-date: /home/rraina/wato_f1tenth/install/vesc_msgs/include/vesc_msgs/vesc_msgs/msg/detail/vesc_state_stamped__type_support.h
[1.124s] -- Installing: /home/rraina/wato_f1tenth/install/vesc_msgs/include/vesc_msgs/vesc_msgs/msg/detail/vesc_state_stamped__type_support.c
[1.124s] -- Up-to-date: /home/rraina/wato_f1tenth/install/vesc_msgs/include/vesc_msgs/vesc_msgs/msg/detail/vesc_state_stamped__struct.h
[1.124s] -- Up-to-date: /home/rraina/wato_f1tenth/install/vesc_msgs/include/vesc_msgs/vesc_msgs/msg/detail/vesc_imu__type_support.h
[1.124s] -- Up-to-date: /home/rraina/wato_f1tenth/install/vesc_msgs/include/vesc_msgs/vesc_msgs/msg/detail/vesc_state__functions.h
[1.125s] -- Up-to-date: /home/rraina/wato_f1tenth/install/vesc_msgs/include/vesc_msgs/vesc_msgs/msg/detail/vesc_imu__functions.c
[1.125s] -- Up-to-date: /home/rraina/wato_f1tenth/install/vesc_msgs/include/vesc_msgs/vesc_msgs/msg/detail/vesc_state_stamped__description.c
[1.125s] -- Up-to-date: /home/rraina/wato_f1tenth/install/vesc_msgs/include/vesc_msgs/vesc_msgs/msg/detail/vesc_state__description.c
[1.125s] -- Up-to-date: /home/rraina/wato_f1tenth/install/vesc_msgs/include/vesc_msgs/vesc_msgs/msg/detail/vesc_imu__description.c
[1.125s] -- Up-to-date: /home/rraina/wato_f1tenth/install/vesc_msgs/include/vesc_msgs/vesc_msgs/msg/detail/vesc_state_stamped__functions.c
[1.125s] -- Up-to-date: /home/rraina/wato_f1tenth/install/vesc_msgs/include/vesc_msgs/vesc_msgs/msg/detail/vesc_imu__functions.h
[1.126s] -- Installing: /home/rraina/wato_f1tenth/install/vesc_msgs/include/vesc_msgs/vesc_msgs/msg/detail/vesc_imu_stamped__type_support.c
[1.132s] -- Up-to-date: /home/rraina/wato_f1tenth/install/vesc_msgs/include/vesc_msgs/vesc_msgs/msg/detail/vesc_imu_stamped__type_support.h
[1.134s] -- Up-to-date: /home/rraina/wato_f1tenth/install/vesc_msgs/include/vesc_msgs/vesc_msgs/msg/detail/vesc_imu_stamped__struct.h
[1.137s] -- Up-to-date: /home/rraina/wato_f1tenth/install/vesc_msgs/include/vesc_msgs/vesc_msgs/msg/detail/vesc_state__functions.c
[1.138s] -- Up-to-date: /home/rraina/wato_f1tenth/install/vesc_msgs/include/vesc_msgs/vesc_msgs/msg/vesc_state_stamped.h
[1.139s] -- Up-to-date: /home/rraina/wato_f1tenth/install/vesc_msgs/include/vesc_msgs/vesc_msgs/msg/rosidl_generator_c__visibility_control.h
[1.139s] -- Up-to-date: /home/rraina/wato_f1tenth/install/vesc_msgs/share/vesc_msgs/environment/library_path.sh
[1.139s] -- Up-to-date: /home/rraina/wato_f1tenth/install/vesc_msgs/share/vesc_msgs/environment/library_path.dsv
[1.139s] -- Up-to-date: /home/rraina/wato_f1tenth/install/vesc_msgs/lib/libvesc_msgs__rosidl_generator_c.so
[1.139s] -- Up-to-date: /home/rraina/wato_f1tenth/install/vesc_msgs/include/vesc_msgs/vesc_msgs
[1.140s] -- Up-to-date: /home/rraina/wato_f1tenth/install/vesc_msgs/include/vesc_msgs/vesc_msgs/msg
[1.140s] -- Up-to-date: /home/rraina/wato_f1tenth/install/vesc_msgs/include/vesc_msgs/vesc_msgs/msg/rosidl_typesupport_fastrtps_c__visibility_control.h
[1.140s] -- Up-to-date: /home/rraina/wato_f1tenth/install/vesc_msgs/include/vesc_msgs/vesc_msgs/msg/detail
[1.141s] -- Up-to-date: /home/rraina/wato_f1tenth/install/vesc_msgs/include/vesc_msgs/vesc_msgs/msg/detail/vesc_state__rosidl_typesupport_fastrtps_c.h
[1.143s] -- Up-to-date: /home/rraina/wato_f1tenth/install/vesc_msgs/include/vesc_msgs/vesc_msgs/msg/detail/vesc_imu_stamped__rosidl_typesupport_fastrtps_c.h
[1.143s] -- Up-to-date: /home/rraina/wato_f1tenth/install/vesc_msgs/include/vesc_msgs/vesc_msgs/msg/detail/vesc_imu__rosidl_typesupport_fastrtps_c.h
[1.144s] -- Up-to-date: /home/rraina/wato_f1tenth/install/vesc_msgs/include/vesc_msgs/vesc_msgs/msg/detail/vesc_state_stamped__rosidl_typesupport_fastrtps_c.h
[1.144s] -- Up-to-date: /home/rraina/wato_f1tenth/install/vesc_msgs/lib/libvesc_msgs__rosidl_typesupport_fastrtps_c.so
[1.144s] -- Up-to-date: /home/rraina/wato_f1tenth/install/vesc_msgs/include/vesc_msgs/vesc_msgs
[1.144s] -- Up-to-date: /home/rraina/wato_f1tenth/install/vesc_msgs/include/vesc_msgs/vesc_msgs/msg
[1.144s] -- Up-to-date: /home/rraina/wato_f1tenth/install/vesc_msgs/include/vesc_msgs/vesc_msgs/msg/detail
[1.144s] -- Installing: /home/rraina/wato_f1tenth/install/vesc_msgs/include/vesc_msgs/vesc_msgs/msg/detail/vesc_imu__type_support.c
[1.144s] -- Up-to-date: /home/rraina/wato_f1tenth/install/vesc_msgs/include/vesc_msgs/vesc_msgs/msg/detail/vesc_state__rosidl_typesupport_introspection_c.h
[1.145s] -- Up-to-date: /home/rraina/wato_f1tenth/install/vesc_msgs/include/vesc_msgs/vesc_msgs/msg/detail/vesc_state_stamped__rosidl_typesupport_introspection_c.h
[1.145s] -- Installing: /home/rraina/wato_f1tenth/install/vesc_msgs/include/vesc_msgs/vesc_msgs/msg/detail/vesc_state__type_support.c
[1.304s] -- Installing: /home/rraina/wato_f1tenth/install/vesc_msgs/include/vesc_msgs/vesc_msgs/msg/detail/vesc_state_stamped__type_support.c
[1.325s] -- Up-to-date: /home/rraina/wato_f1tenth/install/vesc_msgs/include/vesc_msgs/vesc_msgs/msg/detail/vesc_imu__rosidl_typesupport_introspection_c.h
[1.328s] -- Up-to-date: /home/rraina/wato_f1tenth/install/vesc_msgs/include/vesc_msgs/vesc_msgs/msg/detail/vesc_imu_stamped__rosidl_typesupport_introspection_c.h
[1.328s] -- Installing: /home/rraina/wato_f1tenth/install/vesc_msgs/include/vesc_msgs/vesc_msgs/msg/detail/vesc_imu_stamped__type_support.c
[1.329s] -- Up-to-date: /home/rraina/wato_f1tenth/install/vesc_msgs/include/vesc_msgs/vesc_msgs/msg/rosidl_typesupport_introspection_c__visibility_control.h
[1.331s] -- Up-to-date: /home/rraina/wato_f1tenth/install/vesc_msgs/lib/libvesc_msgs__rosidl_typesupport_introspection_c.so
[1.331s] -- Up-to-date: /home/rraina/wato_f1tenth/install/vesc_msgs/lib/libvesc_msgs__rosidl_typesupport_c.so
[1.331s] -- Up-to-date: /home/rraina/wato_f1tenth/install/vesc_msgs/include/vesc_msgs/vesc_msgs
[1.332s] -- Up-to-date: /home/rraina/wato_f1tenth/install/vesc_msgs/include/vesc_msgs/vesc_msgs/msg
[1.332s] -- Up-to-date: /home/rraina/wato_f1tenth/install/vesc_msgs/include/vesc_msgs/vesc_msgs/msg/vesc_state.hpp
[1.332s] -- Up-to-date: /home/rraina/wato_f1tenth/install/vesc_msgs/include/vesc_msgs/vesc_msgs/msg/vesc_state_stamped.hpp
[1.333s] -- Up-to-date: /home/rraina/wato_f1tenth/install/vesc_msgs/include/vesc_msgs/vesc_msgs/msg/vesc_imu_stamped.hpp
[1.334s] -- Up-to-date: /home/rraina/wato_f1tenth/install/vesc_msgs/include/vesc_msgs/vesc_msgs/msg/vesc_imu.hpp
[1.335s] -- Up-to-date: /home/rraina/wato_f1tenth/install/vesc_msgs/include/vesc_msgs/vesc_msgs/msg/detail
[1.335s] -- Up-to-date: /home/rraina/wato_f1tenth/install/vesc_msgs/include/vesc_msgs/vesc_msgs/msg/detail/vesc_imu__traits.hpp
[1.336s] -- Up-to-date: /home/rraina/wato_f1tenth/install/vesc_msgs/include/vesc_msgs/vesc_msgs/msg/detail/vesc_imu_stamped__traits.hpp
[1.336s] -- Up-to-date: /home/rraina/wato_f1tenth/install/vesc_msgs/include/vesc_msgs/vesc_msgs/msg/detail/vesc_imu__builder.hpp
[1.337s] -- Up-to-date: /home/rraina/wato_f1tenth/install/vesc_msgs/include/vesc_msgs/vesc_msgs/msg/detail/vesc_state_stamped__struct.hpp
[1.338s] -- Up-to-date: /home/rraina/wato_f1tenth/install/vesc_msgs/include/vesc_msgs/vesc_msgs/msg/detail/vesc_imu__type_support.hpp
[1.338s] -- Up-to-date: /home/rraina/wato_f1tenth/install/vesc_msgs/include/vesc_msgs/vesc_msgs/msg/detail/vesc_state_stamped__type_support.hpp
[1.339s] -- Up-to-date: /home/rraina/wato_f1tenth/install/vesc_msgs/include/vesc_msgs/vesc_msgs/msg/detail/vesc_imu_stamped__struct.hpp
[1.339s] -- Up-to-date: /home/rraina/wato_f1tenth/install/vesc_msgs/include/vesc_msgs/vesc_msgs/msg/detail/vesc_state__type_support.hpp
[1.340s] -- Up-to-date: /home/rraina/wato_f1tenth/install/vesc_msgs/include/vesc_msgs/vesc_msgs/msg/detail/vesc_state_stamped__builder.hpp
[1.342s] -- Up-to-date: /home/rraina/wato_f1tenth/install/vesc_msgs/include/vesc_msgs/vesc_msgs/msg/detail/vesc_imu_stamped__type_support.hpp
[1.343s] -- Up-to-date: /home/rraina/wato_f1tenth/install/vesc_msgs/include/vesc_msgs/vesc_msgs/msg/detail/vesc_imu__struct.hpp
[1.344s] -- Up-to-date: /home/rraina/wato_f1tenth/install/vesc_msgs/include/vesc_msgs/vesc_msgs/msg/detail/vesc_state__traits.hpp
[1.345s] -- Up-to-date: /home/rraina/wato_f1tenth/install/vesc_msgs/include/vesc_msgs/vesc_msgs/msg/detail/vesc_imu_stamped__builder.hpp
[1.347s] -- Up-to-date: /home/rraina/wato_f1tenth/install/vesc_msgs/include/vesc_msgs/vesc_msgs/msg/detail/vesc_state_stamped__traits.hpp
[1.348s] -- Up-to-date: /home/rraina/wato_f1tenth/install/vesc_msgs/include/vesc_msgs/vesc_msgs/msg/detail/vesc_state__builder.hpp
[1.348s] -- Up-to-date: /home/rraina/wato_f1tenth/install/vesc_msgs/include/vesc_msgs/vesc_msgs/msg/detail/vesc_state__struct.hpp
[1.348s] -- Up-to-date: /home/rraina/wato_f1tenth/install/vesc_msgs/include/vesc_msgs/vesc_msgs/msg/rosidl_generator_cpp__visibility_control.hpp
[1.349s] -- Up-to-date: /home/rraina/wato_f1tenth/install/vesc_msgs/include/vesc_msgs/vesc_msgs
[1.352s] -- Up-to-date: /home/rraina/wato_f1tenth/install/vesc_msgs/include/vesc_msgs/vesc_msgs/msg
[1.353s] -- Up-to-date: /home/rraina/wato_f1tenth/install/vesc_msgs/include/vesc_msgs/vesc_msgs/msg/rosidl_typesupport_fastrtps_cpp__visibility_control.h
[1.354s] -- Up-to-date: /home/rraina/wato_f1tenth/install/vesc_msgs/include/vesc_msgs/vesc_msgs/msg/detail
[1.356s] -- Up-to-date: /home/rraina/wato_f1tenth/install/vesc_msgs/include/vesc_msgs/vesc_msgs/msg/detail/vesc_state__rosidl_typesupport_fastrtps_cpp.hpp
[1.359s] -- Up-to-date: /home/rraina/wato_f1tenth/install/vesc_msgs/include/vesc_msgs/vesc_msgs/msg/detail/vesc_state_stamped__rosidl_typesupport_fastrtps_cpp.hpp
[1.360s] -- Up-to-date: /home/rraina/wato_f1tenth/install/vesc_msgs/include/vesc_msgs/vesc_msgs/msg/detail/dds_fastrtps
[1.361s] -- Up-to-date: /home/rraina/wato_f1tenth/install/vesc_msgs/include/vesc_msgs/vesc_msgs/msg/detail/vesc_imu__rosidl_typesupport_fastrtps_cpp.hpp
[1.362s] -- Up-to-date: /home/rraina/wato_f1tenth/install/vesc_msgs/include/vesc_msgs/vesc_msgs/msg/detail/vesc_imu_stamped__rosidl_typesupport_fastrtps_cpp.hpp
[1.363s] -- Up-to-date: /home/rraina/wato_f1tenth/install/vesc_msgs/lib/libvesc_msgs__rosidl_typesupport_fastrtps_cpp.so
[1.364s] -- Up-to-date: /home/rraina/wato_f1tenth/install/vesc_msgs/include/vesc_msgs/vesc_msgs
[1.364s] -- Up-to-date: /home/rraina/wato_f1tenth/install/vesc_msgs/include/vesc_msgs/vesc_msgs/msg
[1.364s] -- Up-to-date: /home/rraina/wato_f1tenth/install/vesc_msgs/include/vesc_msgs/vesc_msgs/msg/detail
[1.364s] -- Up-to-date: /home/rraina/wato_f1tenth/install/vesc_msgs/include/vesc_msgs/vesc_msgs/msg/detail/vesc_state_stamped__rosidl_typesupport_introspection_cpp.hpp
[1.365s] -- Up-to-date: /home/rraina/wato_f1tenth/install/vesc_msgs/include/vesc_msgs/vesc_msgs/msg/detail/vesc_state__rosidl_typesupport_introspection_cpp.hpp
[1.367s] -- Up-to-date: /home/rraina/wato_f1tenth/install/vesc_msgs/include/vesc_msgs/vesc_msgs/msg/detail/vesc_imu_stamped__rosidl_typesupport_introspection_cpp.hpp
[1.368s] -- Up-to-date: /home/rraina/wato_f1tenth/install/vesc_msgs/include/vesc_msgs/vesc_msgs/msg/detail/vesc_state_stamped__type_support.cpp
[1.369s] -- Up-to-date: /home/rraina/wato_f1tenth/install/vesc_msgs/include/vesc_msgs/vesc_msgs/msg/detail/vesc_imu__rosidl_typesupport_introspection_cpp.hpp
[1.371s] -- Up-to-date: /home/rraina/wato_f1tenth/install/vesc_msgs/include/vesc_msgs/vesc_msgs/msg/detail/vesc_state__type_support.cpp
[1.372s] -- Up-to-date: /home/rraina/wato_f1tenth/install/vesc_msgs/include/vesc_msgs/vesc_msgs/msg/detail/vesc_imu_stamped__type_support.cpp
[1.372s] -- Up-to-date: /home/rraina/wato_f1tenth/install/vesc_msgs/include/vesc_msgs/vesc_msgs/msg/detail/vesc_imu__type_support.cpp
[1.373s] -- Up-to-date: /home/rraina/wato_f1tenth/install/vesc_msgs/lib/libvesc_msgs__rosidl_typesupport_introspection_cpp.so
[1.374s] -- Up-to-date: /home/rraina/wato_f1tenth/install/vesc_msgs/lib/libvesc_msgs__rosidl_typesupport_cpp.so
[1.374s] -- Up-to-date: /home/rraina/wato_f1tenth/install/vesc_msgs/share/vesc_msgs/environment/pythonpath.sh
[1.375s] -- Up-to-date: /home/rraina/wato_f1tenth/install/vesc_msgs/share/vesc_msgs/environment/pythonpath.dsv
[1.375s] -- Up-to-date: /home/rraina/wato_f1tenth/install/vesc_msgs/lib/python3.12/site-packages/vesc_msgs-1.2.0-py3.12.egg-info
[1.376s] -- Installing: /home/rraina/wato_f1tenth/install/vesc_msgs/lib/python3.12/site-packages/vesc_msgs-1.2.0-py3.12.egg-info/top_level.txt
[1.376s] -- Installing: /home/rraina/wato_f1tenth/install/vesc_msgs/lib/python3.12/site-packages/vesc_msgs-1.2.0-py3.12.egg-info/dependency_links.txt
[1.379s] -- Installing: /home/rraina/wato_f1tenth/install/vesc_msgs/lib/python3.12/site-packages/vesc_msgs-1.2.0-py3.12.egg-info/PKG-INFO
[1.380s] -- Installing: /home/rraina/wato_f1tenth/install/vesc_msgs/lib/python3.12/site-packages/vesc_msgs-1.2.0-py3.12.egg-info/SOURCES.txt
[1.383s] -- Up-to-date: /home/rraina/wato_f1tenth/install/vesc_msgs/lib/python3.12/site-packages/vesc_msgs
[1.386s] -- Up-to-date: /home/rraina/wato_f1tenth/install/vesc_msgs/lib/python3.12/site-packages/vesc_msgs/_vesc_msgs_s.ep.rosidl_typesupport_c.c
[1.389s] -- Up-to-date: /home/rraina/wato_f1tenth/install/vesc_msgs/lib/python3.12/site-packages/vesc_msgs/vesc_msgs_s__rosidl_typesupport_c.so
[1.391s] -- Up-to-date: /home/rraina/wato_f1tenth/install/vesc_msgs/lib/python3.12/site-packages/vesc_msgs/_vesc_msgs_s.ep.rosidl_typesupport_fastrtps_c.c
[1.393s] -- Up-to-date: /home/rraina/wato_f1tenth/install/vesc_msgs/lib/python3.12/site-packages/vesc_msgs/vesc_msgs_s__rosidl_typesupport_fastrtps_c.so
[1.396s] -- Up-to-date: /home/rraina/wato_f1tenth/install/vesc_msgs/lib/python3.12/site-packages/vesc_msgs/__init__.py
[1.397s] -- Up-to-date: /home/rraina/wato_f1tenth/install/vesc_msgs/lib/python3.12/site-packages/vesc_msgs/_vesc_msgs_s.ep.rosidl_typesupport_introspection_c.c
[1.398s] -- Up-to-date: /home/rraina/wato_f1tenth/install/vesc_msgs/lib/python3.12/site-packages/vesc_msgs/msg
[1.398s] -- Up-to-date: /home/rraina/wato_f1tenth/install/vesc_msgs/lib/python3.12/site-packages/vesc_msgs/msg/_vesc_state_s.c
[1.399s] -- Up-to-date: /home/rraina/wato_f1tenth/install/vesc_msgs/lib/python3.12/site-packages/vesc_msgs/msg/_vesc_state.py
[1.400s] -- Up-to-date: /home/rraina/wato_f1tenth/install/vesc_msgs/lib/python3.12/site-packages/vesc_msgs/msg/_vesc_imu_stamped.py
[1.400s] -- Up-to-date: /home/rraina/wato_f1tenth/install/vesc_msgs/lib/python3.12/site-packages/vesc_msgs/msg/_vesc_state_stamped.py
[1.400s] -- Up-to-date: /home/rraina/wato_f1tenth/install/vesc_msgs/lib/python3.12/site-packages/vesc_msgs/msg/_vesc_imu_s.c
[1.400s] -- Up-to-date: /home/rraina/wato_f1tenth/install/vesc_msgs/lib/python3.12/site-packages/vesc_msgs/msg/_vesc_imu.py
[1.400s] -- Up-to-date: /home/rraina/wato_f1tenth/install/vesc_msgs/lib/python3.12/site-packages/vesc_msgs/msg/_vesc_state_stamped_s.c
[1.400s] -- Up-to-date: /home/rraina/wato_f1tenth/install/vesc_msgs/lib/python3.12/site-packages/vesc_msgs/msg/__init__.py
[1.402s] -- Up-to-date: /home/rraina/wato_f1tenth/install/vesc_msgs/lib/python3.12/site-packages/vesc_msgs/msg/_vesc_imu_stamped_s.c
[1.404s] -- Up-to-date: /home/rraina/wato_f1tenth/install/vesc_msgs/lib/python3.12/site-packages/vesc_msgs/vesc_msgs_s__rosidl_typesupport_introspection_c.so
[1.405s] Listing '/home/rraina/wato_f1tenth/install/vesc_msgs/lib/python3.12/site-packages/vesc_msgs'...
[1.405s] Listing '/home/rraina/wato_f1tenth/install/vesc_msgs/lib/python3.12/site-packages/vesc_msgs/msg'...
[1.405s] -- Up-to-date: /home/rraina/wato_f1tenth/install/vesc_msgs/lib/python3.12/site-packages/vesc_msgs/vesc_msgs_s__rosidl_typesupport_fastrtps_c.so
[1.406s] -- Up-to-date: /home/rraina/wato_f1tenth/install/vesc_msgs/lib/python3.12/site-packages/vesc_msgs/vesc_msgs_s__rosidl_typesupport_introspection_c.so
[1.406s] -- Up-to-date: /home/rraina/wato_f1tenth/install/vesc_msgs/lib/python3.12/site-packages/vesc_msgs/vesc_msgs_s__rosidl_typesupport_c.so
[1.407s] -- Up-to-date: /home/rraina/wato_f1tenth/install/vesc_msgs/lib/libvesc_msgs__rosidl_generator_py.so
[1.407s] -- Up-to-date: /home/rraina/wato_f1tenth/install/vesc_msgs/share/vesc_msgs/msg/VescState.idl
[1.408s] -- Up-to-date: /home/rraina/wato_f1tenth/install/vesc_msgs/share/vesc_msgs/msg/VescStateStamped.idl
[1.408s] -- Up-to-date: /home/rraina/wato_f1tenth/install/vesc_msgs/share/vesc_msgs/msg/VescImu.idl
[1.408s] -- Up-to-date: /home/rraina/wato_f1tenth/install/vesc_msgs/share/vesc_msgs/msg/VescImuStamped.idl
[1.408s] -- Up-to-date: /home/rraina/wato_f1tenth/install/vesc_msgs/share/vesc_msgs/msg/VescState.msg
[1.409s] -- Up-to-date: /home/rraina/wato_f1tenth/install/vesc_msgs/share/vesc_msgs/msg/VescStateStamped.msg
[1.409s] -- Up-to-date: /home/rraina/wato_f1tenth/install/vesc_msgs/share/vesc_msgs/msg/VescImu.msg
[1.409s] -- Up-to-date: /home/rraina/wato_f1tenth/install/vesc_msgs/share/vesc_msgs/msg/VescImuStamped.msg
[1.410s] -- Up-to-date: /home/rraina/wato_f1tenth/install/vesc_msgs/share/ament_index/resource_index/package_run_dependencies/vesc_msgs
[1.410s] -- Up-to-date: /home/rraina/wato_f1tenth/install/vesc_msgs/share/ament_index/resource_index/parent_prefix_path/vesc_msgs
[1.411s] -- Up-to-date: /home/rraina/wato_f1tenth/install/vesc_msgs/share/vesc_msgs/environment/ament_prefix_path.sh
[1.411s] -- Up-to-date: /home/rraina/wato_f1tenth/install/vesc_msgs/share/vesc_msgs/environment/ament_prefix_path.dsv
[1.411s] -- Up-to-date: /home/rraina/wato_f1tenth/install/vesc_msgs/share/vesc_msgs/environment/path.sh
[1.412s] -- Up-to-date: /home/rraina/wato_f1tenth/install/vesc_msgs/share/vesc_msgs/environment/path.dsv
[1.412s] -- Up-to-date: /home/rraina/wato_f1tenth/install/vesc_msgs/share/vesc_msgs/local_setup.bash
[1.412s] -- Up-to-date: /home/rraina/wato_f1tenth/install/vesc_msgs/share/vesc_msgs/local_setup.sh
[1.412s] -- Up-to-date: /home/rraina/wato_f1tenth/install/vesc_msgs/share/vesc_msgs/local_setup.zsh
[1.413s] -- Up-to-date: /home/rraina/wato_f1tenth/install/vesc_msgs/share/vesc_msgs/local_setup.dsv
[1.413s] -- Installing: /home/rraina/wato_f1tenth/install/vesc_msgs/share/vesc_msgs/package.dsv
[1.414s] -- Up-to-date: /home/rraina/wato_f1tenth/install/vesc_msgs/share/ament_index/resource_index/packages/vesc_msgs
[1.415s] -- Up-to-date: /home/rraina/wato_f1tenth/install/vesc_msgs/share/vesc_msgs/cmake/export_vesc_msgs__rosidl_generator_cExport.cmake
[1.416s] -- Up-to-date: /home/rraina/wato_f1tenth/install/vesc_msgs/share/vesc_msgs/cmake/export_vesc_msgs__rosidl_generator_cExport-noconfig.cmake
[1.416s] -- Up-to-date: /home/rraina/wato_f1tenth/install/vesc_msgs/share/vesc_msgs/cmake/export_vesc_msgs__rosidl_typesupport_fastrtps_cExport.cmake
[1.416s] -- Up-to-date: /home/rraina/wato_f1tenth/install/vesc_msgs/share/vesc_msgs/cmake/export_vesc_msgs__rosidl_typesupport_fastrtps_cExport-noconfig.cmake
[1.417s] -- Up-to-date: /home/rraina/wato_f1tenth/install/vesc_msgs/share/vesc_msgs/cmake/vesc_msgs__rosidl_typesupport_introspection_cExport.cmake
[1.418s] -- Up-to-date: /home/rraina/wato_f1tenth/install/vesc_msgs/share/vesc_msgs/cmake/vesc_msgs__rosidl_typesupport_introspection_cExport-noconfig.cmake
[1.419s] -- Up-to-date: /home/rraina/wato_f1tenth/install/vesc_msgs/share/vesc_msgs/cmake/vesc_msgs__rosidl_typesupport_cExport.cmake
[1.419s] -- Up-to-date: /home/rraina/wato_f1tenth/install/vesc_msgs/share/vesc_msgs/cmake/vesc_msgs__rosidl_typesupport_cExport-noconfig.cmake
[1.419s] -- Up-to-date: /home/rraina/wato_f1tenth/install/vesc_msgs/share/vesc_msgs/cmake/export_vesc_msgs__rosidl_generator_cppExport.cmake
[1.420s] -- Up-to-date: /home/rraina/wato_f1tenth/install/vesc_msgs/share/vesc_msgs/cmake/export_vesc_msgs__rosidl_typesupport_fastrtps_cppExport.cmake
[1.423s] -- Up-to-date: /home/rraina/wato_f1tenth/install/vesc_msgs/share/vesc_msgs/cmake/export_vesc_msgs__rosidl_typesupport_fastrtps_cppExport-noconfig.cmake
[1.426s] -- Up-to-date: /home/rraina/wato_f1tenth/install/vesc_msgs/share/vesc_msgs/cmake/vesc_msgs__rosidl_typesupport_introspection_cppExport.cmake
[1.426s] -- Up-to-date: /home/rraina/wato_f1tenth/install/vesc_msgs/share/vesc_msgs/cmake/vesc_msgs__rosidl_typesupport_introspection_cppExport-noconfig.cmake
[1.428s] -- Up-to-date: /home/rraina/wato_f1tenth/install/vesc_msgs/share/vesc_msgs/cmake/vesc_msgs__rosidl_typesupport_cppExport.cmake
[1.428s] -- Up-to-date: /home/rraina/wato_f1tenth/install/vesc_msgs/share/vesc_msgs/cmake/vesc_msgs__rosidl_typesupport_cppExport-noconfig.cmake
[1.428s] -- Up-to-date: /home/rraina/wato_f1tenth/install/vesc_msgs/share/vesc_msgs/cmake/export_vesc_msgs__rosidl_generator_pyExport.cmake
[1.429s] -- Up-to-date: /home/rraina/wato_f1tenth/install/vesc_msgs/share/vesc_msgs/cmake/export_vesc_msgs__rosidl_generator_pyExport-noconfig.cmake
[1.431s] -- Up-to-date: /home/rraina/wato_f1tenth/install/vesc_msgs/share/vesc_msgs/cmake/rosidl_cmake-extras.cmake
[1.432s] -- Up-to-date: /home/rraina/wato_f1tenth/install/vesc_msgs/share/vesc_msgs/cmake/ament_cmake_export_dependencies-extras.cmake
[1.432s] -- Up-to-date: /home/rraina/wato_f1tenth/install/vesc_msgs/share/vesc_msgs/cmake/ament_cmake_export_include_directories-extras.cmake
[1.432s] -- Up-to-date: /home/rraina/wato_f1tenth/install/vesc_msgs/share/vesc_msgs/cmake/ament_cmake_export_libraries-extras.cmake
[1.432s] -- Up-to-date: /home/rraina/wato_f1tenth/install/vesc_msgs/share/vesc_msgs/cmake/ament_cmake_export_targets-extras.cmake
[1.432s] -- Up-to-date: /home/rraina/wato_f1tenth/install/vesc_msgs/share/vesc_msgs/cmake/rosidl_cmake_export_typesupport_targets-extras.cmake
[1.433s] -- Up-to-date: /home/rraina/wato_f1tenth/install/vesc_msgs/share/vesc_msgs/cmake/rosidl_cmake_export_typesupport_libraries-extras.cmake
[1.433s] -- Up-to-date: /home/rraina/wato_f1tenth/install/vesc_msgs/share/vesc_msgs/cmake/vesc_msgsConfig.cmake
[1.434s] -- Up-to-date: /home/rraina/wato_f1tenth/install/vesc_msgs/share/vesc_msgs/cmake/vesc_msgsConfig-version.cmake
[1.434s] -- Up-to-date: /home/rraina/wato_f1tenth/install/vesc_msgs/share/vesc_msgs/package.xml
[1.516s] Invoked command in '/home/rraina/wato_f1tenth/build/vesc_msgs' returned '0': CMAKE_PREFIX_PATH=${CMAKE_PREFIX_PATH}:/opt/ros/jazzy /usr/bin/cmake --install /home/rraina/wato_f1tenth/build/vesc_msgs
