[1.781s] Invoking command in '/home/rraina/wato_f1tenth/src/robot/action': PYTHONPATH=/home/rraina/wato_f1tenth/build/action/prefix_override:/usr/lib/python3/dist-packages/colcon_core/task/python/colcon_distutils_commands:/home/rraina/wato_f1tenth/install/action/lib/python3.12/site-packages:${PYTHONPATH} /usr/bin/python3 -W ignore:setup.py install is deprecated -W ignore:easy_install command is deprecated setup.py egg_info --egg-base ../../../build/action build --build-base /home/rraina/wato_f1tenth/build/action/build install --record /home/rraina/wato_f1tenth/build/action/install.log --single-version-externally-managed install_data
[2.135s] running egg_info
[2.135s] writing ../../../build/action/action.egg-info/PKG-INFO
[2.135s] writing dependency_links to ../../../build/action/action.egg-info/dependency_links.txt
[2.135s] writing requirements to ../../../build/action/action.egg-info/requires.txt
[2.135s] writing top-level names to ../../../build/action/action.egg-info/top_level.txt
[2.172s] reading manifest file '../../../build/action/action.egg-info/SOURCES.txt'
[2.172s] adding license file 'LICENSE'
[2.172s] writing manifest file '../../../build/action/action.egg-info/SOURCES.txt'
[2.173s] running build
[2.173s] running build_py
[2.173s] running install
[2.181s] running install_lib
[2.207s] running install_data
[2.208s] running install_egg_info
[2.246s] removing '/home/rraina/wato_f1tenth/install/action/lib/python3.12/site-packages/action-0.0.0-py3.12.egg-info' (and everything under it)
[2.247s] Copying ../../../build/action/action.egg-info to /home/rraina/wato_f1tenth/install/action/lib/python3.12/site-packages/action-0.0.0-py3.12.egg-info
[2.247s] running install_scripts
[2.406s] writing list of installed files to '/home/rraina/wato_f1tenth/build/action/install.log'
[2.440s] Invoked command in '/home/rraina/wato_f1tenth/src/robot/action' returned '0': PYTHONPATH=/home/rraina/wato_f1tenth/build/action/prefix_override:/usr/lib/python3/dist-packages/colcon_core/task/python/colcon_distutils_commands:/home/rraina/wato_f1tenth/install/action/lib/python3.12/site-packages:${PYTHONPATH} /usr/bin/python3 -W ignore:setup.py install is deprecated -W ignore:easy_install command is deprecated setup.py egg_info --egg-base ../../../build/action build --build-base /home/rraina/wato_f1tenth/build/action/build install --record /home/rraina/wato_f1tenth/build/action/install.log --single-version-externally-managed install_data
