-- Found ament_cmake: 2.5.5 (/opt/ros/jazzy/share/ament_cmake/cmake)
-- Found rclcpp: 28.1.16 (/opt/ros/jazzy/share/rclcpp/cmake)
-- Found rosidl_generator_c: 4.6.7 (/opt/ros/jazzy/share/rosidl_generator_c/cmake)
-- Found rosidl_generator_cpp: 4.6.7 (/opt/ros/jazzy/share/rosidl_generator_cpp/cmake)
-- Using all available rosidl_typesupport_c: rosidl_typesupport_fastrtps_c;rosidl_typesupport_introspection_c
-- Using all available rosidl_typesupport_cpp: rosidl_typesupport_fastrtps_cpp;rosidl_typesupport_introspection_cpp
-- Found rmw_implementation_cmake: 7.3.3 (/opt/ros/jazzy/share/rmw_implementation_cmake/cmake)
-- Found rmw_fastrtps_cpp: 8.4.3 (/opt/ros/jazzy/share/rmw_fastrtps_cpp/cmake)
-- Using RMW implementation 'rmw_fastrtps_cpp' as default
-- Found nav_msgs: 5.3.6 (/opt/ros/jazzy/share/nav_msgs/cmake)
-- Found sensor_msgs: 5.3.6 (/opt/ros/jazzy/share/sensor_msgs/cmake)
-- Found tf2_ros: 0.36.19 (/opt/ros/jazzy/share/tf2_ros/cmake)
-- Found tf2_geometry_msgs: 0.36.19 (/opt/ros/jazzy/share/tf2_geometry_msgs/cmake)
-- Found eigen3_cmake_module: 0.3.0 (/opt/ros/jazzy/share/eigen3_cmake_module/cmake)
-- Ensuring Eigen3 include directory is part of orocos-kdl CMake target
-- Configuring done (1.7s)
-- Generating done (0.0s)
-- Build files have been written to: /home/rraina/wato_f1tenth/build/costmap
[100%] Built target costmap_node
-- Install configuration: ""
-- Up-to-date: /home/rraina/wato_f1tenth/install/costmap/share/costmap/config
-- Up-to-date: /home/rraina/wato_f1tenth/install/costmap/share/costmap/config/params.yaml
-- Up-to-date: /home/rraina/wato_f1tenth/install/costmap/lib/costmap/costmap_node
-- Up-to-date: /home/rraina/wato_f1tenth/install/costmap/share/ament_index/resource_index/package_run_dependencies/costmap
-- Up-to-date: /home/rraina/wato_f1tenth/install/costmap/share/ament_index/resource_index/parent_prefix_path/costmap
-- Up-to-date: /home/rraina/wato_f1tenth/install/costmap/share/costmap/environment/ament_prefix_path.sh
-- Up-to-date: /home/rraina/wato_f1tenth/install/costmap/share/costmap/environment/ament_prefix_path.dsv
-- Up-to-date: /home/rraina/wato_f1tenth/install/costmap/share/costmap/environment/path.sh
-- Up-to-date: /home/rraina/wato_f1tenth/install/costmap/share/costmap/environment/path.dsv
-- Up-to-date: /home/rraina/wato_f1tenth/install/costmap/share/costmap/local_setup.bash
-- Up-to-date: /home/rraina/wato_f1tenth/install/costmap/share/costmap/local_setup.sh
-- Up-to-date: /home/rraina/wato_f1tenth/install/costmap/share/costmap/local_setup.zsh
-- Up-to-date: /home/rraina/wato_f1tenth/install/costmap/share/costmap/local_setup.dsv
-- Installing: /home/rraina/wato_f1tenth/install/costmap/share/costmap/package.dsv
-- Up-to-date: /home/rraina/wato_f1tenth/install/costmap/share/ament_index/resource_index/packages/costmap
-- Up-to-date: /home/rraina/wato_f1tenth/install/costmap/share/costmap/cmake/costmapConfig.cmake
-- Up-to-date: /home/rraina/wato_f1tenth/install/costmap/share/costmap/cmake/costmapConfig-version.cmake
-- Up-to-date: /home/rraina/wato_f1tenth/install/costmap/share/costmap/package.xml
