[0.245s] Invoking command in '/home/rraina/wato_f1tenth/build/costmap': CMAKE_PREFIX_PATH=${CMAKE_PREFIX_PATH}:/opt/ros/jazzy /usr/bin/cmake /home/rraina/wato_f1tenth/src/robot/costmap -DBUILD_TESTING=OFF -DCMAKE_INSTALL_PREFIX=/home/rraina/wato_f1tenth/install/costmap
[0.528s] -- Found ament_cmake: 2.5.5 (/opt/ros/jazzy/share/ament_cmake/cmake)
[0.529s] -- Found rclcpp: 28.1.16 (/opt/ros/jazzy/share/rclcpp/cmake)
[0.729s] -- Found rosidl_generator_c: 4.6.7 (/opt/ros/jazzy/share/rosidl_generator_c/cmake)
[0.743s] -- Found rosidl_generator_cpp: 4.6.7 (/opt/ros/jazzy/share/rosidl_generator_cpp/cmake)
[0.762s] -- Using all available rosidl_typesupport_c: rosidl_typesupport_fastrtps_c;rosidl_typesupport_introspection_c
[0.782s] -- Using all available rosidl_typesupport_cpp: rosidl_typesupport_fastrtps_cpp;rosidl_typesupport_introspection_cpp
[0.866s] -- Found rmw_implementation_cmake: 7.3.3 (/opt/ros/jazzy/share/rmw_implementation_cmake/cmake)
[0.868s] -- Found rmw_fastrtps_cpp: 8.4.3 (/opt/ros/jazzy/share/rmw_fastrtps_cpp/cmake)
[1.239s] -- Using RMW implementation 'rmw_fastrtps_cpp' as default
[1.506s] -- Found nav_msgs: 5.3.6 (/opt/ros/jazzy/share/nav_msgs/cmake)
[1.586s] -- Found sensor_msgs: 5.3.6 (/opt/ros/jazzy/share/sensor_msgs/cmake)
[1.617s] -- Found tf2_ros: 0.36.19 (/opt/ros/jazzy/share/tf2_ros/cmake)
[1.769s] -- Found tf2_geometry_msgs: 0.36.19 (/opt/ros/jazzy/share/tf2_geometry_msgs/cmake)
[1.769s] -- Found eigen3_cmake_module: 0.3.0 (/opt/ros/jazzy/share/eigen3_cmake_module/cmake)
[1.776s] -- Ensuring Eigen3 include directory is part of orocos-kdl CMake target
[1.907s] -- Configuring done (1.7s)
[1.944s] -- Generating done (0.0s)
[1.950s] -- Build files have been written to: /home/rraina/wato_f1tenth/build/costmap
[1.961s] Invoked command in '/home/rraina/wato_f1tenth/build/costmap' returned '0': CMAKE_PREFIX_PATH=${CMAKE_PREFIX_PATH}:/opt/ros/jazzy /usr/bin/cmake /home/rraina/wato_f1tenth/src/robot/costmap -DBUILD_TESTING=OFF -DCMAKE_INSTALL_PREFIX=/home/rraina/wato_f1tenth/install/costmap
[1.963s] Invoking command in '/home/rraina/wato_f1tenth/build/costmap': CMAKE_PREFIX_PATH=${CMAKE_PREFIX_PATH}:/opt/ros/jazzy /usr/bin/cmake --build /home/rraina/wato_f1tenth/build/costmap -- -j22 -l22
[2.046s] [100%] Built target costmap_node
[2.069s] Invoked command in '/home/rraina/wato_f1tenth/build/costmap' returned '0': CMAKE_PREFIX_PATH=${CMAKE_PREFIX_PATH}:/opt/ros/jazzy /usr/bin/cmake --build /home/rraina/wato_f1tenth/build/costmap -- -j22 -l22
[2.072s] Invoking command in '/home/rraina/wato_f1tenth/build/costmap': CMAKE_PREFIX_PATH=${CMAKE_PREFIX_PATH}:/opt/ros/jazzy /usr/bin/cmake --install /home/rraina/wato_f1tenth/build/costmap
[2.099s] -- Install configuration: ""
[2.099s] -- Up-to-date: /home/rraina/wato_f1tenth/install/costmap/share/costmap/config
[2.100s] -- Up-to-date: /home/rraina/wato_f1tenth/install/costmap/share/costmap/config/params.yaml
[2.101s] -- Up-to-date: /home/rraina/wato_f1tenth/install/costmap/lib/costmap/costmap_node
[2.101s] -- Up-to-date: /home/rraina/wato_f1tenth/install/costmap/share/ament_index/resource_index/package_run_dependencies/costmap
[2.102s] -- Up-to-date: /home/rraina/wato_f1tenth/install/costmap/share/ament_index/resource_index/parent_prefix_path/costmap
[2.102s] -- Up-to-date: /home/rraina/wato_f1tenth/install/costmap/share/costmap/environment/ament_prefix_path.sh
[2.103s] -- Up-to-date: /home/rraina/wato_f1tenth/install/costmap/share/costmap/environment/ament_prefix_path.dsv
[2.103s] -- Up-to-date: /home/rraina/wato_f1tenth/install/costmap/share/costmap/environment/path.sh
[2.104s] -- Up-to-date: /home/rraina/wato_f1tenth/install/costmap/share/costmap/environment/path.dsv
[2.104s] -- Up-to-date: /home/rraina/wato_f1tenth/install/costmap/share/costmap/local_setup.bash
[2.105s] -- Up-to-date: /home/rraina/wato_f1tenth/install/costmap/share/costmap/local_setup.sh
[2.105s] -- Up-to-date: /home/rraina/wato_f1tenth/install/costmap/share/costmap/local_setup.zsh
[2.106s] -- Up-to-date: /home/rraina/wato_f1tenth/install/costmap/share/costmap/local_setup.dsv
[2.107s] -- Installing: /home/rraina/wato_f1tenth/install/costmap/share/costmap/package.dsv
[2.107s] -- Up-to-date: /home/rraina/wato_f1tenth/install/costmap/share/ament_index/resource_index/packages/costmap
[2.108s] -- Up-to-date: /home/rraina/wato_f1tenth/install/costmap/share/costmap/cmake/costmapConfig.cmake
[2.108s] -- Up-to-date: /home/rraina/wato_f1tenth/install/costmap/share/costmap/cmake/costmapConfig-version.cmake
[2.109s] -- Up-to-date: /home/rraina/wato_f1tenth/install/costmap/share/costmap/package.xml
[2.112s] Invoked command in '/home/rraina/wato_f1tenth/build/costmap' returned '0': CMAKE_PREFIX_PATH=${CMAKE_PREFIX_PATH}:/opt/ros/jazzy /usr/bin/cmake --install /home/rraina/wato_f1tenth/build/costmap
