[0.751s] Invoking command in '/home/rraina/wato_f1tenth/build/vesc_ackermann': AMENT_PREFIX_PATH=/home/rraina/wato_f1tenth/install/vesc_msgs:${AMENT_PREFIX_PATH} CMAKE_PREFIX_PATH=/home/rraina/wato_f1tenth/install/vesc_msgs:/opt/ros/jazzy/opt/gz_sim_vendor:/opt/ros/jazzy/opt/gz_sensors_vendor:/opt/ros/jazzy/opt/gz_physics_vendor:/opt/ros/jazzy/opt/sdformat_vendor:/opt/ros/jazzy/opt/gz_gui_vendor:/opt/ros/jazzy/opt/gz_transport_vendor:/opt/ros/jazzy/opt/gz_rendering_vendor:/opt/ros/jazzy/opt/gz_plugin_vendor:/opt/ros/jazzy/opt/gz_fuel_tools_vendor:/opt/ros/jazzy/opt/gz_msgs_vendor:/opt/ros/jazzy/opt/gz_common_vendor:/opt/ros/jazzy/opt/gz_math_vendor:/opt/ros/jazzy/opt/gz_utils_vendor:/opt/ros/jazzy/opt/gz_tools_vendor:/opt/ros/jazzy/opt/gz_ogre_next_vendor:/opt/ros/jazzy/opt/gz_dartsim_vendor:/opt/ros/jazzy/opt/gz_cmake_vendor:/opt/ros/jazzy LD_LIBRARY_PATH=/home/rraina/wato_f1tenth/install/vesc_msgs/lib:${LD_LIBRARY_PATH} PYTHONPATH=/home/rraina/wato_f1tenth/install/vesc_msgs/lib/python3.12/site-packages:${PYTHONPATH} /usr/bin/cmake /home/rraina/wato_f1tenth/src/robot/vesc/vesc_ackermann -DCMAKE_INSTALL_PREFIX=/home/rraina/wato_f1tenth/install/vesc_ackermann
[1.904s] -- The C compiler identification is GNU 13.3.0
[6.244s] -- The CXX compiler identification is GNU 13.3.0
[9.617s] -- Detecting C compiler ABI info
[10.641s] -- Detecting C compiler ABI info - done
[10.680s] -- Check for working C compiler: /usr/bin/cc - skipped
[10.680s] -- Detecting C compile features
[10.681s] -- Detecting C compile features - done
[10.980s] -- Detecting CXX compiler ABI info
[11.890s] -- Detecting CXX compiler ABI info - done
[11.918s] -- Check for working CXX compiler: /usr/bin/c++ - skipped
[11.919s] -- Detecting CXX compile features
[11.920s] -- Detecting CXX compile features - done
[11.929s] -- Found ament_cmake_auto: 2.5.5 (/opt/ros/jazzy/share/ament_cmake_auto/cmake)
[12.360s] -- Found Python3: /usr/bin/python3 (found version "3.12.3") found components: Interpreter 
[13.541s] -- Found rosidl_generator_c: 4.6.7 (/opt/ros/jazzy/share/rosidl_generator_c/cmake)
[13.586s] -- Found rosidl_generator_cpp: 4.6.7 (/opt/ros/jazzy/share/rosidl_generator_cpp/cmake)
[13.631s] -- Using all available rosidl_typesupport_c: rosidl_typesupport_fastrtps_c;rosidl_typesupport_introspection_c
[13.696s] -- Using all available rosidl_typesupport_cpp: rosidl_typesupport_fastrtps_cpp;rosidl_typesupport_introspection_cpp
[14.146s] -- Found rmw_implementation_cmake: 7.3.3 (/opt/ros/jazzy/share/rmw_implementation_cmake/cmake)
[14.155s] -- Found rmw_fastrtps_cpp: 8.4.3 (/opt/ros/jazzy/share/rmw_fastrtps_cpp/cmake)
[14.387s] -- Found OpenSSL: /usr/lib/x86_64-linux-gnu/libcrypto.so (found version "3.0.13")  
[14.991s] -- Found FastRTPS: /opt/ros/jazzy/include (Required is at least version "2.13") 
[15.428s] -- Using RMW implementation 'rmw_fastrtps_cpp' as default
[16.668s] -- Found ament_lint_auto: 0.17.4 (/opt/ros/jazzy/share/ament_lint_auto/cmake)
[16.750s] [0mIn this package, headers install destination is set to `include` by ament_auto_package. It is recommended to install `include/vesc_ackermann` instead and will be the default behavior of ament_auto_package from ROS 2 Kilted Kaiju. On distributions before Kilted, ament_auto_package behaves the same way when you use USE_SCOPED_HEADER_INSTALL_DIR option.[0m
[16.764s] -- Added test 'copyright' to check source files copyright and LICENSE
[16.770s] -- Added test 'cppcheck' to perform static code analysis on C / C++ code
[16.770s] -- Configured cppcheck include dirs: /home/rraina/wato_f1tenth/src/robot/vesc/vesc_ackermann/include
[16.771s] -- Configured cppcheck exclude dirs and/or files: 
[16.773s] -- Added test 'cpplint' to check C / C++ code against the Google style
[16.773s] -- Configured cpplint exclude dirs and/or files: 
[16.776s] -- Added test 'lint_cmake' to check CMake code style
[16.781s] -- Added test 'uncrustify' to check C / C++ code style
[16.781s] -- Configured uncrustify additional arguments: 
[16.783s] -- Added test 'xmllint' to check XML markup files
[16.797s] -- Configuring done (16.0s)
[16.889s] -- Generating done (0.1s)
[16.914s] -- Build files have been written to: /home/rraina/wato_f1tenth/build/vesc_ackermann
