[0.022s] Invoking command in '/home/rraina/wato_f1tenth/build/gym_vis': CMAKE_PREFIX_PATH=${CMAKE_PREFIX_PATH}:/opt/ros/jazzy /usr/bin/cmake /home/rraina/wato_f1tenth/src/robot/gym_vis -DCMAKE_INSTALL_PREFIX=/home/rraina/wato_f1tenth/install/gym_vis
[0.102s] -- Found ament_cmake: 2.5.5 (/opt/ros/jazzy/share/ament_cmake/cmake)
[0.358s] -- Found rclcpp: 28.1.16 (/opt/ros/jazzy/share/rclcpp/cmake)
[0.565s] -- Found rosidl_generator_c: 4.6.7 (/opt/ros/jazzy/share/rosidl_generator_c/cmake)
[0.580s] -- Found rosidl_generator_cpp: 4.6.7 (/opt/ros/jazzy/share/rosidl_generator_cpp/cmake)
[0.602s] -- Using all available rosidl_typesupport_c: rosidl_typesupport_fastrtps_c;rosidl_typesupport_introspection_c
[0.625s] -- Using all available rosidl_typesupport_cpp: rosidl_typesupport_fastrtps_cpp;rosidl_typesupport_introspection_cpp
[0.725s] -- Found rmw_implementation_cmake: 7.3.3 (/opt/ros/jazzy/share/rmw_implementation_cmake/cmake)
[0.730s] -- Found rmw_fastrtps_cpp: 8.4.3 (/opt/ros/jazzy/share/rmw_fastrtps_cpp/cmake)
[1.010s] -- Using RMW implementation 'rmw_fastrtps_cpp' as default
[1.251s] -- Found std_msgs: 5.3.6 (/opt/ros/jazzy/share/std_msgs/cmake)
[1.273s] -- Found nav_msgs: 5.3.6 (/opt/ros/jazzy/share/nav_msgs/cmake)
[1.335s] -- Found visualization_msgs: 5.3.6 (/opt/ros/jazzy/share/visualization_msgs/cmake)
[1.417s] -- Found ackermann_msgs: 2.0.2 (/opt/ros/jazzy/share/ackermann_msgs/cmake)
[1.434s] -- Found tf2_ros: 0.36.19 (/opt/ros/jazzy/share/tf2_ros/cmake)
[1.575s] -- Found tf2_geometry_msgs: 0.36.19 (/opt/ros/jazzy/share/tf2_geometry_msgs/cmake)
[1.579s] -- Found eigen3_cmake_module: 0.3.0 (/opt/ros/jazzy/share/eigen3_cmake_module/cmake)
[1.581s] -- Ensuring Eigen3 include directory is part of orocos-kdl CMake target
[1.691s] -- Configuring done (1.6s)
[1.712s] -- Generating done (0.0s)
[1.720s] -- Build files have been written to: /home/rraina/wato_f1tenth/build/gym_vis
[1.730s] Invoked command in '/home/rraina/wato_f1tenth/build/gym_vis' returned '0': CMAKE_PREFIX_PATH=${CMAKE_PREFIX_PATH}:/opt/ros/jazzy /usr/bin/cmake /home/rraina/wato_f1tenth/src/robot/gym_vis -DCMAKE_INSTALL_PREFIX=/home/rraina/wato_f1tenth/install/gym_vis
[1.731s] Invoking command in '/home/rraina/wato_f1tenth/build/gym_vis': CMAKE_PREFIX_PATH=${CMAKE_PREFIX_PATH}:/opt/ros/jazzy /usr/bin/cmake --build /home/rraina/wato_f1tenth/build/gym_vis -- -j22 -l22
[1.847s] [100%] Built target gym_vis_node
[1.866s] Invoked command in '/home/rraina/wato_f1tenth/build/gym_vis' returned '0': CMAKE_PREFIX_PATH=${CMAKE_PREFIX_PATH}:/opt/ros/jazzy /usr/bin/cmake --build /home/rraina/wato_f1tenth/build/gym_vis -- -j22 -l22
[1.867s] Invoking command in '/home/rraina/wato_f1tenth/build/gym_vis': CMAKE_PREFIX_PATH=${CMAKE_PREFIX_PATH}:/opt/ros/jazzy /usr/bin/cmake --install /home/rraina/wato_f1tenth/build/gym_vis
[1.876s] -- Install configuration: ""
[1.877s] -- Up-to-date: /home/rraina/wato_f1tenth/install/gym_vis/share/gym_vis/assets
[1.877s] -- Up-to-date: /home/rraina/wato_f1tenth/install/gym_vis/share/gym_vis/assets/f1tenth_car.stl
[1.877s] -- Up-to-date: /home/rraina/wato_f1tenth/install/gym_vis/lib/gym_vis/gym_vis_node
[1.877s] -- Up-to-date: /home/rraina/wato_f1tenth/install/gym_vis/share/ament_index/resource_index/package_run_dependencies/gym_vis
[1.877s] -- Up-to-date: /home/rraina/wato_f1tenth/install/gym_vis/share/ament_index/resource_index/parent_prefix_path/gym_vis
[1.877s] -- Up-to-date: /home/rraina/wato_f1tenth/install/gym_vis/share/gym_vis/environment/ament_prefix_path.sh
[1.878s] -- Up-to-date: /home/rraina/wato_f1tenth/install/gym_vis/share/gym_vis/environment/ament_prefix_path.dsv
[1.878s] -- Up-to-date: /home/rraina/wato_f1tenth/install/gym_vis/share/gym_vis/environment/path.sh
[1.878s] -- Up-to-date: /home/rraina/wato_f1tenth/install/gym_vis/share/gym_vis/environment/path.dsv
[1.881s] -- Up-to-date: /home/rraina/wato_f1tenth/install/gym_vis/share/gym_vis/local_setup.bash
[1.881s] -- Up-to-date: /home/rraina/wato_f1tenth/install/gym_vis/share/gym_vis/local_setup.sh
[1.882s] -- Up-to-date: /home/rraina/wato_f1tenth/install/gym_vis/share/gym_vis/local_setup.zsh
[1.883s] -- Up-to-date: /home/rraina/wato_f1tenth/install/gym_vis/share/gym_vis/local_setup.dsv
[1.883s] -- Installing: /home/rraina/wato_f1tenth/install/gym_vis/share/gym_vis/package.dsv
[1.883s] -- Up-to-date: /home/rraina/wato_f1tenth/install/gym_vis/share/ament_index/resource_index/packages/gym_vis
[1.884s] -- Up-to-date: /home/rraina/wato_f1tenth/install/gym_vis/share/gym_vis/cmake/gym_visConfig.cmake
[1.885s] -- Up-to-date: /home/rraina/wato_f1tenth/install/gym_vis/share/gym_vis/cmake/gym_visConfig-version.cmake
[1.885s] -- Up-to-date: /home/rraina/wato_f1tenth/install/gym_vis/share/gym_vis/package.xml
[1.885s] Invoked command in '/home/rraina/wato_f1tenth/build/gym_vis' returned '0': CMAKE_PREFIX_PATH=${CMAKE_PREFIX_PATH}:/opt/ros/jazzy /usr/bin/cmake --install /home/rraina/wato_f1tenth/build/gym_vis
