[0.132s] Invoking command in '/home/rraina/wato_f1tenth/build/vesc_msgs': CMAKE_PREFIX_PATH=${CMAKE_PREFIX_PATH}:/opt/ros/jazzy /usr/bin/cmake /home/rraina/wato_f1tenth/src/robot/vesc/vesc_msgs -DCMAKE_INSTALL_PREFIX=/home/rraina/wato_f1tenth/install/vesc_msgs
[1.013s] -- The C compiler identification is GNU 13.3.0
[2.001s] -- The CXX compiler identification is GNU 13.3.0
[3.278s] -- Detecting C compiler ABI info
[3.881s] -- Detecting C compiler ABI info - done
[3.895s] -- Check for working C compiler: /usr/bin/cc - skipped
[3.897s] -- Detecting C compile features
[3.897s] -- Detecting C compile features - done
[4.072s] -- Detecting CXX compiler ABI info
[4.595s] -- Detecting CXX compiler ABI info - done
[4.611s] -- Check for working CXX compiler: /usr/bin/c++ - skipped
[4.612s] -- Detecting CXX compile features
[4.614s] -- Detecting CXX compile features - done
[4.626s] -- Found ament_cmake_auto: 2.5.5 (/opt/ros/jazzy/share/ament_cmake_auto/cmake)
[4.940s] -- Found Python3: /usr/bin/python3 (found version "3.12.3") found components: Interpreter 
[5.436s] -- Using all available rosidl_typesupport_c: rosidl_typesupport_fastrtps_c;rosidl_typesupport_introspection_c
[5.936s] -- Using all available rosidl_typesupport_cpp: rosidl_typesupport_fastrtps_cpp;rosidl_typesupport_introspection_cpp
[6.043s] -- Found rosidl_adapter: 4.6.7 (/opt/ros/jazzy/share/rosidl_adapter/cmake)
[7.215s] -- Found ament_cmake_ros: 0.12.0 (/opt/ros/jazzy/share/ament_cmake_ros/cmake)
[8.275s] -- Using all available rosidl_typesupport_c: rosidl_typesupport_fastrtps_c;rosidl_typesupport_introspection_c
[9.941s] -- Using all available rosidl_typesupport_cpp: rosidl_typesupport_fastrtps_cpp;rosidl_typesupport_introspection_cpp
[9.950s] -- Found python_cmake_module: 0.11.1 (/opt/ros/jazzy/share/python_cmake_module/cmake)
[10.378s] -- Found PythonExtra: /usr/bin/python3  
[11.816s] -- Found Python3: /usr/bin/python3 (found version "3.12.3") found components: Interpreter Development NumPy Development.Module Development.Embed 
[11.975s] -- Found ament_lint_auto: 0.17.4 (/opt/ros/jazzy/share/ament_lint_auto/cmake)
[12.067s] -- Added test 'copyright' to check source files copyright and LICENSE
[12.071s] -- Added test 'lint_cmake' to check CMake code style
[12.082s] -- Added test 'xmllint' to check XML markup files
[12.090s] -- Configuring done (11.8s)
[12.275s] -- Generating done (0.2s)
[12.325s] -- Build files have been written to: /home/rraina/wato_f1tenth/build/vesc_msgs
[12.360s] Invoked command in '/home/rraina/wato_f1tenth/build/vesc_msgs' returned '0': CMAKE_PREFIX_PATH=${CMAKE_PREFIX_PATH}:/opt/ros/jazzy /usr/bin/cmake /home/rraina/wato_f1tenth/src/robot/vesc/vesc_msgs -DCMAKE_INSTALL_PREFIX=/home/rraina/wato_f1tenth/install/vesc_msgs
[12.365s] Invoking command in '/home/rraina/wato_f1tenth/build/vesc_msgs': CMAKE_PREFIX_PATH=${CMAKE_PREFIX_PATH}:/opt/ros/jazzy /usr/bin/cmake --build /home/rraina/wato_f1tenth/build/vesc_msgs -- -j22 -l22
[12.571s] [  1%] [34m[1mGenerating type hashes for ROS interfaces[0m
[12.597s] [  1%] Built target ament_cmake_python_copy_vesc_msgs
[13.519s] running egg_info
[13.519s] creating vesc_msgs.egg-info
[13.554s] [  1%] Built target vesc_msgs__rosidl_generator_type_description
[13.595s] [  3%] [34m[1mGenerating C code for ROS interfaces[0m
[13.640s] writing vesc_msgs.egg-info/PKG-INFO
[13.643s] writing dependency_links to vesc_msgs.egg-info/dependency_links.txt
[13.643s] writing top-level names to vesc_msgs.egg-info/top_level.txt
[13.644s] writing manifest file 'vesc_msgs.egg-info/SOURCES.txt'
[13.704s] [  4%] [34m[1mGenerating C++ code for ROS interfaces[0m
[13.946s] reading manifest file 'vesc_msgs.egg-info/SOURCES.txt'
[13.947s] writing manifest file 'vesc_msgs.egg-info/SOURCES.txt'
[14.077s] [  4%] Built target ament_cmake_python_build_vesc_msgs_egg
[15.358s] [  4%] Built target vesc_msgs__cpp
[15.576s] [  6%] [32mBuilding C object CMakeFiles/vesc_msgs__rosidl_generator_c.dir/rosidl_generator_c/vesc_msgs/msg/detail/vesc_state_stamped__description.c.o[0m
[15.576s] [  7%] [32mBuilding C object CMakeFiles/vesc_msgs__rosidl_generator_c.dir/rosidl_generator_c/vesc_msgs/msg/detail/vesc_state__description.c.o[0m
[15.577s] [  9%] [32mBuilding C object CMakeFiles/vesc_msgs__rosidl_generator_c.dir/rosidl_generator_c/vesc_msgs/msg/detail/vesc_state_stamped__functions.c.o[0m
[15.582s] [ 10%] [32mBuilding C object CMakeFiles/vesc_msgs__rosidl_generator_c.dir/rosidl_generator_c/vesc_msgs/msg/detail/vesc_imu__description.c.o[0m
[15.589s] [ 12%] [32mBuilding C object CMakeFiles/vesc_msgs__rosidl_generator_c.dir/rosidl_generator_c/vesc_msgs/msg/detail/vesc_state_stamped__type_support.c.o[0m
[15.590s] [ 14%] [32mBuilding C object CMakeFiles/vesc_msgs__rosidl_generator_c.dir/rosidl_generator_c/vesc_msgs/msg/detail/vesc_imu__functions.c.o[0m
[15.590s] [ 15%] [32mBuilding C object CMakeFiles/vesc_msgs__rosidl_generator_c.dir/rosidl_generator_c/vesc_msgs/msg/detail/vesc_state__type_support.c.o[0m
[15.595s] [ 18%] [32mBuilding C object CMakeFiles/vesc_msgs__rosidl_generator_c.dir/rosidl_generator_c/vesc_msgs/msg/detail/vesc_imu_stamped__description.c.o[0m
[15.600s] [ 18%] [32mBuilding C object CMakeFiles/vesc_msgs__rosidl_generator_c.dir/rosidl_generator_c/vesc_msgs/msg/detail/vesc_imu__type_support.c.o[0m
[15.600s] [ 20%] [32mBuilding C object CMakeFiles/vesc_msgs__rosidl_generator_c.dir/rosidl_generator_c/vesc_msgs/msg/detail/vesc_state__functions.c.o[0m
[15.612s] [ 21%] [32mBuilding C object CMakeFiles/vesc_msgs__rosidl_generator_c.dir/rosidl_generator_c/vesc_msgs/msg/detail/vesc_imu_stamped__functions.c.o[0m
[15.657s] [ 23%] [32mBuilding C object CMakeFiles/vesc_msgs__rosidl_generator_c.dir/rosidl_generator_c/vesc_msgs/msg/detail/vesc_imu_stamped__type_support.c.o[0m
[15.814s] [ 25%] [32m[1mLinking C shared library libvesc_msgs__rosidl_generator_c.so[0m
[16.508s] [ 25%] Built target vesc_msgs__rosidl_generator_c
[16.545s] [ 26%] [34m[1mGenerating C++ type support dispatch for ROS interfaces[0m
[16.567s] [ 29%] [34m[1mGenerating C type support dispatch for ROS interfaces[0m
[16.568s] [ 31%] [34m[1mGenerating C++ introspection for ROS interfaces[0m
[16.575s] [ 32%] [34m[1mGenerating C type support for eProsima Fast-RTPS[0m
[16.577s] [ 32%] [34m[1mGenerating C introspection for ROS interfaces[0m
[16.595s] [ 34%] [34m[1mGenerating C++ type support for eProsima Fast-RTPS[0m
[18.281s] [ 35%] [32mBuilding CXX object CMakeFiles/vesc_msgs__rosidl_typesupport_cpp.dir/rosidl_typesupport_cpp/vesc_msgs/msg/vesc_state__type_support.cpp.o[0m
[18.289s] [ 37%] [32mBuilding CXX object CMakeFiles/vesc_msgs__rosidl_typesupport_cpp.dir/rosidl_typesupport_cpp/vesc_msgs/msg/vesc_state_stamped__type_support.cpp.o[0m
[18.307s] [ 39%] [32mBuilding CXX object CMakeFiles/vesc_msgs__rosidl_typesupport_c.dir/rosidl_typesupport_c/vesc_msgs/msg/vesc_state__type_support.cpp.o[0m
[18.361s] [ 40%] [32mBuilding CXX object CMakeFiles/vesc_msgs__rosidl_typesupport_c.dir/rosidl_typesupport_c/vesc_msgs/msg/vesc_imu__type_support.cpp.o[0m
[18.361s] [ 42%] [32mBuilding CXX object CMakeFiles/vesc_msgs__rosidl_typesupport_cpp.dir/rosidl_typesupport_cpp/vesc_msgs/msg/vesc_imu_stamped__type_support.cpp.o[0m
[18.362s] [ 43%] [32mBuilding CXX object CMakeFiles/vesc_msgs__rosidl_typesupport_c.dir/rosidl_typesupport_c/vesc_msgs/msg/vesc_imu_stamped__type_support.cpp.o[0m
[18.362s] [ 45%] [32mBuilding CXX object CMakeFiles/vesc_msgs__rosidl_typesupport_c.dir/rosidl_typesupport_c/vesc_msgs/msg/vesc_state_stamped__type_support.cpp.o[0m
[18.362s] [ 46%] [32mBuilding CXX object CMakeFiles/vesc_msgs__rosidl_typesupport_cpp.dir/rosidl_typesupport_cpp/vesc_msgs/msg/vesc_imu__type_support.cpp.o[0m
[18.544s] [ 48%] [32mBuilding C object CMakeFiles/vesc_msgs__rosidl_typesupport_introspection_c.dir/rosidl_typesupport_introspection_c/vesc_msgs/msg/detail/vesc_state_stamped__type_support.c.o[0m
[18.559s] [ 50%] [32mBuilding C object CMakeFiles/vesc_msgs__rosidl_typesupport_introspection_c.dir/rosidl_typesupport_introspection_c/vesc_msgs/msg/detail/vesc_imu__type_support.c.o[0m
[18.575s] [ 51%] [32mBuilding C object CMakeFiles/vesc_msgs__rosidl_typesupport_introspection_c.dir/rosidl_typesupport_introspection_c/vesc_msgs/msg/detail/vesc_state__type_support.c.o[0m
[18.593s] [ 53%] [32mBuilding C object CMakeFiles/vesc_msgs__rosidl_typesupport_introspection_c.dir/rosidl_typesupport_introspection_c/vesc_msgs/msg/detail/vesc_imu_stamped__type_support.c.o[0m
[18.735s] [ 54%] [32m[1mLinking CXX shared library libvesc_msgs__rosidl_typesupport_c.so[0m
[18.782s] [ 56%] [32mBuilding CXX object CMakeFiles/vesc_msgs__rosidl_typesupport_fastrtps_c.dir/rosidl_typesupport_fastrtps_c/vesc_msgs/msg/detail/vesc_state__type_support_c.cpp.o[0m
[18.791s] [ 57%] [32mBuilding CXX object CMakeFiles/vesc_msgs__rosidl_typesupport_fastrtps_c.dir/rosidl_typesupport_fastrtps_c/vesc_msgs/msg/detail/vesc_state_stamped__type_support_c.cpp.o[0m
[18.820s] [ 59%] [32mBuilding CXX object CMakeFiles/vesc_msgs__rosidl_typesupport_fastrtps_c.dir/rosidl_typesupport_fastrtps_c/vesc_msgs/msg/detail/vesc_imu_stamped__type_support_c.cpp.o[0m
[18.845s] [ 60%] [32m[1mLinking C shared library libvesc_msgs__rosidl_typesupport_introspection_c.so[0m
[18.855s] [ 62%] [32mBuilding CXX object CMakeFiles/vesc_msgs__rosidl_typesupport_fastrtps_c.dir/rosidl_typesupport_fastrtps_c/vesc_msgs/msg/detail/vesc_imu__type_support_c.cpp.o[0m
[18.895s] [ 64%] [32mBuilding CXX object CMakeFiles/vesc_msgs__rosidl_typesupport_introspection_cpp.dir/rosidl_typesupport_introspection_cpp/vesc_msgs/msg/detail/vesc_imu__type_support.cpp.o[0m
[18.898s] [ 65%] [32mBuilding CXX object CMakeFiles/vesc_msgs__rosidl_typesupport_introspection_cpp.dir/rosidl_typesupport_introspection_cpp/vesc_msgs/msg/detail/vesc_state_stamped__type_support.cpp.o[0m
[18.902s] [ 68%] [32mBuilding CXX object CMakeFiles/vesc_msgs__rosidl_typesupport_introspection_cpp.dir/rosidl_typesupport_introspection_cpp/vesc_msgs/msg/detail/vesc_state__type_support.cpp.o[0m
[18.903s] [ 68%] [32mBuilding CXX object CMakeFiles/vesc_msgs__rosidl_typesupport_introspection_cpp.dir/rosidl_typesupport_introspection_cpp/vesc_msgs/msg/detail/vesc_imu_stamped__type_support.cpp.o[0m
[19.735s] [ 68%] Built target vesc_msgs__rosidl_typesupport_introspection_c
[19.748s] [ 68%] Built target vesc_msgs__rosidl_typesupport_c
[20.391s] [ 70%] [32m[1mLinking CXX shared library libvesc_msgs__rosidl_typesupport_cpp.so[0m
[20.683s] [ 71%] [32m[1mLinking CXX shared library libvesc_msgs__rosidl_typesupport_introspection_cpp.so[0m
[20.751s] [ 73%] [32mBuilding CXX object CMakeFiles/vesc_msgs__rosidl_typesupport_fastrtps_cpp.dir/rosidl_typesupport_fastrtps_cpp/vesc_msgs/msg/detail/dds_fastrtps/vesc_state__type_support.cpp.o[0m
[20.796s] [ 75%] [32mBuilding CXX object CMakeFiles/vesc_msgs__rosidl_typesupport_fastrtps_cpp.dir/rosidl_typesupport_fastrtps_cpp/vesc_msgs/msg/detail/dds_fastrtps/vesc_imu_stamped__type_support.cpp.o[0m
[20.796s] [ 76%] [32mBuilding CXX object CMakeFiles/vesc_msgs__rosidl_typesupport_fastrtps_cpp.dir/rosidl_typesupport_fastrtps_cpp/vesc_msgs/msg/detail/dds_fastrtps/vesc_imu__type_support.cpp.o[0m
[20.797s] [ 78%] [32mBuilding CXX object CMakeFiles/vesc_msgs__rosidl_typesupport_fastrtps_cpp.dir/rosidl_typesupport_fastrtps_cpp/vesc_msgs/msg/detail/dds_fastrtps/vesc_state_stamped__type_support.cpp.o[0m
[20.929s] [ 78%] Built target vesc_msgs__rosidl_typesupport_cpp
[21.245s] [ 79%] [32m[1mLinking CXX shared library libvesc_msgs__rosidl_typesupport_fastrtps_c.so[0m
[21.604s] [ 79%] Built target vesc_msgs__rosidl_typesupport_introspection_cpp
[22.175s] [ 79%] Built target vesc_msgs__rosidl_typesupport_fastrtps_c
[22.500s] [ 81%] [32m[1mLinking CXX shared library libvesc_msgs__rosidl_typesupport_fastrtps_cpp.so[0m
[23.317s] [ 81%] Built target vesc_msgs__rosidl_typesupport_fastrtps_cpp
[23.483s] [ 81%] Built target vesc_msgs
[23.563s] [ 82%] [34m[1mGenerating Python code for ROS interfaces[0m
[28.156s] [ 82%] Built target vesc_msgs__py
[28.326s] [ 84%] [32mBuilding C object CMakeFiles/vesc_msgs__rosidl_generator_py.dir/rosidl_generator_py/vesc_msgs/msg/_vesc_state_s.c.o[0m
[28.393s] [ 85%] [32mBuilding C object CMakeFiles/vesc_msgs__rosidl_generator_py.dir/rosidl_generator_py/vesc_msgs/msg/_vesc_state_stamped_s.c.o[0m
[28.401s] [ 87%] [32mBuilding C object CMakeFiles/vesc_msgs__rosidl_generator_py.dir/rosidl_generator_py/vesc_msgs/msg/_vesc_imu_stamped_s.c.o[0m
[28.415s] [ 89%] [32mBuilding C object CMakeFiles/vesc_msgs__rosidl_generator_py.dir/rosidl_generator_py/vesc_msgs/msg/_vesc_imu_s.c.o[0m
[29.464s] [ 90%] [32m[1mLinking C shared library libvesc_msgs__rosidl_generator_py.so[0m
[30.427s] [ 90%] Built target vesc_msgs__rosidl_generator_py
[30.506s] [ 92%] [32mBuilding C object CMakeFiles/vesc_msgs_s__rosidl_typesupport_c.dir/rosidl_generator_py/vesc_msgs/_vesc_msgs_s.ep.rosidl_typesupport_c.c.o[0m
[30.565s] [ 93%] [32mBuilding C object CMakeFiles/vesc_msgs_s__rosidl_typesupport_fastrtps_c.dir/rosidl_generator_py/vesc_msgs/_vesc_msgs_s.ep.rosidl_typesupport_fastrtps_c.c.o[0m
[30.566s] [ 95%] [32mBuilding C object CMakeFiles/vesc_msgs_s__rosidl_typesupport_introspection_c.dir/rosidl_generator_py/vesc_msgs/_vesc_msgs_s.ep.rosidl_typesupport_introspection_c.c.o[0m
[31.106s] [ 96%] [32m[1mLinking C shared module rosidl_generator_py/vesc_msgs/vesc_msgs_s__rosidl_typesupport_c.so[0m
[31.218s] [ 98%] [32m[1mLinking C shared module rosidl_generator_py/vesc_msgs/vesc_msgs_s__rosidl_typesupport_fastrtps_c.so[0m
[31.218s] [100%] [32m[1mLinking C shared module rosidl_generator_py/vesc_msgs/vesc_msgs_s__rosidl_typesupport_introspection_c.so[0m
[33.022s] [100%] Built target vesc_msgs_s__rosidl_typesupport_c
[33.794s] [100%] Built target vesc_msgs_s__rosidl_typesupport_introspection_c
[33.910s] [100%] Built target vesc_msgs_s__rosidl_typesupport_fastrtps_c
[33.971s] Invoked command in '/home/rraina/wato_f1tenth/build/vesc_msgs' returned '0': CMAKE_PREFIX_PATH=${CMAKE_PREFIX_PATH}:/opt/ros/jazzy /usr/bin/cmake --build /home/rraina/wato_f1tenth/build/vesc_msgs -- -j22 -l22
[33.972s] Invoking command in '/home/rraina/wato_f1tenth/build/vesc_msgs': CMAKE_PREFIX_PATH=${CMAKE_PREFIX_PATH}:/opt/ros/jazzy /usr/bin/cmake --install /home/rraina/wato_f1tenth/build/vesc_msgs
[33.995s] -- Install configuration: ""
[33.998s] -- Installing: /home/rraina/wato_f1tenth/install/vesc_msgs/share/ament_index/resource_index/rosidl_interfaces/vesc_msgs
[34.001s] -- Installing: /home/rraina/wato_f1tenth/install/vesc_msgs/share/vesc_msgs/msg/VescState.json
[34.002s] -- Installing: /home/rraina/wato_f1tenth/install/vesc_msgs/share/vesc_msgs/msg/VescStateStamped.json
[34.003s] -- Installing: /home/rraina/wato_f1tenth/install/vesc_msgs/share/vesc_msgs/msg/VescImu.json
[34.017s] -- Installing: /home/rraina/wato_f1tenth/install/vesc_msgs/share/vesc_msgs/msg/VescImuStamped.json
[34.017s] -- Installing: /home/rraina/wato_f1tenth/install/vesc_msgs/include/vesc_msgs/vesc_msgs
[34.017s] -- Installing: /home/rraina/wato_f1tenth/install/vesc_msgs/include/vesc_msgs/vesc_msgs/msg
[34.017s] -- Installing: /home/rraina/wato_f1tenth/install/vesc_msgs/include/vesc_msgs/vesc_msgs/msg/vesc_state.h
[34.017s] -- Installing: /home/rraina/wato_f1tenth/install/vesc_msgs/include/vesc_msgs/vesc_msgs/msg/vesc_imu.h
[34.018s] -- Installing: /home/rraina/wato_f1tenth/install/vesc_msgs/include/vesc_msgs/vesc_msgs/msg/vesc_imu_stamped.h
[34.018s] -- Installing: /home/rraina/wato_f1tenth/install/vesc_msgs/include/vesc_msgs/vesc_msgs/msg/detail
[34.018s] -- Installing: /home/rraina/wato_f1tenth/install/vesc_msgs/include/vesc_msgs/vesc_msgs/msg/detail/vesc_imu__type_support.c
[34.018s] -- Installing: /home/rraina/wato_f1tenth/install/vesc_msgs/include/vesc_msgs/vesc_msgs/msg/detail/vesc_imu_stamped__functions.h
[34.018s] -- Installing: /home/rraina/wato_f1tenth/install/vesc_msgs/include/vesc_msgs/vesc_msgs/msg/detail/vesc_state_stamped__functions.h
[34.018s] -- Installing: /home/rraina/wato_f1tenth/install/vesc_msgs/include/vesc_msgs/vesc_msgs/msg/detail/vesc_state__struct.h
[34.018s] -- Installing: /home/rraina/wato_f1tenth/install/vesc_msgs/include/vesc_msgs/vesc_msgs/msg/detail/vesc_imu__struct.h
[34.018s] -- Installing: /home/rraina/wato_f1tenth/install/vesc_msgs/include/vesc_msgs/vesc_msgs/msg/detail/vesc_imu_stamped__functions.c
[34.020s] -- Installing: /home/rraina/wato_f1tenth/install/vesc_msgs/include/vesc_msgs/vesc_msgs/msg/detail/vesc_state__type_support.c
[34.020s] -- Installing: /home/rraina/wato_f1tenth/install/vesc_msgs/include/vesc_msgs/vesc_msgs/msg/detail/vesc_state__type_support.h
[34.020s] -- Installing: /home/rraina/wato_f1tenth/install/vesc_msgs/include/vesc_msgs/vesc_msgs/msg/detail/vesc_imu_stamped__description.c
[34.020s] -- Installing: /home/rraina/wato_f1tenth/install/vesc_msgs/include/vesc_msgs/vesc_msgs/msg/detail/vesc_state_stamped__type_support.h
[34.020s] -- Installing: /home/rraina/wato_f1tenth/install/vesc_msgs/include/vesc_msgs/vesc_msgs/msg/detail/vesc_state_stamped__type_support.c
[34.020s] -- Installing: /home/rraina/wato_f1tenth/install/vesc_msgs/include/vesc_msgs/vesc_msgs/msg/detail/vesc_state_stamped__struct.h
[34.022s] -- Installing: /home/rraina/wato_f1tenth/install/vesc_msgs/include/vesc_msgs/vesc_msgs/msg/detail/vesc_imu__type_support.h
[34.022s] -- Installing: /home/rraina/wato_f1tenth/install/vesc_msgs/include/vesc_msgs/vesc_msgs/msg/detail/vesc_state__functions.h
[34.023s] -- Installing: /home/rraina/wato_f1tenth/install/vesc_msgs/include/vesc_msgs/vesc_msgs/msg/detail/vesc_imu__functions.c
[34.023s] -- Installing: /home/rraina/wato_f1tenth/install/vesc_msgs/include/vesc_msgs/vesc_msgs/msg/detail/vesc_state_stamped__description.c
[34.024s] -- Installing: /home/rraina/wato_f1tenth/install/vesc_msgs/include/vesc_msgs/vesc_msgs/msg/detail/vesc_state__description.c
[34.026s] -- Installing: /home/rraina/wato_f1tenth/install/vesc_msgs/include/vesc_msgs/vesc_msgs/msg/detail/vesc_imu__description.c
[34.026s] -- Installing: /home/rraina/wato_f1tenth/install/vesc_msgs/include/vesc_msgs/vesc_msgs/msg/detail/vesc_state_stamped__functions.c
[34.032s] -- Installing: /home/rraina/wato_f1tenth/install/vesc_msgs/include/vesc_msgs/vesc_msgs/msg/detail/vesc_imu__functions.h
[34.033s] -- Installing: /home/rraina/wato_f1tenth/install/vesc_msgs/include/vesc_msgs/vesc_msgs/msg/detail/vesc_imu_stamped__type_support.c
[34.033s] -- Installing: /home/rraina/wato_f1tenth/install/vesc_msgs/include/vesc_msgs/vesc_msgs/msg/detail/vesc_imu_stamped__type_support.h
[34.033s] -- Installing: /home/rraina/wato_f1tenth/install/vesc_msgs/include/vesc_msgs/vesc_msgs/msg/detail/vesc_imu_stamped__struct.h
[34.033s] -- Installing: /home/rraina/wato_f1tenth/install/vesc_msgs/include/vesc_msgs/vesc_msgs/msg/detail/vesc_state__functions.c
[34.033s] -- Installing: /home/rraina/wato_f1tenth/install/vesc_msgs/include/vesc_msgs/vesc_msgs/msg/vesc_state_stamped.h
[34.033s] -- Installing: /home/rraina/wato_f1tenth/install/vesc_msgs/include/vesc_msgs/vesc_msgs/msg/rosidl_generator_c__visibility_control.h
[34.033s] -- Installing: /home/rraina/wato_f1tenth/install/vesc_msgs/share/vesc_msgs/environment/library_path.sh
[34.034s] -- Installing: /home/rraina/wato_f1tenth/install/vesc_msgs/share/vesc_msgs/environment/library_path.dsv
[34.034s] -- Installing: /home/rraina/wato_f1tenth/install/vesc_msgs/lib/libvesc_msgs__rosidl_generator_c.so
[34.034s] -- Set non-toolchain portion of runtime path of "/home/rraina/wato_f1tenth/install/vesc_msgs/lib/libvesc_msgs__rosidl_generator_c.so" to ""
[34.034s] -- Up-to-date: /home/rraina/wato_f1tenth/install/vesc_msgs/include/vesc_msgs/vesc_msgs
[34.034s] -- Up-to-date: /home/rraina/wato_f1tenth/install/vesc_msgs/include/vesc_msgs/vesc_msgs/msg
[34.034s] -- Installing: /home/rraina/wato_f1tenth/install/vesc_msgs/include/vesc_msgs/vesc_msgs/msg/rosidl_typesupport_fastrtps_c__visibility_control.h
[34.035s] -- Up-to-date: /home/rraina/wato_f1tenth/install/vesc_msgs/include/vesc_msgs/vesc_msgs/msg/detail
[34.035s] -- Installing: /home/rraina/wato_f1tenth/install/vesc_msgs/include/vesc_msgs/vesc_msgs/msg/detail/vesc_state__rosidl_typesupport_fastrtps_c.h
[34.035s] -- Installing: /home/rraina/wato_f1tenth/install/vesc_msgs/include/vesc_msgs/vesc_msgs/msg/detail/vesc_imu_stamped__rosidl_typesupport_fastrtps_c.h
[34.036s] -- Installing: /home/rraina/wato_f1tenth/install/vesc_msgs/include/vesc_msgs/vesc_msgs/msg/detail/vesc_imu__rosidl_typesupport_fastrtps_c.h
[34.036s] -- Installing: /home/rraina/wato_f1tenth/install/vesc_msgs/include/vesc_msgs/vesc_msgs/msg/detail/vesc_state_stamped__rosidl_typesupport_fastrtps_c.h
[34.036s] -- Installing: /home/rraina/wato_f1tenth/install/vesc_msgs/lib/libvesc_msgs__rosidl_typesupport_fastrtps_c.so
[34.039s] -- Set non-toolchain portion of runtime path of "/home/rraina/wato_f1tenth/install/vesc_msgs/lib/libvesc_msgs__rosidl_typesupport_fastrtps_c.so" to ""
[34.039s] -- Up-to-date: /home/rraina/wato_f1tenth/install/vesc_msgs/include/vesc_msgs/vesc_msgs
[34.040s] -- Up-to-date: /home/rraina/wato_f1tenth/install/vesc_msgs/include/vesc_msgs/vesc_msgs/msg
[34.040s] -- Up-to-date: /home/rraina/wato_f1tenth/install/vesc_msgs/include/vesc_msgs/vesc_msgs/msg/detail
[34.040s] -- Installing: /home/rraina/wato_f1tenth/install/vesc_msgs/include/vesc_msgs/vesc_msgs/msg/detail/vesc_imu__type_support.c
[34.040s] -- Installing: /home/rraina/wato_f1tenth/install/vesc_msgs/include/vesc_msgs/vesc_msgs/msg/detail/vesc_state__rosidl_typesupport_introspection_c.h
[34.040s] -- Installing: /home/rraina/wato_f1tenth/install/vesc_msgs/include/vesc_msgs/vesc_msgs/msg/detail/vesc_state_stamped__rosidl_typesupport_introspection_c.h
[34.040s] -- Installing: /home/rraina/wato_f1tenth/install/vesc_msgs/include/vesc_msgs/vesc_msgs/msg/detail/vesc_state__type_support.c
[34.040s] -- Installing: /home/rraina/wato_f1tenth/install/vesc_msgs/include/vesc_msgs/vesc_msgs/msg/detail/vesc_state_stamped__type_support.c
[34.040s] -- Installing: /home/rraina/wato_f1tenth/install/vesc_msgs/include/vesc_msgs/vesc_msgs/msg/detail/vesc_imu__rosidl_typesupport_introspection_c.h
[34.041s] -- Installing: /home/rraina/wato_f1tenth/install/vesc_msgs/include/vesc_msgs/vesc_msgs/msg/detail/vesc_imu_stamped__rosidl_typesupport_introspection_c.h
[34.041s] -- Installing: /home/rraina/wato_f1tenth/install/vesc_msgs/include/vesc_msgs/vesc_msgs/msg/detail/vesc_imu_stamped__type_support.c
[34.046s] -- Installing: /home/rraina/wato_f1tenth/install/vesc_msgs/include/vesc_msgs/vesc_msgs/msg/rosidl_typesupport_introspection_c__visibility_control.h
[34.047s] -- Installing: /home/rraina/wato_f1tenth/install/vesc_msgs/lib/libvesc_msgs__rosidl_typesupport_introspection_c.so
[34.048s] -- Set non-toolchain portion of runtime path of "/home/rraina/wato_f1tenth/install/vesc_msgs/lib/libvesc_msgs__rosidl_typesupport_introspection_c.so" to ""
[34.048s] -- Installing: /home/rraina/wato_f1tenth/install/vesc_msgs/lib/libvesc_msgs__rosidl_typesupport_c.so
[34.048s] -- Set non-toolchain portion of runtime path of "/home/rraina/wato_f1tenth/install/vesc_msgs/lib/libvesc_msgs__rosidl_typesupport_c.so" to ""
[34.048s] -- Up-to-date: /home/rraina/wato_f1tenth/install/vesc_msgs/include/vesc_msgs/vesc_msgs
[34.048s] -- Up-to-date: /home/rraina/wato_f1tenth/install/vesc_msgs/include/vesc_msgs/vesc_msgs/msg
[34.049s] -- Installing: /home/rraina/wato_f1tenth/install/vesc_msgs/include/vesc_msgs/vesc_msgs/msg/vesc_state.hpp
[34.049s] -- Installing: /home/rraina/wato_f1tenth/install/vesc_msgs/include/vesc_msgs/vesc_msgs/msg/vesc_state_stamped.hpp
[34.049s] -- Installing: /home/rraina/wato_f1tenth/install/vesc_msgs/include/vesc_msgs/vesc_msgs/msg/vesc_imu_stamped.hpp
[34.049s] -- Installing: /home/rraina/wato_f1tenth/install/vesc_msgs/include/vesc_msgs/vesc_msgs/msg/vesc_imu.hpp
[34.049s] -- Up-to-date: /home/rraina/wato_f1tenth/install/vesc_msgs/include/vesc_msgs/vesc_msgs/msg/detail
[34.049s] -- Installing: /home/rraina/wato_f1tenth/install/vesc_msgs/include/vesc_msgs/vesc_msgs/msg/detail/vesc_imu__traits.hpp
[34.049s] -- Installing: /home/rraina/wato_f1tenth/install/vesc_msgs/include/vesc_msgs/vesc_msgs/msg/detail/vesc_imu_stamped__traits.hpp
[34.049s] -- Installing: /home/rraina/wato_f1tenth/install/vesc_msgs/include/vesc_msgs/vesc_msgs/msg/detail/vesc_imu__builder.hpp
[34.050s] -- Installing: /home/rraina/wato_f1tenth/install/vesc_msgs/include/vesc_msgs/vesc_msgs/msg/detail/vesc_state_stamped__struct.hpp
[34.050s] -- Installing: /home/rraina/wato_f1tenth/install/vesc_msgs/include/vesc_msgs/vesc_msgs/msg/detail/vesc_imu__type_support.hpp
[34.050s] -- Installing: /home/rraina/wato_f1tenth/install/vesc_msgs/include/vesc_msgs/vesc_msgs/msg/detail/vesc_state_stamped__type_support.hpp
[34.055s] -- Installing: /home/rraina/wato_f1tenth/install/vesc_msgs/include/vesc_msgs/vesc_msgs/msg/detail/vesc_imu_stamped__struct.hpp
[34.056s] -- Installing: /home/rraina/wato_f1tenth/install/vesc_msgs/include/vesc_msgs/vesc_msgs/msg/detail/vesc_state__type_support.hpp
[34.056s] -- Installing: /home/rraina/wato_f1tenth/install/vesc_msgs/include/vesc_msgs/vesc_msgs/msg/detail/vesc_state_stamped__builder.hpp
[34.056s] -- Installing: /home/rraina/wato_f1tenth/install/vesc_msgs/include/vesc_msgs/vesc_msgs/msg/detail/vesc_imu_stamped__type_support.hpp
[34.056s] -- Installing: /home/rraina/wato_f1tenth/install/vesc_msgs/include/vesc_msgs/vesc_msgs/msg/detail/vesc_imu__struct.hpp
[34.056s] -- Installing: /home/rraina/wato_f1tenth/install/vesc_msgs/include/vesc_msgs/vesc_msgs/msg/detail/vesc_state__traits.hpp
[34.056s] -- Installing: /home/rraina/wato_f1tenth/install/vesc_msgs/include/vesc_msgs/vesc_msgs/msg/detail/vesc_imu_stamped__builder.hpp
[34.057s] -- Installing: /home/rraina/wato_f1tenth/install/vesc_msgs/include/vesc_msgs/vesc_msgs/msg/detail/vesc_state_stamped__traits.hpp
[34.057s] -- Installing: /home/rraina/wato_f1tenth/install/vesc_msgs/include/vesc_msgs/vesc_msgs/msg/detail/vesc_state__builder.hpp
[34.057s] -- Installing: /home/rraina/wato_f1tenth/install/vesc_msgs/include/vesc_msgs/vesc_msgs/msg/detail/vesc_state__struct.hpp
[34.057s] -- Installing: /home/rraina/wato_f1tenth/install/vesc_msgs/include/vesc_msgs/vesc_msgs/msg/rosidl_generator_cpp__visibility_control.hpp
[34.057s] -- Up-to-date: /home/rraina/wato_f1tenth/install/vesc_msgs/include/vesc_msgs/vesc_msgs
[34.057s] -- Up-to-date: /home/rraina/wato_f1tenth/install/vesc_msgs/include/vesc_msgs/vesc_msgs/msg
[34.058s] -- Installing: /home/rraina/wato_f1tenth/install/vesc_msgs/include/vesc_msgs/vesc_msgs/msg/rosidl_typesupport_fastrtps_cpp__visibility_control.h
[34.058s] -- Up-to-date: /home/rraina/wato_f1tenth/install/vesc_msgs/include/vesc_msgs/vesc_msgs/msg/detail
[34.058s] -- Installing: /home/rraina/wato_f1tenth/install/vesc_msgs/include/vesc_msgs/vesc_msgs/msg/detail/vesc_state__rosidl_typesupport_fastrtps_cpp.hpp
[34.058s] -- Installing: /home/rraina/wato_f1tenth/install/vesc_msgs/include/vesc_msgs/vesc_msgs/msg/detail/vesc_state_stamped__rosidl_typesupport_fastrtps_cpp.hpp
[34.059s] -- Installing: /home/rraina/wato_f1tenth/install/vesc_msgs/include/vesc_msgs/vesc_msgs/msg/detail/dds_fastrtps
[34.059s] -- Installing: /home/rraina/wato_f1tenth/install/vesc_msgs/include/vesc_msgs/vesc_msgs/msg/detail/vesc_imu__rosidl_typesupport_fastrtps_cpp.hpp
[34.059s] -- Installing: /home/rraina/wato_f1tenth/install/vesc_msgs/include/vesc_msgs/vesc_msgs/msg/detail/vesc_imu_stamped__rosidl_typesupport_fastrtps_cpp.hpp
[34.059s] -- Installing: /home/rraina/wato_f1tenth/install/vesc_msgs/lib/libvesc_msgs__rosidl_typesupport_fastrtps_cpp.so
[34.059s] -- Set non-toolchain portion of runtime path of "/home/rraina/wato_f1tenth/install/vesc_msgs/lib/libvesc_msgs__rosidl_typesupport_fastrtps_cpp.so" to ""
[34.059s] -- Up-to-date: /home/rraina/wato_f1tenth/install/vesc_msgs/include/vesc_msgs/vesc_msgs
[34.059s] -- Up-to-date: /home/rraina/wato_f1tenth/install/vesc_msgs/include/vesc_msgs/vesc_msgs/msg
[34.059s] -- Up-to-date: /home/rraina/wato_f1tenth/install/vesc_msgs/include/vesc_msgs/vesc_msgs/msg/detail
[34.060s] -- Installing: /home/rraina/wato_f1tenth/install/vesc_msgs/include/vesc_msgs/vesc_msgs/msg/detail/vesc_state_stamped__rosidl_typesupport_introspection_cpp.hpp
[34.060s] -- Installing: /home/rraina/wato_f1tenth/install/vesc_msgs/include/vesc_msgs/vesc_msgs/msg/detail/vesc_state__rosidl_typesupport_introspection_cpp.hpp
[34.060s] -- Installing: /home/rraina/wato_f1tenth/install/vesc_msgs/include/vesc_msgs/vesc_msgs/msg/detail/vesc_imu_stamped__rosidl_typesupport_introspection_cpp.hpp
[34.060s] -- Installing: /home/rraina/wato_f1tenth/install/vesc_msgs/include/vesc_msgs/vesc_msgs/msg/detail/vesc_state_stamped__type_support.cpp
[34.060s] -- Installing: /home/rraina/wato_f1tenth/install/vesc_msgs/include/vesc_msgs/vesc_msgs/msg/detail/vesc_imu__rosidl_typesupport_introspection_cpp.hpp
[34.060s] -- Installing: /home/rraina/wato_f1tenth/install/vesc_msgs/include/vesc_msgs/vesc_msgs/msg/detail/vesc_state__type_support.cpp
[34.060s] -- Installing: /home/rraina/wato_f1tenth/install/vesc_msgs/include/vesc_msgs/vesc_msgs/msg/detail/vesc_imu_stamped__type_support.cpp
[34.060s] -- Installing: /home/rraina/wato_f1tenth/install/vesc_msgs/include/vesc_msgs/vesc_msgs/msg/detail/vesc_imu__type_support.cpp
[34.060s] -- Installing: /home/rraina/wato_f1tenth/install/vesc_msgs/lib/libvesc_msgs__rosidl_typesupport_introspection_cpp.so
[34.060s] -- Set non-toolchain portion of runtime path of "/home/rraina/wato_f1tenth/install/vesc_msgs/lib/libvesc_msgs__rosidl_typesupport_introspection_cpp.so" to ""
[34.061s] -- Installing: /home/rraina/wato_f1tenth/install/vesc_msgs/lib/libvesc_msgs__rosidl_typesupport_cpp.so
[34.063s] -- Set non-toolchain portion of runtime path of "/home/rraina/wato_f1tenth/install/vesc_msgs/lib/libvesc_msgs__rosidl_typesupport_cpp.so" to ""
[34.063s] -- Installing: /home/rraina/wato_f1tenth/install/vesc_msgs/share/vesc_msgs/environment/pythonpath.sh
[34.063s] -- Installing: /home/rraina/wato_f1tenth/install/vesc_msgs/share/vesc_msgs/environment/pythonpath.dsv
[34.064s] -- Installing: /home/rraina/wato_f1tenth/install/vesc_msgs/lib/python3.12/site-packages/vesc_msgs-1.2.0-py3.12.egg-info
[34.065s] -- Installing: /home/rraina/wato_f1tenth/install/vesc_msgs/lib/python3.12/site-packages/vesc_msgs-1.2.0-py3.12.egg-info/top_level.txt
[34.065s] -- Installing: /home/rraina/wato_f1tenth/install/vesc_msgs/lib/python3.12/site-packages/vesc_msgs-1.2.0-py3.12.egg-info/dependency_links.txt
[34.066s] -- Installing: /home/rraina/wato_f1tenth/install/vesc_msgs/lib/python3.12/site-packages/vesc_msgs-1.2.0-py3.12.egg-info/PKG-INFO
[34.066s] -- Installing: /home/rraina/wato_f1tenth/install/vesc_msgs/lib/python3.12/site-packages/vesc_msgs-1.2.0-py3.12.egg-info/SOURCES.txt
[34.067s] -- Installing: /home/rraina/wato_f1tenth/install/vesc_msgs/lib/python3.12/site-packages/vesc_msgs
[34.079s] -- Installing: /home/rraina/wato_f1tenth/install/vesc_msgs/lib/python3.12/site-packages/vesc_msgs/_vesc_msgs_s.ep.rosidl_typesupport_c.c
[34.080s] -- Installing: /home/rraina/wato_f1tenth/install/vesc_msgs/lib/python3.12/site-packages/vesc_msgs/vesc_msgs_s__rosidl_typesupport_c.so
[34.080s] -- Installing: /home/rraina/wato_f1tenth/install/vesc_msgs/lib/python3.12/site-packages/vesc_msgs/_vesc_msgs_s.ep.rosidl_typesupport_fastrtps_c.c
[34.080s] -- Installing: /home/rraina/wato_f1tenth/install/vesc_msgs/lib/python3.12/site-packages/vesc_msgs/vesc_msgs_s__rosidl_typesupport_fastrtps_c.so
[34.080s] -- Installing: /home/rraina/wato_f1tenth/install/vesc_msgs/lib/python3.12/site-packages/vesc_msgs/__init__.py
[34.081s] -- Installing: /home/rraina/wato_f1tenth/install/vesc_msgs/lib/python3.12/site-packages/vesc_msgs/_vesc_msgs_s.ep.rosidl_typesupport_introspection_c.c
[34.081s] -- Installing: /home/rraina/wato_f1tenth/install/vesc_msgs/lib/python3.12/site-packages/vesc_msgs/msg
[34.081s] -- Installing: /home/rraina/wato_f1tenth/install/vesc_msgs/lib/python3.12/site-packages/vesc_msgs/msg/_vesc_state_s.c
[34.081s] -- Installing: /home/rraina/wato_f1tenth/install/vesc_msgs/lib/python3.12/site-packages/vesc_msgs/msg/_vesc_state.py
[34.081s] -- Installing: /home/rraina/wato_f1tenth/install/vesc_msgs/lib/python3.12/site-packages/vesc_msgs/msg/_vesc_imu_stamped.py
[34.081s] -- Installing: /home/rraina/wato_f1tenth/install/vesc_msgs/lib/python3.12/site-packages/vesc_msgs/msg/_vesc_state_stamped.py
[34.085s] -- Installing: /home/rraina/wato_f1tenth/install/vesc_msgs/lib/python3.12/site-packages/vesc_msgs/msg/_vesc_imu_s.c
[34.085s] -- Installing: /home/rraina/wato_f1tenth/install/vesc_msgs/lib/python3.12/site-packages/vesc_msgs/msg/_vesc_imu.py
[34.086s] -- Installing: /home/rraina/wato_f1tenth/install/vesc_msgs/lib/python3.12/site-packages/vesc_msgs/msg/_vesc_state_stamped_s.c
[34.086s] -- Installing: /home/rraina/wato_f1tenth/install/vesc_msgs/lib/python3.12/site-packages/vesc_msgs/msg/__init__.py
[34.086s] -- Installing: /home/rraina/wato_f1tenth/install/vesc_msgs/lib/python3.12/site-packages/vesc_msgs/msg/_vesc_imu_stamped_s.c
[34.086s] -- Installing: /home/rraina/wato_f1tenth/install/vesc_msgs/lib/python3.12/site-packages/vesc_msgs/vesc_msgs_s__rosidl_typesupport_introspection_c.so
[34.356s] Listing '/home/rraina/wato_f1tenth/install/vesc_msgs/lib/python3.12/site-packages/vesc_msgs'...
[34.356s] Compiling '/home/rraina/wato_f1tenth/install/vesc_msgs/lib/python3.12/site-packages/vesc_msgs/__init__.py'...
[34.356s] Listing '/home/rraina/wato_f1tenth/install/vesc_msgs/lib/python3.12/site-packages/vesc_msgs/msg'...
[34.356s] Compiling '/home/rraina/wato_f1tenth/install/vesc_msgs/lib/python3.12/site-packages/vesc_msgs/msg/__init__.py'...
[34.357s] Compiling '/home/rraina/wato_f1tenth/install/vesc_msgs/lib/python3.12/site-packages/vesc_msgs/msg/_vesc_imu.py'...
[34.357s] Compiling '/home/rraina/wato_f1tenth/install/vesc_msgs/lib/python3.12/site-packages/vesc_msgs/msg/_vesc_imu_stamped.py'...
[34.357s] Compiling '/home/rraina/wato_f1tenth/install/vesc_msgs/lib/python3.12/site-packages/vesc_msgs/msg/_vesc_state.py'...
[34.357s] Compiling '/home/rraina/wato_f1tenth/install/vesc_msgs/lib/python3.12/site-packages/vesc_msgs/msg/_vesc_state_stamped.py'...
[34.407s] -- Installing: /home/rraina/wato_f1tenth/install/vesc_msgs/lib/python3.12/site-packages/vesc_msgs/vesc_msgs_s__rosidl_typesupport_fastrtps_c.so
[34.408s] -- Set non-toolchain portion of runtime path of "/home/rraina/wato_f1tenth/install/vesc_msgs/lib/python3.12/site-packages/vesc_msgs/vesc_msgs_s__rosidl_typesupport_fastrtps_c.so" to ""
[34.408s] -- Installing: /home/rraina/wato_f1tenth/install/vesc_msgs/lib/python3.12/site-packages/vesc_msgs/vesc_msgs_s__rosidl_typesupport_introspection_c.so
[34.412s] -- Set non-toolchain portion of runtime path of "/home/rraina/wato_f1tenth/install/vesc_msgs/lib/python3.12/site-packages/vesc_msgs/vesc_msgs_s__rosidl_typesupport_introspection_c.so" to ""
[34.412s] -- Installing: /home/rraina/wato_f1tenth/install/vesc_msgs/lib/python3.12/site-packages/vesc_msgs/vesc_msgs_s__rosidl_typesupport_c.so
[34.412s] -- Set non-toolchain portion of runtime path of "/home/rraina/wato_f1tenth/install/vesc_msgs/lib/python3.12/site-packages/vesc_msgs/vesc_msgs_s__rosidl_typesupport_c.so" to ""
[34.413s] -- Installing: /home/rraina/wato_f1tenth/install/vesc_msgs/lib/libvesc_msgs__rosidl_generator_py.so
[34.413s] -- Set non-toolchain portion of runtime path of "/home/rraina/wato_f1tenth/install/vesc_msgs/lib/libvesc_msgs__rosidl_generator_py.so" to ""
[34.413s] -- Installing: /home/rraina/wato_f1tenth/install/vesc_msgs/share/vesc_msgs/msg/VescState.idl
[34.413s] -- Installing: /home/rraina/wato_f1tenth/install/vesc_msgs/share/vesc_msgs/msg/VescStateStamped.idl
[34.414s] -- Installing: /home/rraina/wato_f1tenth/install/vesc_msgs/share/vesc_msgs/msg/VescImu.idl
[34.415s] -- Installing: /home/rraina/wato_f1tenth/install/vesc_msgs/share/vesc_msgs/msg/VescImuStamped.idl
[34.416s] -- Installing: /home/rraina/wato_f1tenth/install/vesc_msgs/share/vesc_msgs/msg/VescState.msg
[34.422s] -- Installing: /home/rraina/wato_f1tenth/install/vesc_msgs/share/vesc_msgs/msg/VescStateStamped.msg
[34.423s] -- Installing: /home/rraina/wato_f1tenth/install/vesc_msgs/share/vesc_msgs/msg/VescImu.msg
[34.425s] -- Installing: /home/rraina/wato_f1tenth/install/vesc_msgs/share/vesc_msgs/msg/VescImuStamped.msg
[34.426s] -- Installing: /home/rraina/wato_f1tenth/install/vesc_msgs/share/ament_index/resource_index/package_run_dependencies/vesc_msgs
[34.430s] -- Installing: /home/rraina/wato_f1tenth/install/vesc_msgs/share/ament_index/resource_index/parent_prefix_path/vesc_msgs
[34.430s] -- Installing: /home/rraina/wato_f1tenth/install/vesc_msgs/share/vesc_msgs/environment/ament_prefix_path.sh
[34.439s] -- Installing: /home/rraina/wato_f1tenth/install/vesc_msgs/share/vesc_msgs/environment/ament_prefix_path.dsv
[34.440s] -- Installing: /home/rraina/wato_f1tenth/install/vesc_msgs/share/vesc_msgs/environment/path.sh
[34.440s] -- Installing: /home/rraina/wato_f1tenth/install/vesc_msgs/share/vesc_msgs/environment/path.dsv
[34.440s] -- Installing: /home/rraina/wato_f1tenth/install/vesc_msgs/share/vesc_msgs/local_setup.bash
[34.440s] -- Installing: /home/rraina/wato_f1tenth/install/vesc_msgs/share/vesc_msgs/local_setup.sh
[34.441s] -- Installing: /home/rraina/wato_f1tenth/install/vesc_msgs/share/vesc_msgs/local_setup.zsh
[34.441s] -- Installing: /home/rraina/wato_f1tenth/install/vesc_msgs/share/vesc_msgs/local_setup.dsv
[34.441s] -- Installing: /home/rraina/wato_f1tenth/install/vesc_msgs/share/vesc_msgs/package.dsv
[34.442s] -- Installing: /home/rraina/wato_f1tenth/install/vesc_msgs/share/ament_index/resource_index/packages/vesc_msgs
[34.442s] -- Installing: /home/rraina/wato_f1tenth/install/vesc_msgs/share/vesc_msgs/cmake/export_vesc_msgs__rosidl_generator_cExport.cmake
[34.442s] -- Installing: /home/rraina/wato_f1tenth/install/vesc_msgs/share/vesc_msgs/cmake/export_vesc_msgs__rosidl_generator_cExport-noconfig.cmake
[34.442s] -- Installing: /home/rraina/wato_f1tenth/install/vesc_msgs/share/vesc_msgs/cmake/export_vesc_msgs__rosidl_typesupport_fastrtps_cExport.cmake
[34.443s] -- Installing: /home/rraina/wato_f1tenth/install/vesc_msgs/share/vesc_msgs/cmake/export_vesc_msgs__rosidl_typesupport_fastrtps_cExport-noconfig.cmake
[34.443s] -- Installing: /home/rraina/wato_f1tenth/install/vesc_msgs/share/vesc_msgs/cmake/vesc_msgs__rosidl_typesupport_introspection_cExport.cmake
[34.444s] -- Installing: /home/rraina/wato_f1tenth/install/vesc_msgs/share/vesc_msgs/cmake/vesc_msgs__rosidl_typesupport_introspection_cExport-noconfig.cmake
[34.459s] -- Installing: /home/rraina/wato_f1tenth/install/vesc_msgs/share/vesc_msgs/cmake/vesc_msgs__rosidl_typesupport_cExport.cmake
[34.471s] -- Installing: /home/rraina/wato_f1tenth/install/vesc_msgs/share/vesc_msgs/cmake/vesc_msgs__rosidl_typesupport_cExport-noconfig.cmake
[34.472s] -- Installing: /home/rraina/wato_f1tenth/install/vesc_msgs/share/vesc_msgs/cmake/export_vesc_msgs__rosidl_generator_cppExport.cmake
[34.472s] -- Installing: /home/rraina/wato_f1tenth/install/vesc_msgs/share/vesc_msgs/cmake/export_vesc_msgs__rosidl_typesupport_fastrtps_cppExport.cmake
[34.472s] -- Installing: /home/rraina/wato_f1tenth/install/vesc_msgs/share/vesc_msgs/cmake/export_vesc_msgs__rosidl_typesupport_fastrtps_cppExport-noconfig.cmake
[34.472s] -- Installing: /home/rraina/wato_f1tenth/install/vesc_msgs/share/vesc_msgs/cmake/vesc_msgs__rosidl_typesupport_introspection_cppExport.cmake
[34.472s] -- Installing: /home/rraina/wato_f1tenth/install/vesc_msgs/share/vesc_msgs/cmake/vesc_msgs__rosidl_typesupport_introspection_cppExport-noconfig.cmake
[34.473s] -- Installing: /home/rraina/wato_f1tenth/install/vesc_msgs/share/vesc_msgs/cmake/vesc_msgs__rosidl_typesupport_cppExport.cmake
[34.473s] -- Installing: /home/rraina/wato_f1tenth/install/vesc_msgs/share/vesc_msgs/cmake/vesc_msgs__rosidl_typesupport_cppExport-noconfig.cmake
[34.479s] -- Installing: /home/rraina/wato_f1tenth/install/vesc_msgs/share/vesc_msgs/cmake/export_vesc_msgs__rosidl_generator_pyExport.cmake
[34.479s] -- Installing: /home/rraina/wato_f1tenth/install/vesc_msgs/share/vesc_msgs/cmake/export_vesc_msgs__rosidl_generator_pyExport-noconfig.cmake
[34.480s] -- Installing: /home/rraina/wato_f1tenth/install/vesc_msgs/share/vesc_msgs/cmake/rosidl_cmake-extras.cmake
[34.480s] -- Installing: /home/rraina/wato_f1tenth/install/vesc_msgs/share/vesc_msgs/cmake/ament_cmake_export_dependencies-extras.cmake
[34.480s] -- Installing: /home/rraina/wato_f1tenth/install/vesc_msgs/share/vesc_msgs/cmake/ament_cmake_export_include_directories-extras.cmake
[34.480s] -- Installing: /home/rraina/wato_f1tenth/install/vesc_msgs/share/vesc_msgs/cmake/ament_cmake_export_libraries-extras.cmake
[34.480s] -- Installing: /home/rraina/wato_f1tenth/install/vesc_msgs/share/vesc_msgs/cmake/ament_cmake_export_targets-extras.cmake
[34.480s] -- Installing: /home/rraina/wato_f1tenth/install/vesc_msgs/share/vesc_msgs/cmake/rosidl_cmake_export_typesupport_targets-extras.cmake
[34.487s] -- Installing: /home/rraina/wato_f1tenth/install/vesc_msgs/share/vesc_msgs/cmake/rosidl_cmake_export_typesupport_libraries-extras.cmake
[34.489s] -- Installing: /home/rraina/wato_f1tenth/install/vesc_msgs/share/vesc_msgs/cmake/vesc_msgsConfig.cmake
[34.492s] -- Installing: /home/rraina/wato_f1tenth/install/vesc_msgs/share/vesc_msgs/cmake/vesc_msgsConfig-version.cmake
[34.507s] -- Installing: /home/rraina/wato_f1tenth/install/vesc_msgs/share/vesc_msgs/package.xml
[34.509s] Invoked command in '/home/rraina/wato_f1tenth/build/vesc_msgs' returned '0': CMAKE_PREFIX_PATH=${CMAKE_PREFIX_PATH}:/opt/ros/jazzy /usr/bin/cmake --install /home/rraina/wato_f1tenth/build/vesc_msgs
