[0.272s] Invoking command in '/home/bolty/ament_ws/src/build/safety_node': CMAKE_PREFIX_PATH=${CMAKE_PREFIX_PATH}:/opt/watonomous/action:/opt/ros/humble /usr/bin/cmake /home/bolty/ament_ws/src/robot/safety_system -DCMAKE_INSTALL_PREFIX=/home/bolty/ament_ws/src/install/safety_node
[0.347s] -- The C compiler identification is GNU 11.4.0
[0.444s] -- The CXX compiler identification is GNU 11.4.0
[0.452s] -- Detecting C compiler ABI info
[0.542s] -- Detecting C compiler ABI info - done
[0.550s] -- Check for working C compiler: /usr/bin/cc - skipped
[0.550s] -- Detecting C compile features
[0.550s] -- Detecting C compile features - done
[0.554s] -- Detecting CXX compiler ABI info
[0.654s] -- Detecting CXX compiler ABI info - done
[0.663s] -- Check for working CXX compiler: /usr/bin/c++ - skipped
[0.664s] -- Detecting CXX compile features
[0.665s] -- Detecting CXX compile features - done
[0.669s] -- Found ament_cmake: 1.3.10 (/opt/ros/humble/share/ament_cmake/cmake)
[0.859s] -- Found Python3: /usr/bin/python3 (found version "3.10.12") found components: Interpreter 
[0.971s] -- Found rclcpp: 16.0.10 (/opt/ros/humble/share/rclcpp/cmake)
[1.032s] -- Found rosidl_generator_c: 3.1.5 (/opt/ros/humble/share/rosidl_generator_c/cmake)
[1.041s] -- Found rosidl_adapter: 3.1.5 (/opt/ros/humble/share/rosidl_adapter/cmake)
[1.059s] -- Found rosidl_generator_cpp: 3.1.5 (/opt/ros/humble/share/rosidl_generator_cpp/cmake)
[1.083s] -- Using all available rosidl_typesupport_c: rosidl_typesupport_fastrtps_c;rosidl_typesupport_introspection_c
[1.112s] -- Using all available rosidl_typesupport_cpp: rosidl_typesupport_fastrtps_cpp;rosidl_typesupport_introspection_cpp
[1.183s] -- Found rmw_implementation_cmake: 6.1.2 (/opt/ros/humble/share/rmw_implementation_cmake/cmake)
[1.187s] -- Found rmw_fastrtps_cpp: 6.2.7 (/opt/ros/humble/share/rmw_fastrtps_cpp/cmake)
[1.310s] -- Found OpenSSL: /usr/lib/x86_64-linux-gnu/libcrypto.so (found version "3.0.2")  
[1.330s] -- Found FastRTPS: /opt/ros/humble/include  
[1.368s] -- Using RMW implementation 'rmw_fastrtps_cpp' as default
[1.383s] -- Looking for pthread.h
[1.484s] -- Looking for pthread.h - found
[1.484s] -- Performing Test CMAKE_HAVE_LIBC_PTHREAD
[1.571s] -- Performing Test CMAKE_HAVE_LIBC_PTHREAD - Success
[1.572s] -- Found Threads: TRUE  
[1.632s] -- Found nav_msgs: 4.2.4 (/opt/ros/humble/share/nav_msgs/cmake)
[1.661s] -- Found visualization_msgs: 4.2.4 (/opt/ros/humble/share/visualization_msgs/cmake)
[1.709s] -- Found ackermann_msgs: 2.0.2 (/opt/ros/humble/share/ackermann_msgs/cmake)
[1.729s] -- Found tf2_ros: 0.25.8 (/opt/ros/humble/share/tf2_ros/cmake)
[1.840s] -- Found tf2_geometry_msgs: 0.25.8 (/opt/ros/humble/share/tf2_geometry_msgs/cmake)
[1.854s] -- Found eigen3_cmake_module: 0.1.1 (/opt/ros/humble/share/eigen3_cmake_module/cmake)
[1.856s] -- Found Eigen3: TRUE (found version "3.4.0") 
[1.856s] -- Ensuring Eigen3 include directory is part of orocos-kdl CMake target
[1.861s] -- Found ament_lint_auto: 0.12.11 (/opt/ros/humble/share/ament_lint_auto/cmake)
[1.983s] -- Added test 'cppcheck' to perform static code analysis on C / C++ code
[1.983s] -- Configured cppcheck include dirs: /home/bolty/ament_ws/src/robot/safety_system/include
[1.983s] -- Configured cppcheck exclude dirs and/or files: 
[1.984s] -- Added test 'lint_cmake' to check CMake code style
[1.987s] -- Added test 'uncrustify' to check C / C++ code style
[1.987s] -- Configured uncrustify additional arguments: 
[1.988s] -- Added test 'xmllint' to check XML markup files
[1.990s] -- Configuring done
[2.012s] -- Generating done
[2.019s] -- Build files have been written to: /home/bolty/ament_ws/src/build/safety_node
[2.026s] Invoked command in '/home/bolty/ament_ws/src/build/safety_node' returned '0': CMAKE_PREFIX_PATH=${CMAKE_PREFIX_PATH}:/opt/watonomous/action:/opt/ros/humble /usr/bin/cmake /home/bolty/ament_ws/src/robot/safety_system -DCMAKE_INSTALL_PREFIX=/home/bolty/ament_ws/src/install/safety_node
[2.028s] Invoking command in '/home/bolty/ament_ws/src/build/safety_node': CMAKE_PREFIX_PATH=${CMAKE_PREFIX_PATH}:/opt/watonomous/action:/opt/ros/humble /usr/bin/cmake --build /home/bolty/ament_ws/src/build/safety_node -- -j16 -l16
[2.094s] [ 50%] [32mBuilding CXX object CMakeFiles/safety_node.dir/src/safety_system_node.cpp.o[0m
[19.060s] [100%] [32m[1mLinking CXX executable safety_node[0m
[20.014s] [100%] Built target safety_node
[20.028s] Invoked command in '/home/bolty/ament_ws/src/build/safety_node' returned '0': CMAKE_PREFIX_PATH=${CMAKE_PREFIX_PATH}:/opt/watonomous/action:/opt/ros/humble /usr/bin/cmake --build /home/bolty/ament_ws/src/build/safety_node -- -j16 -l16
[20.056s] Invoking command in '/home/bolty/ament_ws/src/build/safety_node': CMAKE_PREFIX_PATH=${CMAKE_PREFIX_PATH}:/opt/watonomous/action:/opt/ros/humble /usr/bin/cmake --install /home/bolty/ament_ws/src/build/safety_node
[20.065s] -- Install configuration: ""
[20.065s] -- Installing: /home/bolty/ament_ws/src/install/safety_node/lib/safety_node/safety_node
[20.071s] -- Set runtime path of "/home/bolty/ament_ws/src/install/safety_node/lib/safety_node/safety_node" to ""
[20.071s] -- Installing: /home/bolty/ament_ws/src/install/safety_node/share/ament_index/resource_index/package_run_dependencies/safety_node
[20.072s] -- Installing: /home/bolty/ament_ws/src/install/safety_node/share/ament_index/resource_index/parent_prefix_path/safety_node
[20.072s] -- Installing: /home/bolty/ament_ws/src/install/safety_node/share/safety_node/environment/ament_prefix_path.sh
[20.072s] -- Installing: /home/bolty/ament_ws/src/install/safety_node/share/safety_node/environment/ament_prefix_path.dsv
[20.072s] -- Installing: /home/bolty/ament_ws/src/install/safety_node/share/safety_node/environment/path.sh
[20.072s] -- Installing: /home/bolty/ament_ws/src/install/safety_node/share/safety_node/environment/path.dsv
[20.072s] -- Installing: /home/bolty/ament_ws/src/install/safety_node/share/safety_node/local_setup.bash
[20.072s] -- Installing: /home/bolty/ament_ws/src/install/safety_node/share/safety_node/local_setup.sh
[20.072s] -- Installing: /home/bolty/ament_ws/src/install/safety_node/share/safety_node/local_setup.zsh
[20.072s] -- Installing: /home/bolty/ament_ws/src/install/safety_node/share/safety_node/local_setup.dsv
[20.073s] -- Installing: /home/bolty/ament_ws/src/install/safety_node/share/safety_node/package.dsv
[20.073s] -- Installing: /home/bolty/ament_ws/src/install/safety_node/share/ament_index/resource_index/packages/safety_node
[20.073s] -- Installing: /home/bolty/ament_ws/src/install/safety_node/share/safety_node/cmake/safety_nodeConfig.cmake
[20.073s] -- Installing: /home/bolty/ament_ws/src/install/safety_node/share/safety_node/cmake/safety_nodeConfig-version.cmake
[20.073s] -- Installing: /home/bolty/ament_ws/src/install/safety_node/share/safety_node/package.xml
[20.076s] Invoked command in '/home/bolty/ament_ws/src/build/safety_node' returned '0': CMAKE_PREFIX_PATH=${CMAKE_PREFIX_PATH}:/opt/watonomous/action:/opt/ros/humble /usr/bin/cmake --install /home/bolty/ament_ws/src/build/safety_node
