[0.190s] Invoking command in '/home/bolty/ament_ws/src/build/foxglove_msgs': CMAKE_PREFIX_PATH=${CMAKE_PREFIX_PATH}:/home/bolty/ament_ws/src/install/action:/opt/watonomous/action:/opt/ros/humble /usr/bin/cmake --build /home/bolty/ament_ws/src/build/foxglove_msgs -- -j16 -l16
[0.236s] Invoked command in '/home/bolty/ament_ws/src/build/foxglove_msgs' returned '0': CMAKE_PREFIX_PATH=${CMAKE_PREFIX_PATH}:/home/bolty/ament_ws/src/install/action:/opt/watonomous/action:/opt/ros/humble /usr/bin/cmake --build /home/bolty/ament_ws/src/build/foxglove_msgs -- -j16 -l16
[0.263s] Invoking command in '/home/bolty/ament_ws/src/build/foxglove_msgs': CMAKE_PREFIX_PATH=${CMAKE_PREFIX_PATH}:/home/bolty/ament_ws/src/install/action:/opt/watonomous/action:/opt/ros/humble /usr/bin/cmake --install /home/bolty/ament_ws/src/build/foxglove_msgs
[0.271s] -- Install configuration: ""
[0.273s] -- Up-to-date: /home/bolty/ament_ws/src/install/foxglove_msgs/share/ament_index/resource_index/package_run_dependencies/foxglove_msgs
[0.274s] -- Up-to-date: /home/bolty/ament_ws/src/install/foxglove_msgs/share/ament_index/resource_index/parent_prefix_path/foxglove_msgs
[0.275s] -- Up-to-date: /home/bolty/ament_ws/src/install/foxglove_msgs/share/foxglove_msgs/environment/ament_prefix_path.sh
[0.275s] -- Up-to-date: /home/bolty/ament_ws/src/install/foxglove_msgs/share/foxglove_msgs/environment/ament_prefix_path.dsv
[0.275s] -- Up-to-date: /home/bolty/ament_ws/src/install/foxglove_msgs/share/foxglove_msgs/environment/path.sh
[0.275s] -- Up-to-date: /home/bolty/ament_ws/src/install/foxglove_msgs/share/foxglove_msgs/environment/path.dsv
[0.275s] -- Up-to-date: /home/bolty/ament_ws/src/install/foxglove_msgs/share/foxglove_msgs/local_setup.bash
[0.275s] -- Up-to-date: /home/bolty/ament_ws/src/install/foxglove_msgs/share/foxglove_msgs/local_setup.sh
[0.275s] -- Up-to-date: /home/bolty/ament_ws/src/install/foxglove_msgs/share/foxglove_msgs/local_setup.zsh
[0.275s] -- Up-to-date: /home/bolty/ament_ws/src/install/foxglove_msgs/share/foxglove_msgs/local_setup.dsv
[0.275s] -- Installing: /home/bolty/ament_ws/src/install/foxglove_msgs/share/foxglove_msgs/package.dsv
[0.276s] -- Up-to-date: /home/bolty/ament_ws/src/install/foxglove_msgs/share/ament_index/resource_index/packages/foxglove_msgs
[0.276s] -- Up-to-date: /home/bolty/ament_ws/src/install/foxglove_msgs/share/foxglove_msgs/cmake/foxglove_msgsConfig.cmake
[0.276s] -- Up-to-date: /home/bolty/ament_ws/src/install/foxglove_msgs/share/foxglove_msgs/cmake/foxglove_msgsConfig-version.cmake
[0.276s] -- Up-to-date: /home/bolty/ament_ws/src/install/foxglove_msgs/share/foxglove_msgs/package.xml
[0.278s] Invoked command in '/home/bolty/ament_ws/src/build/foxglove_msgs' returned '0': CMAKE_PREFIX_PATH=${CMAKE_PREFIX_PATH}:/home/bolty/ament_ws/src/install/action:/opt/watonomous/action:/opt/ros/humble /usr/bin/cmake --install /home/bolty/ament_ws/src/build/foxglove_msgs
