[0.194s] Invoking command in '/home/bolty/ament_ws/src/build/foxglove_msgs': CMAKE_PREFIX_PATH=${CMAKE_PREFIX_PATH}:/home/bolty/ament_ws/src/install/action:/opt/ros/humble /usr/bin/cmake --build /home/bolty/ament_ws/src/build/foxglove_msgs -- -j16 -l16
[0.222s] Invoked command in '/home/bolty/ament_ws/src/build/foxglove_msgs' returned '0': CMAKE_PREFIX_PATH=${CMAKE_PREFIX_PATH}:/home/bolty/ament_ws/src/install/action:/opt/ros/humble /usr/bin/cmake --build /home/bolty/ament_ws/src/build/foxglove_msgs -- -j16 -l16
[0.245s] Invoking command in '/home/bolty/ament_ws/src/build/foxglove_msgs': CMAKE_PREFIX_PATH=${CMAKE_PREFIX_PATH}:/home/bolty/ament_ws/src/install/action:/opt/ros/humble /usr/bin/cmake --install /home/bolty/ament_ws/src/build/foxglove_msgs
[0.252s] -- Install configuration: ""
[0.252s] -- Up-to-date: /home/bolty/ament_ws/src/install/foxglove_msgs/share/ament_index/resource_index/package_run_dependencies/foxglove_msgs
[0.252s] -- Up-to-date: /home/bolty/ament_ws/src/install/foxglove_msgs/share/ament_index/resource_index/parent_prefix_path/foxglove_msgs
[0.253s] -- Up-to-date: /home/bolty/ament_ws/src/install/foxglove_msgs/share/foxglove_msgs/environment/ament_prefix_path.sh
[0.253s] -- Up-to-date: /home/bolty/ament_ws/src/install/foxglove_msgs/share/foxglove_msgs/environment/ament_prefix_path.dsv
[0.253s] -- Up-to-date: /home/bolty/ament_ws/src/install/foxglove_msgs/share/foxglove_msgs/environment/path.sh
[0.253s] -- Up-to-date: /home/bolty/ament_ws/src/install/foxglove_msgs/share/foxglove_msgs/environment/path.dsv
[0.253s] -- Up-to-date: /home/bolty/ament_ws/src/install/foxglove_msgs/share/foxglove_msgs/local_setup.bash
[0.255s] -- Up-to-date: /home/bolty/ament_ws/src/install/foxglove_msgs/share/foxglove_msgs/local_setup.sh
[0.255s] -- Up-to-date: /home/bolty/ament_ws/src/install/foxglove_msgs/share/foxglove_msgs/local_setup.zsh
[0.255s] -- Up-to-date: /home/bolty/ament_ws/src/install/foxglove_msgs/share/foxglove_msgs/local_setup.dsv
[0.256s] -- Installing: /home/bolty/ament_ws/src/install/foxglove_msgs/share/foxglove_msgs/package.dsv
[0.257s] -- Up-to-date: /home/bolty/ament_ws/src/install/foxglove_msgs/share/ament_index/resource_index/packages/foxglove_msgs
[0.258s] -- Up-to-date: /home/bolty/ament_ws/src/install/foxglove_msgs/share/foxglove_msgs/cmake/foxglove_msgsConfig.cmake
[0.258s] -- Up-to-date: /home/bolty/ament_ws/src/install/foxglove_msgs/share/foxglove_msgs/cmake/foxglove_msgsConfig-version.cmake
[0.258s] -- Up-to-date: /home/bolty/ament_ws/src/install/foxglove_msgs/share/foxglove_msgs/package.xml
[0.265s] Invoked command in '/home/bolty/ament_ws/src/build/foxglove_msgs' returned '0': CMAKE_PREFIX_PATH=${CMAKE_PREFIX_PATH}:/home/bolty/ament_ws/src/install/action:/opt/ros/humble /usr/bin/cmake --install /home/bolty/ament_ws/src/build/foxglove_msgs
