[0.920s] Invoking command in '/home/rraina/wato_f1tenth/build/transform_broadcast': CMAKE_PREFIX_PATH=${CMAKE_PREFIX_PATH}:/opt/ros/jazzy /usr/bin/cmake --build /home/rraina/wato_f1tenth/build/transform_broadcast -- -j22 -l22
[1.421s] [100%] Built target transform_broadcast_node
[1.519s] Invoked command in '/home/rraina/wato_f1tenth/build/transform_broadcast' returned '0': CMAKE_PREFIX_PATH=${CMAKE_PREFIX_PATH}:/opt/ros/jazzy /usr/bin/cmake --build /home/rraina/wato_f1tenth/build/transform_broadcast -- -j22 -l22
[1.520s] Invoking command in '/home/rraina/wato_f1tenth/build/transform_broadcast': CMAKE_PREFIX_PATH=${CMAKE_PREFIX_PATH}:/opt/ros/jazzy /usr/bin/cmake --install /home/rraina/wato_f1tenth/build/transform_broadcast
[1.582s] -- Install configuration: ""
[1.586s] -- Installing: /home/rraina/wato_f1tenth/install/transform_broadcast/lib/transform_broadcast/transform_broadcast_node
[1.686s] -- Set non-toolchain portion of runtime path of "/home/rraina/wato_f1tenth/install/transform_broadcast/lib/transform_broadcast/transform_broadcast_node" to ""
[1.688s] -- Installing: /home/rraina/wato_f1tenth/install/transform_broadcast/share/ament_index/resource_index/package_run_dependencies/transform_broadcast
[1.689s] -- Installing: /home/rraina/wato_f1tenth/install/transform_broadcast/share/ament_index/resource_index/parent_prefix_path/transform_broadcast
[1.690s] -- Installing: /home/rraina/wato_f1tenth/install/transform_broadcast/share/transform_broadcast/environment/ament_prefix_path.sh
[1.691s] -- Installing: /home/rraina/wato_f1tenth/install/transform_broadcast/share/transform_broadcast/environment/ament_prefix_path.dsv
[1.692s] -- Installing: /home/rraina/wato_f1tenth/install/transform_broadcast/share/transform_broadcast/environment/path.sh
[1.694s] -- Installing: /home/rraina/wato_f1tenth/install/transform_broadcast/share/transform_broadcast/environment/path.dsv
[1.695s] -- Installing: /home/rraina/wato_f1tenth/install/transform_broadcast/share/transform_broadcast/local_setup.bash
[1.696s] -- Installing: /home/rraina/wato_f1tenth/install/transform_broadcast/share/transform_broadcast/local_setup.sh
[1.698s] -- Installing: /home/rraina/wato_f1tenth/install/transform_broadcast/share/transform_broadcast/local_setup.zsh
[1.699s] -- Installing: /home/rraina/wato_f1tenth/install/transform_broadcast/share/transform_broadcast/local_setup.dsv
[1.700s] -- Installing: /home/rraina/wato_f1tenth/install/transform_broadcast/share/transform_broadcast/package.dsv
[1.703s] -- Installing: /home/rraina/wato_f1tenth/install/transform_broadcast/share/ament_index/resource_index/packages/transform_broadcast
[1.704s] -- Installing: /home/rraina/wato_f1tenth/install/transform_broadcast/share/transform_broadcast/cmake/transform_broadcastConfig.cmake
[1.705s] -- Installing: /home/rraina/wato_f1tenth/install/transform_broadcast/share/transform_broadcast/cmake/transform_broadcastConfig-version.cmake
[1.707s] -- Installing: /home/rraina/wato_f1tenth/install/transform_broadcast/share/transform_broadcast/package.xml
[1.723s] Invoked command in '/home/rraina/wato_f1tenth/build/transform_broadcast' returned '0': CMAKE_PREFIX_PATH=${CMAKE_PREFIX_PATH}:/opt/ros/jazzy /usr/bin/cmake --install /home/rraina/wato_f1tenth/build/transform_broadcast
