[0.016s] Invoking command in '/home/rraina/wato_f1tenth/build/local_planning': CMAKE_PREFIX_PATH=${CMAKE_PREFIX_PATH}:/opt/ros/jazzy /usr/bin/cmake /home/rraina/wato_f1tenth/src/robot/local_planning -DCMAKE_INSTALL_PREFIX=/home/rraina/wato_f1tenth/install/local_planning
[0.090s] -- Found ament_cmake: 2.5.5 (/opt/ros/jazzy/share/ament_cmake/cmake)
[0.125s] -- Found Python3: /usr/bin/python3 (found version "3.12.3") found components: Interpreter 
[0.249s] -- Found rclcpp: 28.1.16 (/opt/ros/jazzy/share/rclcpp/cmake)
[0.553s] -- Found rosidl_generator_c: 4.6.7 (/opt/ros/jazzy/share/rosidl_generator_c/cmake)
[0.569s] -- Found rosidl_generator_cpp: 4.6.7 (/opt/ros/jazzy/share/rosidl_generator_cpp/cmake)
[0.591s] -- Using all available rosidl_typesupport_c: rosidl_typesupport_fastrtps_c;rosidl_typesupport_introspection_c
[0.613s] -- Using all available rosidl_typesupport_cpp: rosidl_typesupport_fastrtps_cpp;rosidl_typesupport_introspection_cpp
[0.714s] -- Found rmw_implementation_cmake: 7.3.3 (/opt/ros/jazzy/share/rmw_implementation_cmake/cmake)
[0.718s] -- Found rmw_fastrtps_cpp: 8.4.3 (/opt/ros/jazzy/share/rmw_fastrtps_cpp/cmake)
[0.998s] -- Using RMW implementation 'rmw_fastrtps_cpp' as default
[1.239s] -- Found rclcpp_action: 28.1.16 (/opt/ros/jazzy/share/rclcpp_action/cmake)
[1.307s] -- Found nav_msgs: 5.3.6 (/opt/ros/jazzy/share/nav_msgs/cmake)
[1.377s] -- Found visualization_msgs: 5.3.6 (/opt/ros/jazzy/share/visualization_msgs/cmake)
[1.441s] -- Found tf2: 0.36.19 (/opt/ros/jazzy/share/tf2/cmake)
[1.448s] -- Found tf2_ros: 0.36.19 (/opt/ros/jazzy/share/tf2_ros/cmake)
[1.531s] -- Found tf2_geometry_msgs: 0.36.19 (/opt/ros/jazzy/share/tf2_geometry_msgs/cmake)
[1.536s] -- Found eigen3_cmake_module: 0.3.0 (/opt/ros/jazzy/share/eigen3_cmake_module/cmake)
[1.537s] -- Ensuring Eigen3 include directory is part of orocos-kdl CMake target
[1.541s] -- Found rosidl_default_generators: 1.6.0 (/opt/ros/jazzy/share/rosidl_default_generators/cmake)
[1.556s] -- Found rosidl_adapter: 4.6.7 (/opt/ros/jazzy/share/rosidl_adapter/cmake)
[1.943s] -- Found ament_cmake_ros: 0.12.0 (/opt/ros/jazzy/share/ament_cmake_ros/cmake)
[2.191s] -- Using all available rosidl_typesupport_c: rosidl_typesupport_fastrtps_c;rosidl_typesupport_introspection_c
[2.278s] -- Using all available rosidl_typesupport_cpp: rosidl_typesupport_fastrtps_cpp;rosidl_typesupport_introspection_cpp
[2.280s] -- Found python_cmake_module: 0.11.1 (/opt/ros/jazzy/share/python_cmake_module/cmake)
[2.543s] -- Found Python3: /usr/bin/python3 (found version "3.12.3") found components: Interpreter Development NumPy Development.Module Development.Embed 
[2.585s] -- Configuring done (2.5s)
[2.644s] -- Generating done (0.0s)
[2.664s] -- Build files have been written to: /home/rraina/wato_f1tenth/build/local_planning
[2.674s] Invoked command in '/home/rraina/wato_f1tenth/build/local_planning' returned '0': CMAKE_PREFIX_PATH=${CMAKE_PREFIX_PATH}:/opt/ros/jazzy /usr/bin/cmake /home/rraina/wato_f1tenth/src/robot/local_planning -DCMAKE_INSTALL_PREFIX=/home/rraina/wato_f1tenth/install/local_planning
[2.675s] Invoking command in '/home/rraina/wato_f1tenth/build/local_planning': CMAKE_PREFIX_PATH=${CMAKE_PREFIX_PATH}:/opt/ros/jazzy /usr/bin/cmake --build /home/rraina/wato_f1tenth/build/local_planning -- -j22 -l22
[2.714s] [  2%] Built target local_planning__rosidl_generator_type_description
[2.722s] [  6%] Built target occupancy_grid_frame_adapter_node
[2.725s] [  6%] Built target ament_cmake_python_copy_local_planning
[2.731s] [  8%] Built target local_planning__cpp
[2.736s] [ 18%] Built target local_planning__rosidl_generator_c
[2.757s] [ 31%] Built target local_planning__rosidl_typesupport_introspection_c
[2.757s] [ 31%] Built target local_planning__rosidl_typesupport_fastrtps_c
[2.759s] [ 43%] Built target local_planning__rosidl_typesupport_cpp
[2.759s] [ 43%] Built target local_planning__rosidl_typesupport_introspection_cpp
[2.759s] [ 50%] Built target local_planning__rosidl_typesupport_fastrtps_cpp
[2.763s] [ 56%] Built target local_planning__rosidl_typesupport_c
[2.781s] [ 56%] Built target local_planning
[2.786s] [ 64%] Built target state_manager_node
[2.786s] [ 81%] Built target hybrid_astar_planner_node
[2.799s] [ 83%] Built target local_planning__py
[2.818s] [ 87%] Built target local_planning__rosidl_generator_py
[2.837s] [ 91%] Built target local_planning_s__rosidl_typesupport_c
[2.838s] [ 95%] Built target local_planning_s__rosidl_typesupport_introspection_c
[2.838s] [100%] Built target local_planning_s__rosidl_typesupport_fastrtps_c
[2.883s] running egg_info
[2.896s] writing local_planning.egg-info/PKG-INFO
[2.896s] writing dependency_links to local_planning.egg-info/dependency_links.txt
[2.896s] writing top-level names to local_planning.egg-info/top_level.txt
[2.933s] reading manifest file 'local_planning.egg-info/SOURCES.txt'
[2.933s] writing manifest file 'local_planning.egg-info/SOURCES.txt'
[2.956s] [100%] Built target ament_cmake_python_build_local_planning_egg
[2.964s] Invoked command in '/home/rraina/wato_f1tenth/build/local_planning' returned '0': CMAKE_PREFIX_PATH=${CMAKE_PREFIX_PATH}:/opt/ros/jazzy /usr/bin/cmake --build /home/rraina/wato_f1tenth/build/local_planning -- -j22 -l22
[2.965s] Invoking command in '/home/rraina/wato_f1tenth/build/local_planning': CMAKE_PREFIX_PATH=${CMAKE_PREFIX_PATH}:/opt/ros/jazzy /usr/bin/cmake --install /home/rraina/wato_f1tenth/build/local_planning
[2.972s] -- Install configuration: ""
[2.973s] -- Up-to-date: /home/rraina/wato_f1tenth/install/local_planning/share/ament_index/resource_index/rosidl_interfaces/local_planning
[2.973s] -- Up-to-date: /home/rraina/wato_f1tenth/install/local_planning/share/local_planning/action/PlanPath.json
[2.974s] -- Up-to-date: /home/rraina/wato_f1tenth/install/local_planning/include/local_planning/local_planning
[2.974s] -- Up-to-date: /home/rraina/wato_f1tenth/install/local_planning/include/local_planning/local_planning/action
[2.974s] -- Up-to-date: /home/rraina/wato_f1tenth/install/local_planning/include/local_planning/local_planning/action/plan_path.h
[2.975s] -- Up-to-date: /home/rraina/wato_f1tenth/install/local_planning/include/local_planning/local_planning/action/detail
[2.975s] -- Up-to-date: /home/rraina/wato_f1tenth/install/local_planning/include/local_planning/local_planning/action/detail/plan_path__functions.h
[2.975s] -- Up-to-date: /home/rraina/wato_f1tenth/install/local_planning/include/local_planning/local_planning/action/detail/plan_path__type_support.h
[2.975s] -- Up-to-date: /home/rraina/wato_f1tenth/install/local_planning/include/local_planning/local_planning/action/detail/plan_path__functions.c
[2.975s] -- Up-to-date: /home/rraina/wato_f1tenth/install/local_planning/include/local_planning/local_planning/action/detail/plan_path__struct.h
[2.976s] -- Installing: /home/rraina/wato_f1tenth/install/local_planning/include/local_planning/local_planning/action/detail/plan_path__type_support.c
[2.976s] -- Up-to-date: /home/rraina/wato_f1tenth/install/local_planning/include/local_planning/local_planning/action/detail/plan_path__description.c
[2.976s] -- Up-to-date: /home/rraina/wato_f1tenth/install/local_planning/include/local_planning/local_planning/msg
[2.976s] -- Up-to-date: /home/rraina/wato_f1tenth/install/local_planning/include/local_planning/local_planning/msg/rosidl_generator_c__visibility_control.h
[2.976s] -- Up-to-date: /home/rraina/wato_f1tenth/install/local_planning/share/local_planning/environment/library_path.sh
[2.976s] -- Up-to-date: /home/rraina/wato_f1tenth/install/local_planning/share/local_planning/environment/library_path.dsv
[2.976s] -- Up-to-date: /home/rraina/wato_f1tenth/install/local_planning/lib/liblocal_planning__rosidl_generator_c.so
[2.976s] -- Up-to-date: /home/rraina/wato_f1tenth/install/local_planning/include/local_planning/local_planning
[2.976s] -- Up-to-date: /home/rraina/wato_f1tenth/install/local_planning/include/local_planning/local_planning/action
[2.977s] -- Up-to-date: /home/rraina/wato_f1tenth/install/local_planning/include/local_planning/local_planning/action/detail
[2.977s] -- Up-to-date: /home/rraina/wato_f1tenth/install/local_planning/include/local_planning/local_planning/action/detail/plan_path__rosidl_typesupport_fastrtps_c.h
[2.977s] -- Up-to-date: /home/rraina/wato_f1tenth/install/local_planning/include/local_planning/local_planning/msg
[2.977s] -- Up-to-date: /home/rraina/wato_f1tenth/install/local_planning/include/local_planning/local_planning/msg/rosidl_typesupport_fastrtps_c__visibility_control.h
[2.977s] -- Up-to-date: /home/rraina/wato_f1tenth/install/local_planning/lib/liblocal_planning__rosidl_typesupport_fastrtps_c.so
[2.977s] -- Up-to-date: /home/rraina/wato_f1tenth/install/local_planning/include/local_planning/local_planning
[2.977s] -- Up-to-date: /home/rraina/wato_f1tenth/install/local_planning/include/local_planning/local_planning/action
[2.977s] -- Up-to-date: /home/rraina/wato_f1tenth/install/local_planning/include/local_planning/local_planning/action/detail
[2.977s] -- Up-to-date: /home/rraina/wato_f1tenth/install/local_planning/include/local_planning/local_planning/action/detail/plan_path__type_support.hpp
[2.977s] -- Up-to-date: /home/rraina/wato_f1tenth/install/local_planning/include/local_planning/local_planning/action/detail/plan_path__builder.hpp
[2.977s] -- Up-to-date: /home/rraina/wato_f1tenth/install/local_planning/include/local_planning/local_planning/action/detail/plan_path__traits.hpp
[2.977s] -- Up-to-date: /home/rraina/wato_f1tenth/install/local_planning/include/local_planning/local_planning/action/detail/plan_path__struct.hpp
[2.977s] -- Up-to-date: /home/rraina/wato_f1tenth/install/local_planning/include/local_planning/local_planning/action/plan_path.hpp
[2.977s] -- Up-to-date: /home/rraina/wato_f1tenth/install/local_planning/include/local_planning/local_planning/msg
[2.978s] -- Up-to-date: /home/rraina/wato_f1tenth/install/local_planning/include/local_planning/local_planning/msg/rosidl_generator_cpp__visibility_control.hpp
[2.978s] -- Up-to-date: /home/rraina/wato_f1tenth/install/local_planning/include/local_planning/local_planning
[2.978s] -- Up-to-date: /home/rraina/wato_f1tenth/install/local_planning/include/local_planning/local_planning/action
[2.978s] -- Up-to-date: /home/rraina/wato_f1tenth/install/local_planning/include/local_planning/local_planning/action/detail
[2.978s] -- Up-to-date: /home/rraina/wato_f1tenth/install/local_planning/include/local_planning/local_planning/action/detail/plan_path__rosidl_typesupport_fastrtps_cpp.hpp
[2.978s] -- Up-to-date: /home/rraina/wato_f1tenth/install/local_planning/include/local_planning/local_planning/action/detail/dds_fastrtps
[2.978s] -- Up-to-date: /home/rraina/wato_f1tenth/install/local_planning/include/local_planning/local_planning/msg
[2.978s] -- Up-to-date: /home/rraina/wato_f1tenth/install/local_planning/include/local_planning/local_planning/msg/rosidl_typesupport_fastrtps_cpp__visibility_control.h
[2.978s] -- Up-to-date: /home/rraina/wato_f1tenth/install/local_planning/lib/liblocal_planning__rosidl_typesupport_fastrtps_cpp.so
[2.978s] -- Up-to-date: /home/rraina/wato_f1tenth/install/local_planning/include/local_planning/local_planning
[2.978s] -- Up-to-date: /home/rraina/wato_f1tenth/install/local_planning/include/local_planning/local_planning/action
[2.978s] -- Up-to-date: /home/rraina/wato_f1tenth/install/local_planning/include/local_planning/local_planning/action/detail
[2.978s] -- Up-to-date: /home/rraina/wato_f1tenth/install/local_planning/include/local_planning/local_planning/action/detail/plan_path__rosidl_typesupport_introspection_c.h
[2.978s] -- Installing: /home/rraina/wato_f1tenth/install/local_planning/include/local_planning/local_planning/action/detail/plan_path__type_support.c
[2.979s] -- Up-to-date: /home/rraina/wato_f1tenth/install/local_planning/include/local_planning/local_planning/msg
[2.979s] -- Up-to-date: /home/rraina/wato_f1tenth/install/local_planning/include/local_planning/local_planning/msg/rosidl_typesupport_introspection_c__visibility_control.h
[2.979s] -- Up-to-date: /home/rraina/wato_f1tenth/install/local_planning/lib/liblocal_planning__rosidl_typesupport_introspection_c.so
[2.979s] -- Up-to-date: /home/rraina/wato_f1tenth/install/local_planning/lib/liblocal_planning__rosidl_typesupport_c.so
[2.979s] -- Up-to-date: /home/rraina/wato_f1tenth/install/local_planning/include/local_planning/local_planning
[2.979s] -- Up-to-date: /home/rraina/wato_f1tenth/install/local_planning/include/local_planning/local_planning/action
[2.979s] -- Up-to-date: /home/rraina/wato_f1tenth/install/local_planning/include/local_planning/local_planning/action/detail
[2.979s] -- Up-to-date: /home/rraina/wato_f1tenth/install/local_planning/include/local_planning/local_planning/action/detail/plan_path__rosidl_typesupport_introspection_cpp.hpp
[2.979s] -- Up-to-date: /home/rraina/wato_f1tenth/install/local_planning/include/local_planning/local_planning/action/detail/plan_path__type_support.cpp
[2.979s] -- Up-to-date: /home/rraina/wato_f1tenth/install/local_planning/lib/liblocal_planning__rosidl_typesupport_introspection_cpp.so
[2.979s] -- Up-to-date: /home/rraina/wato_f1tenth/install/local_planning/lib/liblocal_planning__rosidl_typesupport_cpp.so
[2.979s] -- Up-to-date: /home/rraina/wato_f1tenth/install/local_planning/share/local_planning/environment/pythonpath.sh
[2.980s] -- Up-to-date: /home/rraina/wato_f1tenth/install/local_planning/share/local_planning/environment/pythonpath.dsv
[2.980s] -- Up-to-date: /home/rraina/wato_f1tenth/install/local_planning/lib/python3.12/site-packages/local_planning-0.0.0-py3.12.egg-info
[2.980s] -- Installing: /home/rraina/wato_f1tenth/install/local_planning/lib/python3.12/site-packages/local_planning-0.0.0-py3.12.egg-info/top_level.txt
[2.980s] -- Installing: /home/rraina/wato_f1tenth/install/local_planning/lib/python3.12/site-packages/local_planning-0.0.0-py3.12.egg-info/dependency_links.txt
[2.980s] -- Installing: /home/rraina/wato_f1tenth/install/local_planning/lib/python3.12/site-packages/local_planning-0.0.0-py3.12.egg-info/PKG-INFO
[2.980s] -- Installing: /home/rraina/wato_f1tenth/install/local_planning/lib/python3.12/site-packages/local_planning-0.0.0-py3.12.egg-info/SOURCES.txt
[2.980s] -- Up-to-date: /home/rraina/wato_f1tenth/install/local_planning/lib/python3.12/site-packages/local_planning
[2.980s] -- Up-to-date: /home/rraina/wato_f1tenth/install/local_planning/lib/python3.12/site-packages/local_planning/_local_planning_s.ep.rosidl_typesupport_fastrtps_c.c
[2.980s] -- Up-to-date: /home/rraina/wato_f1tenth/install/local_planning/lib/python3.12/site-packages/local_planning/local_planning_s__rosidl_typesupport_c.so
[2.980s] -- Up-to-date: /home/rraina/wato_f1tenth/install/local_planning/lib/python3.12/site-packages/local_planning/_local_planning_s.ep.rosidl_typesupport_introspection_c.c
[2.980s] -- Up-to-date: /home/rraina/wato_f1tenth/install/local_planning/lib/python3.12/site-packages/local_planning/local_planning_s__rosidl_typesupport_fastrtps_c.so
[2.980s] -- Up-to-date: /home/rraina/wato_f1tenth/install/local_planning/lib/python3.12/site-packages/local_planning/_local_planning_s.ep.rosidl_typesupport_c.c
[2.980s] -- Up-to-date: /home/rraina/wato_f1tenth/install/local_planning/lib/python3.12/site-packages/local_planning/local_planning_s__rosidl_typesupport_introspection_c.so
[2.980s] -- Installing: /home/rraina/wato_f1tenth/install/local_planning/lib/python3.12/site-packages/local_planning/__init__.py
[2.981s] -- Up-to-date: /home/rraina/wato_f1tenth/install/local_planning/lib/python3.12/site-packages/local_planning/action
[2.981s] -- Up-to-date: /home/rraina/wato_f1tenth/install/local_planning/lib/python3.12/site-packages/local_planning/action/_plan_path_s.c
[2.981s] -- Up-to-date: /home/rraina/wato_f1tenth/install/local_planning/lib/python3.12/site-packages/local_planning/action/__init__.py
[2.981s] -- Up-to-date: /home/rraina/wato_f1tenth/install/local_planning/lib/python3.12/site-packages/local_planning/action/_plan_path.py
[3.005s] Listing '/home/rraina/wato_f1tenth/install/local_planning/lib/python3.12/site-packages/local_planning'...
[3.005s] Compiling '/home/rraina/wato_f1tenth/install/local_planning/lib/python3.12/site-packages/local_planning/__init__.py'...
[3.005s] Listing '/home/rraina/wato_f1tenth/install/local_planning/lib/python3.12/site-packages/local_planning/action'...
[3.009s] -- Up-to-date: /home/rraina/wato_f1tenth/install/local_planning/lib/python3.12/site-packages/local_planning/local_planning_s__rosidl_typesupport_fastrtps_c.so
[3.010s] -- Up-to-date: /home/rraina/wato_f1tenth/install/local_planning/lib/python3.12/site-packages/local_planning/local_planning_s__rosidl_typesupport_introspection_c.so
[3.010s] -- Up-to-date: /home/rraina/wato_f1tenth/install/local_planning/lib/python3.12/site-packages/local_planning/local_planning_s__rosidl_typesupport_c.so
[3.010s] -- Up-to-date: /home/rraina/wato_f1tenth/install/local_planning/lib/liblocal_planning__rosidl_generator_py.so
[3.010s] -- Up-to-date: /home/rraina/wato_f1tenth/install/local_planning/share/local_planning/action/PlanPath.idl
[3.011s] -- Up-to-date: /home/rraina/wato_f1tenth/install/local_planning/share/local_planning/action/PlanPath.action
[3.012s] -- Up-to-date: /home/rraina/wato_f1tenth/install/local_planning/lib/local_planning/state_manager_node
[3.012s] -- Up-to-date: /home/rraina/wato_f1tenth/install/local_planning/lib/local_planning/hybrid_astar_planner_node
[3.012s] -- Up-to-date: /home/rraina/wato_f1tenth/install/local_planning/lib/local_planning/occupancy_grid_frame_adapter_node
[3.012s] -- Up-to-date: /home/rraina/wato_f1tenth/install/local_planning/share/local_planning/config
[3.012s] -- Up-to-date: /home/rraina/wato_f1tenth/install/local_planning/share/local_planning/config/hybrid_astar_planner.yaml
[3.012s] -- Up-to-date: /home/rraina/wato_f1tenth/install/local_planning/share/ament_index/resource_index/package_run_dependencies/local_planning
[3.012s] -- Up-to-date: /home/rraina/wato_f1tenth/install/local_planning/share/ament_index/resource_index/parent_prefix_path/local_planning
[3.012s] -- Up-to-date: /home/rraina/wato_f1tenth/install/local_planning/share/local_planning/environment/ament_prefix_path.sh
[3.012s] -- Up-to-date: /home/rraina/wato_f1tenth/install/local_planning/share/local_planning/environment/ament_prefix_path.dsv
[3.012s] -- Up-to-date: /home/rraina/wato_f1tenth/install/local_planning/share/local_planning/environment/path.sh
[3.012s] -- Up-to-date: /home/rraina/wato_f1tenth/install/local_planning/share/local_planning/environment/path.dsv
[3.012s] -- Up-to-date: /home/rraina/wato_f1tenth/install/local_planning/share/local_planning/local_setup.bash
[3.012s] -- Up-to-date: /home/rraina/wato_f1tenth/install/local_planning/share/local_planning/local_setup.sh
[3.012s] -- Up-to-date: /home/rraina/wato_f1tenth/install/local_planning/share/local_planning/local_setup.zsh
[3.012s] -- Up-to-date: /home/rraina/wato_f1tenth/install/local_planning/share/local_planning/local_setup.dsv
[3.013s] -- Installing: /home/rraina/wato_f1tenth/install/local_planning/share/local_planning/package.dsv
[3.013s] -- Up-to-date: /home/rraina/wato_f1tenth/install/local_planning/share/ament_index/resource_index/packages/local_planning
[3.013s] -- Up-to-date: /home/rraina/wato_f1tenth/install/local_planning/share/local_planning/cmake/export_local_planning__rosidl_generator_cExport.cmake
[3.013s] -- Up-to-date: /home/rraina/wato_f1tenth/install/local_planning/share/local_planning/cmake/export_local_planning__rosidl_generator_cExport-noconfig.cmake
[3.013s] -- Up-to-date: /home/rraina/wato_f1tenth/install/local_planning/share/local_planning/cmake/export_local_planning__rosidl_typesupport_fastrtps_cExport.cmake
[3.013s] -- Up-to-date: /home/rraina/wato_f1tenth/install/local_planning/share/local_planning/cmake/export_local_planning__rosidl_typesupport_fastrtps_cExport-noconfig.cmake
[3.013s] -- Up-to-date: /home/rraina/wato_f1tenth/install/local_planning/share/local_planning/cmake/export_local_planning__rosidl_generator_cppExport.cmake
[3.013s] -- Up-to-date: /home/rraina/wato_f1tenth/install/local_planning/share/local_planning/cmake/export_local_planning__rosidl_typesupport_fastrtps_cppExport.cmake
[3.013s] -- Up-to-date: /home/rraina/wato_f1tenth/install/local_planning/share/local_planning/cmake/export_local_planning__rosidl_typesupport_fastrtps_cppExport-noconfig.cmake
[3.013s] -- Up-to-date: /home/rraina/wato_f1tenth/install/local_planning/share/local_planning/cmake/local_planning__rosidl_typesupport_introspection_cExport.cmake
[3.013s] -- Up-to-date: /home/rraina/wato_f1tenth/install/local_planning/share/local_planning/cmake/local_planning__rosidl_typesupport_introspection_cExport-noconfig.cmake
[3.013s] -- Up-to-date: /home/rraina/wato_f1tenth/install/local_planning/share/local_planning/cmake/local_planning__rosidl_typesupport_cExport.cmake
[3.013s] -- Up-to-date: /home/rraina/wato_f1tenth/install/local_planning/share/local_planning/cmake/local_planning__rosidl_typesupport_cExport-noconfig.cmake
[3.013s] -- Up-to-date: /home/rraina/wato_f1tenth/install/local_planning/share/local_planning/cmake/local_planning__rosidl_typesupport_introspection_cppExport.cmake
[3.013s] -- Up-to-date: /home/rraina/wato_f1tenth/install/local_planning/share/local_planning/cmake/local_planning__rosidl_typesupport_introspection_cppExport-noconfig.cmake
[3.014s] -- Up-to-date: /home/rraina/wato_f1tenth/install/local_planning/share/local_planning/cmake/local_planning__rosidl_typesupport_cppExport.cmake
[3.015s] -- Up-to-date: /home/rraina/wato_f1tenth/install/local_planning/share/local_planning/cmake/local_planning__rosidl_typesupport_cppExport-noconfig.cmake
[3.016s] -- Up-to-date: /home/rraina/wato_f1tenth/install/local_planning/share/local_planning/cmake/export_local_planning__rosidl_generator_pyExport.cmake
[3.016s] -- Up-to-date: /home/rraina/wato_f1tenth/install/local_planning/share/local_planning/cmake/export_local_planning__rosidl_generator_pyExport-noconfig.cmake
[3.017s] -- Up-to-date: /home/rraina/wato_f1tenth/install/local_planning/share/local_planning/cmake/rosidl_cmake-extras.cmake
[3.017s] -- Up-to-date: /home/rraina/wato_f1tenth/install/local_planning/share/local_planning/cmake/ament_cmake_export_dependencies-extras.cmake
[3.017s] -- Up-to-date: /home/rraina/wato_f1tenth/install/local_planning/share/local_planning/cmake/ament_cmake_export_include_directories-extras.cmake
[3.017s] -- Up-to-date: /home/rraina/wato_f1tenth/install/local_planning/share/local_planning/cmake/ament_cmake_export_libraries-extras.cmake
[3.018s] -- Up-to-date: /home/rraina/wato_f1tenth/install/local_planning/share/local_planning/cmake/ament_cmake_export_targets-extras.cmake
[3.018s] -- Up-to-date: /home/rraina/wato_f1tenth/install/local_planning/share/local_planning/cmake/rosidl_cmake_export_typesupport_targets-extras.cmake
[3.018s] -- Up-to-date: /home/rraina/wato_f1tenth/install/local_planning/share/local_planning/cmake/rosidl_cmake_export_typesupport_libraries-extras.cmake
[3.019s] -- Up-to-date: /home/rraina/wato_f1tenth/install/local_planning/share/local_planning/cmake/local_planningConfig.cmake
[3.020s] -- Up-to-date: /home/rraina/wato_f1tenth/install/local_planning/share/local_planning/cmake/local_planningConfig-version.cmake
[3.020s] -- Up-to-date: /home/rraina/wato_f1tenth/install/local_planning/share/local_planning/package.xml
[3.020s] Invoked command in '/home/rraina/wato_f1tenth/build/local_planning' returned '0': CMAKE_PREFIX_PATH=${CMAKE_PREFIX_PATH}:/opt/ros/jazzy /usr/bin/cmake --install /home/rraina/wato_f1tenth/build/local_planning
