[ 50%] Built target keyboard_converter
[100%] Built target joypad_node
-- Install configuration: ""
-- Installing: /home/rraina/wato_f1tenth/install/teleop_utils/lib/teleop_utils/joypad_node
-- Set non-toolchain portion of runtime path of "/home/rraina/wato_f1tenth/install/teleop_utils/lib/teleop_utils/joypad_node" to ""
-- Installing: /home/rraina/wato_f1tenth/install/teleop_utils/lib/teleop_utils/keyboard_converter
-- Set non-toolchain portion of runtime path of "/home/rraina/wato_f1tenth/install/teleop_utils/lib/teleop_utils/keyboard_converter" to ""
-- Installing: /home/rraina/wato_f1tenth/install/teleop_utils/share/teleop_utils//launch
-- Installing: /home/rraina/wato_f1tenth/install/teleop_utils/share/teleop_utils//launch/gamepad.launch.py
-- Installing: /home/rraina/wato_f1tenth/install/teleop_utils/share/teleop_utils//config
-- Installing: /home/rraina/wato_f1tenth/install/teleop_utils/share/teleop_utils//config/joypad_config.yaml
-- Installing: /home/rraina/wato_f1tenth/install/teleop_utils/share/ament_index/resource_index/package_run_dependencies/teleop_utils
-- Installing: /home/rraina/wato_f1tenth/install/teleop_utils/share/ament_index/resource_index/parent_prefix_path/teleop_utils
-- Installing: /home/rraina/wato_f1tenth/install/teleop_utils/share/teleop_utils/environment/ament_prefix_path.sh
-- Installing: /home/rraina/wato_f1tenth/install/teleop_utils/share/teleop_utils/environment/ament_prefix_path.dsv
-- Installing: /home/rraina/wato_f1tenth/install/teleop_utils/share/teleop_utils/environment/path.sh
-- Installing: /home/rraina/wato_f1tenth/install/teleop_utils/share/teleop_utils/environment/path.dsv
-- Installing: /home/rraina/wato_f1tenth/install/teleop_utils/share/teleop_utils/local_setup.bash
-- Installing: /home/rraina/wato_f1tenth/install/teleop_utils/share/teleop_utils/local_setup.sh
-- Installing: /home/rraina/wato_f1tenth/install/teleop_utils/share/teleop_utils/local_setup.zsh
-- Installing: /home/rraina/wato_f1tenth/install/teleop_utils/share/teleop_utils/local_setup.dsv
-- Installing: /home/rraina/wato_f1tenth/install/teleop_utils/share/teleop_utils/package.dsv
-- Installing: /home/rraina/wato_f1tenth/install/teleop_utils/share/ament_index/resource_index/packages/teleop_utils
-- Installing: /home/rraina/wato_f1tenth/install/teleop_utils/share/teleop_utils/cmake/teleop_utilsConfig.cmake
-- Installing: /home/rraina/wato_f1tenth/install/teleop_utils/share/teleop_utils/cmake/teleop_utilsConfig-version.cmake
-- Installing: /home/rraina/wato_f1tenth/install/teleop_utils/share/teleop_utils/package.xml
