[0.919s] Invoking command in '/home/rraina/wato_f1tenth/build/teleop_utils': CMAKE_PREFIX_PATH=${CMAKE_PREFIX_PATH}:/opt/ros/jazzy /usr/bin/cmake --build /home/rraina/wato_f1tenth/build/teleop_utils -- -j22 -l22
[1.386s] [ 50%] Built target keyboard_converter
[1.387s] [100%] Built target joypad_node
[1.459s] Invoked command in '/home/rraina/wato_f1tenth/build/teleop_utils' returned '0': CMAKE_PREFIX_PATH=${CMAKE_PREFIX_PATH}:/opt/ros/jazzy /usr/bin/cmake --build /home/rraina/wato_f1tenth/build/teleop_utils -- -j22 -l22
[1.461s] Invoking command in '/home/rraina/wato_f1tenth/build/teleop_utils': CMAKE_PREFIX_PATH=${CMAKE_PREFIX_PATH}:/opt/ros/jazzy /usr/bin/cmake --install /home/rraina/wato_f1tenth/build/teleop_utils
[1.561s] -- Install configuration: ""
[1.561s] -- Installing: /home/rraina/wato_f1tenth/install/teleop_utils/lib/teleop_utils/joypad_node
[1.562s] -- Set non-toolchain portion of runtime path of "/home/rraina/wato_f1tenth/install/teleop_utils/lib/teleop_utils/joypad_node" to ""
[1.562s] -- Installing: /home/rraina/wato_f1tenth/install/teleop_utils/lib/teleop_utils/keyboard_converter
[1.562s] -- Set non-toolchain portion of runtime path of "/home/rraina/wato_f1tenth/install/teleop_utils/lib/teleop_utils/keyboard_converter" to ""
[1.562s] -- Installing: /home/rraina/wato_f1tenth/install/teleop_utils/share/teleop_utils//launch
[1.562s] -- Installing: /home/rraina/wato_f1tenth/install/teleop_utils/share/teleop_utils//launch/gamepad.launch.py
[1.563s] -- Installing: /home/rraina/wato_f1tenth/install/teleop_utils/share/teleop_utils//config
[1.564s] -- Installing: /home/rraina/wato_f1tenth/install/teleop_utils/share/teleop_utils//config/joypad_config.yaml
[1.564s] -- Installing: /home/rraina/wato_f1tenth/install/teleop_utils/share/ament_index/resource_index/package_run_dependencies/teleop_utils
[1.565s] -- Installing: /home/rraina/wato_f1tenth/install/teleop_utils/share/ament_index/resource_index/parent_prefix_path/teleop_utils
[1.565s] -- Installing: /home/rraina/wato_f1tenth/install/teleop_utils/share/teleop_utils/environment/ament_prefix_path.sh
[1.565s] -- Installing: /home/rraina/wato_f1tenth/install/teleop_utils/share/teleop_utils/environment/ament_prefix_path.dsv
[1.565s] -- Installing: /home/rraina/wato_f1tenth/install/teleop_utils/share/teleop_utils/environment/path.sh
[1.566s] -- Installing: /home/rraina/wato_f1tenth/install/teleop_utils/share/teleop_utils/environment/path.dsv
[1.566s] -- Installing: /home/rraina/wato_f1tenth/install/teleop_utils/share/teleop_utils/local_setup.bash
[1.566s] -- Installing: /home/rraina/wato_f1tenth/install/teleop_utils/share/teleop_utils/local_setup.sh
[1.566s] -- Installing: /home/rraina/wato_f1tenth/install/teleop_utils/share/teleop_utils/local_setup.zsh
[1.567s] -- Installing: /home/rraina/wato_f1tenth/install/teleop_utils/share/teleop_utils/local_setup.dsv
[1.567s] -- Installing: /home/rraina/wato_f1tenth/install/teleop_utils/share/teleop_utils/package.dsv
[1.568s] -- Installing: /home/rraina/wato_f1tenth/install/teleop_utils/share/ament_index/resource_index/packages/teleop_utils
[1.572s] -- Installing: /home/rraina/wato_f1tenth/install/teleop_utils/share/teleop_utils/cmake/teleop_utilsConfig.cmake
[1.573s] -- Installing: /home/rraina/wato_f1tenth/install/teleop_utils/share/teleop_utils/cmake/teleop_utilsConfig-version.cmake
[1.574s] -- Installing: /home/rraina/wato_f1tenth/install/teleop_utils/share/teleop_utils/package.xml
[1.615s] Invoked command in '/home/rraina/wato_f1tenth/build/teleop_utils' returned '0': CMAKE_PREFIX_PATH=${CMAKE_PREFIX_PATH}:/opt/ros/jazzy /usr/bin/cmake --install /home/rraina/wato_f1tenth/build/teleop_utils
