[0.519s] Invoking command in '/home/rraina/wato_f1tenth/build/local_planning': CMAKE_PREFIX_PATH=${CMAKE_PREFIX_PATH}:/opt/ros/jazzy /usr/bin/cmake --build /home/rraina/wato_f1tenth/build/local_planning -- -j22 -l22
[0.969s] [  2%] Built target local_planning__rosidl_generator_type_description
[0.969s] [  6%] Built target occupancy_grid_frame_adapter_node
[0.969s] [  6%] Built target ament_cmake_python_copy_local_planning
[0.970s] [  8%] Built target local_planning__cpp
[0.970s] [ 18%] Built target local_planning__rosidl_generator_c
[0.971s] [ 43%] Built target local_planning__rosidl_typesupport_fastrtps_c
[0.971s] [ 43%] Built target local_planning__rosidl_typesupport_c
[0.972s] [ 43%] Built target local_planning__rosidl_typesupport_cpp
[0.972s] [ 43%] Built target local_planning__rosidl_typesupport_introspection_c
[0.972s] [ 56%] Built target local_planning__rosidl_typesupport_introspection_cpp
[0.972s] [ 54%] Built target local_planning__rosidl_typesupport_fastrtps_cpp
[0.973s] [ 56%] Built target local_planning
[0.973s] [ 72%] Built target state_manager_node
[0.973s] [ 81%] Built target hybrid_astar_planner_node
[0.973s] [ 83%] Built target local_planning__py
[0.974s] [ 87%] Built target local_planning__rosidl_generator_py
[0.974s] [ 95%] Built target local_planning_s__rosidl_typesupport_fastrtps_c
[0.974s] [ 95%] Built target local_planning_s__rosidl_typesupport_introspection_c
[0.975s] [100%] Built target local_planning_s__rosidl_typesupport_c
[1.442s] running egg_info
[1.442s] writing local_planning.egg-info/PKG-INFO
[1.443s] writing dependency_links to local_planning.egg-info/dependency_links.txt
[1.443s] writing top-level names to local_planning.egg-info/top_level.txt
[1.570s] reading manifest file 'local_planning.egg-info/SOURCES.txt'
[1.571s] writing manifest file 'local_planning.egg-info/SOURCES.txt'
[1.571s] [100%] Built target ament_cmake_python_build_local_planning_egg
[1.573s] Invoked command in '/home/rraina/wato_f1tenth/build/local_planning' returned '0': CMAKE_PREFIX_PATH=${CMAKE_PREFIX_PATH}:/opt/ros/jazzy /usr/bin/cmake --build /home/rraina/wato_f1tenth/build/local_planning -- -j22 -l22
[1.575s] Invoking command in '/home/rraina/wato_f1tenth/build/local_planning': CMAKE_PREFIX_PATH=${CMAKE_PREFIX_PATH}:/opt/ros/jazzy /usr/bin/cmake --install /home/rraina/wato_f1tenth/build/local_planning
[1.679s] -- Install configuration: ""
[1.680s] -- Up-to-date: /home/rraina/wato_f1tenth/install/local_planning/share/ament_index/resource_index/rosidl_interfaces/local_planning
[1.680s] -- Up-to-date: /home/rraina/wato_f1tenth/install/local_planning/share/local_planning/action/PlanPath.json
[1.681s] -- Up-to-date: /home/rraina/wato_f1tenth/install/local_planning/include/local_planning/local_planning
[1.681s] -- Up-to-date: /home/rraina/wato_f1tenth/install/local_planning/include/local_planning/local_planning/action
[1.682s] -- Up-to-date: /home/rraina/wato_f1tenth/install/local_planning/include/local_planning/local_planning/action/plan_path.h
[1.682s] -- Up-to-date: /home/rraina/wato_f1tenth/install/local_planning/include/local_planning/local_planning/action/detail
[1.684s] -- Up-to-date: /home/rraina/wato_f1tenth/install/local_planning/include/local_planning/local_planning/action/detail/plan_path__functions.h
[1.684s] -- Up-to-date: /home/rraina/wato_f1tenth/install/local_planning/include/local_planning/local_planning/action/detail/plan_path__type_support.h
[1.685s] -- Up-to-date: /home/rraina/wato_f1tenth/install/local_planning/include/local_planning/local_planning/action/detail/plan_path__functions.c
[1.686s] -- Up-to-date: /home/rraina/wato_f1tenth/install/local_planning/include/local_planning/local_planning/action/detail/plan_path__struct.h
[1.687s] -- Installing: /home/rraina/wato_f1tenth/install/local_planning/include/local_planning/local_planning/action/detail/plan_path__type_support.c
[1.687s] -- Up-to-date: /home/rraina/wato_f1tenth/install/local_planning/include/local_planning/local_planning/action/detail/plan_path__description.c
[1.687s] -- Up-to-date: /home/rraina/wato_f1tenth/install/local_planning/include/local_planning/local_planning/msg
[1.688s] -- Up-to-date: /home/rraina/wato_f1tenth/install/local_planning/include/local_planning/local_planning/msg/rosidl_generator_c__visibility_control.h
[1.689s] -- Up-to-date: /home/rraina/wato_f1tenth/install/local_planning/share/local_planning/environment/library_path.sh
[1.689s] -- Up-to-date: /home/rraina/wato_f1tenth/install/local_planning/share/local_planning/environment/library_path.dsv
[1.689s] -- Up-to-date: /home/rraina/wato_f1tenth/install/local_planning/lib/liblocal_planning__rosidl_generator_c.so
[1.689s] -- Up-to-date: /home/rraina/wato_f1tenth/install/local_planning/include/local_planning/local_planning
[1.690s] -- Up-to-date: /home/rraina/wato_f1tenth/install/local_planning/include/local_planning/local_planning/action
[1.690s] -- Up-to-date: /home/rraina/wato_f1tenth/install/local_planning/include/local_planning/local_planning/action/detail
[1.690s] -- Up-to-date: /home/rraina/wato_f1tenth/install/local_planning/include/local_planning/local_planning/action/detail/plan_path__rosidl_typesupport_fastrtps_c.h
[1.690s] -- Up-to-date: /home/rraina/wato_f1tenth/install/local_planning/include/local_planning/local_planning/msg
[1.690s] -- Up-to-date: /home/rraina/wato_f1tenth/install/local_planning/include/local_planning/local_planning/msg/rosidl_typesupport_fastrtps_c__visibility_control.h
[1.690s] -- Up-to-date: /home/rraina/wato_f1tenth/install/local_planning/lib/liblocal_planning__rosidl_typesupport_fastrtps_c.so
[1.690s] -- Up-to-date: /home/rraina/wato_f1tenth/install/local_planning/include/local_planning/local_planning
[1.691s] -- Up-to-date: /home/rraina/wato_f1tenth/install/local_planning/include/local_planning/local_planning/action
[1.691s] -- Up-to-date: /home/rraina/wato_f1tenth/install/local_planning/include/local_planning/local_planning/action/detail
[1.691s] -- Up-to-date: /home/rraina/wato_f1tenth/install/local_planning/include/local_planning/local_planning/action/detail/plan_path__type_support.hpp
[1.691s] -- Up-to-date: /home/rraina/wato_f1tenth/install/local_planning/include/local_planning/local_planning/action/detail/plan_path__builder.hpp
[1.691s] -- Up-to-date: /home/rraina/wato_f1tenth/install/local_planning/include/local_planning/local_planning/action/detail/plan_path__traits.hpp
[1.692s] -- Up-to-date: /home/rraina/wato_f1tenth/install/local_planning/include/local_planning/local_planning/action/detail/plan_path__struct.hpp
[1.693s] -- Up-to-date: /home/rraina/wato_f1tenth/install/local_planning/include/local_planning/local_planning/action/plan_path.hpp
[1.693s] -- Up-to-date: /home/rraina/wato_f1tenth/install/local_planning/include/local_planning/local_planning/msg
[1.694s] -- Up-to-date: /home/rraina/wato_f1tenth/install/local_planning/include/local_planning/local_planning/msg/rosidl_generator_cpp__visibility_control.hpp
[1.694s] -- Up-to-date: /home/rraina/wato_f1tenth/install/local_planning/include/local_planning/local_planning
[1.694s] -- Up-to-date: /home/rraina/wato_f1tenth/install/local_planning/include/local_planning/local_planning/action
[1.694s] -- Up-to-date: /home/rraina/wato_f1tenth/install/local_planning/include/local_planning/local_planning/action/detail
[1.694s] -- Up-to-date: /home/rraina/wato_f1tenth/install/local_planning/include/local_planning/local_planning/action/detail/plan_path__rosidl_typesupport_fastrtps_cpp.hpp
[1.695s] -- Up-to-date: /home/rraina/wato_f1tenth/install/local_planning/include/local_planning/local_planning/action/detail/dds_fastrtps
[1.696s] -- Up-to-date: /home/rraina/wato_f1tenth/install/local_planning/include/local_planning/local_planning/msg
[1.696s] -- Up-to-date: /home/rraina/wato_f1tenth/install/local_planning/include/local_planning/local_planning/msg/rosidl_typesupport_fastrtps_cpp__visibility_control.h
[1.697s] -- Up-to-date: /home/rraina/wato_f1tenth/install/local_planning/lib/liblocal_planning__rosidl_typesupport_fastrtps_cpp.so
[1.697s] -- Up-to-date: /home/rraina/wato_f1tenth/install/local_planning/include/local_planning/local_planning
[1.697s] -- Up-to-date: /home/rraina/wato_f1tenth/install/local_planning/include/local_planning/local_planning/action
[1.697s] -- Up-to-date: /home/rraina/wato_f1tenth/install/local_planning/include/local_planning/local_planning/action/detail
[1.697s] -- Up-to-date: /home/rraina/wato_f1tenth/install/local_planning/include/local_planning/local_planning/action/detail/plan_path__rosidl_typesupport_introspection_c.h
[1.697s] -- Installing: /home/rraina/wato_f1tenth/install/local_planning/include/local_planning/local_planning/action/detail/plan_path__type_support.c
[1.698s] -- Up-to-date: /home/rraina/wato_f1tenth/install/local_planning/include/local_planning/local_planning/msg
[1.698s] -- Up-to-date: /home/rraina/wato_f1tenth/install/local_planning/include/local_planning/local_planning/msg/rosidl_typesupport_introspection_c__visibility_control.h
[1.699s] -- Up-to-date: /home/rraina/wato_f1tenth/install/local_planning/lib/liblocal_planning__rosidl_typesupport_introspection_c.so
[1.699s] -- Up-to-date: /home/rraina/wato_f1tenth/install/local_planning/lib/liblocal_planning__rosidl_typesupport_c.so
[1.700s] -- Up-to-date: /home/rraina/wato_f1tenth/install/local_planning/include/local_planning/local_planning
[1.701s] -- Up-to-date: /home/rraina/wato_f1tenth/install/local_planning/include/local_planning/local_planning/action
[1.701s] -- Up-to-date: /home/rraina/wato_f1tenth/install/local_planning/include/local_planning/local_planning/action/detail
[1.703s] -- Up-to-date: /home/rraina/wato_f1tenth/install/local_planning/include/local_planning/local_planning/action/detail/plan_path__rosidl_typesupport_introspection_cpp.hpp
[1.705s] -- Up-to-date: /home/rraina/wato_f1tenth/install/local_planning/include/local_planning/local_planning/action/detail/plan_path__type_support.cpp
[1.706s] -- Up-to-date: /home/rraina/wato_f1tenth/install/local_planning/lib/liblocal_planning__rosidl_typesupport_introspection_cpp.so
[1.706s] -- Up-to-date: /home/rraina/wato_f1tenth/install/local_planning/lib/liblocal_planning__rosidl_typesupport_cpp.so
[1.707s] -- Up-to-date: /home/rraina/wato_f1tenth/install/local_planning/share/local_planning/environment/pythonpath.sh
[1.708s] -- Up-to-date: /home/rraina/wato_f1tenth/install/local_planning/share/local_planning/environment/pythonpath.dsv
[1.709s] -- Up-to-date: /home/rraina/wato_f1tenth/install/local_planning/lib/python3.12/site-packages/local_planning-0.0.0-py3.12.egg-info
[1.710s] -- Installing: /home/rraina/wato_f1tenth/install/local_planning/lib/python3.12/site-packages/local_planning-0.0.0-py3.12.egg-info/top_level.txt
[1.711s] -- Installing: /home/rraina/wato_f1tenth/install/local_planning/lib/python3.12/site-packages/local_planning-0.0.0-py3.12.egg-info/dependency_links.txt
[1.712s] -- Installing: /home/rraina/wato_f1tenth/install/local_planning/lib/python3.12/site-packages/local_planning-0.0.0-py3.12.egg-info/PKG-INFO
[1.712s] -- Installing: /home/rraina/wato_f1tenth/install/local_planning/lib/python3.12/site-packages/local_planning-0.0.0-py3.12.egg-info/SOURCES.txt
[1.713s] -- Up-to-date: /home/rraina/wato_f1tenth/install/local_planning/lib/python3.12/site-packages/local_planning
[1.714s] -- Up-to-date: /home/rraina/wato_f1tenth/install/local_planning/lib/python3.12/site-packages/local_planning/_local_planning_s.ep.rosidl_typesupport_fastrtps_c.c
[1.714s] -- Up-to-date: /home/rraina/wato_f1tenth/install/local_planning/lib/python3.12/site-packages/local_planning/local_planning_s__rosidl_typesupport_c.so
[1.714s] -- Up-to-date: /home/rraina/wato_f1tenth/install/local_planning/lib/python3.12/site-packages/local_planning/_local_planning_s.ep.rosidl_typesupport_introspection_c.c
[1.714s] -- Up-to-date: /home/rraina/wato_f1tenth/install/local_planning/lib/python3.12/site-packages/local_planning/local_planning_s__rosidl_typesupport_fastrtps_c.so
[1.715s] -- Up-to-date: /home/rraina/wato_f1tenth/install/local_planning/lib/python3.12/site-packages/local_planning/_local_planning_s.ep.rosidl_typesupport_c.c
[1.715s] -- Up-to-date: /home/rraina/wato_f1tenth/install/local_planning/lib/python3.12/site-packages/local_planning/local_planning_s__rosidl_typesupport_introspection_c.so
[1.715s] -- Up-to-date: /home/rraina/wato_f1tenth/install/local_planning/lib/python3.12/site-packages/local_planning/__init__.py
[1.715s] -- Up-to-date: /home/rraina/wato_f1tenth/install/local_planning/lib/python3.12/site-packages/local_planning/action
[1.716s] -- Up-to-date: /home/rraina/wato_f1tenth/install/local_planning/lib/python3.12/site-packages/local_planning/action/_plan_path_s.c
[1.717s] -- Up-to-date: /home/rraina/wato_f1tenth/install/local_planning/lib/python3.12/site-packages/local_planning/action/__init__.py
[1.718s] -- Up-to-date: /home/rraina/wato_f1tenth/install/local_planning/lib/python3.12/site-packages/local_planning/action/_plan_path.py
[1.794s] Listing '/home/rraina/wato_f1tenth/install/local_planning/lib/python3.12/site-packages/local_planning'...
[1.796s] Listing '/home/rraina/wato_f1tenth/install/local_planning/lib/python3.12/site-packages/local_planning/action'...
[1.797s] -- Up-to-date: /home/rraina/wato_f1tenth/install/local_planning/lib/python3.12/site-packages/local_planning/local_planning_s__rosidl_typesupport_fastrtps_c.so
[1.797s] -- Up-to-date: /home/rraina/wato_f1tenth/install/local_planning/lib/python3.12/site-packages/local_planning/local_planning_s__rosidl_typesupport_introspection_c.so
[1.797s] -- Up-to-date: /home/rraina/wato_f1tenth/install/local_planning/lib/python3.12/site-packages/local_planning/local_planning_s__rosidl_typesupport_c.so
[1.798s] -- Up-to-date: /home/rraina/wato_f1tenth/install/local_planning/lib/liblocal_planning__rosidl_generator_py.so
[1.798s] -- Up-to-date: /home/rraina/wato_f1tenth/install/local_planning/share/local_planning/action/PlanPath.idl
[1.799s] -- Up-to-date: /home/rraina/wato_f1tenth/install/local_planning/share/local_planning/action/PlanPath.action
[1.799s] -- Up-to-date: /home/rraina/wato_f1tenth/install/local_planning/lib/local_planning/state_manager_node
[1.800s] -- Up-to-date: /home/rraina/wato_f1tenth/install/local_planning/lib/local_planning/hybrid_astar_planner_node
[1.801s] -- Up-to-date: /home/rraina/wato_f1tenth/install/local_planning/lib/local_planning/occupancy_grid_frame_adapter_node
[1.802s] -- Up-to-date: /home/rraina/wato_f1tenth/install/local_planning/share/local_planning/config
[1.802s] -- Up-to-date: /home/rraina/wato_f1tenth/install/local_planning/share/local_planning/config/hybrid_astar_planner.yaml
[1.803s] -- Up-to-date: /home/rraina/wato_f1tenth/install/local_planning/share/ament_index/resource_index/package_run_dependencies/local_planning
[1.804s] -- Up-to-date: /home/rraina/wato_f1tenth/install/local_planning/share/ament_index/resource_index/parent_prefix_path/local_planning
[1.805s] -- Up-to-date: /home/rraina/wato_f1tenth/install/local_planning/share/local_planning/environment/ament_prefix_path.sh
[1.806s] -- Up-to-date: /home/rraina/wato_f1tenth/install/local_planning/share/local_planning/environment/ament_prefix_path.dsv
[1.806s] -- Up-to-date: /home/rraina/wato_f1tenth/install/local_planning/share/local_planning/environment/path.sh
[1.807s] -- Up-to-date: /home/rraina/wato_f1tenth/install/local_planning/share/local_planning/environment/path.dsv
[1.808s] -- Up-to-date: /home/rraina/wato_f1tenth/install/local_planning/share/local_planning/local_setup.bash
[1.809s] -- Up-to-date: /home/rraina/wato_f1tenth/install/local_planning/share/local_planning/local_setup.sh
[1.810s] -- Up-to-date: /home/rraina/wato_f1tenth/install/local_planning/share/local_planning/local_setup.zsh
[1.810s] -- Up-to-date: /home/rraina/wato_f1tenth/install/local_planning/share/local_planning/local_setup.dsv
[1.810s] -- Installing: /home/rraina/wato_f1tenth/install/local_planning/share/local_planning/package.dsv
[1.811s] -- Up-to-date: /home/rraina/wato_f1tenth/install/local_planning/share/ament_index/resource_index/packages/local_planning
[1.812s] -- Up-to-date: /home/rraina/wato_f1tenth/install/local_planning/share/local_planning/cmake/export_local_planning__rosidl_generator_cExport.cmake
[1.812s] -- Up-to-date: /home/rraina/wato_f1tenth/install/local_planning/share/local_planning/cmake/export_local_planning__rosidl_generator_cExport-noconfig.cmake
[1.813s] -- Up-to-date: /home/rraina/wato_f1tenth/install/local_planning/share/local_planning/cmake/export_local_planning__rosidl_typesupport_fastrtps_cExport.cmake
[1.814s] -- Up-to-date: /home/rraina/wato_f1tenth/install/local_planning/share/local_planning/cmake/export_local_planning__rosidl_typesupport_fastrtps_cExport-noconfig.cmake
[1.814s] -- Up-to-date: /home/rraina/wato_f1tenth/install/local_planning/share/local_planning/cmake/export_local_planning__rosidl_generator_cppExport.cmake
[1.814s] -- Up-to-date: /home/rraina/wato_f1tenth/install/local_planning/share/local_planning/cmake/export_local_planning__rosidl_typesupport_fastrtps_cppExport.cmake
[1.815s] -- Up-to-date: /home/rraina/wato_f1tenth/install/local_planning/share/local_planning/cmake/export_local_planning__rosidl_typesupport_fastrtps_cppExport-noconfig.cmake
[1.815s] -- Up-to-date: /home/rraina/wato_f1tenth/install/local_planning/share/local_planning/cmake/local_planning__rosidl_typesupport_introspection_cExport.cmake
[1.815s] -- Up-to-date: /home/rraina/wato_f1tenth/install/local_planning/share/local_planning/cmake/local_planning__rosidl_typesupport_introspection_cExport-noconfig.cmake
[1.815s] -- Up-to-date: /home/rraina/wato_f1tenth/install/local_planning/share/local_planning/cmake/local_planning__rosidl_typesupport_cExport.cmake
[1.816s] -- Up-to-date: /home/rraina/wato_f1tenth/install/local_planning/share/local_planning/cmake/local_planning__rosidl_typesupport_cExport-noconfig.cmake
[1.816s] -- Up-to-date: /home/rraina/wato_f1tenth/install/local_planning/share/local_planning/cmake/local_planning__rosidl_typesupport_introspection_cppExport.cmake
[1.816s] -- Up-to-date: /home/rraina/wato_f1tenth/install/local_planning/share/local_planning/cmake/local_planning__rosidl_typesupport_introspection_cppExport-noconfig.cmake
[1.817s] -- Up-to-date: /home/rraina/wato_f1tenth/install/local_planning/share/local_planning/cmake/local_planning__rosidl_typesupport_cppExport.cmake
[1.818s] -- Up-to-date: /home/rraina/wato_f1tenth/install/local_planning/share/local_planning/cmake/local_planning__rosidl_typesupport_cppExport-noconfig.cmake
[1.818s] -- Up-to-date: /home/rraina/wato_f1tenth/install/local_planning/share/local_planning/cmake/export_local_planning__rosidl_generator_pyExport.cmake
[1.820s] -- Up-to-date: /home/rraina/wato_f1tenth/install/local_planning/share/local_planning/cmake/export_local_planning__rosidl_generator_pyExport-noconfig.cmake
[1.820s] -- Up-to-date: /home/rraina/wato_f1tenth/install/local_planning/share/local_planning/cmake/rosidl_cmake-extras.cmake
[1.820s] -- Up-to-date: /home/rraina/wato_f1tenth/install/local_planning/share/local_planning/cmake/ament_cmake_export_dependencies-extras.cmake
[1.820s] -- Up-to-date: /home/rraina/wato_f1tenth/install/local_planning/share/local_planning/cmake/ament_cmake_export_include_directories-extras.cmake
[1.821s] -- Up-to-date: /home/rraina/wato_f1tenth/install/local_planning/share/local_planning/cmake/ament_cmake_export_libraries-extras.cmake
[1.821s] -- Up-to-date: /home/rraina/wato_f1tenth/install/local_planning/share/local_planning/cmake/ament_cmake_export_targets-extras.cmake
[1.821s] -- Up-to-date: /home/rraina/wato_f1tenth/install/local_planning/share/local_planning/cmake/rosidl_cmake_export_typesupport_targets-extras.cmake
[1.821s] -- Up-to-date: /home/rraina/wato_f1tenth/install/local_planning/share/local_planning/cmake/rosidl_cmake_export_typesupport_libraries-extras.cmake
[1.821s] -- Up-to-date: /home/rraina/wato_f1tenth/install/local_planning/share/local_planning/cmake/local_planningConfig.cmake
[1.822s] -- Up-to-date: /home/rraina/wato_f1tenth/install/local_planning/share/local_planning/cmake/local_planningConfig-version.cmake
[1.822s] -- Up-to-date: /home/rraina/wato_f1tenth/install/local_planning/share/local_planning/package.xml
[1.825s] Invoked command in '/home/rraina/wato_f1tenth/build/local_planning' returned '0': CMAKE_PREFIX_PATH=${CMAKE_PREFIX_PATH}:/opt/ros/jazzy /usr/bin/cmake --install /home/rraina/wato_f1tenth/build/local_planning
