-- The C compiler identification is GNU 13.3.0
-- The CXX compiler identification is GNU 13.3.0
-- Detecting C compiler ABI info
-- Detecting C compiler ABI info - done
-- Check for working C compiler: /usr/bin/cc - skipped
-- Detecting C compile features
-- Detecting C compile features - done
-- Detecting CXX compiler ABI info
-- Detecting CXX compiler ABI info - done
-- Check for working CXX compiler: /usr/bin/c++ - skipped
-- Detecting CXX compile features
-- Detecting CXX compile features - done
-- Found ament_cmake: 2.5.5 (/opt/ros/jazzy/share/ament_cmake/cmake)
-- Found Python3: /usr/bin/python3 (found version "3.12.3") found components: Interpreter 
-- Found rclcpp: 28.1.16 (/opt/ros/jazzy/share/rclcpp/cmake)
-- Found rosidl_generator_c: 4.6.7 (/opt/ros/jazzy/share/rosidl_generator_c/cmake)
-- Found rosidl_generator_cpp: 4.6.7 (/opt/ros/jazzy/share/rosidl_generator_cpp/cmake)
-- Using all available rosidl_typesupport_c: rosidl_typesupport_fastrtps_c;rosidl_typesupport_introspection_c
-- Using all available rosidl_typesupport_cpp: rosidl_typesupport_fastrtps_cpp;rosidl_typesupport_introspection_cpp
-- Found rmw_implementation_cmake: 7.3.3 (/opt/ros/jazzy/share/rmw_implementation_cmake/cmake)
-- Found rmw_fastrtps_cpp: 8.4.3 (/opt/ros/jazzy/share/rmw_fastrtps_cpp/cmake)
-- Found OpenSSL: /usr/lib/x86_64-linux-gnu/libcrypto.so (found version "3.0.13")  
-- Found FastRTPS: /opt/ros/jazzy/include (Required is at least version "2.13") 
-- Using RMW implementation 'rmw_fastrtps_cpp' as default
-- Found std_msgs: 5.3.6 (/opt/ros/jazzy/share/std_msgs/cmake)
-- Found nav_msgs: 5.3.6 (/opt/ros/jazzy/share/nav_msgs/cmake)
-- Found ament_lint_auto: 0.17.4 (/opt/ros/jazzy/share/ament_lint_auto/cmake)
-- Added test 'cppcheck' to perform static code analysis on C / C++ code
-- Configured cppcheck include dirs: /home/rraina/wato_f1tenth/src/robot/global_planner/include
-- Configured cppcheck exclude dirs and/or files: 
-- Added test 'lint_cmake' to check CMake code style
-- Added test 'uncrustify' to check C / C++ code style
-- Configured uncrustify additional arguments: 
-- Added test 'xmllint' to check XML markup files
-- Configuring done (7.1s)
-- Generating done (0.0s)
-- Build files have been written to: /home/rraina/wato_f1tenth/build/global_planner
[ 50%] [32mBuilding CXX object CMakeFiles/global_planner_node.dir/src/global_planner.cpp.o[0m
[100%] [32m[1mLinking CXX executable global_planner_node[0m
[100%] Built target global_planner_node
-- Install configuration: ""
-- Installing: /home/rraina/wato_f1tenth/install/global_planner/share/global_planner/assets
-- Installing: /home/rraina/wato_f1tenth/install/global_planner/share/global_planner/assets/autoDriveRaceline_with_vel.csv
-- Installing: /home/rraina/wato_f1tenth/install/global_planner/share/global_planner/assets/MexicoCity_centerline.csv
-- Installing: /home/rraina/wato_f1tenth/install/global_planner/share/global_planner/assets/e7_fifth_v3_centerline.csv
-- Installing: /home/rraina/wato_f1tenth/install/global_planner/share/global_planner/assets/e7_fifth_v3_optimal.csv
-- Installing: /home/rraina/wato_f1tenth/install/global_planner/share/global_planner/assets/MexicoCity_raceline.csv
-- Installing: /home/rraina/wato_f1tenth/install/global_planner/share/global_planner/assets/optmial_clean_map.csv
-- Installing: /home/rraina/wato_f1tenth/install/global_planner/share/global_planner/assets/autodrive.csv
-- Installing: /home/rraina/wato_f1tenth/install/global_planner/share/global_planner/assets/my_map_clean.csv
-- Installing: /home/rraina/wato_f1tenth/install/global_planner/lib/global_planner/global_planner_node
-- Set non-toolchain portion of runtime path of "/home/rraina/wato_f1tenth/install/global_planner/lib/global_planner/global_planner_node" to ""
-- Installing: /home/rraina/wato_f1tenth/install/global_planner/share/ament_index/resource_index/package_run_dependencies/global_planner
-- Installing: /home/rraina/wato_f1tenth/install/global_planner/share/ament_index/resource_index/parent_prefix_path/global_planner
-- Installing: /home/rraina/wato_f1tenth/install/global_planner/share/global_planner/environment/ament_prefix_path.sh
-- Installing: /home/rraina/wato_f1tenth/install/global_planner/share/global_planner/environment/ament_prefix_path.dsv
-- Installing: /home/rraina/wato_f1tenth/install/global_planner/share/global_planner/environment/path.sh
-- Installing: /home/rraina/wato_f1tenth/install/global_planner/share/global_planner/environment/path.dsv
-- Installing: /home/rraina/wato_f1tenth/install/global_planner/share/global_planner/local_setup.bash
-- Installing: /home/rraina/wato_f1tenth/install/global_planner/share/global_planner/local_setup.sh
-- Installing: /home/rraina/wato_f1tenth/install/global_planner/share/global_planner/local_setup.zsh
-- Installing: /home/rraina/wato_f1tenth/install/global_planner/share/global_planner/local_setup.dsv
-- Installing: /home/rraina/wato_f1tenth/install/global_planner/share/global_planner/package.dsv
-- Installing: /home/rraina/wato_f1tenth/install/global_planner/share/ament_index/resource_index/packages/global_planner
-- Installing: /home/rraina/wato_f1tenth/install/global_planner/share/global_planner/cmake/global_plannerConfig.cmake
-- Installing: /home/rraina/wato_f1tenth/install/global_planner/share/global_planner/cmake/global_plannerConfig-version.cmake
-- Installing: /home/rraina/wato_f1tenth/install/global_planner/share/global_planner/package.xml
