[0.493s] Invoking command in '/home/rraina/wato_f1tenth/build/global_planner': CMAKE_PREFIX_PATH=${CMAKE_PREFIX_PATH}:/opt/ros/jazzy /usr/bin/cmake /home/rraina/wato_f1tenth/src/robot/global_planner -DCMAKE_INSTALL_PREFIX=/home/rraina/wato_f1tenth/install/global_planner
[0.975s] -- The C compiler identification is GNU 13.3.0
[2.073s] -- The CXX compiler identification is GNU 13.3.0
[3.240s] -- Detecting C compiler ABI info
[3.782s] -- Detecting C compiler ABI info - done
[3.801s] -- Check for working C compiler: /usr/bin/cc - skipped
[3.801s] -- Detecting C compile features
[3.802s] -- Detecting C compile features - done
[3.968s] -- Detecting CXX compiler ABI info
[4.487s] -- Detecting CXX compiler ABI info - done
[4.504s] -- Check for working CXX compiler: /usr/bin/c++ - skipped
[4.505s] -- Detecting CXX compile features
[4.505s] -- Detecting CXX compile features - done
[4.538s] -- Found ament_cmake: 2.5.5 (/opt/ros/jazzy/share/ament_cmake/cmake)
[4.856s] -- Found Python3: /usr/bin/python3 (found version "3.12.3") found components: Interpreter 
[5.155s] -- Found rclcpp: 28.1.16 (/opt/ros/jazzy/share/rclcpp/cmake)
[5.535s] -- Found rosidl_generator_c: 4.6.7 (/opt/ros/jazzy/share/rosidl_generator_c/cmake)
[5.576s] -- Found rosidl_generator_cpp: 4.6.7 (/opt/ros/jazzy/share/rosidl_generator_cpp/cmake)
[5.630s] -- Using all available rosidl_typesupport_c: rosidl_typesupport_fastrtps_c;rosidl_typesupport_introspection_c
[5.685s] -- Using all available rosidl_typesupport_cpp: rosidl_typesupport_fastrtps_cpp;rosidl_typesupport_introspection_cpp
[5.917s] -- Found rmw_implementation_cmake: 7.3.3 (/opt/ros/jazzy/share/rmw_implementation_cmake/cmake)
[5.927s] -- Found rmw_fastrtps_cpp: 8.4.3 (/opt/ros/jazzy/share/rmw_fastrtps_cpp/cmake)
[6.134s] -- Found OpenSSL: /usr/lib/x86_64-linux-gnu/libcrypto.so (found version "3.0.13")  
[6.540s] -- Found FastRTPS: /opt/ros/jazzy/include (Required is at least version "2.13") 
[6.740s] -- Using RMW implementation 'rmw_fastrtps_cpp' as default
[7.196s] -- Found std_msgs: 5.3.6 (/opt/ros/jazzy/share/std_msgs/cmake)
[7.225s] -- Found nav_msgs: 5.3.6 (/opt/ros/jazzy/share/nav_msgs/cmake)
[7.307s] -- Found ament_lint_auto: 0.17.4 (/opt/ros/jazzy/share/ament_lint_auto/cmake)
[7.563s] -- Added test 'cppcheck' to perform static code analysis on C / C++ code
[7.563s] -- Configured cppcheck include dirs: /home/rraina/wato_f1tenth/src/robot/global_planner/include
[7.563s] -- Configured cppcheck exclude dirs and/or files: 
[7.565s] -- Added test 'lint_cmake' to check CMake code style
[7.568s] -- Added test 'uncrustify' to check C / C++ code style
[7.568s] -- Configured uncrustify additional arguments: 
[7.569s] -- Added test 'xmllint' to check XML markup files
[7.573s] -- Configuring done (7.1s)
[7.613s] -- Generating done (0.0s)
[7.626s] -- Build files have been written to: /home/rraina/wato_f1tenth/build/global_planner
[7.654s] Invoked command in '/home/rraina/wato_f1tenth/build/global_planner' returned '0': CMAKE_PREFIX_PATH=${CMAKE_PREFIX_PATH}:/opt/ros/jazzy /usr/bin/cmake /home/rraina/wato_f1tenth/src/robot/global_planner -DCMAKE_INSTALL_PREFIX=/home/rraina/wato_f1tenth/install/global_planner
[7.657s] Invoking command in '/home/rraina/wato_f1tenth/build/global_planner': CMAKE_PREFIX_PATH=${CMAKE_PREFIX_PATH}:/opt/ros/jazzy /usr/bin/cmake --build /home/rraina/wato_f1tenth/build/global_planner -- -j22 -l22
[7.766s] [ 50%] [32mBuilding CXX object CMakeFiles/global_planner_node.dir/src/global_planner.cpp.o[0m
[24.148s] [100%] [32m[1mLinking CXX executable global_planner_node[0m
[26.753s] [100%] Built target global_planner_node
[26.842s] Invoked command in '/home/rraina/wato_f1tenth/build/global_planner' returned '0': CMAKE_PREFIX_PATH=${CMAKE_PREFIX_PATH}:/opt/ros/jazzy /usr/bin/cmake --build /home/rraina/wato_f1tenth/build/global_planner -- -j22 -l22
[26.850s] Invoking command in '/home/rraina/wato_f1tenth/build/global_planner': CMAKE_PREFIX_PATH=${CMAKE_PREFIX_PATH}:/opt/ros/jazzy /usr/bin/cmake --install /home/rraina/wato_f1tenth/build/global_planner
[26.888s] -- Install configuration: ""
[26.888s] -- Installing: /home/rraina/wato_f1tenth/install/global_planner/share/global_planner/assets
[26.897s] -- Installing: /home/rraina/wato_f1tenth/install/global_planner/share/global_planner/assets/autoDriveRaceline_with_vel.csv
[26.905s] -- Installing: /home/rraina/wato_f1tenth/install/global_planner/share/global_planner/assets/MexicoCity_centerline.csv
[26.923s] -- Installing: /home/rraina/wato_f1tenth/install/global_planner/share/global_planner/assets/e7_fifth_v3_centerline.csv
[26.925s] -- Installing: /home/rraina/wato_f1tenth/install/global_planner/share/global_planner/assets/e7_fifth_v3_optimal.csv
[26.939s] -- Installing: /home/rraina/wato_f1tenth/install/global_planner/share/global_planner/assets/MexicoCity_raceline.csv
[26.953s] -- Installing: /home/rraina/wato_f1tenth/install/global_planner/share/global_planner/assets/optmial_clean_map.csv
[26.957s] -- Installing: /home/rraina/wato_f1tenth/install/global_planner/share/global_planner/assets/autodrive.csv
[26.974s] -- Installing: /home/rraina/wato_f1tenth/install/global_planner/share/global_planner/assets/my_map_clean.csv
[26.989s] -- Installing: /home/rraina/wato_f1tenth/install/global_planner/lib/global_planner/global_planner_node
[27.000s] -- Set non-toolchain portion of runtime path of "/home/rraina/wato_f1tenth/install/global_planner/lib/global_planner/global_planner_node" to ""
[27.000s] -- Installing: /home/rraina/wato_f1tenth/install/global_planner/share/ament_index/resource_index/package_run_dependencies/global_planner
[27.001s] -- Installing: /home/rraina/wato_f1tenth/install/global_planner/share/ament_index/resource_index/parent_prefix_path/global_planner
[27.004s] -- Installing: /home/rraina/wato_f1tenth/install/global_planner/share/global_planner/environment/ament_prefix_path.sh
[27.005s] -- Installing: /home/rraina/wato_f1tenth/install/global_planner/share/global_planner/environment/ament_prefix_path.dsv
[27.048s] -- Installing: /home/rraina/wato_f1tenth/install/global_planner/share/global_planner/environment/path.sh
[27.048s] -- Installing: /home/rraina/wato_f1tenth/install/global_planner/share/global_planner/environment/path.dsv
[27.048s] -- Installing: /home/rraina/wato_f1tenth/install/global_planner/share/global_planner/local_setup.bash
[27.049s] -- Installing: /home/rraina/wato_f1tenth/install/global_planner/share/global_planner/local_setup.sh
[27.049s] -- Installing: /home/rraina/wato_f1tenth/install/global_planner/share/global_planner/local_setup.zsh
[27.049s] -- Installing: /home/rraina/wato_f1tenth/install/global_planner/share/global_planner/local_setup.dsv
[27.051s] -- Installing: /home/rraina/wato_f1tenth/install/global_planner/share/global_planner/package.dsv
[27.052s] -- Installing: /home/rraina/wato_f1tenth/install/global_planner/share/ament_index/resource_index/packages/global_planner
[27.068s] -- Installing: /home/rraina/wato_f1tenth/install/global_planner/share/global_planner/cmake/global_plannerConfig.cmake
[27.068s] -- Installing: /home/rraina/wato_f1tenth/install/global_planner/share/global_planner/cmake/global_plannerConfig-version.cmake
[27.069s] -- Installing: /home/rraina/wato_f1tenth/install/global_planner/share/global_planner/package.xml
[27.081s] Invoked command in '/home/rraina/wato_f1tenth/build/global_planner' returned '0': CMAKE_PREFIX_PATH=${CMAKE_PREFIX_PATH}:/opt/ros/jazzy /usr/bin/cmake --install /home/rraina/wato_f1tenth/build/global_planner
