[0.067s] Invoking command in '/home/rraina/wato_f1tenth/build/bringup_robot': AMENT_PREFIX_PATH=/home/rraina/wato_f1tenth/install/gym_vis:${AMENT_PREFIX_PATH} CMAKE_PREFIX_PATH=/home/rraina/wato_f1tenth/install/gym_vis:/opt/ros/jazzy/opt/gz_sim_vendor:/opt/ros/jazzy/opt/gz_sensors_vendor:/opt/ros/jazzy/opt/gz_physics_vendor:/opt/ros/jazzy/opt/sdformat_vendor:/opt/ros/jazzy/opt/gz_gui_vendor:/opt/ros/jazzy/opt/gz_transport_vendor:/opt/ros/jazzy/opt/gz_rendering_vendor:/opt/ros/jazzy/opt/gz_plugin_vendor:/opt/ros/jazzy/opt/gz_fuel_tools_vendor:/opt/ros/jazzy/opt/gz_msgs_vendor:/opt/ros/jazzy/opt/gz_common_vendor:/opt/ros/jazzy/opt/gz_math_vendor:/opt/ros/jazzy/opt/gz_utils_vendor:/opt/ros/jazzy/opt/gz_tools_vendor:/opt/ros/jazzy/opt/gz_ogre_next_vendor:/opt/ros/jazzy/opt/gz_dartsim_vendor:/opt/ros/jazzy/opt/gz_cmake_vendor:/opt/ros/jazzy /usr/bin/cmake --build /home/rraina/wato_f1tenth/build/bringup_robot -- -j22 -l22
[0.107s] Invoked command in '/home/rraina/wato_f1tenth/build/bringup_robot' returned '0': AMENT_PREFIX_PATH=/home/rraina/wato_f1tenth/install/gym_vis:${AMENT_PREFIX_PATH} CMAKE_PREFIX_PATH=/home/rraina/wato_f1tenth/install/gym_vis:/opt/ros/jazzy/opt/gz_sim_vendor:/opt/ros/jazzy/opt/gz_sensors_vendor:/opt/ros/jazzy/opt/gz_physics_vendor:/opt/ros/jazzy/opt/sdformat_vendor:/opt/ros/jazzy/opt/gz_gui_vendor:/opt/ros/jazzy/opt/gz_transport_vendor:/opt/ros/jazzy/opt/gz_rendering_vendor:/opt/ros/jazzy/opt/gz_plugin_vendor:/opt/ros/jazzy/opt/gz_fuel_tools_vendor:/opt/ros/jazzy/opt/gz_msgs_vendor:/opt/ros/jazzy/opt/gz_common_vendor:/opt/ros/jazzy/opt/gz_math_vendor:/opt/ros/jazzy/opt/gz_utils_vendor:/opt/ros/jazzy/opt/gz_tools_vendor:/opt/ros/jazzy/opt/gz_ogre_next_vendor:/opt/ros/jazzy/opt/gz_dartsim_vendor:/opt/ros/jazzy/opt/gz_cmake_vendor:/opt/ros/jazzy /usr/bin/cmake --build /home/rraina/wato_f1tenth/build/bringup_robot -- -j22 -l22
[0.107s] Invoking command in '/home/rraina/wato_f1tenth/build/bringup_robot': AMENT_PREFIX_PATH=/home/rraina/wato_f1tenth/install/gym_vis:${AMENT_PREFIX_PATH} CMAKE_PREFIX_PATH=/home/rraina/wato_f1tenth/install/gym_vis:/opt/ros/jazzy/opt/gz_sim_vendor:/opt/ros/jazzy/opt/gz_sensors_vendor:/opt/ros/jazzy/opt/gz_physics_vendor:/opt/ros/jazzy/opt/sdformat_vendor:/opt/ros/jazzy/opt/gz_gui_vendor:/opt/ros/jazzy/opt/gz_transport_vendor:/opt/ros/jazzy/opt/gz_rendering_vendor:/opt/ros/jazzy/opt/gz_plugin_vendor:/opt/ros/jazzy/opt/gz_fuel_tools_vendor:/opt/ros/jazzy/opt/gz_msgs_vendor:/opt/ros/jazzy/opt/gz_common_vendor:/opt/ros/jazzy/opt/gz_math_vendor:/opt/ros/jazzy/opt/gz_utils_vendor:/opt/ros/jazzy/opt/gz_tools_vendor:/opt/ros/jazzy/opt/gz_ogre_next_vendor:/opt/ros/jazzy/opt/gz_dartsim_vendor:/opt/ros/jazzy/opt/gz_cmake_vendor:/opt/ros/jazzy /usr/bin/cmake --install /home/rraina/wato_f1tenth/build/bringup_robot
[0.117s] -- Install configuration: ""
[0.117s] -- Up-to-date: /home/rraina/wato_f1tenth/install/bringup_robot/share/bringup_robot/launch
[0.118s] -- Up-to-date: /home/rraina/wato_f1tenth/install/bringup_robot/share/bringup_robot/launch/jetson_pf.launch.py
[0.118s] -- Up-to-date: /home/rraina/wato_f1tenth/install/bringup_robot/share/bringup_robot/launch/jetson_mapping.launch.py
[0.119s] -- Up-to-date: /home/rraina/wato_f1tenth/install/bringup_robot/share/bringup_robot/launch/jetson_up.launch.py
[0.119s] -- Up-to-date: /home/rraina/wato_f1tenth/install/bringup_robot/share/bringup_robot/launch/joypad.launch.py
[0.120s] -- Up-to-date: /home/rraina/wato_f1tenth/install/bringup_robot/share/bringup_robot/launch/car_up.launch.py
[0.120s] -- Up-to-date: /home/rraina/wato_f1tenth/install/bringup_robot/share/bringup_robot/launch/__pycache__
[0.120s] -- Up-to-date: /home/rraina/wato_f1tenth/install/bringup_robot/share/bringup_robot/launch/__pycache__/jetson_up.launch.cpython-312.pyc
[0.120s] -- Up-to-date: /home/rraina/wato_f1tenth/install/bringup_robot/share/bringup_robot/launch/__pycache__/pure_persuit.launch.cpython-312.pyc
[0.120s] -- Up-to-date: /home/rraina/wato_f1tenth/install/bringup_robot/share/bringup_robot/launch/__pycache__/jetson_pf.launch.cpython-312.pyc
[0.120s] -- Installing: /home/rraina/wato_f1tenth/install/bringup_robot/share/bringup_robot/launch/pure_persuit.launch.py
[0.120s] -- Up-to-date: /home/rraina/wato_f1tenth/install/bringup_robot/share/bringup_robot/maps
[0.120s] -- Up-to-date: /home/rraina/wato_f1tenth/install/bringup_robot/share/bringup_robot/maps/wato1.yaml
[0.120s] -- Up-to-date: /home/rraina/wato_f1tenth/install/bringup_robot/share/bringup_robot/maps/e7_fifth_v3.yaml
[0.120s] -- Up-to-date: /home/rraina/wato_f1tenth/install/bringup_robot/share/bringup_robot/maps/e7_fifth_v3.pgm
[0.120s] -- Up-to-date: /home/rraina/wato_f1tenth/install/bringup_robot/share/bringup_robot/maps/wato1.pgm
[0.120s] -- Up-to-date: /home/rraina/wato_f1tenth/install/bringup_robot/share/bringup_robot/config
[0.121s] -- Up-to-date: /home/rraina/wato_f1tenth/install/bringup_robot/share/bringup_robot/config/pure_persuit
[0.121s] -- Installing: /home/rraina/wato_f1tenth/install/bringup_robot/share/bringup_robot/config/pure_persuit/pure_persuit.yaml
[0.121s] -- Up-to-date: /home/rraina/wato_f1tenth/install/bringup_robot/share/bringup_robot/config/sensors.yaml
[0.121s] -- Up-to-date: /home/rraina/wato_f1tenth/install/bringup_robot/share/bringup_robot/config/joy_teleop.yaml
[0.121s] -- Up-to-date: /home/rraina/wato_f1tenth/install/bringup_robot/share/bringup_robot/config/mux.yaml
[0.121s] -- Up-to-date: /home/rraina/wato_f1tenth/install/bringup_robot/share/bringup_robot/config/rviz
[0.122s] -- Up-to-date: /home/rraina/wato_f1tenth/install/bringup_robot/share/bringup_robot/config/rviz/localize.rviz
[0.123s] -- Up-to-date: /home/rraina/wato_f1tenth/install/bringup_robot/share/bringup_robot/config/rviz/mapping.rviz
[0.123s] -- Up-to-date: /home/rraina/wato_f1tenth/install/bringup_robot/share/bringup_robot/config/rviz/mylocalize.rviz
[0.124s] -- Up-to-date: /home/rraina/wato_f1tenth/install/bringup_robot/share/bringup_robot/config/vesc.yaml
[0.124s] -- Up-to-date: /home/rraina/wato_f1tenth/install/bringup_robot/share/bringup_robot/config/simulator
[0.124s] -- Up-to-date: /home/rraina/wato_f1tenth/install/bringup_robot/share/bringup_robot/config/simulator/ekf.yaml
[0.125s] -- Up-to-date: /home/rraina/wato_f1tenth/install/bringup_robot/share/bringup_robot/config/simulator/localize.yaml
[0.125s] -- Up-to-date: /home/rraina/wato_f1tenth/install/bringup_robot/share/bringup_robot/config/simulator/perception.yaml
[0.126s] -- Up-to-date: /home/rraina/wato_f1tenth/install/bringup_robot/share/bringup_robot/config/simulator/amcl.yaml
[0.126s] -- Up-to-date: /home/rraina/wato_f1tenth/install/bringup_robot/share/bringup_robot/bags
[0.127s] -- Up-to-date: /home/rraina/wato_f1tenth/install/bringup_robot/share/bringup_robot/bags/frames_2025-08-02_20.22.56.gv
[0.128s] -- Up-to-date: /home/rraina/wato_f1tenth/install/bringup_robot/share/bringup_robot/bags/ekf_testdata_fast_lap
[0.129s] -- Up-to-date: /home/rraina/wato_f1tenth/install/bringup_robot/share/bringup_robot/bags/ekf_testdata_fast_lap/metadata.yaml
[0.130s] -- Up-to-date: /home/rraina/wato_f1tenth/install/bringup_robot/share/bringup_robot/bags/ekf_testdata_fast_lap/ekf_testdata_fast_lap_0.db3
[0.131s] -- Up-to-date: /home/rraina/wato_f1tenth/install/bringup_robot/share/bringup_robot/bags/frames_2025-08-02_20.22.27.pdf
[0.131s] -- Up-to-date: /home/rraina/wato_f1tenth/install/bringup_robot/share/bringup_robot/bags/frames_2025-08-02_20.22.56.pdf
[0.131s] -- Up-to-date: /home/rraina/wato_f1tenth/install/bringup_robot/share/bringup_robot/bags/frames_2025-08-02_20.22.27.gv
[0.132s] -- Up-to-date: /home/rraina/wato_f1tenth/install/bringup_robot/share/bringup_robot/bags/ekf_testdata_steady_lap
[0.133s] -- Up-to-date: /home/rraina/wato_f1tenth/install/bringup_robot/share/bringup_robot/bags/ekf_testdata_steady_lap/ekf_testdata_steady_lap_0.db3
[0.133s] -- Up-to-date: /home/rraina/wato_f1tenth/install/bringup_robot/share/bringup_robot/bags/ekf_testdata_steady_lap/metadata.yaml
[0.133s] -- Up-to-date: /home/rraina/wato_f1tenth/install/bringup_robot/share/ament_index/resource_index/package_run_dependencies/bringup_robot
[0.133s] -- Up-to-date: /home/rraina/wato_f1tenth/install/bringup_robot/share/ament_index/resource_index/parent_prefix_path/bringup_robot
[0.135s] -- Up-to-date: /home/rraina/wato_f1tenth/install/bringup_robot/share/bringup_robot/environment/ament_prefix_path.sh
[0.136s] -- Up-to-date: /home/rraina/wato_f1tenth/install/bringup_robot/share/bringup_robot/environment/ament_prefix_path.dsv
[0.136s] -- Up-to-date: /home/rraina/wato_f1tenth/install/bringup_robot/share/bringup_robot/environment/path.sh
[0.137s] -- Up-to-date: /home/rraina/wato_f1tenth/install/bringup_robot/share/bringup_robot/environment/path.dsv
[0.137s] -- Up-to-date: /home/rraina/wato_f1tenth/install/bringup_robot/share/bringup_robot/local_setup.bash
[0.138s] -- Up-to-date: /home/rraina/wato_f1tenth/install/bringup_robot/share/bringup_robot/local_setup.sh
[0.138s] -- Up-to-date: /home/rraina/wato_f1tenth/install/bringup_robot/share/bringup_robot/local_setup.zsh
[0.138s] -- Up-to-date: /home/rraina/wato_f1tenth/install/bringup_robot/share/bringup_robot/local_setup.dsv
[0.138s] -- Installing: /home/rraina/wato_f1tenth/install/bringup_robot/share/bringup_robot/package.dsv
[0.139s] -- Up-to-date: /home/rraina/wato_f1tenth/install/bringup_robot/share/ament_index/resource_index/packages/bringup_robot
[0.139s] -- Up-to-date: /home/rraina/wato_f1tenth/install/bringup_robot/share/bringup_robot/cmake/bringup_robotConfig.cmake
[0.140s] -- Up-to-date: /home/rraina/wato_f1tenth/install/bringup_robot/share/bringup_robot/cmake/bringup_robotConfig-version.cmake
[0.140s] -- Up-to-date: /home/rraina/wato_f1tenth/install/bringup_robot/share/bringup_robot/package.xml
[0.141s] Invoked command in '/home/rraina/wato_f1tenth/build/bringup_robot' returned '0': AMENT_PREFIX_PATH=/home/rraina/wato_f1tenth/install/gym_vis:${AMENT_PREFIX_PATH} CMAKE_PREFIX_PATH=/home/rraina/wato_f1tenth/install/gym_vis:/opt/ros/jazzy/opt/gz_sim_vendor:/opt/ros/jazzy/opt/gz_sensors_vendor:/opt/ros/jazzy/opt/gz_physics_vendor:/opt/ros/jazzy/opt/sdformat_vendor:/opt/ros/jazzy/opt/gz_gui_vendor:/opt/ros/jazzy/opt/gz_transport_vendor:/opt/ros/jazzy/opt/gz_rendering_vendor:/opt/ros/jazzy/opt/gz_plugin_vendor:/opt/ros/jazzy/opt/gz_fuel_tools_vendor:/opt/ros/jazzy/opt/gz_msgs_vendor:/opt/ros/jazzy/opt/gz_common_vendor:/opt/ros/jazzy/opt/gz_math_vendor:/opt/ros/jazzy/opt/gz_utils_vendor:/opt/ros/jazzy/opt/gz_tools_vendor:/opt/ros/jazzy/opt/gz_ogre_next_vendor:/opt/ros/jazzy/opt/gz_dartsim_vendor:/opt/ros/jazzy/opt/gz_cmake_vendor:/opt/ros/jazzy /usr/bin/cmake --install /home/rraina/wato_f1tenth/build/bringup_robot
