[0.278s] Invoking command in '/home/bolty/ament_ws/src/build/sample_msgs': CMAKE_PREFIX_PATH=${CMAKE_PREFIX_PATH}:/opt/watonomous/action:/opt/ros/humble /usr/bin/cmake /home/bolty/ament_ws/src/wato_msgs/sample_msgs -DCMAKE_INSTALL_PREFIX=/home/bolty/ament_ws/src/install/sample_msgs
[0.351s] -- The C compiler identification is GNU 11.4.0
[0.445s] -- The CXX compiler identification is GNU 11.4.0
[0.457s] -- Detecting C compiler ABI info
[0.539s] -- Detecting C compiler ABI info - done
[0.547s] -- Check for working C compiler: /usr/bin/cc - skipped
[0.547s] -- Detecting C compile features
[0.547s] -- Detecting C compile features - done
[0.551s] -- Detecting CXX compiler ABI info
[0.647s] -- Detecting CXX compiler ABI info - done
[0.659s] -- Check for working CXX compiler: /usr/bin/c++ - skipped
[0.660s] -- Detecting CXX compile features
[0.661s] -- Detecting CXX compile features - done
[0.665s] -- Found ament_cmake: 1.3.10 (/opt/ros/humble/share/ament_cmake/cmake)
[0.851s] -- Found Python3: /usr/bin/python3 (found version "3.10.12") found components: Interpreter 
[0.961s] -- Found rosidl_default_generators: 1.2.0 (/opt/ros/humble/share/rosidl_default_generators/cmake)
[0.967s] -- Using all available rosidl_typesupport_c: rosidl_typesupport_fastrtps_c;rosidl_typesupport_introspection_c
[0.976s] -- Found rosidl_adapter: 3.1.5 (/opt/ros/humble/share/rosidl_adapter/cmake)
[1.021s] -- Using all available rosidl_typesupport_cpp: rosidl_typesupport_fastrtps_cpp;rosidl_typesupport_introspection_cpp
[1.079s] -- Found std_msgs: 4.2.4 (/opt/ros/humble/share/std_msgs/cmake)
[1.519s] -- Found ament_cmake_ros: 0.10.0 (/opt/ros/humble/share/ament_cmake_ros/cmake)
[1.784s] -- Using all available rosidl_typesupport_c: rosidl_typesupport_fastrtps_c;rosidl_typesupport_introspection_c
[2.127s] -- Using all available rosidl_typesupport_cpp: rosidl_typesupport_fastrtps_cpp;rosidl_typesupport_introspection_cpp
[2.154s] -- Found PythonInterp: /usr/bin/python3 (found suitable version "3.10.12", minimum required is "3.6") 
[2.156s] -- Found python_cmake_module: 0.10.0 (/opt/ros/humble/share/python_cmake_module/cmake)
[2.190s] -- Found PythonLibs: /usr/lib/x86_64-linux-gnu/libpython3.10.so (found suitable version "3.10.12", minimum required is "3.5") 
[2.190s] -- Using PYTHON_EXECUTABLE: /usr/bin/python3
[2.190s] -- Using PYTHON_INCLUDE_DIRS: /usr/include/python3.10
[2.190s] -- Using PYTHON_LIBRARIES: /usr/lib/x86_64-linux-gnu/libpython3.10.so
[2.210s] -- Found PythonExtra: .so  
[2.279s] -- Configuring done
[2.330s] -- Generating done
[2.332s] -- Build files have been written to: /home/bolty/ament_ws/src/build/sample_msgs
[2.343s] Invoked command in '/home/bolty/ament_ws/src/build/sample_msgs' returned '0': CMAKE_PREFIX_PATH=${CMAKE_PREFIX_PATH}:/opt/watonomous/action:/opt/ros/humble /usr/bin/cmake /home/bolty/ament_ws/src/wato_msgs/sample_msgs -DCMAKE_INSTALL_PREFIX=/home/bolty/ament_ws/src/install/sample_msgs
[2.343s] Invoking command in '/home/bolty/ament_ws/src/build/sample_msgs': CMAKE_PREFIX_PATH=${CMAKE_PREFIX_PATH}:/opt/watonomous/action:/opt/ros/humble /usr/bin/cmake --build /home/bolty/ament_ws/src/build/sample_msgs -- -j16 -l16
[2.397s] [  1%] [34m[1mGenerating C code for ROS interfaces[0m
[2.411s] [  3%] [34m[1mGenerating C++ code for ROS interfaces[0m
[2.423s] [  3%] Built target ament_cmake_python_copy_sample_msgs
[2.661s] running egg_info
[2.662s] creating sample_msgs.egg-info
[2.662s] writing sample_msgs.egg-info/PKG-INFO
[2.663s] writing dependency_links to sample_msgs.egg-info/dependency_links.txt
[2.663s] writing top-level names to sample_msgs.egg-info/top_level.txt
[2.663s] writing manifest file 'sample_msgs.egg-info/SOURCES.txt'
[2.665s] reading manifest file 'sample_msgs.egg-info/SOURCES.txt'
[2.666s] writing manifest file 'sample_msgs.egg-info/SOURCES.txt'
[2.701s] [  3%] Built target ament_cmake_python_build_sample_msgs_egg
[2.966s] [  3%] Built target sample_msgs__cpp
[2.991s] [  5%] [34m[1mGenerating C++ type support for eProsima Fast-RTPS[0m
[2.991s] [  7%] [34m[1mGenerating C++ introspection for ROS interfaces[0m
[2.992s] [  9%] [34m[1mGenerating C++ type support dispatch for ROS interfaces[0m
[3.038s] [ 10%] [32mBuilding C object CMakeFiles/sample_msgs__rosidl_generator_c.dir/rosidl_generator_c/sample_msgs/msg/detail/filtered__functions.c.o[0m
[3.040s] [ 12%] [32mBuilding C object CMakeFiles/sample_msgs__rosidl_generator_c.dir/rosidl_generator_c/sample_msgs/msg/detail/unfiltered__functions.c.o[0m
[3.043s] [ 16%] [32mBuilding C object CMakeFiles/sample_msgs__rosidl_generator_c.dir/rosidl_generator_c/sample_msgs/msg/detail/metadata__functions.c.o[0m
[3.044s] [ 16%] [32mBuilding C object CMakeFiles/sample_msgs__rosidl_generator_c.dir/rosidl_generator_c/sample_msgs/msg/detail/filtered_array__functions.c.o[0m
[3.113s] [ 18%] [32m[1mLinking C shared library libsample_msgs__rosidl_generator_c.so[0m
[3.159s] [ 18%] Built target sample_msgs__rosidl_generator_c
[3.171s] [ 20%] [34m[1mGenerating C introspection for ROS interfaces[0m
[3.176s] [ 21%] [34m[1mGenerating C type support for eProsima Fast-RTPS[0m
[3.181s] [ 23%] [34m[1mGenerating C type support dispatch for ROS interfaces[0m
[3.412s] [ 25%] [32mBuilding CXX object CMakeFiles/sample_msgs__rosidl_typesupport_introspection_cpp.dir/rosidl_typesupport_introspection_cpp/sample_msgs/msg/detail/filtered__type_support.cpp.o[0m
[3.412s] [ 27%] [32mBuilding CXX object CMakeFiles/sample_msgs__rosidl_typesupport_introspection_cpp.dir/rosidl_typesupport_introspection_cpp/sample_msgs/msg/detail/filtered_array__type_support.cpp.o[0m
[3.413s] [ 29%] [32mBuilding CXX object CMakeFiles/sample_msgs__rosidl_typesupport_introspection_cpp.dir/rosidl_typesupport_introspection_cpp/sample_msgs/msg/detail/unfiltered__type_support.cpp.o[0m
[3.413s] [ 30%] [32mBuilding CXX object CMakeFiles/sample_msgs__rosidl_typesupport_introspection_cpp.dir/rosidl_typesupport_introspection_cpp/sample_msgs/msg/detail/metadata__type_support.cpp.o[0m
[3.529s] [ 32%] [32mBuilding CXX object CMakeFiles/sample_msgs__rosidl_typesupport_fastrtps_cpp.dir/rosidl_typesupport_fastrtps_cpp/sample_msgs/msg/detail/dds_fastrtps/filtered__type_support.cpp.o[0m
[3.540s] [ 34%] [32mBuilding CXX object CMakeFiles/sample_msgs__rosidl_typesupport_cpp.dir/rosidl_typesupport_cpp/sample_msgs/msg/filtered__type_support.cpp.o[0m
[3.540s] [ 36%] [32mBuilding CXX object CMakeFiles/sample_msgs__rosidl_typesupport_fastrtps_cpp.dir/rosidl_typesupport_fastrtps_cpp/sample_msgs/msg/detail/dds_fastrtps/filtered_array__type_support.cpp.o[0m
[3.542s] [ 38%] [32mBuilding CXX object CMakeFiles/sample_msgs__rosidl_typesupport_cpp.dir/rosidl_typesupport_cpp/sample_msgs/msg/metadata__type_support.cpp.o[0m
[3.546s] [ 41%] [32mBuilding CXX object CMakeFiles/sample_msgs__rosidl_typesupport_cpp.dir/rosidl_typesupport_cpp/sample_msgs/msg/filtered_array__type_support.cpp.o[0m
[3.547s] [ 40%] [32mBuilding CXX object CMakeFiles/sample_msgs__rosidl_typesupport_fastrtps_cpp.dir/rosidl_typesupport_fastrtps_cpp/sample_msgs/msg/detail/dds_fastrtps/metadata__type_support.cpp.o[0m
[3.547s] [ 43%] [32mBuilding CXX object CMakeFiles/sample_msgs__rosidl_typesupport_cpp.dir/rosidl_typesupport_cpp/sample_msgs/msg/unfiltered__type_support.cpp.o[0m
[3.549s] [ 45%] [32mBuilding CXX object CMakeFiles/sample_msgs__rosidl_typesupport_fastrtps_cpp.dir/rosidl_typesupport_fastrtps_cpp/sample_msgs/msg/detail/dds_fastrtps/unfiltered__type_support.cpp.o[0m
[3.892s] [ 47%] [32mBuilding CXX object CMakeFiles/sample_msgs__rosidl_typesupport_c.dir/rosidl_typesupport_c/sample_msgs/msg/filtered__type_support.cpp.o[0m
[3.946s] [ 49%] [32mBuilding CXX object CMakeFiles/sample_msgs__rosidl_typesupport_c.dir/rosidl_typesupport_c/sample_msgs/msg/filtered_array__type_support.cpp.o[0m
[3.966s] [ 50%] [32mBuilding CXX object CMakeFiles/sample_msgs__rosidl_typesupport_fastrtps_c.dir/rosidl_typesupport_fastrtps_c/sample_msgs/msg/detail/filtered__type_support_c.cpp.o[0m
[4.034s] [ 52%] [32mBuilding CXX object CMakeFiles/sample_msgs__rosidl_typesupport_c.dir/rosidl_typesupport_c/sample_msgs/msg/unfiltered__type_support.cpp.o[0m
[4.064s] [ 54%] [32mBuilding CXX object CMakeFiles/sample_msgs__rosidl_typesupport_c.dir/rosidl_typesupport_c/sample_msgs/msg/metadata__type_support.cpp.o[0m
[4.134s] [ 56%] [32mBuilding CXX object CMakeFiles/sample_msgs__rosidl_typesupport_fastrtps_c.dir/rosidl_typesupport_fastrtps_c/sample_msgs/msg/detail/filtered_array__type_support_c.cpp.o[0m
[4.159s] [ 58%] [32mBuilding CXX object CMakeFiles/sample_msgs__rosidl_typesupport_fastrtps_c.dir/rosidl_typesupport_fastrtps_c/sample_msgs/msg/detail/unfiltered__type_support_c.cpp.o[0m
[4.178s] [ 60%] [32mBuilding CXX object CMakeFiles/sample_msgs__rosidl_typesupport_fastrtps_c.dir/rosidl_typesupport_fastrtps_c/sample_msgs/msg/detail/metadata__type_support_c.cpp.o[0m
[4.190s] [ 63%] [32m[1mLinking CXX shared library libsample_msgs__rosidl_typesupport_c.so[0m
[4.208s] [ 63%] [32mBuilding C object CMakeFiles/sample_msgs__rosidl_typesupport_introspection_c.dir/rosidl_typesupport_introspection_c/sample_msgs/msg/detail/filtered__type_support.c.o[0m
[4.259s] [ 65%] [32mBuilding C object CMakeFiles/sample_msgs__rosidl_typesupport_introspection_c.dir/rosidl_typesupport_introspection_c/sample_msgs/msg/detail/filtered_array__type_support.c.o[0m
[4.260s] [ 67%] [32mBuilding C object CMakeFiles/sample_msgs__rosidl_typesupport_introspection_c.dir/rosidl_typesupport_introspection_c/sample_msgs/msg/detail/unfiltered__type_support.c.o[0m
[4.294s] [ 69%] [32mBuilding C object CMakeFiles/sample_msgs__rosidl_typesupport_introspection_c.dir/rosidl_typesupport_introspection_c/sample_msgs/msg/detail/metadata__type_support.c.o[0m
[4.332s] [ 69%] Built target sample_msgs__rosidl_typesupport_c
[4.367s] [ 70%] [32m[1mLinking C shared library libsample_msgs__rosidl_typesupport_introspection_c.so[0m
[4.397s] [ 72%] [32m[1mLinking CXX shared library libsample_msgs__rosidl_typesupport_cpp.so[0m
[4.399s] [ 74%] [32m[1mLinking CXX shared library libsample_msgs__rosidl_typesupport_introspection_cpp.so[0m
[4.431s] [ 74%] Built target sample_msgs__rosidl_typesupport_introspection_c
[4.503s] [ 74%] Built target sample_msgs__rosidl_typesupport_cpp
[4.562s] [ 74%] Built target sample_msgs__rosidl_typesupport_introspection_cpp
[4.668s] [ 76%] [32m[1mLinking CXX shared library libsample_msgs__rosidl_typesupport_fastrtps_cpp.so[0m
[4.770s] [ 76%] Built target sample_msgs__rosidl_typesupport_fastrtps_cpp
[4.791s] [ 78%] [32m[1mLinking CXX shared library libsample_msgs__rosidl_typesupport_fastrtps_c.so[0m
[4.882s] [ 78%] Built target sample_msgs__rosidl_typesupport_fastrtps_c
[4.905s] [ 78%] Built target sample_msgs
[4.929s] [ 80%] [34m[1mGenerating Python code for ROS interfaces[0m
[5.645s] [ 80%] Built target sample_msgs__py
[5.684s] [ 81%] [32mBuilding C object CMakeFiles/sample_msgs__rosidl_generator_py.dir/rosidl_generator_py/sample_msgs/msg/_metadata_s.c.o[0m
[5.684s] [ 85%] [32mBuilding C object CMakeFiles/sample_msgs__rosidl_generator_py.dir/rosidl_generator_py/sample_msgs/msg/_unfiltered_s.c.o[0m
[5.684s] [ 85%] [32mBuilding C object CMakeFiles/sample_msgs__rosidl_generator_py.dir/rosidl_generator_py/sample_msgs/msg/_filtered_array_s.c.o[0m
[5.686s] [ 87%] [32mBuilding C object CMakeFiles/sample_msgs__rosidl_generator_py.dir/rosidl_generator_py/sample_msgs/msg/_filtered_s.c.o[0m
[5.841s] [ 89%] [32m[1mLinking C shared library rosidl_generator_py/sample_msgs/libsample_msgs__rosidl_generator_py.so[0m
[5.899s] [ 89%] Built target sample_msgs__rosidl_generator_py
[5.920s] [ 90%] [32mBuilding C object CMakeFiles/sample_msgs__rosidl_typesupport_introspection_c__pyext.dir/rosidl_generator_py/sample_msgs/_sample_msgs_s.ep.rosidl_typesupport_introspection_c.c.o[0m
[5.922s] [ 92%] [32mBuilding C object CMakeFiles/sample_msgs__rosidl_typesupport_fastrtps_c__pyext.dir/rosidl_generator_py/sample_msgs/_sample_msgs_s.ep.rosidl_typesupport_fastrtps_c.c.o[0m
[5.925s] [ 94%] [32mBuilding C object CMakeFiles/sample_msgs__rosidl_typesupport_c__pyext.dir/rosidl_generator_py/sample_msgs/_sample_msgs_s.ep.rosidl_typesupport_c.c.o[0m
[6.086s] [ 96%] [32m[1mLinking C shared library rosidl_generator_py/sample_msgs/sample_msgs_s__rosidl_typesupport_fastrtps_c.cpython-310-x86_64-linux-gnu.so[0m
[6.088s] [ 98%] [32m[1mLinking C shared library rosidl_generator_py/sample_msgs/sample_msgs_s__rosidl_typesupport_introspection_c.cpython-310-x86_64-linux-gnu.so[0m
[6.103s] [100%] [32m[1mLinking C shared library rosidl_generator_py/sample_msgs/sample_msgs_s__rosidl_typesupport_c.cpython-310-x86_64-linux-gnu.so[0m
[6.134s] [100%] Built target sample_msgs__rosidl_typesupport_fastrtps_c__pyext
[6.137s] [100%] Built target sample_msgs__rosidl_typesupport_introspection_c__pyext
[6.155s] [100%] Built target sample_msgs__rosidl_typesupport_c__pyext
[6.170s] Invoked command in '/home/bolty/ament_ws/src/build/sample_msgs' returned '0': CMAKE_PREFIX_PATH=${CMAKE_PREFIX_PATH}:/opt/watonomous/action:/opt/ros/humble /usr/bin/cmake --build /home/bolty/ament_ws/src/build/sample_msgs -- -j16 -l16
[6.316s] Invoking command in '/home/bolty/ament_ws/src/build/sample_msgs': CMAKE_PREFIX_PATH=${CMAKE_PREFIX_PATH}:/opt/watonomous/action:/opt/ros/humble /usr/bin/cmake --install /home/bolty/ament_ws/src/build/sample_msgs
[6.324s] -- Install configuration: ""
[6.324s] -- Installing: /home/bolty/ament_ws/src/install/sample_msgs/share/ament_index/resource_index/rosidl_interfaces/sample_msgs
[6.324s] -- Installing: /home/bolty/ament_ws/src/install/sample_msgs/include/sample_msgs/sample_msgs
[6.324s] -- Installing: /home/bolty/ament_ws/src/install/sample_msgs/include/sample_msgs/sample_msgs/msg
[6.325s] -- Installing: /home/bolty/ament_ws/src/install/sample_msgs/include/sample_msgs/sample_msgs/msg/metadata.h
[6.325s] -- Installing: /home/bolty/ament_ws/src/install/sample_msgs/include/sample_msgs/sample_msgs/msg/detail
[6.325s] -- Installing: /home/bolty/ament_ws/src/install/sample_msgs/include/sample_msgs/sample_msgs/msg/detail/metadata__struct.h
[6.325s] -- Installing: /home/bolty/ament_ws/src/install/sample_msgs/include/sample_msgs/sample_msgs/msg/detail/filtered__functions.h
[6.325s] -- Installing: /home/bolty/ament_ws/src/install/sample_msgs/include/sample_msgs/sample_msgs/msg/detail/unfiltered__functions.c
[6.325s] -- Installing: /home/bolty/ament_ws/src/install/sample_msgs/include/sample_msgs/sample_msgs/msg/detail/filtered__struct.h
[6.325s] -- Installing: /home/bolty/ament_ws/src/install/sample_msgs/include/sample_msgs/sample_msgs/msg/detail/filtered_array__type_support.h
[6.326s] -- Installing: /home/bolty/ament_ws/src/install/sample_msgs/include/sample_msgs/sample_msgs/msg/detail/unfiltered__type_support.h
[6.326s] -- Installing: /home/bolty/ament_ws/src/install/sample_msgs/include/sample_msgs/sample_msgs/msg/detail/metadata__type_support.h
[6.326s] -- Installing: /home/bolty/ament_ws/src/install/sample_msgs/include/sample_msgs/sample_msgs/msg/detail/filtered_array__functions.c
[6.326s] -- Installing: /home/bolty/ament_ws/src/install/sample_msgs/include/sample_msgs/sample_msgs/msg/detail/filtered__type_support.h
[6.326s] -- Installing: /home/bolty/ament_ws/src/install/sample_msgs/include/sample_msgs/sample_msgs/msg/detail/filtered__functions.c
[6.326s] -- Installing: /home/bolty/ament_ws/src/install/sample_msgs/include/sample_msgs/sample_msgs/msg/detail/metadata__functions.c
[6.326s] -- Installing: /home/bolty/ament_ws/src/install/sample_msgs/include/sample_msgs/sample_msgs/msg/detail/filtered_array__struct.h
[6.327s] -- Installing: /home/bolty/ament_ws/src/install/sample_msgs/include/sample_msgs/sample_msgs/msg/detail/metadata__functions.h
[6.327s] -- Installing: /home/bolty/ament_ws/src/install/sample_msgs/include/sample_msgs/sample_msgs/msg/detail/unfiltered__struct.h
[6.327s] -- Installing: /home/bolty/ament_ws/src/install/sample_msgs/include/sample_msgs/sample_msgs/msg/detail/unfiltered__functions.h
[6.327s] -- Installing: /home/bolty/ament_ws/src/install/sample_msgs/include/sample_msgs/sample_msgs/msg/detail/filtered_array__functions.h
[6.327s] -- Installing: /home/bolty/ament_ws/src/install/sample_msgs/include/sample_msgs/sample_msgs/msg/unfiltered.h
[6.327s] -- Installing: /home/bolty/ament_ws/src/install/sample_msgs/include/sample_msgs/sample_msgs/msg/filtered.h
[6.327s] -- Installing: /home/bolty/ament_ws/src/install/sample_msgs/include/sample_msgs/sample_msgs/msg/filtered_array.h
[6.328s] -- Installing: /home/bolty/ament_ws/src/install/sample_msgs/include/sample_msgs/sample_msgs/msg/rosidl_generator_c__visibility_control.h
[6.328s] -- Installing: /home/bolty/ament_ws/src/install/sample_msgs/share/sample_msgs/environment/library_path.sh
[6.328s] -- Installing: /home/bolty/ament_ws/src/install/sample_msgs/share/sample_msgs/environment/library_path.dsv
[6.329s] -- Installing: /home/bolty/ament_ws/src/install/sample_msgs/lib/libsample_msgs__rosidl_generator_c.so
[6.329s] -- Set runtime path of "/home/bolty/ament_ws/src/install/sample_msgs/lib/libsample_msgs__rosidl_generator_c.so" to ""
[6.330s] -- Up-to-date: /home/bolty/ament_ws/src/install/sample_msgs/include/sample_msgs/sample_msgs
[6.330s] -- Up-to-date: /home/bolty/ament_ws/src/install/sample_msgs/include/sample_msgs/sample_msgs/msg
[6.330s] -- Up-to-date: /home/bolty/ament_ws/src/install/sample_msgs/include/sample_msgs/sample_msgs/msg/detail
[6.330s] -- Installing: /home/bolty/ament_ws/src/install/sample_msgs/include/sample_msgs/sample_msgs/msg/detail/filtered_array__rosidl_typesupport_fastrtps_c.h
[6.330s] -- Installing: /home/bolty/ament_ws/src/install/sample_msgs/include/sample_msgs/sample_msgs/msg/detail/unfiltered__rosidl_typesupport_fastrtps_c.h
[6.330s] -- Installing: /home/bolty/ament_ws/src/install/sample_msgs/include/sample_msgs/sample_msgs/msg/detail/metadata__rosidl_typesupport_fastrtps_c.h
[6.330s] -- Installing: /home/bolty/ament_ws/src/install/sample_msgs/include/sample_msgs/sample_msgs/msg/detail/filtered__rosidl_typesupport_fastrtps_c.h
[6.331s] -- Installing: /home/bolty/ament_ws/src/install/sample_msgs/include/sample_msgs/sample_msgs/msg/rosidl_typesupport_fastrtps_c__visibility_control.h
[6.331s] -- Installing: /home/bolty/ament_ws/src/install/sample_msgs/lib/libsample_msgs__rosidl_typesupport_fastrtps_c.so
[6.331s] -- Set runtime path of "/home/bolty/ament_ws/src/install/sample_msgs/lib/libsample_msgs__rosidl_typesupport_fastrtps_c.so" to ""
[6.331s] -- Up-to-date: /home/bolty/ament_ws/src/install/sample_msgs/include/sample_msgs/sample_msgs
[6.331s] -- Up-to-date: /home/bolty/ament_ws/src/install/sample_msgs/include/sample_msgs/sample_msgs/msg
[6.332s] -- Installing: /home/bolty/ament_ws/src/install/sample_msgs/include/sample_msgs/sample_msgs/msg/rosidl_typesupport_introspection_c__visibility_control.h
[6.332s] -- Up-to-date: /home/bolty/ament_ws/src/install/sample_msgs/include/sample_msgs/sample_msgs/msg/detail
[6.332s] -- Installing: /home/bolty/ament_ws/src/install/sample_msgs/include/sample_msgs/sample_msgs/msg/detail/unfiltered__type_support.c
[6.332s] -- Installing: /home/bolty/ament_ws/src/install/sample_msgs/include/sample_msgs/sample_msgs/msg/detail/filtered__rosidl_typesupport_introspection_c.h
[6.332s] -- Installing: /home/bolty/ament_ws/src/install/sample_msgs/include/sample_msgs/sample_msgs/msg/detail/unfiltered__rosidl_typesupport_introspection_c.h
[6.333s] -- Installing: /home/bolty/ament_ws/src/install/sample_msgs/include/sample_msgs/sample_msgs/msg/detail/filtered_array__type_support.c
[6.333s] -- Installing: /home/bolty/ament_ws/src/install/sample_msgs/include/sample_msgs/sample_msgs/msg/detail/metadata__type_support.c
[6.333s] -- Installing: /home/bolty/ament_ws/src/install/sample_msgs/include/sample_msgs/sample_msgs/msg/detail/filtered__type_support.c
[6.333s] -- Installing: /home/bolty/ament_ws/src/install/sample_msgs/include/sample_msgs/sample_msgs/msg/detail/filtered_array__rosidl_typesupport_introspection_c.h
[6.333s] -- Installing: /home/bolty/ament_ws/src/install/sample_msgs/include/sample_msgs/sample_msgs/msg/detail/metadata__rosidl_typesupport_introspection_c.h
[6.333s] -- Installing: /home/bolty/ament_ws/src/install/sample_msgs/lib/libsample_msgs__rosidl_typesupport_introspection_c.so
[6.333s] -- Set runtime path of "/home/bolty/ament_ws/src/install/sample_msgs/lib/libsample_msgs__rosidl_typesupport_introspection_c.so" to ""
[6.334s] -- Installing: /home/bolty/ament_ws/src/install/sample_msgs/lib/libsample_msgs__rosidl_typesupport_c.so
[6.334s] -- Set runtime path of "/home/bolty/ament_ws/src/install/sample_msgs/lib/libsample_msgs__rosidl_typesupport_c.so" to ""
[6.334s] -- Up-to-date: /home/bolty/ament_ws/src/install/sample_msgs/include/sample_msgs/sample_msgs
[6.334s] -- Up-to-date: /home/bolty/ament_ws/src/install/sample_msgs/include/sample_msgs/sample_msgs/msg
[6.334s] -- Installing: /home/bolty/ament_ws/src/install/sample_msgs/include/sample_msgs/sample_msgs/msg/filtered.hpp
[6.334s] -- Installing: /home/bolty/ament_ws/src/install/sample_msgs/include/sample_msgs/sample_msgs/msg/unfiltered.hpp
[6.335s] -- Up-to-date: /home/bolty/ament_ws/src/install/sample_msgs/include/sample_msgs/sample_msgs/msg/detail
[6.335s] -- Installing: /home/bolty/ament_ws/src/install/sample_msgs/include/sample_msgs/sample_msgs/msg/detail/metadata__builder.hpp
[6.335s] -- Installing: /home/bolty/ament_ws/src/install/sample_msgs/include/sample_msgs/sample_msgs/msg/detail/filtered__struct.hpp
[6.335s] -- Installing: /home/bolty/ament_ws/src/install/sample_msgs/include/sample_msgs/sample_msgs/msg/detail/filtered__builder.hpp
[6.335s] -- Installing: /home/bolty/ament_ws/src/install/sample_msgs/include/sample_msgs/sample_msgs/msg/detail/filtered_array__builder.hpp
[6.335s] -- Installing: /home/bolty/ament_ws/src/install/sample_msgs/include/sample_msgs/sample_msgs/msg/detail/metadata__traits.hpp
[6.335s] -- Installing: /home/bolty/ament_ws/src/install/sample_msgs/include/sample_msgs/sample_msgs/msg/detail/filtered_array__struct.hpp
[6.335s] -- Installing: /home/bolty/ament_ws/src/install/sample_msgs/include/sample_msgs/sample_msgs/msg/detail/filtered__traits.hpp
[6.336s] -- Installing: /home/bolty/ament_ws/src/install/sample_msgs/include/sample_msgs/sample_msgs/msg/detail/metadata__struct.hpp
[6.336s] -- Installing: /home/bolty/ament_ws/src/install/sample_msgs/include/sample_msgs/sample_msgs/msg/detail/unfiltered__struct.hpp
[6.336s] -- Installing: /home/bolty/ament_ws/src/install/sample_msgs/include/sample_msgs/sample_msgs/msg/detail/unfiltered__traits.hpp
[6.336s] -- Installing: /home/bolty/ament_ws/src/install/sample_msgs/include/sample_msgs/sample_msgs/msg/detail/filtered_array__traits.hpp
[6.336s] -- Installing: /home/bolty/ament_ws/src/install/sample_msgs/include/sample_msgs/sample_msgs/msg/detail/unfiltered__builder.hpp
[6.336s] -- Installing: /home/bolty/ament_ws/src/install/sample_msgs/include/sample_msgs/sample_msgs/msg/filtered_array.hpp
[6.336s] -- Installing: /home/bolty/ament_ws/src/install/sample_msgs/include/sample_msgs/sample_msgs/msg/metadata.hpp
[6.336s] -- Up-to-date: /home/bolty/ament_ws/src/install/sample_msgs/include/sample_msgs/sample_msgs
[6.336s] -- Up-to-date: /home/bolty/ament_ws/src/install/sample_msgs/include/sample_msgs/sample_msgs/msg
[6.337s] -- Up-to-date: /home/bolty/ament_ws/src/install/sample_msgs/include/sample_msgs/sample_msgs/msg/detail
[6.337s] -- Installing: /home/bolty/ament_ws/src/install/sample_msgs/include/sample_msgs/sample_msgs/msg/detail/metadata__rosidl_typesupport_fastrtps_cpp.hpp
[6.337s] -- Installing: /home/bolty/ament_ws/src/install/sample_msgs/include/sample_msgs/sample_msgs/msg/detail/unfiltered__rosidl_typesupport_fastrtps_cpp.hpp
[6.337s] -- Installing: /home/bolty/ament_ws/src/install/sample_msgs/include/sample_msgs/sample_msgs/msg/detail/filtered_array__rosidl_typesupport_fastrtps_cpp.hpp
[6.337s] -- Installing: /home/bolty/ament_ws/src/install/sample_msgs/include/sample_msgs/sample_msgs/msg/detail/filtered__rosidl_typesupport_fastrtps_cpp.hpp
[6.337s] -- Installing: /home/bolty/ament_ws/src/install/sample_msgs/include/sample_msgs/sample_msgs/msg/detail/dds_fastrtps
[6.337s] -- Installing: /home/bolty/ament_ws/src/install/sample_msgs/include/sample_msgs/sample_msgs/msg/rosidl_typesupport_fastrtps_cpp__visibility_control.h
[6.337s] -- Installing: /home/bolty/ament_ws/src/install/sample_msgs/lib/libsample_msgs__rosidl_typesupport_fastrtps_cpp.so
[6.338s] -- Set runtime path of "/home/bolty/ament_ws/src/install/sample_msgs/lib/libsample_msgs__rosidl_typesupport_fastrtps_cpp.so" to ""
[6.338s] -- Up-to-date: /home/bolty/ament_ws/src/install/sample_msgs/include/sample_msgs/sample_msgs
[6.338s] -- Up-to-date: /home/bolty/ament_ws/src/install/sample_msgs/include/sample_msgs/sample_msgs/msg
[6.338s] -- Up-to-date: /home/bolty/ament_ws/src/install/sample_msgs/include/sample_msgs/sample_msgs/msg/detail
[6.339s] -- Installing: /home/bolty/ament_ws/src/install/sample_msgs/include/sample_msgs/sample_msgs/msg/detail/unfiltered__type_support.cpp
[6.339s] -- Installing: /home/bolty/ament_ws/src/install/sample_msgs/include/sample_msgs/sample_msgs/msg/detail/filtered__rosidl_typesupport_introspection_cpp.hpp
[6.339s] -- Installing: /home/bolty/ament_ws/src/install/sample_msgs/include/sample_msgs/sample_msgs/msg/detail/filtered_array__type_support.cpp
[6.339s] -- Installing: /home/bolty/ament_ws/src/install/sample_msgs/include/sample_msgs/sample_msgs/msg/detail/metadata__rosidl_typesupport_introspection_cpp.hpp
[6.339s] -- Installing: /home/bolty/ament_ws/src/install/sample_msgs/include/sample_msgs/sample_msgs/msg/detail/filtered__type_support.cpp
[6.339s] -- Installing: /home/bolty/ament_ws/src/install/sample_msgs/include/sample_msgs/sample_msgs/msg/detail/metadata__type_support.cpp
[6.340s] -- Installing: /home/bolty/ament_ws/src/install/sample_msgs/include/sample_msgs/sample_msgs/msg/detail/filtered_array__rosidl_typesupport_introspection_cpp.hpp
[6.340s] -- Installing: /home/bolty/ament_ws/src/install/sample_msgs/include/sample_msgs/sample_msgs/msg/detail/unfiltered__rosidl_typesupport_introspection_cpp.hpp
[6.340s] -- Installing: /home/bolty/ament_ws/src/install/sample_msgs/lib/libsample_msgs__rosidl_typesupport_introspection_cpp.so
[6.340s] -- Set runtime path of "/home/bolty/ament_ws/src/install/sample_msgs/lib/libsample_msgs__rosidl_typesupport_introspection_cpp.so" to ""
[6.340s] -- Installing: /home/bolty/ament_ws/src/install/sample_msgs/lib/libsample_msgs__rosidl_typesupport_cpp.so
[6.340s] -- Set runtime path of "/home/bolty/ament_ws/src/install/sample_msgs/lib/libsample_msgs__rosidl_typesupport_cpp.so" to ""
[6.341s] -- Installing: /home/bolty/ament_ws/src/install/sample_msgs/share/sample_msgs/environment/pythonpath.sh
[6.341s] -- Installing: /home/bolty/ament_ws/src/install/sample_msgs/share/sample_msgs/environment/pythonpath.dsv
[6.341s] -- Installing: /home/bolty/ament_ws/src/install/sample_msgs/local/lib/python3.10/dist-packages/sample_msgs-0.0.0-py3.10.egg-info
[6.341s] -- Installing: /home/bolty/ament_ws/src/install/sample_msgs/local/lib/python3.10/dist-packages/sample_msgs-0.0.0-py3.10.egg-info/top_level.txt
[6.341s] -- Installing: /home/bolty/ament_ws/src/install/sample_msgs/local/lib/python3.10/dist-packages/sample_msgs-0.0.0-py3.10.egg-info/PKG-INFO
[6.341s] -- Installing: /home/bolty/ament_ws/src/install/sample_msgs/local/lib/python3.10/dist-packages/sample_msgs-0.0.0-py3.10.egg-info/SOURCES.txt
[6.341s] -- Installing: /home/bolty/ament_ws/src/install/sample_msgs/local/lib/python3.10/dist-packages/sample_msgs-0.0.0-py3.10.egg-info/dependency_links.txt
[6.341s] -- Installing: /home/bolty/ament_ws/src/install/sample_msgs/local/lib/python3.10/dist-packages/sample_msgs
[6.342s] -- Installing: /home/bolty/ament_ws/src/install/sample_msgs/local/lib/python3.10/dist-packages/sample_msgs/msg
[6.342s] -- Installing: /home/bolty/ament_ws/src/install/sample_msgs/local/lib/python3.10/dist-packages/sample_msgs/msg/_filtered.py
[6.342s] -- Installing: /home/bolty/ament_ws/src/install/sample_msgs/local/lib/python3.10/dist-packages/sample_msgs/msg/_metadata_s.c
[6.342s] -- Installing: /home/bolty/ament_ws/src/install/sample_msgs/local/lib/python3.10/dist-packages/sample_msgs/msg/_filtered_s.c
[6.342s] -- Installing: /home/bolty/ament_ws/src/install/sample_msgs/local/lib/python3.10/dist-packages/sample_msgs/msg/_filtered_array.py
[6.342s] -- Installing: /home/bolty/ament_ws/src/install/sample_msgs/local/lib/python3.10/dist-packages/sample_msgs/msg/__init__.py
[6.342s] -- Installing: /home/bolty/ament_ws/src/install/sample_msgs/local/lib/python3.10/dist-packages/sample_msgs/msg/_unfiltered_s.c
[6.343s] -- Installing: /home/bolty/ament_ws/src/install/sample_msgs/local/lib/python3.10/dist-packages/sample_msgs/msg/_unfiltered.py
[6.343s] -- Installing: /home/bolty/ament_ws/src/install/sample_msgs/local/lib/python3.10/dist-packages/sample_msgs/msg/_filtered_array_s.c
[6.343s] -- Installing: /home/bolty/ament_ws/src/install/sample_msgs/local/lib/python3.10/dist-packages/sample_msgs/msg/_metadata.py
[6.343s] -- Installing: /home/bolty/ament_ws/src/install/sample_msgs/local/lib/python3.10/dist-packages/sample_msgs/_sample_msgs_s.ep.rosidl_typesupport_introspection_c.c
[6.343s] -- Installing: /home/bolty/ament_ws/src/install/sample_msgs/local/lib/python3.10/dist-packages/sample_msgs/libsample_msgs__rosidl_generator_py.so
[6.343s] -- Installing: /home/bolty/ament_ws/src/install/sample_msgs/local/lib/python3.10/dist-packages/sample_msgs/__init__.py
[6.343s] -- Installing: /home/bolty/ament_ws/src/install/sample_msgs/local/lib/python3.10/dist-packages/sample_msgs/_sample_msgs_s.ep.rosidl_typesupport_c.c
[6.343s] -- Installing: /home/bolty/ament_ws/src/install/sample_msgs/local/lib/python3.10/dist-packages/sample_msgs/sample_msgs_s__rosidl_typesupport_fastrtps_c.cpython-310-x86_64-linux-gnu.so
[6.343s] -- Installing: /home/bolty/ament_ws/src/install/sample_msgs/local/lib/python3.10/dist-packages/sample_msgs/sample_msgs_s__rosidl_typesupport_introspection_c.cpython-310-x86_64-linux-gnu.so
[6.344s] -- Installing: /home/bolty/ament_ws/src/install/sample_msgs/local/lib/python3.10/dist-packages/sample_msgs/_sample_msgs_s.ep.rosidl_typesupport_fastrtps_c.c
[6.344s] -- Installing: /home/bolty/ament_ws/src/install/sample_msgs/local/lib/python3.10/dist-packages/sample_msgs/sample_msgs_s__rosidl_typesupport_c.cpython-310-x86_64-linux-gnu.so
[6.404s] Listing '/home/bolty/ament_ws/src/install/sample_msgs/local/lib/python3.10/dist-packages/sample_msgs'...
[6.404s] Compiling '/home/bolty/ament_ws/src/install/sample_msgs/local/lib/python3.10/dist-packages/sample_msgs/__init__.py'...
[6.405s] Listing '/home/bolty/ament_ws/src/install/sample_msgs/local/lib/python3.10/dist-packages/sample_msgs/msg'...
[6.405s] Compiling '/home/bolty/ament_ws/src/install/sample_msgs/local/lib/python3.10/dist-packages/sample_msgs/msg/__init__.py'...
[6.405s] Compiling '/home/bolty/ament_ws/src/install/sample_msgs/local/lib/python3.10/dist-packages/sample_msgs/msg/_filtered.py'...
[6.405s] Compiling '/home/bolty/ament_ws/src/install/sample_msgs/local/lib/python3.10/dist-packages/sample_msgs/msg/_filtered_array.py'...
[6.405s] Compiling '/home/bolty/ament_ws/src/install/sample_msgs/local/lib/python3.10/dist-packages/sample_msgs/msg/_metadata.py'...
[6.405s] Compiling '/home/bolty/ament_ws/src/install/sample_msgs/local/lib/python3.10/dist-packages/sample_msgs/msg/_unfiltered.py'...
[6.409s] -- Installing: /home/bolty/ament_ws/src/install/sample_msgs/local/lib/python3.10/dist-packages/sample_msgs/sample_msgs_s__rosidl_typesupport_fastrtps_c.cpython-310-x86_64-linux-gnu.so
[6.409s] -- Set runtime path of "/home/bolty/ament_ws/src/install/sample_msgs/local/lib/python3.10/dist-packages/sample_msgs/sample_msgs_s__rosidl_typesupport_fastrtps_c.cpython-310-x86_64-linux-gnu.so" to ""
[6.410s] -- Installing: /home/bolty/ament_ws/src/install/sample_msgs/local/lib/python3.10/dist-packages/sample_msgs/sample_msgs_s__rosidl_typesupport_introspection_c.cpython-310-x86_64-linux-gnu.so
[6.410s] -- Set runtime path of "/home/bolty/ament_ws/src/install/sample_msgs/local/lib/python3.10/dist-packages/sample_msgs/sample_msgs_s__rosidl_typesupport_introspection_c.cpython-310-x86_64-linux-gnu.so" to ""
[6.410s] -- Installing: /home/bolty/ament_ws/src/install/sample_msgs/local/lib/python3.10/dist-packages/sample_msgs/sample_msgs_s__rosidl_typesupport_c.cpython-310-x86_64-linux-gnu.so
[6.410s] -- Set runtime path of "/home/bolty/ament_ws/src/install/sample_msgs/local/lib/python3.10/dist-packages/sample_msgs/sample_msgs_s__rosidl_typesupport_c.cpython-310-x86_64-linux-gnu.so" to ""
[6.410s] -- Installing: /home/bolty/ament_ws/src/install/sample_msgs/lib/libsample_msgs__rosidl_generator_py.so
[6.411s] -- Set runtime path of "/home/bolty/ament_ws/src/install/sample_msgs/lib/libsample_msgs__rosidl_generator_py.so" to ""
[6.411s] -- Installing: /home/bolty/ament_ws/src/install/sample_msgs/share/sample_msgs/msg/Filtered.idl
[6.411s] -- Installing: /home/bolty/ament_ws/src/install/sample_msgs/share/sample_msgs/msg/FilteredArray.idl
[6.411s] -- Installing: /home/bolty/ament_ws/src/install/sample_msgs/share/sample_msgs/msg/Unfiltered.idl
[6.411s] -- Installing: /home/bolty/ament_ws/src/install/sample_msgs/share/sample_msgs/msg/Metadata.idl
[6.411s] -- Installing: /home/bolty/ament_ws/src/install/sample_msgs/share/sample_msgs/msg/Filtered.msg
[6.412s] -- Installing: /home/bolty/ament_ws/src/install/sample_msgs/share/sample_msgs/msg/FilteredArray.msg
[6.412s] -- Installing: /home/bolty/ament_ws/src/install/sample_msgs/share/sample_msgs/msg/Unfiltered.msg
[6.412s] -- Installing: /home/bolty/ament_ws/src/install/sample_msgs/share/sample_msgs/msg/Metadata.msg
[6.412s] -- Installing: /home/bolty/ament_ws/src/install/sample_msgs/share/ament_index/resource_index/package_run_dependencies/sample_msgs
[6.412s] -- Installing: /home/bolty/ament_ws/src/install/sample_msgs/share/ament_index/resource_index/parent_prefix_path/sample_msgs
[6.412s] -- Installing: /home/bolty/ament_ws/src/install/sample_msgs/share/sample_msgs/environment/ament_prefix_path.sh
[6.412s] -- Installing: /home/bolty/ament_ws/src/install/sample_msgs/share/sample_msgs/environment/ament_prefix_path.dsv
[6.412s] -- Installing: /home/bolty/ament_ws/src/install/sample_msgs/share/sample_msgs/environment/path.sh
[6.412s] -- Installing: /home/bolty/ament_ws/src/install/sample_msgs/share/sample_msgs/environment/path.dsv
[6.412s] -- Installing: /home/bolty/ament_ws/src/install/sample_msgs/share/sample_msgs/local_setup.bash
[6.413s] -- Installing: /home/bolty/ament_ws/src/install/sample_msgs/share/sample_msgs/local_setup.sh
[6.413s] -- Installing: /home/bolty/ament_ws/src/install/sample_msgs/share/sample_msgs/local_setup.zsh
[6.413s] -- Installing: /home/bolty/ament_ws/src/install/sample_msgs/share/sample_msgs/local_setup.dsv
[6.413s] -- Installing: /home/bolty/ament_ws/src/install/sample_msgs/share/sample_msgs/package.dsv
[6.413s] -- Installing: /home/bolty/ament_ws/src/install/sample_msgs/share/ament_index/resource_index/packages/sample_msgs
[6.413s] -- Installing: /home/bolty/ament_ws/src/install/sample_msgs/share/sample_msgs/cmake/export_sample_msgs__rosidl_generator_cExport.cmake
[6.413s] -- Installing: /home/bolty/ament_ws/src/install/sample_msgs/share/sample_msgs/cmake/export_sample_msgs__rosidl_generator_cExport-noconfig.cmake
[6.413s] -- Installing: /home/bolty/ament_ws/src/install/sample_msgs/share/sample_msgs/cmake/export_sample_msgs__rosidl_typesupport_fastrtps_cExport.cmake
[6.413s] -- Installing: /home/bolty/ament_ws/src/install/sample_msgs/share/sample_msgs/cmake/export_sample_msgs__rosidl_typesupport_fastrtps_cExport-noconfig.cmake
[6.414s] -- Installing: /home/bolty/ament_ws/src/install/sample_msgs/share/sample_msgs/cmake/sample_msgs__rosidl_typesupport_introspection_cExport.cmake
[6.414s] -- Installing: /home/bolty/ament_ws/src/install/sample_msgs/share/sample_msgs/cmake/sample_msgs__rosidl_typesupport_introspection_cExport-noconfig.cmake
[6.414s] -- Installing: /home/bolty/ament_ws/src/install/sample_msgs/share/sample_msgs/cmake/sample_msgs__rosidl_typesupport_cExport.cmake
[6.414s] -- Installing: /home/bolty/ament_ws/src/install/sample_msgs/share/sample_msgs/cmake/sample_msgs__rosidl_typesupport_cExport-noconfig.cmake
[6.414s] -- Installing: /home/bolty/ament_ws/src/install/sample_msgs/share/sample_msgs/cmake/export_sample_msgs__rosidl_generator_cppExport.cmake
[6.414s] -- Installing: /home/bolty/ament_ws/src/install/sample_msgs/share/sample_msgs/cmake/export_sample_msgs__rosidl_typesupport_fastrtps_cppExport.cmake
[6.414s] -- Installing: /home/bolty/ament_ws/src/install/sample_msgs/share/sample_msgs/cmake/export_sample_msgs__rosidl_typesupport_fastrtps_cppExport-noconfig.cmake
[6.414s] -- Installing: /home/bolty/ament_ws/src/install/sample_msgs/share/sample_msgs/cmake/sample_msgs__rosidl_typesupport_introspection_cppExport.cmake
[6.415s] -- Installing: /home/bolty/ament_ws/src/install/sample_msgs/share/sample_msgs/cmake/sample_msgs__rosidl_typesupport_introspection_cppExport-noconfig.cmake
[6.415s] -- Installing: /home/bolty/ament_ws/src/install/sample_msgs/share/sample_msgs/cmake/sample_msgs__rosidl_typesupport_cppExport.cmake
[6.415s] -- Installing: /home/bolty/ament_ws/src/install/sample_msgs/share/sample_msgs/cmake/sample_msgs__rosidl_typesupport_cppExport-noconfig.cmake
[6.415s] -- Installing: /home/bolty/ament_ws/src/install/sample_msgs/share/sample_msgs/cmake/export_sample_msgs__rosidl_generator_pyExport.cmake
[6.415s] -- Installing: /home/bolty/ament_ws/src/install/sample_msgs/share/sample_msgs/cmake/export_sample_msgs__rosidl_generator_pyExport-noconfig.cmake
[6.415s] -- Installing: /home/bolty/ament_ws/src/install/sample_msgs/share/sample_msgs/cmake/rosidl_cmake-extras.cmake
[6.415s] -- Installing: /home/bolty/ament_ws/src/install/sample_msgs/share/sample_msgs/cmake/ament_cmake_export_dependencies-extras.cmake
[6.415s] -- Installing: /home/bolty/ament_ws/src/install/sample_msgs/share/sample_msgs/cmake/ament_cmake_export_include_directories-extras.cmake
[6.416s] -- Installing: /home/bolty/ament_ws/src/install/sample_msgs/share/sample_msgs/cmake/ament_cmake_export_libraries-extras.cmake
[6.416s] -- Installing: /home/bolty/ament_ws/src/install/sample_msgs/share/sample_msgs/cmake/ament_cmake_export_targets-extras.cmake
[6.416s] -- Installing: /home/bolty/ament_ws/src/install/sample_msgs/share/sample_msgs/cmake/rosidl_cmake_export_typesupport_targets-extras.cmake
[6.416s] -- Installing: /home/bolty/ament_ws/src/install/sample_msgs/share/sample_msgs/cmake/rosidl_cmake_export_typesupport_libraries-extras.cmake
[6.416s] -- Installing: /home/bolty/ament_ws/src/install/sample_msgs/share/sample_msgs/cmake/sample_msgsConfig.cmake
[6.417s] -- Installing: /home/bolty/ament_ws/src/install/sample_msgs/share/sample_msgs/cmake/sample_msgsConfig-version.cmake
[6.417s] -- Installing: /home/bolty/ament_ws/src/install/sample_msgs/share/sample_msgs/package.xml
[6.419s] Invoked command in '/home/bolty/ament_ws/src/build/sample_msgs' returned '0': CMAKE_PREFIX_PATH=${CMAKE_PREFIX_PATH}:/opt/watonomous/action:/opt/ros/humble /usr/bin/cmake --install /home/bolty/ament_ws/src/build/sample_msgs
