[0.123s] Invoking command in '/home/rraina/wato_f1tenth/build/io_context': AMENT_PREFIX_PATH=/home/rraina/wato_f1tenth/install/asio_cmake_module:${AMENT_PREFIX_PATH} CMAKE_PREFIX_PATH=/home/rraina/wato_f1tenth/install/asio_cmake_module:/opt/ros/jazzy/opt/gz_sim_vendor:/opt/ros/jazzy/opt/gz_sensors_vendor:/opt/ros/jazzy/opt/gz_physics_vendor:/opt/ros/jazzy/opt/sdformat_vendor:/opt/ros/jazzy/opt/gz_gui_vendor:/opt/ros/jazzy/opt/gz_transport_vendor:/opt/ros/jazzy/opt/gz_rendering_vendor:/opt/ros/jazzy/opt/gz_plugin_vendor:/opt/ros/jazzy/opt/gz_fuel_tools_vendor:/opt/ros/jazzy/opt/gz_msgs_vendor:/opt/ros/jazzy/opt/gz_common_vendor:/opt/ros/jazzy/opt/gz_math_vendor:/opt/ros/jazzy/opt/gz_utils_vendor:/opt/ros/jazzy/opt/gz_tools_vendor:/opt/ros/jazzy/opt/gz_ogre_next_vendor:/opt/ros/jazzy/opt/gz_dartsim_vendor:/opt/ros/jazzy/opt/gz_cmake_vendor:/opt/ros/jazzy /usr/bin/cmake /home/rraina/wato_f1tenth/src/robot/transport_drivers/io_context -DCMAKE_INSTALL_PREFIX=/home/rraina/wato_f1tenth/install/io_context
[0.395s] -- The C compiler identification is GNU 13.3.0
[1.817s] -- The CXX compiler identification is GNU 13.3.0
[3.561s] -- Detecting C compiler ABI info
[4.360s] -- Detecting C compiler ABI info - done
[4.379s] -- Check for working C compiler: /usr/bin/cc - skipped
[4.380s] -- Detecting C compile features
[4.380s] -- Detecting C compile features - done
[4.650s] -- Detecting CXX compiler ABI info
[5.455s] -- Detecting CXX compiler ABI info - done
[5.485s] -- Check for working CXX compiler: /usr/bin/c++ - skipped
[5.486s] -- Detecting CXX compile features
[5.486s] -- Detecting CXX compile features - done
[5.491s] -- Found ament_cmake_auto: 2.5.5 (/opt/ros/jazzy/share/ament_cmake_auto/cmake)
[6.036s] -- Found Python3: /usr/bin/python3 (found version "3.12.3") found components: Interpreter 
[14.064s] -- Found rosidl_generator_c: 4.6.7 (/opt/ros/jazzy/share/rosidl_generator_c/cmake)
[14.121s] -- Found rosidl_generator_cpp: 4.6.7 (/opt/ros/jazzy/share/rosidl_generator_cpp/cmake)
[14.191s] -- Using all available rosidl_typesupport_c: rosidl_typesupport_fastrtps_c;rosidl_typesupport_introspection_c
[14.262s] -- Using all available rosidl_typesupport_cpp: rosidl_typesupport_fastrtps_cpp;rosidl_typesupport_introspection_cpp
[14.540s] -- Found rmw_implementation_cmake: 7.3.3 (/opt/ros/jazzy/share/rmw_implementation_cmake/cmake)
[14.548s] -- Found rmw_fastrtps_cpp: 8.4.3 (/opt/ros/jazzy/share/rmw_fastrtps_cpp/cmake)
[14.934s] -- Found OpenSSL: /usr/lib/x86_64-linux-gnu/libcrypto.so (found version "3.0.13")  
[16.005s] -- Found FastRTPS: /opt/ros/jazzy/include (Required is at least version "2.13") 
[16.480s] -- Using RMW implementation 'rmw_fastrtps_cpp' as default
[29.466s] -- Found ASIO: /usr/include  
[29.491s] -- Found ament_lint_auto: 0.17.4 (/opt/ros/jazzy/share/ament_lint_auto/cmake)
[29.777s] -- Found gtest sources under '/opt/ros/jazzy/src/gtest_vendor': C++ tests using 'Google Test' will be built
[29.824s] -- Performing Test CMAKE_HAVE_LIBC_PTHREAD
[31.376s] -- Performing Test CMAKE_HAVE_LIBC_PTHREAD - Success
[31.380s] -- Found Threads: TRUE  
[31.384s] -- Configuring incomplete, errors occurred!
[31.385s] [31mCMake Error at /opt/ros/jazzy/share/ament_cmake_target_dependencies/cmake/ament_target_dependencies.cmake:77 (message):
[31.385s]   ament_target_dependencies() the passed package name 'udp_msgs' was not
[31.385s]   found before
[31.385s] Call Stack (most recent call first):
[31.385s]   CMakeLists.txt:50 (ament_target_dependencies)
[31.385s] 
[31.385s] [0m
[31.418s] Invoked command in '/home/rraina/wato_f1tenth/build/io_context' returned '1': AMENT_PREFIX_PATH=/home/rraina/wato_f1tenth/install/asio_cmake_module:${AMENT_PREFIX_PATH} CMAKE_PREFIX_PATH=/home/rraina/wato_f1tenth/install/asio_cmake_module:/opt/ros/jazzy/opt/gz_sim_vendor:/opt/ros/jazzy/opt/gz_sensors_vendor:/opt/ros/jazzy/opt/gz_physics_vendor:/opt/ros/jazzy/opt/sdformat_vendor:/opt/ros/jazzy/opt/gz_gui_vendor:/opt/ros/jazzy/opt/gz_transport_vendor:/opt/ros/jazzy/opt/gz_rendering_vendor:/opt/ros/jazzy/opt/gz_plugin_vendor:/opt/ros/jazzy/opt/gz_fuel_tools_vendor:/opt/ros/jazzy/opt/gz_msgs_vendor:/opt/ros/jazzy/opt/gz_common_vendor:/opt/ros/jazzy/opt/gz_math_vendor:/opt/ros/jazzy/opt/gz_utils_vendor:/opt/ros/jazzy/opt/gz_tools_vendor:/opt/ros/jazzy/opt/gz_ogre_next_vendor:/opt/ros/jazzy/opt/gz_dartsim_vendor:/opt/ros/jazzy/opt/gz_cmake_vendor:/opt/ros/jazzy /usr/bin/cmake /home/rraina/wato_f1tenth/src/robot/transport_drivers/io_context -DCMAKE_INSTALL_PREFIX=/home/rraina/wato_f1tenth/install/io_context
