[0.196s] Invoking command in '/home/bolty/ament_ws/src/build/sample_msgs': CMAKE_PREFIX_PATH=${CMAKE_PREFIX_PATH}:/home/bolty/ament_ws/src/install/action:/opt/ros/humble /usr/bin/cmake --build /home/bolty/ament_ws/src/build/sample_msgs -- -j16 -l16
[0.239s] [  1%] Built target sample_msgs__cpp
[0.239s] [ 12%] Built target sample_msgs__rosidl_generator_c
[0.244s] [ 12%] Built target ament_cmake_python_copy_sample_msgs
[0.259s] [ 23%] Built target sample_msgs__rosidl_typesupport_fastrtps_c
[0.259s] [ 34%] Built target sample_msgs__rosidl_typesupport_introspection_cpp
[0.259s] [ 54%] Built target sample_msgs__rosidl_typesupport_fastrtps_cpp
[0.259s] [ 56%] Built target sample_msgs__rosidl_typesupport_cpp
[0.263s] [ 78%] Built target sample_msgs__rosidl_typesupport_introspection_c
[0.263s] [ 78%] Built target sample_msgs__rosidl_typesupport_c
[0.287s] [ 78%] Built target sample_msgs
[0.317s] [ 80%] Built target sample_msgs__py
[0.342s] [ 89%] Built target sample_msgs__rosidl_generator_py
[0.362s] [ 92%] Built target sample_msgs__rosidl_typesupport_fastrtps_c__pyext
[0.362s] [ 96%] Built target sample_msgs__rosidl_typesupport_introspection_c__pyext
[0.368s] [100%] Built target sample_msgs__rosidl_typesupport_c__pyext
[0.463s] running egg_info
[0.464s] writing sample_msgs.egg-info/PKG-INFO
[0.464s] writing dependency_links to sample_msgs.egg-info/dependency_links.txt
[0.464s] writing top-level names to sample_msgs.egg-info/top_level.txt
[0.472s] reading manifest file 'sample_msgs.egg-info/SOURCES.txt'
[0.472s] writing manifest file 'sample_msgs.egg-info/SOURCES.txt'
[0.524s] [100%] Built target ament_cmake_python_build_sample_msgs_egg
[0.535s] Invoked command in '/home/bolty/ament_ws/src/build/sample_msgs' returned '0': CMAKE_PREFIX_PATH=${CMAKE_PREFIX_PATH}:/home/bolty/ament_ws/src/install/action:/opt/ros/humble /usr/bin/cmake --build /home/bolty/ament_ws/src/build/sample_msgs -- -j16 -l16
[0.650s] Invoking command in '/home/bolty/ament_ws/src/build/sample_msgs': CMAKE_PREFIX_PATH=${CMAKE_PREFIX_PATH}:/home/bolty/ament_ws/src/install/action:/opt/ros/humble /usr/bin/cmake --install /home/bolty/ament_ws/src/build/sample_msgs
[0.657s] -- Install configuration: ""
[0.658s] -- Up-to-date: /home/bolty/ament_ws/src/install/sample_msgs/share/ament_index/resource_index/rosidl_interfaces/sample_msgs
[0.658s] -- Up-to-date: /home/bolty/ament_ws/src/install/sample_msgs/include/sample_msgs/sample_msgs
[0.658s] -- Up-to-date: /home/bolty/ament_ws/src/install/sample_msgs/include/sample_msgs/sample_msgs/msg
[0.658s] -- Up-to-date: /home/bolty/ament_ws/src/install/sample_msgs/include/sample_msgs/sample_msgs/msg/metadata.h
[0.659s] -- Up-to-date: /home/bolty/ament_ws/src/install/sample_msgs/include/sample_msgs/sample_msgs/msg/detail
[0.659s] -- Up-to-date: /home/bolty/ament_ws/src/install/sample_msgs/include/sample_msgs/sample_msgs/msg/detail/metadata__struct.h
[0.659s] -- Up-to-date: /home/bolty/ament_ws/src/install/sample_msgs/include/sample_msgs/sample_msgs/msg/detail/filtered__functions.h
[0.659s] -- Up-to-date: /home/bolty/ament_ws/src/install/sample_msgs/include/sample_msgs/sample_msgs/msg/detail/unfiltered__functions.c
[0.659s] -- Up-to-date: /home/bolty/ament_ws/src/install/sample_msgs/include/sample_msgs/sample_msgs/msg/detail/filtered__struct.h
[0.659s] -- Up-to-date: /home/bolty/ament_ws/src/install/sample_msgs/include/sample_msgs/sample_msgs/msg/detail/filtered_array__type_support.h
[0.659s] -- Up-to-date: /home/bolty/ament_ws/src/install/sample_msgs/include/sample_msgs/sample_msgs/msg/detail/unfiltered__type_support.h
[0.659s] -- Up-to-date: /home/bolty/ament_ws/src/install/sample_msgs/include/sample_msgs/sample_msgs/msg/detail/metadata__type_support.h
[0.659s] -- Up-to-date: /home/bolty/ament_ws/src/install/sample_msgs/include/sample_msgs/sample_msgs/msg/detail/filtered_array__functions.c
[0.659s] -- Up-to-date: /home/bolty/ament_ws/src/install/sample_msgs/include/sample_msgs/sample_msgs/msg/detail/filtered__type_support.h
[0.659s] -- Up-to-date: /home/bolty/ament_ws/src/install/sample_msgs/include/sample_msgs/sample_msgs/msg/detail/filtered__functions.c
[0.660s] -- Up-to-date: /home/bolty/ament_ws/src/install/sample_msgs/include/sample_msgs/sample_msgs/msg/detail/metadata__functions.c
[0.660s] -- Up-to-date: /home/bolty/ament_ws/src/install/sample_msgs/include/sample_msgs/sample_msgs/msg/detail/filtered_array__struct.h
[0.660s] -- Up-to-date: /home/bolty/ament_ws/src/install/sample_msgs/include/sample_msgs/sample_msgs/msg/detail/metadata__functions.h
[0.660s] -- Up-to-date: /home/bolty/ament_ws/src/install/sample_msgs/include/sample_msgs/sample_msgs/msg/detail/unfiltered__struct.h
[0.660s] -- Up-to-date: /home/bolty/ament_ws/src/install/sample_msgs/include/sample_msgs/sample_msgs/msg/detail/unfiltered__functions.h
[0.660s] -- Up-to-date: /home/bolty/ament_ws/src/install/sample_msgs/include/sample_msgs/sample_msgs/msg/detail/filtered_array__functions.h
[0.661s] -- Up-to-date: /home/bolty/ament_ws/src/install/sample_msgs/include/sample_msgs/sample_msgs/msg/unfiltered.h
[0.661s] -- Up-to-date: /home/bolty/ament_ws/src/install/sample_msgs/include/sample_msgs/sample_msgs/msg/filtered.h
[0.661s] -- Up-to-date: /home/bolty/ament_ws/src/install/sample_msgs/include/sample_msgs/sample_msgs/msg/filtered_array.h
[0.661s] -- Up-to-date: /home/bolty/ament_ws/src/install/sample_msgs/include/sample_msgs/sample_msgs/msg/rosidl_generator_c__visibility_control.h
[0.661s] -- Up-to-date: /home/bolty/ament_ws/src/install/sample_msgs/share/sample_msgs/environment/library_path.sh
[0.662s] -- Up-to-date: /home/bolty/ament_ws/src/install/sample_msgs/share/sample_msgs/environment/library_path.dsv
[0.662s] -- Up-to-date: /home/bolty/ament_ws/src/install/sample_msgs/lib/libsample_msgs__rosidl_generator_c.so
[0.662s] -- Up-to-date: /home/bolty/ament_ws/src/install/sample_msgs/include/sample_msgs/sample_msgs
[0.662s] -- Up-to-date: /home/bolty/ament_ws/src/install/sample_msgs/include/sample_msgs/sample_msgs/msg
[0.662s] -- Up-to-date: /home/bolty/ament_ws/src/install/sample_msgs/include/sample_msgs/sample_msgs/msg/detail
[0.662s] -- Up-to-date: /home/bolty/ament_ws/src/install/sample_msgs/include/sample_msgs/sample_msgs/msg/detail/filtered_array__rosidl_typesupport_fastrtps_c.h
[0.662s] -- Up-to-date: /home/bolty/ament_ws/src/install/sample_msgs/include/sample_msgs/sample_msgs/msg/detail/unfiltered__rosidl_typesupport_fastrtps_c.h
[0.662s] -- Up-to-date: /home/bolty/ament_ws/src/install/sample_msgs/include/sample_msgs/sample_msgs/msg/detail/metadata__rosidl_typesupport_fastrtps_c.h
[0.662s] -- Up-to-date: /home/bolty/ament_ws/src/install/sample_msgs/include/sample_msgs/sample_msgs/msg/detail/filtered__rosidl_typesupport_fastrtps_c.h
[0.662s] -- Up-to-date: /home/bolty/ament_ws/src/install/sample_msgs/include/sample_msgs/sample_msgs/msg/rosidl_typesupport_fastrtps_c__visibility_control.h
[0.662s] -- Up-to-date: /home/bolty/ament_ws/src/install/sample_msgs/lib/libsample_msgs__rosidl_typesupport_fastrtps_c.so
[0.662s] -- Up-to-date: /home/bolty/ament_ws/src/install/sample_msgs/include/sample_msgs/sample_msgs
[0.662s] -- Up-to-date: /home/bolty/ament_ws/src/install/sample_msgs/include/sample_msgs/sample_msgs/msg
[0.662s] -- Up-to-date: /home/bolty/ament_ws/src/install/sample_msgs/include/sample_msgs/sample_msgs/msg/rosidl_typesupport_introspection_c__visibility_control.h
[0.663s] -- Up-to-date: /home/bolty/ament_ws/src/install/sample_msgs/include/sample_msgs/sample_msgs/msg/detail
[0.663s] -- Up-to-date: /home/bolty/ament_ws/src/install/sample_msgs/include/sample_msgs/sample_msgs/msg/detail/unfiltered__type_support.c
[0.663s] -- Up-to-date: /home/bolty/ament_ws/src/install/sample_msgs/include/sample_msgs/sample_msgs/msg/detail/filtered__rosidl_typesupport_introspection_c.h
[0.663s] -- Up-to-date: /home/bolty/ament_ws/src/install/sample_msgs/include/sample_msgs/sample_msgs/msg/detail/unfiltered__rosidl_typesupport_introspection_c.h
[0.663s] -- Up-to-date: /home/bolty/ament_ws/src/install/sample_msgs/include/sample_msgs/sample_msgs/msg/detail/filtered_array__type_support.c
[0.663s] -- Up-to-date: /home/bolty/ament_ws/src/install/sample_msgs/include/sample_msgs/sample_msgs/msg/detail/metadata__type_support.c
[0.663s] -- Up-to-date: /home/bolty/ament_ws/src/install/sample_msgs/include/sample_msgs/sample_msgs/msg/detail/filtered__type_support.c
[0.663s] -- Up-to-date: /home/bolty/ament_ws/src/install/sample_msgs/include/sample_msgs/sample_msgs/msg/detail/filtered_array__rosidl_typesupport_introspection_c.h
[0.663s] -- Up-to-date: /home/bolty/ament_ws/src/install/sample_msgs/include/sample_msgs/sample_msgs/msg/detail/metadata__rosidl_typesupport_introspection_c.h
[0.664s] -- Up-to-date: /home/bolty/ament_ws/src/install/sample_msgs/lib/libsample_msgs__rosidl_typesupport_introspection_c.so
[0.664s] -- Up-to-date: /home/bolty/ament_ws/src/install/sample_msgs/lib/libsample_msgs__rosidl_typesupport_c.so
[0.664s] -- Up-to-date: /home/bolty/ament_ws/src/install/sample_msgs/include/sample_msgs/sample_msgs
[0.664s] -- Up-to-date: /home/bolty/ament_ws/src/install/sample_msgs/include/sample_msgs/sample_msgs/msg
[0.664s] -- Up-to-date: /home/bolty/ament_ws/src/install/sample_msgs/include/sample_msgs/sample_msgs/msg/filtered.hpp
[0.664s] -- Up-to-date: /home/bolty/ament_ws/src/install/sample_msgs/include/sample_msgs/sample_msgs/msg/unfiltered.hpp
[0.664s] -- Up-to-date: /home/bolty/ament_ws/src/install/sample_msgs/include/sample_msgs/sample_msgs/msg/detail
[0.664s] -- Up-to-date: /home/bolty/ament_ws/src/install/sample_msgs/include/sample_msgs/sample_msgs/msg/detail/metadata__builder.hpp
[0.664s] -- Up-to-date: /home/bolty/ament_ws/src/install/sample_msgs/include/sample_msgs/sample_msgs/msg/detail/filtered__struct.hpp
[0.664s] -- Up-to-date: /home/bolty/ament_ws/src/install/sample_msgs/include/sample_msgs/sample_msgs/msg/detail/filtered__builder.hpp
[0.664s] -- Up-to-date: /home/bolty/ament_ws/src/install/sample_msgs/include/sample_msgs/sample_msgs/msg/detail/filtered_array__builder.hpp
[0.664s] -- Up-to-date: /home/bolty/ament_ws/src/install/sample_msgs/include/sample_msgs/sample_msgs/msg/detail/metadata__traits.hpp
[0.664s] -- Up-to-date: /home/bolty/ament_ws/src/install/sample_msgs/include/sample_msgs/sample_msgs/msg/detail/filtered_array__struct.hpp
[0.664s] -- Up-to-date: /home/bolty/ament_ws/src/install/sample_msgs/include/sample_msgs/sample_msgs/msg/detail/filtered__traits.hpp
[0.664s] -- Up-to-date: /home/bolty/ament_ws/src/install/sample_msgs/include/sample_msgs/sample_msgs/msg/detail/metadata__struct.hpp
[0.664s] -- Up-to-date: /home/bolty/ament_ws/src/install/sample_msgs/include/sample_msgs/sample_msgs/msg/detail/unfiltered__struct.hpp
[0.665s] -- Up-to-date: /home/bolty/ament_ws/src/install/sample_msgs/include/sample_msgs/sample_msgs/msg/detail/unfiltered__traits.hpp
[0.665s] -- Up-to-date: /home/bolty/ament_ws/src/install/sample_msgs/include/sample_msgs/sample_msgs/msg/detail/filtered_array__traits.hpp
[0.665s] -- Up-to-date: /home/bolty/ament_ws/src/install/sample_msgs/include/sample_msgs/sample_msgs/msg/detail/unfiltered__builder.hpp
[0.665s] -- Up-to-date: /home/bolty/ament_ws/src/install/sample_msgs/include/sample_msgs/sample_msgs/msg/filtered_array.hpp
[0.665s] -- Up-to-date: /home/bolty/ament_ws/src/install/sample_msgs/include/sample_msgs/sample_msgs/msg/metadata.hpp
[0.665s] -- Up-to-date: /home/bolty/ament_ws/src/install/sample_msgs/include/sample_msgs/sample_msgs
[0.665s] -- Up-to-date: /home/bolty/ament_ws/src/install/sample_msgs/include/sample_msgs/sample_msgs/msg
[0.665s] -- Up-to-date: /home/bolty/ament_ws/src/install/sample_msgs/include/sample_msgs/sample_msgs/msg/detail
[0.665s] -- Up-to-date: /home/bolty/ament_ws/src/install/sample_msgs/include/sample_msgs/sample_msgs/msg/detail/metadata__rosidl_typesupport_fastrtps_cpp.hpp
[0.665s] -- Up-to-date: /home/bolty/ament_ws/src/install/sample_msgs/include/sample_msgs/sample_msgs/msg/detail/unfiltered__rosidl_typesupport_fastrtps_cpp.hpp
[0.665s] -- Up-to-date: /home/bolty/ament_ws/src/install/sample_msgs/include/sample_msgs/sample_msgs/msg/detail/filtered_array__rosidl_typesupport_fastrtps_cpp.hpp
[0.665s] -- Up-to-date: /home/bolty/ament_ws/src/install/sample_msgs/include/sample_msgs/sample_msgs/msg/detail/filtered__rosidl_typesupport_fastrtps_cpp.hpp
[0.666s] -- Up-to-date: /home/bolty/ament_ws/src/install/sample_msgs/include/sample_msgs/sample_msgs/msg/detail/dds_fastrtps
[0.666s] -- Up-to-date: /home/bolty/ament_ws/src/install/sample_msgs/include/sample_msgs/sample_msgs/msg/rosidl_typesupport_fastrtps_cpp__visibility_control.h
[0.666s] -- Up-to-date: /home/bolty/ament_ws/src/install/sample_msgs/lib/libsample_msgs__rosidl_typesupport_fastrtps_cpp.so
[0.666s] -- Up-to-date: /home/bolty/ament_ws/src/install/sample_msgs/include/sample_msgs/sample_msgs
[0.666s] -- Up-to-date: /home/bolty/ament_ws/src/install/sample_msgs/include/sample_msgs/sample_msgs/msg
[0.666s] -- Up-to-date: /home/bolty/ament_ws/src/install/sample_msgs/include/sample_msgs/sample_msgs/msg/detail
[0.666s] -- Up-to-date: /home/bolty/ament_ws/src/install/sample_msgs/include/sample_msgs/sample_msgs/msg/detail/unfiltered__type_support.cpp
[0.666s] -- Up-to-date: /home/bolty/ament_ws/src/install/sample_msgs/include/sample_msgs/sample_msgs/msg/detail/filtered__rosidl_typesupport_introspection_cpp.hpp
[0.666s] -- Up-to-date: /home/bolty/ament_ws/src/install/sample_msgs/include/sample_msgs/sample_msgs/msg/detail/filtered_array__type_support.cpp
[0.666s] -- Up-to-date: /home/bolty/ament_ws/src/install/sample_msgs/include/sample_msgs/sample_msgs/msg/detail/metadata__rosidl_typesupport_introspection_cpp.hpp
[0.666s] -- Up-to-date: /home/bolty/ament_ws/src/install/sample_msgs/include/sample_msgs/sample_msgs/msg/detail/filtered__type_support.cpp
[0.666s] -- Up-to-date: /home/bolty/ament_ws/src/install/sample_msgs/include/sample_msgs/sample_msgs/msg/detail/metadata__type_support.cpp
[0.666s] -- Up-to-date: /home/bolty/ament_ws/src/install/sample_msgs/include/sample_msgs/sample_msgs/msg/detail/filtered_array__rosidl_typesupport_introspection_cpp.hpp
[0.666s] -- Up-to-date: /home/bolty/ament_ws/src/install/sample_msgs/include/sample_msgs/sample_msgs/msg/detail/unfiltered__rosidl_typesupport_introspection_cpp.hpp
[0.666s] -- Up-to-date: /home/bolty/ament_ws/src/install/sample_msgs/lib/libsample_msgs__rosidl_typesupport_introspection_cpp.so
[0.666s] -- Up-to-date: /home/bolty/ament_ws/src/install/sample_msgs/lib/libsample_msgs__rosidl_typesupport_cpp.so
[0.666s] -- Up-to-date: /home/bolty/ament_ws/src/install/sample_msgs/share/sample_msgs/environment/pythonpath.sh
[0.666s] -- Up-to-date: /home/bolty/ament_ws/src/install/sample_msgs/share/sample_msgs/environment/pythonpath.dsv
[0.666s] -- Up-to-date: /home/bolty/ament_ws/src/install/sample_msgs/local/lib/python3.10/dist-packages/sample_msgs-0.0.0-py3.10.egg-info
[0.667s] -- Installing: /home/bolty/ament_ws/src/install/sample_msgs/local/lib/python3.10/dist-packages/sample_msgs-0.0.0-py3.10.egg-info/top_level.txt
[0.667s] -- Installing: /home/bolty/ament_ws/src/install/sample_msgs/local/lib/python3.10/dist-packages/sample_msgs-0.0.0-py3.10.egg-info/PKG-INFO
[0.667s] -- Installing: /home/bolty/ament_ws/src/install/sample_msgs/local/lib/python3.10/dist-packages/sample_msgs-0.0.0-py3.10.egg-info/SOURCES.txt
[0.667s] -- Installing: /home/bolty/ament_ws/src/install/sample_msgs/local/lib/python3.10/dist-packages/sample_msgs-0.0.0-py3.10.egg-info/dependency_links.txt
[0.667s] -- Up-to-date: /home/bolty/ament_ws/src/install/sample_msgs/local/lib/python3.10/dist-packages/sample_msgs
[0.667s] -- Up-to-date: /home/bolty/ament_ws/src/install/sample_msgs/local/lib/python3.10/dist-packages/sample_msgs/msg
[0.667s] -- Up-to-date: /home/bolty/ament_ws/src/install/sample_msgs/local/lib/python3.10/dist-packages/sample_msgs/msg/_filtered.py
[0.667s] -- Up-to-date: /home/bolty/ament_ws/src/install/sample_msgs/local/lib/python3.10/dist-packages/sample_msgs/msg/_metadata_s.c
[0.667s] -- Up-to-date: /home/bolty/ament_ws/src/install/sample_msgs/local/lib/python3.10/dist-packages/sample_msgs/msg/_filtered_s.c
[0.667s] -- Up-to-date: /home/bolty/ament_ws/src/install/sample_msgs/local/lib/python3.10/dist-packages/sample_msgs/msg/_filtered_array.py
[0.667s] -- Up-to-date: /home/bolty/ament_ws/src/install/sample_msgs/local/lib/python3.10/dist-packages/sample_msgs/msg/__init__.py
[0.667s] -- Up-to-date: /home/bolty/ament_ws/src/install/sample_msgs/local/lib/python3.10/dist-packages/sample_msgs/msg/_unfiltered_s.c
[0.667s] -- Up-to-date: /home/bolty/ament_ws/src/install/sample_msgs/local/lib/python3.10/dist-packages/sample_msgs/msg/_unfiltered.py
[0.667s] -- Up-to-date: /home/bolty/ament_ws/src/install/sample_msgs/local/lib/python3.10/dist-packages/sample_msgs/msg/_filtered_array_s.c
[0.667s] -- Up-to-date: /home/bolty/ament_ws/src/install/sample_msgs/local/lib/python3.10/dist-packages/sample_msgs/msg/_metadata.py
[0.667s] -- Up-to-date: /home/bolty/ament_ws/src/install/sample_msgs/local/lib/python3.10/dist-packages/sample_msgs/_sample_msgs_s.ep.rosidl_typesupport_introspection_c.c
[0.667s] -- Up-to-date: /home/bolty/ament_ws/src/install/sample_msgs/local/lib/python3.10/dist-packages/sample_msgs/libsample_msgs__rosidl_generator_py.so
[0.667s] -- Up-to-date: /home/bolty/ament_ws/src/install/sample_msgs/local/lib/python3.10/dist-packages/sample_msgs/__init__.py
[0.667s] -- Up-to-date: /home/bolty/ament_ws/src/install/sample_msgs/local/lib/python3.10/dist-packages/sample_msgs/_sample_msgs_s.ep.rosidl_typesupport_c.c
[0.667s] -- Up-to-date: /home/bolty/ament_ws/src/install/sample_msgs/local/lib/python3.10/dist-packages/sample_msgs/sample_msgs_s__rosidl_typesupport_fastrtps_c.cpython-310-x86_64-linux-gnu.so
[0.667s] -- Up-to-date: /home/bolty/ament_ws/src/install/sample_msgs/local/lib/python3.10/dist-packages/sample_msgs/sample_msgs_s__rosidl_typesupport_introspection_c.cpython-310-x86_64-linux-gnu.so
[0.667s] -- Up-to-date: /home/bolty/ament_ws/src/install/sample_msgs/local/lib/python3.10/dist-packages/sample_msgs/_sample_msgs_s.ep.rosidl_typesupport_fastrtps_c.c
[0.668s] -- Up-to-date: /home/bolty/ament_ws/src/install/sample_msgs/local/lib/python3.10/dist-packages/sample_msgs/sample_msgs_s__rosidl_typesupport_c.cpython-310-x86_64-linux-gnu.so
[0.693s] Listing '/home/bolty/ament_ws/src/install/sample_msgs/local/lib/python3.10/dist-packages/sample_msgs'...
[0.694s] Listing '/home/bolty/ament_ws/src/install/sample_msgs/local/lib/python3.10/dist-packages/sample_msgs/msg'...
[0.697s] -- Up-to-date: /home/bolty/ament_ws/src/install/sample_msgs/local/lib/python3.10/dist-packages/sample_msgs/sample_msgs_s__rosidl_typesupport_fastrtps_c.cpython-310-x86_64-linux-gnu.so
[0.697s] -- Up-to-date: /home/bolty/ament_ws/src/install/sample_msgs/local/lib/python3.10/dist-packages/sample_msgs/sample_msgs_s__rosidl_typesupport_introspection_c.cpython-310-x86_64-linux-gnu.so
[0.698s] -- Up-to-date: /home/bolty/ament_ws/src/install/sample_msgs/local/lib/python3.10/dist-packages/sample_msgs/sample_msgs_s__rosidl_typesupport_c.cpython-310-x86_64-linux-gnu.so
[0.698s] -- Up-to-date: /home/bolty/ament_ws/src/install/sample_msgs/lib/libsample_msgs__rosidl_generator_py.so
[0.698s] -- Up-to-date: /home/bolty/ament_ws/src/install/sample_msgs/share/sample_msgs/msg/Filtered.idl
[0.698s] -- Up-to-date: /home/bolty/ament_ws/src/install/sample_msgs/share/sample_msgs/msg/FilteredArray.idl
[0.699s] -- Up-to-date: /home/bolty/ament_ws/src/install/sample_msgs/share/sample_msgs/msg/Unfiltered.idl
[0.699s] -- Up-to-date: /home/bolty/ament_ws/src/install/sample_msgs/share/sample_msgs/msg/Metadata.idl
[0.699s] -- Up-to-date: /home/bolty/ament_ws/src/install/sample_msgs/share/sample_msgs/msg/Filtered.msg
[0.699s] -- Up-to-date: /home/bolty/ament_ws/src/install/sample_msgs/share/sample_msgs/msg/FilteredArray.msg
[0.699s] -- Up-to-date: /home/bolty/ament_ws/src/install/sample_msgs/share/sample_msgs/msg/Unfiltered.msg
[0.699s] -- Up-to-date: /home/bolty/ament_ws/src/install/sample_msgs/share/sample_msgs/msg/Metadata.msg
[0.699s] -- Up-to-date: /home/bolty/ament_ws/src/install/sample_msgs/share/ament_index/resource_index/package_run_dependencies/sample_msgs
[0.699s] -- Up-to-date: /home/bolty/ament_ws/src/install/sample_msgs/share/ament_index/resource_index/parent_prefix_path/sample_msgs
[0.699s] -- Up-to-date: /home/bolty/ament_ws/src/install/sample_msgs/share/sample_msgs/environment/ament_prefix_path.sh
[0.699s] -- Up-to-date: /home/bolty/ament_ws/src/install/sample_msgs/share/sample_msgs/environment/ament_prefix_path.dsv
[0.700s] -- Up-to-date: /home/bolty/ament_ws/src/install/sample_msgs/share/sample_msgs/environment/path.sh
[0.700s] -- Up-to-date: /home/bolty/ament_ws/src/install/sample_msgs/share/sample_msgs/environment/path.dsv
[0.700s] -- Up-to-date: /home/bolty/ament_ws/src/install/sample_msgs/share/sample_msgs/local_setup.bash
[0.700s] -- Up-to-date: /home/bolty/ament_ws/src/install/sample_msgs/share/sample_msgs/local_setup.sh
[0.700s] -- Up-to-date: /home/bolty/ament_ws/src/install/sample_msgs/share/sample_msgs/local_setup.zsh
[0.701s] -- Up-to-date: /home/bolty/ament_ws/src/install/sample_msgs/share/sample_msgs/local_setup.dsv
[0.701s] -- Installing: /home/bolty/ament_ws/src/install/sample_msgs/share/sample_msgs/package.dsv
[0.702s] -- Up-to-date: /home/bolty/ament_ws/src/install/sample_msgs/share/ament_index/resource_index/packages/sample_msgs
[0.702s] -- Up-to-date: /home/bolty/ament_ws/src/install/sample_msgs/share/sample_msgs/cmake/export_sample_msgs__rosidl_generator_cExport.cmake
[0.702s] -- Up-to-date: /home/bolty/ament_ws/src/install/sample_msgs/share/sample_msgs/cmake/export_sample_msgs__rosidl_generator_cExport-noconfig.cmake
[0.702s] -- Up-to-date: /home/bolty/ament_ws/src/install/sample_msgs/share/sample_msgs/cmake/export_sample_msgs__rosidl_typesupport_fastrtps_cExport.cmake
[0.702s] -- Up-to-date: /home/bolty/ament_ws/src/install/sample_msgs/share/sample_msgs/cmake/export_sample_msgs__rosidl_typesupport_fastrtps_cExport-noconfig.cmake
[0.702s] -- Up-to-date: /home/bolty/ament_ws/src/install/sample_msgs/share/sample_msgs/cmake/sample_msgs__rosidl_typesupport_introspection_cExport.cmake
[0.702s] -- Up-to-date: /home/bolty/ament_ws/src/install/sample_msgs/share/sample_msgs/cmake/sample_msgs__rosidl_typesupport_introspection_cExport-noconfig.cmake
[0.702s] -- Up-to-date: /home/bolty/ament_ws/src/install/sample_msgs/share/sample_msgs/cmake/sample_msgs__rosidl_typesupport_cExport.cmake
[0.703s] -- Up-to-date: /home/bolty/ament_ws/src/install/sample_msgs/share/sample_msgs/cmake/sample_msgs__rosidl_typesupport_cExport-noconfig.cmake
[0.703s] -- Up-to-date: /home/bolty/ament_ws/src/install/sample_msgs/share/sample_msgs/cmake/export_sample_msgs__rosidl_generator_cppExport.cmake
[0.703s] -- Up-to-date: /home/bolty/ament_ws/src/install/sample_msgs/share/sample_msgs/cmake/export_sample_msgs__rosidl_typesupport_fastrtps_cppExport.cmake
[0.703s] -- Up-to-date: /home/bolty/ament_ws/src/install/sample_msgs/share/sample_msgs/cmake/export_sample_msgs__rosidl_typesupport_fastrtps_cppExport-noconfig.cmake
[0.703s] -- Up-to-date: /home/bolty/ament_ws/src/install/sample_msgs/share/sample_msgs/cmake/sample_msgs__rosidl_typesupport_introspection_cppExport.cmake
[0.703s] -- Up-to-date: /home/bolty/ament_ws/src/install/sample_msgs/share/sample_msgs/cmake/sample_msgs__rosidl_typesupport_introspection_cppExport-noconfig.cmake
[0.703s] -- Up-to-date: /home/bolty/ament_ws/src/install/sample_msgs/share/sample_msgs/cmake/sample_msgs__rosidl_typesupport_cppExport.cmake
[0.703s] -- Up-to-date: /home/bolty/ament_ws/src/install/sample_msgs/share/sample_msgs/cmake/sample_msgs__rosidl_typesupport_cppExport-noconfig.cmake
[0.703s] -- Up-to-date: /home/bolty/ament_ws/src/install/sample_msgs/share/sample_msgs/cmake/export_sample_msgs__rosidl_generator_pyExport.cmake
[0.703s] -- Up-to-date: /home/bolty/ament_ws/src/install/sample_msgs/share/sample_msgs/cmake/export_sample_msgs__rosidl_generator_pyExport-noconfig.cmake
[0.704s] -- Up-to-date: /home/bolty/ament_ws/src/install/sample_msgs/share/sample_msgs/cmake/rosidl_cmake-extras.cmake
[0.704s] -- Up-to-date: /home/bolty/ament_ws/src/install/sample_msgs/share/sample_msgs/cmake/ament_cmake_export_dependencies-extras.cmake
[0.704s] -- Up-to-date: /home/bolty/ament_ws/src/install/sample_msgs/share/sample_msgs/cmake/ament_cmake_export_include_directories-extras.cmake
[0.704s] -- Up-to-date: /home/bolty/ament_ws/src/install/sample_msgs/share/sample_msgs/cmake/ament_cmake_export_libraries-extras.cmake
[0.704s] -- Up-to-date: /home/bolty/ament_ws/src/install/sample_msgs/share/sample_msgs/cmake/ament_cmake_export_targets-extras.cmake
[0.704s] -- Up-to-date: /home/bolty/ament_ws/src/install/sample_msgs/share/sample_msgs/cmake/rosidl_cmake_export_typesupport_targets-extras.cmake
[0.704s] -- Up-to-date: /home/bolty/ament_ws/src/install/sample_msgs/share/sample_msgs/cmake/rosidl_cmake_export_typesupport_libraries-extras.cmake
[0.704s] -- Up-to-date: /home/bolty/ament_ws/src/install/sample_msgs/share/sample_msgs/cmake/sample_msgsConfig.cmake
[0.705s] -- Up-to-date: /home/bolty/ament_ws/src/install/sample_msgs/share/sample_msgs/cmake/sample_msgsConfig-version.cmake
[0.705s] -- Up-to-date: /home/bolty/ament_ws/src/install/sample_msgs/share/sample_msgs/package.xml
[0.706s] Invoked command in '/home/bolty/ament_ws/src/build/sample_msgs' returned '0': CMAKE_PREFIX_PATH=${CMAKE_PREFIX_PATH}:/home/bolty/ament_ws/src/install/action:/opt/ros/humble /usr/bin/cmake --install /home/bolty/ament_ws/src/build/sample_msgs
