[0.000000] (-) TimerEvent: {}
[0.000132] (-) JobUnselected: {'identifier': 'ackermann_ekf'}
[0.000206] (-) JobUnselected: {'identifier': 'ackermann_mux'}
[0.000231] (-) JobUnselected: {'identifier': 'action'}
[0.000373] (-) JobUnselected: {'identifier': 'asio_cmake_module'}
[0.000626] (-) JobUnselected: {'identifier': 'foxglove_msgs'}
[0.000684] (-) JobUnselected: {'identifier': 'global_planner'}
[0.001100] (-) JobUnselected: {'identifier': 'gym_vis'}
[0.001156] (-) JobUnselected: {'identifier': 'io_context'}
[0.001378] (-) JobUnselected: {'identifier': 'particle_filter'}
[0.001756] (-) JobUnselected: {'identifier': 'safety_node'}
[0.002024] (-) JobUnselected: {'identifier': 'sample_msgs'}
[0.002130] (-) JobUnselected: {'identifier': 'serial_driver'}
[0.002176] (-) JobUnselected: {'identifier': 'teleop_utils'}
[0.002192] (-) JobUnselected: {'identifier': 'transform_broadcast'}
[0.002206] (-) JobUnselected: {'identifier': 'udp_driver'}
[0.002403] (-) JobUnselected: {'identifier': 'vesc'}
[0.002494] (-) JobUnselected: {'identifier': 'vesc_ackermann'}
[0.002587] (-) JobUnselected: {'identifier': 'vesc_driver'}
[0.002665] (-) JobUnselected: {'identifier': 'vesc_msgs'}
[0.002798] (costmap) JobQueued: {'identifier': 'costmap', 'dependencies': OrderedDict()}
[0.002892] (local_planning) JobQueued: {'identifier': 'local_planning', 'dependencies': OrderedDict()}
[0.002981] (pure_persuit) JobQueued: {'identifier': 'pure_persuit', 'dependencies': OrderedDict()}
[0.003059] (bringup_robot) JobQueued: {'identifier': 'bringup_robot', 'dependencies': OrderedDict({'gym_vis': '/home/rraina/wato_f1tenth/install/gym_vis'})}
[0.003144] (costmap) JobStarted: {'identifier': 'costmap'}
[0.017534] (local_planning) JobStarted: {'identifier': 'local_planning'}
[0.019169] (pure_persuit) JobStarted: {'identifier': 'pure_persuit'}
[0.021864] (bringup_robot) JobStarted: {'identifier': 'bringup_robot'}
[0.037132] (bringup_robot) JobEnded: {'identifier': 'bringup_robot', 'rc': 1}
[0.038618] (costmap) JobEnded: {'identifier': 'costmap', 'rc': 'SIGINT'}
[0.039275] (local_planning) JobEnded: {'identifier': 'local_planning', 'rc': 'SIGINT'}
[0.039621] (pure_persuit) JobEnded: {'identifier': 'pure_persuit', 'rc': 'SIGINT'}
[0.050195] (-) EventReactorShutdown: {}
