-- Found ament_cmake: 2.5.5 (/opt/ros/jazzy/share/ament_cmake/cmake)
-- Found rclcpp: 28.1.16 (/opt/ros/jazzy/share/rclcpp/cmake)
-- Found rosidl_generator_c: 4.6.7 (/opt/ros/jazzy/share/rosidl_generator_c/cmake)
-- Found rosidl_generator_cpp: 4.6.7 (/opt/ros/jazzy/share/rosidl_generator_cpp/cmake)
-- Using all available rosidl_typesupport_c: rosidl_typesupport_fastrtps_c;rosidl_typesupport_introspection_c
-- Using all available rosidl_typesupport_cpp: rosidl_typesupport_fastrtps_cpp;rosidl_typesupport_introspection_cpp
-- Found rmw_implementation_cmake: 7.3.3 (/opt/ros/jazzy/share/rmw_implementation_cmake/cmake)
-- Found rmw_fastrtps_cpp: 8.4.3 (/opt/ros/jazzy/share/rmw_fastrtps_cpp/cmake)
-- Using RMW implementation 'rmw_fastrtps_cpp' as default
-- Found std_msgs: 5.3.6 (/opt/ros/jazzy/share/std_msgs/cmake)
-- Found sensor_msgs: 5.3.6 (/opt/ros/jazzy/share/sensor_msgs/cmake)
-- Found ackermann_msgs: 2.0.2 (/opt/ros/jazzy/share/ackermann_msgs/cmake)
-- Configuring done (1.5s)
-- Generating done (0.0s)
-- Build files have been written to: /home/rraina/wato_f1tenth/build/teleop_utils
[ 50%] Built target joypad_node
[100%] Built target keyboard_converter
-- Install configuration: ""
-- Up-to-date: /home/rraina/wato_f1tenth/install/teleop_utils/lib/teleop_utils/joypad_node
-- Up-to-date: /home/rraina/wato_f1tenth/install/teleop_utils/lib/teleop_utils/keyboard_converter
-- Up-to-date: /home/rraina/wato_f1tenth/install/teleop_utils/share/teleop_utils//launch
-- Up-to-date: /home/rraina/wato_f1tenth/install/teleop_utils/share/teleop_utils//launch/gamepad.launch.py
-- Up-to-date: /home/rraina/wato_f1tenth/install/teleop_utils/share/teleop_utils//config
-- Up-to-date: /home/rraina/wato_f1tenth/install/teleop_utils/share/teleop_utils//config/joypad_config.yaml
-- Up-to-date: /home/rraina/wato_f1tenth/install/teleop_utils/share/ament_index/resource_index/package_run_dependencies/teleop_utils
-- Up-to-date: /home/rraina/wato_f1tenth/install/teleop_utils/share/ament_index/resource_index/parent_prefix_path/teleop_utils
-- Up-to-date: /home/rraina/wato_f1tenth/install/teleop_utils/share/teleop_utils/environment/ament_prefix_path.sh
-- Up-to-date: /home/rraina/wato_f1tenth/install/teleop_utils/share/teleop_utils/environment/ament_prefix_path.dsv
-- Up-to-date: /home/rraina/wato_f1tenth/install/teleop_utils/share/teleop_utils/environment/path.sh
-- Up-to-date: /home/rraina/wato_f1tenth/install/teleop_utils/share/teleop_utils/environment/path.dsv
-- Up-to-date: /home/rraina/wato_f1tenth/install/teleop_utils/share/teleop_utils/local_setup.bash
-- Up-to-date: /home/rraina/wato_f1tenth/install/teleop_utils/share/teleop_utils/local_setup.sh
-- Up-to-date: /home/rraina/wato_f1tenth/install/teleop_utils/share/teleop_utils/local_setup.zsh
-- Up-to-date: /home/rraina/wato_f1tenth/install/teleop_utils/share/teleop_utils/local_setup.dsv
-- Installing: /home/rraina/wato_f1tenth/install/teleop_utils/share/teleop_utils/package.dsv
-- Up-to-date: /home/rraina/wato_f1tenth/install/teleop_utils/share/ament_index/resource_index/packages/teleop_utils
-- Up-to-date: /home/rraina/wato_f1tenth/install/teleop_utils/share/teleop_utils/cmake/teleop_utilsConfig.cmake
-- Up-to-date: /home/rraina/wato_f1tenth/install/teleop_utils/share/teleop_utils/cmake/teleop_utilsConfig-version.cmake
-- Up-to-date: /home/rraina/wato_f1tenth/install/teleop_utils/share/teleop_utils/package.xml
