[0.489s] Invoking command in '/home/rraina/wato_f1tenth/build/teleop_utils': CMAKE_PREFIX_PATH=${CMAKE_PREFIX_PATH}:/opt/ros/jazzy /usr/bin/cmake /home/rraina/wato_f1tenth/src/robot/teleop_utils -DBUILD_TESTING=OFF -DCMAKE_INSTALL_PREFIX=/home/rraina/wato_f1tenth/install/teleop_utils
[0.549s] -- Found ament_cmake: 2.5.5 (/opt/ros/jazzy/share/ament_cmake/cmake)
[0.833s] -- Found rclcpp: 28.1.16 (/opt/ros/jazzy/share/rclcpp/cmake)
[1.071s] -- Found rosidl_generator_c: 4.6.7 (/opt/ros/jazzy/share/rosidl_generator_c/cmake)
[1.085s] -- Found rosidl_generator_cpp: 4.6.7 (/opt/ros/jazzy/share/rosidl_generator_cpp/cmake)
[1.099s] -- Using all available rosidl_typesupport_c: rosidl_typesupport_fastrtps_c;rosidl_typesupport_introspection_c
[1.123s] -- Using all available rosidl_typesupport_cpp: rosidl_typesupport_fastrtps_cpp;rosidl_typesupport_introspection_cpp
[1.202s] -- Found rmw_implementation_cmake: 7.3.3 (/opt/ros/jazzy/share/rmw_implementation_cmake/cmake)
[1.204s] -- Found rmw_fastrtps_cpp: 8.4.3 (/opt/ros/jazzy/share/rmw_fastrtps_cpp/cmake)
[1.527s] -- Using RMW implementation 'rmw_fastrtps_cpp' as default
[1.788s] -- Found std_msgs: 5.3.6 (/opt/ros/jazzy/share/std_msgs/cmake)
[1.804s] -- Found sensor_msgs: 5.3.6 (/opt/ros/jazzy/share/sensor_msgs/cmake)
[1.857s] -- Found ackermann_msgs: 2.0.2 (/opt/ros/jazzy/share/ackermann_msgs/cmake)
[2.012s] -- Configuring done (1.5s)
[2.075s] -- Generating done (0.0s)
[2.076s] -- Build files have been written to: /home/rraina/wato_f1tenth/build/teleop_utils
[2.088s] Invoked command in '/home/rraina/wato_f1tenth/build/teleop_utils' returned '0': CMAKE_PREFIX_PATH=${CMAKE_PREFIX_PATH}:/opt/ros/jazzy /usr/bin/cmake /home/rraina/wato_f1tenth/src/robot/teleop_utils -DBUILD_TESTING=OFF -DCMAKE_INSTALL_PREFIX=/home/rraina/wato_f1tenth/install/teleop_utils
[2.088s] Invoking command in '/home/rraina/wato_f1tenth/build/teleop_utils': CMAKE_PREFIX_PATH=${CMAKE_PREFIX_PATH}:/opt/ros/jazzy /usr/bin/cmake --build /home/rraina/wato_f1tenth/build/teleop_utils -- -j22 -l22
[2.150s] [ 50%] Built target joypad_node
[2.153s] [100%] Built target keyboard_converter
[2.169s] Invoked command in '/home/rraina/wato_f1tenth/build/teleop_utils' returned '0': CMAKE_PREFIX_PATH=${CMAKE_PREFIX_PATH}:/opt/ros/jazzy /usr/bin/cmake --build /home/rraina/wato_f1tenth/build/teleop_utils -- -j22 -l22
[2.170s] Invoking command in '/home/rraina/wato_f1tenth/build/teleop_utils': CMAKE_PREFIX_PATH=${CMAKE_PREFIX_PATH}:/opt/ros/jazzy /usr/bin/cmake --install /home/rraina/wato_f1tenth/build/teleop_utils
[2.179s] -- Install configuration: ""
[2.180s] -- Up-to-date: /home/rraina/wato_f1tenth/install/teleop_utils/lib/teleop_utils/joypad_node
[2.181s] -- Up-to-date: /home/rraina/wato_f1tenth/install/teleop_utils/lib/teleop_utils/keyboard_converter
[2.182s] -- Up-to-date: /home/rraina/wato_f1tenth/install/teleop_utils/share/teleop_utils//launch
[2.182s] -- Up-to-date: /home/rraina/wato_f1tenth/install/teleop_utils/share/teleop_utils//launch/gamepad.launch.py
[2.182s] -- Up-to-date: /home/rraina/wato_f1tenth/install/teleop_utils/share/teleop_utils//config
[2.182s] -- Up-to-date: /home/rraina/wato_f1tenth/install/teleop_utils/share/teleop_utils//config/joypad_config.yaml
[2.186s] -- Up-to-date: /home/rraina/wato_f1tenth/install/teleop_utils/share/ament_index/resource_index/package_run_dependencies/teleop_utils
[2.187s] -- Up-to-date: /home/rraina/wato_f1tenth/install/teleop_utils/share/ament_index/resource_index/parent_prefix_path/teleop_utils
[2.187s] -- Up-to-date: /home/rraina/wato_f1tenth/install/teleop_utils/share/teleop_utils/environment/ament_prefix_path.sh
[2.187s] -- Up-to-date: /home/rraina/wato_f1tenth/install/teleop_utils/share/teleop_utils/environment/ament_prefix_path.dsv
[2.187s] -- Up-to-date: /home/rraina/wato_f1tenth/install/teleop_utils/share/teleop_utils/environment/path.sh
[2.187s] -- Up-to-date: /home/rraina/wato_f1tenth/install/teleop_utils/share/teleop_utils/environment/path.dsv
[2.188s] -- Up-to-date: /home/rraina/wato_f1tenth/install/teleop_utils/share/teleop_utils/local_setup.bash
[2.188s] -- Up-to-date: /home/rraina/wato_f1tenth/install/teleop_utils/share/teleop_utils/local_setup.sh
[2.188s] -- Up-to-date: /home/rraina/wato_f1tenth/install/teleop_utils/share/teleop_utils/local_setup.zsh
[2.189s] -- Up-to-date: /home/rraina/wato_f1tenth/install/teleop_utils/share/teleop_utils/local_setup.dsv
[2.189s] -- Installing: /home/rraina/wato_f1tenth/install/teleop_utils/share/teleop_utils/package.dsv
[2.190s] -- Up-to-date: /home/rraina/wato_f1tenth/install/teleop_utils/share/ament_index/resource_index/packages/teleop_utils
[2.190s] -- Up-to-date: /home/rraina/wato_f1tenth/install/teleop_utils/share/teleop_utils/cmake/teleop_utilsConfig.cmake
[2.190s] -- Up-to-date: /home/rraina/wato_f1tenth/install/teleop_utils/share/teleop_utils/cmake/teleop_utilsConfig-version.cmake
[2.191s] -- Up-to-date: /home/rraina/wato_f1tenth/install/teleop_utils/share/teleop_utils/package.xml
[2.191s] Invoked command in '/home/rraina/wato_f1tenth/build/teleop_utils' returned '0': CMAKE_PREFIX_PATH=${CMAKE_PREFIX_PATH}:/opt/ros/jazzy /usr/bin/cmake --install /home/rraina/wato_f1tenth/build/teleop_utils
