[0.896s] Invoking command in '/home/rraina/wato_f1tenth/build/pure_persuit': CMAKE_PREFIX_PATH=${CMAKE_PREFIX_PATH}:/opt/ros/jazzy /usr/bin/cmake /home/rraina/wato_f1tenth/src/robot/pure-persuit -DCMAKE_INSTALL_PREFIX=/home/rraina/wato_f1tenth/install/pure_persuit
[1.193s] -- The C compiler identification is GNU 13.3.0
[2.629s] -- The CXX compiler identification is GNU 13.3.0
[3.963s] -- Detecting C compiler ABI info
[4.444s] -- Detecting C compiler ABI info - done
[4.463s] -- Check for working C compiler: /usr/bin/cc - skipped
[4.464s] -- Detecting C compile features
[4.464s] -- Detecting C compile features - done
[4.730s] -- Detecting CXX compiler ABI info
[5.420s] -- Detecting CXX compiler ABI info - done
[5.440s] -- Check for working CXX compiler: /usr/bin/c++ - skipped
[5.441s] -- Detecting CXX compile features
[5.442s] -- Detecting CXX compile features - done
[5.452s] -- Found ament_cmake: 2.5.5 (/opt/ros/jazzy/share/ament_cmake/cmake)
[5.778s] -- Found Python3: /usr/bin/python3 (found version "3.12.3") found components: Interpreter 
[6.036s] -- Found rclcpp: 28.1.16 (/opt/ros/jazzy/share/rclcpp/cmake)
[6.497s] -- Found rosidl_generator_c: 4.6.7 (/opt/ros/jazzy/share/rosidl_generator_c/cmake)
[6.524s] -- Found rosidl_generator_cpp: 4.6.7 (/opt/ros/jazzy/share/rosidl_generator_cpp/cmake)
[6.561s] -- Using all available rosidl_typesupport_c: rosidl_typesupport_fastrtps_c;rosidl_typesupport_introspection_c
[6.600s] -- Using all available rosidl_typesupport_cpp: rosidl_typesupport_fastrtps_cpp;rosidl_typesupport_introspection_cpp
[6.747s] -- Found rmw_implementation_cmake: 7.3.3 (/opt/ros/jazzy/share/rmw_implementation_cmake/cmake)
[6.754s] -- Found rmw_fastrtps_cpp: 8.4.3 (/opt/ros/jazzy/share/rmw_fastrtps_cpp/cmake)
[6.932s] -- Found OpenSSL: /usr/lib/x86_64-linux-gnu/libcrypto.so (found version "3.0.13")  
[7.292s] -- Found FastRTPS: /opt/ros/jazzy/include (Required is at least version "2.13") 
[7.526s] -- Using RMW implementation 'rmw_fastrtps_cpp' as default
[8.021s] -- Found std_msgs: 5.3.6 (/opt/ros/jazzy/share/std_msgs/cmake)
[8.055s] -- Found ackermann_msgs: 2.0.2 (/opt/ros/jazzy/share/ackermann_msgs/cmake)
[8.089s] -- Found geometry_msgs: 5.3.6 (/opt/ros/jazzy/share/geometry_msgs/cmake)
[8.123s] -- Found nav_msgs: 5.3.6 (/opt/ros/jazzy/share/nav_msgs/cmake)
[8.177s] -- Found tf2_ros: 0.36.19 (/opt/ros/jazzy/share/tf2_ros/cmake)
[8.494s] -- Found ament_lint_auto: 0.17.4 (/opt/ros/jazzy/share/ament_lint_auto/cmake)
[8.786s] -- Added test 'cppcheck' to perform static code analysis on C / C++ code
[8.786s] -- Configured cppcheck include dirs: /home/rraina/wato_f1tenth/src/robot/pure-persuit/include
[8.786s] -- Configured cppcheck exclude dirs and/or files: 
[8.789s] -- Added test 'lint_cmake' to check CMake code style
[8.792s] -- Added test 'uncrustify' to check C / C++ code style
[8.792s] -- Configured uncrustify additional arguments: 
[8.797s] -- Added test 'xmllint' to check XML markup files
[8.805s] -- Configuring done (7.9s)
[8.847s] -- Generating done (0.0s)
[8.862s] -- Build files have been written to: /home/rraina/wato_f1tenth/build/pure_persuit
[8.892s] Invoked command in '/home/rraina/wato_f1tenth/build/pure_persuit' returned '0': CMAKE_PREFIX_PATH=${CMAKE_PREFIX_PATH}:/opt/ros/jazzy /usr/bin/cmake /home/rraina/wato_f1tenth/src/robot/pure-persuit -DCMAKE_INSTALL_PREFIX=/home/rraina/wato_f1tenth/install/pure_persuit
[8.894s] Invoking command in '/home/rraina/wato_f1tenth/build/pure_persuit': CMAKE_PREFIX_PATH=${CMAKE_PREFIX_PATH}:/opt/ros/jazzy /usr/bin/cmake --build /home/rraina/wato_f1tenth/build/pure_persuit -- -j22 -l22
[9.043s] [ 50%] [32mBuilding CXX object CMakeFiles/pure_persuit_node.dir/src/pure_persuit.cpp.o[0m
[60.384s] [100%] [32m[1mLinking CXX executable pure_persuit_node[0m
[61.521s] [100%] Built target pure_persuit_node
